----------------------------------------
chain_id_jsonl is NOT loaded
----------------------------------------
fixed_positions_jsonl is NOT loaded
----------------------------------------
pssm_jsonl is NOT loaded
----------------------------------------
omit_AA_jsonl is NOT loaded
----------------------------------------
bias_AA_jsonl is NOT loaded
----------------------------------------
tied_positions_jsonl is NOT loaded
----------------------------------------
bias by residue dictionary is not loaded, or not provided
----------------------------------------
----------------------------------------
Number of edges: 48
Training noise level: 0.2A
Score for 2B3P_new from PDB, mean: 0.9348, std: 0.0000, sample size: 1,  global score, mean: 0.9348, std: 0.0000, sample size: 1
Score for 2B3P_new_1 from FASTA, mean: 2.8821, std: 0.0000, sample size: 1,  global score, mean: 2.8821, std: 0.0000, sample size: 1
Score for 2B3P_new_2 from FASTA, mean: 3.0326, std: 0.0000, sample size: 1,  global score, mean: 3.0326, std: 0.0000, sample size: 1
Score for 2B3P_new_3 from FASTA, mean: 2.9413, std: 0.0000, sample size: 1,  global score, mean: 2.9413, std: 0.0000, sample size: 1
Score for 2B3P_new_4 from FASTA, mean: 2.9305, std: 0.0000, sample size: 1,  global score, mean: 2.9305, std: 0.0000, sample size: 1
Score for 2B3P_new_5 from FASTA, mean: 2.9487, std: 0.0000, sample size: 1,  global score, mean: 2.9487, std: 0.0000, sample size: 1
Score for 2B3P_new_6 from FASTA, mean: 2.9058, std: 0.0000, sample size: 1,  global score, mean: 2.9058, std: 0.0000, sample size: 1
Score for 2B3P_new_7 from FASTA, mean: 2.9285, std: 0.0000, sample size: 1,  global score, mean: 2.9285, std: 0.0000, sample size: 1
Score for 2B3P_new_8 from FASTA, mean: 2.9449, std: 0.0000, sample size: 1,  global score, mean: 2.9449, std: 0.0000, sample size: 1
Score for 2B3P_new_9 from FASTA, mean: 2.9613, std: 0.0000, sample size: 1,  global score, mean: 2.9613, std: 0.0000, sample size: 1
Score for 2B3P_new_10 from FASTA, mean: 2.9642, std: 0.0000, sample size: 1,  global score, mean: 2.9642, std: 0.0000, sample size: 1
Score for 2B3P_new_11 from FASTA, mean: 2.9675, std: 0.0000, sample size: 1,  global score, mean: 2.9675, std: 0.0000, sample size: 1
Score for 2B3P_new_12 from FASTA, mean: 3.0027, std: 0.0000, sample size: 1,  global score, mean: 3.0027, std: 0.0000, sample size: 1
Score for 2B3P_new_13 from FASTA, mean: 2.9591, std: 0.0000, sample size: 1,  global score, mean: 2.9591, std: 0.0000, sample size: 1
Score for 2B3P_new_14 from FASTA, mean: 2.9587, std: 0.0000, sample size: 1,  global score, mean: 2.9587, std: 0.0000, sample size: 1
Score for 2B3P_new_15 from FASTA, mean: 2.9689, std: 0.0000, sample size: 1,  global score, mean: 2.9689, std: 0.0000, sample size: 1
Score for 2B3P_new_16 from FASTA, mean: 3.0426, std: 0.0000, sample size: 1,  global score, mean: 3.0426, std: 0.0000, sample size: 1
Score for 2B3P_new_17 from FASTA, mean: 2.9633, std: 0.0000, sample size: 1,  global score, mean: 2.9633, std: 0.0000, sample size: 1
Score for 2B3P_new_18 from FASTA, mean: 2.9748, std: 0.0000, sample size: 1,  global score, mean: 2.9748, std: 0.0000, sample size: 1
Score for 2B3P_new_19 from FASTA, mean: 2.9297, std: 0.0000, sample size: 1,  global score, mean: 2.9297, std: 0.0000, sample size: 1
Score for 2B3P_new_20 from FASTA, mean: 2.9297, std: 0.0000, sample size: 1,  global score, mean: 2.9297, std: 0.0000, sample size: 1
Score for 2B3P_new_21 from FASTA, mean: 2.9903, std: 0.0000, sample size: 1,  global score, mean: 2.9903, std: 0.0000, sample size: 1
Score for 2B3P_new_22 from FASTA, mean: 3.0302, std: 0.0000, sample size: 1,  global score, mean: 3.0302, std: 0.0000, sample size: 1
Score for 2B3P_new_23 from FASTA, mean: 2.9619, std: 0.0000, sample size: 1,  global score, mean: 2.9619, std: 0.0000, sample size: 1
Score for 2B3P_new_24 from FASTA, mean: 3.0987, std: 0.0000, sample size: 1,  global score, mean: 3.0987, std: 0.0000, sample size: 1
Score for 2B3P_new_25 from FASTA, mean: 3.0484, std: 0.0000, sample size: 1,  global score, mean: 3.0484, std: 0.0000, sample size: 1
Score for 2B3P_new_26 from FASTA, mean: 2.8761, std: 0.0000, sample size: 1,  global score, mean: 2.8761, std: 0.0000, sample size: 1
Score for 2B3P_new_27 from FASTA, mean: 2.8372, std: 0.0000, sample size: 1,  global score, mean: 2.8372, std: 0.0000, sample size: 1
Score for 2B3P_new_28 from FASTA, mean: 2.9037, std: 0.0000, sample size: 1,  global score, mean: 2.9037, std: 0.0000, sample size: 1
Score for 2B3P_new_29 from FASTA, mean: 2.9752, std: 0.0000, sample size: 1,  global score, mean: 2.9752, std: 0.0000, sample size: 1
Score for 2B3P_new_30 from FASTA, mean: 2.9209, std: 0.0000, sample size: 1,  global score, mean: 2.9209, std: 0.0000, sample size: 1
Score for 2B3P_new_31 from FASTA, mean: 2.9494, std: 0.0000, sample size: 1,  global score, mean: 2.9494, std: 0.0000, sample size: 1
Score for 2B3P_new_32 from FASTA, mean: 2.9700, std: 0.0000, sample size: 1,  global score, mean: 2.9700, std: 0.0000, sample size: 1
Score for 2B3P_new_33 from FASTA, mean: 2.9329, std: 0.0000, sample size: 1,  global score, mean: 2.9329, std: 0.0000, sample size: 1
Score for 2B3P_new_34 from FASTA, mean: 2.9972, std: 0.0000, sample size: 1,  global score, mean: 2.9972, std: 0.0000, sample size: 1
Score for 2B3P_new_35 from FASTA, mean: 2.9551, std: 0.0000, sample size: 1,  global score, mean: 2.9551, std: 0.0000, sample size: 1
Score for 2B3P_new_36 from FASTA, mean: 2.9745, std: 0.0000, sample size: 1,  global score, mean: 2.9745, std: 0.0000, sample size: 1
Score for 2B3P_new_37 from FASTA, mean: 2.9038, std: 0.0000, sample size: 1,  global score, mean: 2.9038, std: 0.0000, sample size: 1
Score for 2B3P_new_38 from FASTA, mean: 2.8978, std: 0.0000, sample size: 1,  global score, mean: 2.8978, std: 0.0000, sample size: 1
Score for 2B3P_new_39 from FASTA, mean: 2.9869, std: 0.0000, sample size: 1,  global score, mean: 2.9869, std: 0.0000, sample size: 1
Score for 2B3P_new_40 from FASTA, mean: 2.8979, std: 0.0000, sample size: 1,  global score, mean: 2.8979, std: 0.0000, sample size: 1
Score for 2B3P_new_41 from FASTA, mean: 2.9269, std: 0.0000, sample size: 1,  global score, mean: 2.9269, std: 0.0000, sample size: 1
Score for 2B3P_new_42 from FASTA, mean: 2.9061, std: 0.0000, sample size: 1,  global score, mean: 2.9061, std: 0.0000, sample size: 1
Score for 2B3P_new_43 from FASTA, mean: 2.9356, std: 0.0000, sample size: 1,  global score, mean: 2.9356, std: 0.0000, sample size: 1
Score for 2B3P_new_44 from FASTA, mean: 2.8945, std: 0.0000, sample size: 1,  global score, mean: 2.8945, std: 0.0000, sample size: 1
Score for 2B3P_new_45 from FASTA, mean: 2.9304, std: 0.0000, sample size: 1,  global score, mean: 2.9304, std: 0.0000, sample size: 1
Score for 2B3P_new_46 from FASTA, mean: 2.9188, std: 0.0000, sample size: 1,  global score, mean: 2.9188, std: 0.0000, sample size: 1
Score for 2B3P_new_47 from FASTA, mean: 2.9556, std: 0.0000, sample size: 1,  global score, mean: 2.9556, std: 0.0000, sample size: 1
Score for 2B3P_new_48 from FASTA, mean: 2.9081, std: 0.0000, sample size: 1,  global score, mean: 2.9081, std: 0.0000, sample size: 1
Score for 2B3P_new_49 from FASTA, mean: 2.9286, std: 0.0000, sample size: 1,  global score, mean: 2.9286, std: 0.0000, sample size: 1
Score for 2B3P_new_50 from FASTA, mean: 2.8916, std: 0.0000, sample size: 1,  global score, mean: 2.8916, std: 0.0000, sample size: 1
Score for 2B3P_new_51 from FASTA, mean: 2.9209, std: 0.0000, sample size: 1,  global score, mean: 2.9209, std: 0.0000, sample size: 1
Score for 2B3P_new_52 from FASTA, mean: 2.9502, std: 0.0000, sample size: 1,  global score, mean: 2.9502, std: 0.0000, sample size: 1
Score for 2B3P_new_53 from FASTA, mean: 2.9303, std: 0.0000, sample size: 1,  global score, mean: 2.9303, std: 0.0000, sample size: 1
Score for 2B3P_new_54 from FASTA, mean: 3.0286, std: 0.0000, sample size: 1,  global score, mean: 3.0286, std: 0.0000, sample size: 1
Score for 2B3P_new_55 from FASTA, mean: 2.9315, std: 0.0000, sample size: 1,  global score, mean: 2.9315, std: 0.0000, sample size: 1
Score for 2B3P_new_56 from FASTA, mean: 3.0444, std: 0.0000, sample size: 1,  global score, mean: 3.0444, std: 0.0000, sample size: 1
Score for 2B3P_new_57 from FASTA, mean: 2.9652, std: 0.0000, sample size: 1,  global score, mean: 2.9652, std: 0.0000, sample size: 1
Score for 2B3P_new_58 from FASTA, mean: 2.9657, std: 0.0000, sample size: 1,  global score, mean: 2.9657, std: 0.0000, sample size: 1
Score for 2B3P_new_59 from FASTA, mean: 2.9554, std: 0.0000, sample size: 1,  global score, mean: 2.9554, std: 0.0000, sample size: 1
Score for 2B3P_new_60 from FASTA, mean: 2.9257, std: 0.0000, sample size: 1,  global score, mean: 2.9257, std: 0.0000, sample size: 1
Score for 2B3P_new_61 from FASTA, mean: 2.8719, std: 0.0000, sample size: 1,  global score, mean: 2.8719, std: 0.0000, sample size: 1
Score for 2B3P_new_62 from FASTA, mean: 2.9498, std: 0.0000, sample size: 1,  global score, mean: 2.9498, std: 0.0000, sample size: 1
Score for 2B3P_new_63 from FASTA, mean: 2.9629, std: 0.0000, sample size: 1,  global score, mean: 2.9629, std: 0.0000, sample size: 1
Score for 2B3P_new_64 from FASTA, mean: 3.0186, std: 0.0000, sample size: 1,  global score, mean: 3.0186, std: 0.0000, sample size: 1
Score for 2B3P_new_65 from FASTA, mean: 3.0643, std: 0.0000, sample size: 1,  global score, mean: 3.0643, std: 0.0000, sample size: 1
Score for 2B3P_new_66 from FASTA, mean: 2.9490, std: 0.0000, sample size: 1,  global score, mean: 2.9490, std: 0.0000, sample size: 1
Score for 2B3P_new_67 from FASTA, mean: 2.9787, std: 0.0000, sample size: 1,  global score, mean: 2.9787, std: 0.0000, sample size: 1
Score for 2B3P_new_68 from FASTA, mean: 3.0066, std: 0.0000, sample size: 1,  global score, mean: 3.0066, std: 0.0000, sample size: 1
Score for 2B3P_new_69 from FASTA, mean: 3.0084, std: 0.0000, sample size: 1,  global score, mean: 3.0084, std: 0.0000, sample size: 1
Score for 2B3P_new_70 from FASTA, mean: 2.9869, std: 0.0000, sample size: 1,  global score, mean: 2.9869, std: 0.0000, sample size: 1
Score for 2B3P_new_71 from FASTA, mean: 2.9689, std: 0.0000, sample size: 1,  global score, mean: 2.9689, std: 0.0000, sample size: 1
Score for 2B3P_new_72 from FASTA, mean: 3.0128, std: 0.0000, sample size: 1,  global score, mean: 3.0128, std: 0.0000, sample size: 1
Score for 2B3P_new_73 from FASTA, mean: 3.0807, std: 0.0000, sample size: 1,  global score, mean: 3.0807, std: 0.0000, sample size: 1
Score for 2B3P_new_74 from FASTA, mean: 2.9382, std: 0.0000, sample size: 1,  global score, mean: 2.9382, std: 0.0000, sample size: 1
Score for 2B3P_new_75 from FASTA, mean: 2.8743, std: 0.0000, sample size: 1,  global score, mean: 2.8743, std: 0.0000, sample size: 1
Score for 2B3P_new_76 from FASTA, mean: 3.0206, std: 0.0000, sample size: 1,  global score, mean: 3.0206, std: 0.0000, sample size: 1
Score for 2B3P_new_77 from FASTA, mean: 3.0015, std: 0.0000, sample size: 1,  global score, mean: 3.0015, std: 0.0000, sample size: 1
Score for 2B3P_new_78 from FASTA, mean: 2.9444, std: 0.0000, sample size: 1,  global score, mean: 2.9444, std: 0.0000, sample size: 1
Score for 2B3P_new_79 from FASTA, mean: 2.9296, std: 0.0000, sample size: 1,  global score, mean: 2.9296, std: 0.0000, sample size: 1
Score for 2B3P_new_80 from FASTA, mean: 3.0123, std: 0.0000, sample size: 1,  global score, mean: 3.0123, std: 0.0000, sample size: 1
Score for 2B3P_new_81 from FASTA, mean: 3.0966, std: 0.0000, sample size: 1,  global score, mean: 3.0966, std: 0.0000, sample size: 1
Score for 2B3P_new_82 from FASTA, mean: 2.9766, std: 0.0000, sample size: 1,  global score, mean: 2.9766, std: 0.0000, sample size: 1
Score for 2B3P_new_83 from FASTA, mean: 2.9070, std: 0.0000, sample size: 1,  global score, mean: 2.9070, std: 0.0000, sample size: 1
Score for 2B3P_new_84 from FASTA, mean: 3.0529, std: 0.0000, sample size: 1,  global score, mean: 3.0529, std: 0.0000, sample size: 1
Score for 2B3P_new_85 from FASTA, mean: 3.0598, std: 0.0000, sample size: 1,  global score, mean: 3.0598, std: 0.0000, sample size: 1
Score for 2B3P_new_86 from FASTA, mean: 2.9544, std: 0.0000, sample size: 1,  global score, mean: 2.9544, std: 0.0000, sample size: 1
Score for 2B3P_new_87 from FASTA, mean: 2.9975, std: 0.0000, sample size: 1,  global score, mean: 2.9975, std: 0.0000, sample size: 1
Score for 2B3P_new_88 from FASTA, mean: 2.8950, std: 0.0000, sample size: 1,  global score, mean: 2.8950, std: 0.0000, sample size: 1
Score for 2B3P_new_89 from FASTA, mean: 2.9488, std: 0.0000, sample size: 1,  global score, mean: 2.9488, std: 0.0000, sample size: 1
Score for 2B3P_new_90 from FASTA, mean: 2.9371, std: 0.0000, sample size: 1,  global score, mean: 2.9371, std: 0.0000, sample size: 1
Score for 2B3P_new_91 from FASTA, mean: 2.9925, std: 0.0000, sample size: 1,  global score, mean: 2.9925, std: 0.0000, sample size: 1
Score for 2B3P_new_92 from FASTA, mean: 3.0104, std: 0.0000, sample size: 1,  global score, mean: 3.0104, std: 0.0000, sample size: 1
Score for 2B3P_new_93 from FASTA, mean: 2.9749, std: 0.0000, sample size: 1,  global score, mean: 2.9749, std: 0.0000, sample size: 1
Score for 2B3P_new_94 from FASTA, mean: 2.9249, std: 0.0000, sample size: 1,  global score, mean: 2.9249, std: 0.0000, sample size: 1
Score for 2B3P_new_95 from FASTA, mean: 3.0159, std: 0.0000, sample size: 1,  global score, mean: 3.0159, std: 0.0000, sample size: 1
Score for 2B3P_new_96 from FASTA, mean: 3.0234, std: 0.0000, sample size: 1,  global score, mean: 3.0234, std: 0.0000, sample size: 1
Score for 2B3P_new_97 from FASTA, mean: 2.9579, std: 0.0000, sample size: 1,  global score, mean: 2.9579, std: 0.0000, sample size: 1
Score for 2B3P_new_98 from FASTA, mean: 2.9495, std: 0.0000, sample size: 1,  global score, mean: 2.9495, std: 0.0000, sample size: 1
Score for 2B3P_new_99 from FASTA, mean: 2.9478, std: 0.0000, sample size: 1,  global score, mean: 2.9478, std: 0.0000, sample size: 1
Score for 2B3P_new_100 from FASTA, mean: 2.9820, std: 0.0000, sample size: 1,  global score, mean: 2.9820, std: 0.0000, sample size: 1
Score for 2B3P_new_101 from FASTA, mean: 3.1352, std: 0.0000, sample size: 1,  global score, mean: 3.1352, std: 0.0000, sample size: 1
Score for 2B3P_new_102 from FASTA, mean: 3.0062, std: 0.0000, sample size: 1,  global score, mean: 3.0062, std: 0.0000, sample size: 1
Score for 2B3P_new_103 from FASTA, mean: 2.9626, std: 0.0000, sample size: 1,  global score, mean: 2.9626, std: 0.0000, sample size: 1
Score for 2B3P_new_104 from FASTA, mean: 3.0457, std: 0.0000, sample size: 1,  global score, mean: 3.0457, std: 0.0000, sample size: 1
Score for 2B3P_new_105 from FASTA, mean: 3.0847, std: 0.0000, sample size: 1,  global score, mean: 3.0847, std: 0.0000, sample size: 1
Score for 2B3P_new_106 from FASTA, mean: 2.9509, std: 0.0000, sample size: 1,  global score, mean: 2.9509, std: 0.0000, sample size: 1
Score for 2B3P_new_107 from FASTA, mean: 2.9551, std: 0.0000, sample size: 1,  global score, mean: 2.9551, std: 0.0000, sample size: 1
Score for 2B3P_new_108 from FASTA, mean: 3.0910, std: 0.0000, sample size: 1,  global score, mean: 3.0910, std: 0.0000, sample size: 1
Score for 2B3P_new_109 from FASTA, mean: 3.0229, std: 0.0000, sample size: 1,  global score, mean: 3.0229, std: 0.0000, sample size: 1
Score for 2B3P_new_110 from FASTA, mean: 2.9847, std: 0.0000, sample size: 1,  global score, mean: 2.9847, std: 0.0000, sample size: 1
Score for 2B3P_new_111 from FASTA, mean: 2.9269, std: 0.0000, sample size: 1,  global score, mean: 2.9269, std: 0.0000, sample size: 1
Score for 2B3P_new_112 from FASTA, mean: 3.0520, std: 0.0000, sample size: 1,  global score, mean: 3.0520, std: 0.0000, sample size: 1
Score for 2B3P_new_113 from FASTA, mean: 3.0302, std: 0.0000, sample size: 1,  global score, mean: 3.0302, std: 0.0000, sample size: 1
Score for 2B3P_new_114 from FASTA, mean: 2.9557, std: 0.0000, sample size: 1,  global score, mean: 2.9557, std: 0.0000, sample size: 1
Score for 2B3P_new_115 from FASTA, mean: 3.0016, std: 0.0000, sample size: 1,  global score, mean: 3.0016, std: 0.0000, sample size: 1
Score for 2B3P_new_116 from FASTA, mean: 3.1334, std: 0.0000, sample size: 1,  global score, mean: 3.1334, std: 0.0000, sample size: 1
Score for 2B3P_new_117 from FASTA, mean: 3.0832, std: 0.0000, sample size: 1,  global score, mean: 3.0832, std: 0.0000, sample size: 1
Score for 2B3P_new_118 from FASTA, mean: 3.0198, std: 0.0000, sample size: 1,  global score, mean: 3.0198, std: 0.0000, sample size: 1
Score for 2B3P_new_119 from FASTA, mean: 2.9766, std: 0.0000, sample size: 1,  global score, mean: 2.9766, std: 0.0000, sample size: 1
Score for 2B3P_new_120 from FASTA, mean: 3.0111, std: 0.0000, sample size: 1,  global score, mean: 3.0111, std: 0.0000, sample size: 1
Score for 2B3P_new_121 from FASTA, mean: 3.1127, std: 0.0000, sample size: 1,  global score, mean: 3.1127, std: 0.0000, sample size: 1
Score for 2B3P_new_122 from FASTA, mean: 2.9760, std: 0.0000, sample size: 1,  global score, mean: 2.9760, std: 0.0000, sample size: 1
Score for 2B3P_new_123 from FASTA, mean: 3.0034, std: 0.0000, sample size: 1,  global score, mean: 3.0034, std: 0.0000, sample size: 1
Score for 2B3P_new_124 from FASTA, mean: 3.0374, std: 0.0000, sample size: 1,  global score, mean: 3.0374, std: 0.0000, sample size: 1
Score for 2B3P_new_125 from FASTA, mean: 3.0510, std: 0.0000, sample size: 1,  global score, mean: 3.0510, std: 0.0000, sample size: 1
Score for 2B3P_new_126 from FASTA, mean: 2.9387, std: 0.0000, sample size: 1,  global score, mean: 2.9387, std: 0.0000, sample size: 1
Score for 2B3P_new_127 from FASTA, mean: 3.0204, std: 0.0000, sample size: 1,  global score, mean: 3.0204, std: 0.0000, sample size: 1
Score for 2B3P_new_128 from FASTA, mean: 2.9933, std: 0.0000, sample size: 1,  global score, mean: 2.9933, std: 0.0000, sample size: 1
Score for 2B3P_new_129 from FASTA, mean: 2.9402, std: 0.0000, sample size: 1,  global score, mean: 2.9402, std: 0.0000, sample size: 1
Score for 2B3P_new_130 from FASTA, mean: 3.0095, std: 0.0000, sample size: 1,  global score, mean: 3.0095, std: 0.0000, sample size: 1
Score for 2B3P_new_131 from FASTA, mean: 3.0422, std: 0.0000, sample size: 1,  global score, mean: 3.0422, std: 0.0000, sample size: 1
Score for 2B3P_new_132 from FASTA, mean: 3.0080, std: 0.0000, sample size: 1,  global score, mean: 3.0080, std: 0.0000, sample size: 1
Score for 2B3P_new_133 from FASTA, mean: 3.1531, std: 0.0000, sample size: 1,  global score, mean: 3.1531, std: 0.0000, sample size: 1
Score for 2B3P_new_134 from FASTA, mean: 2.9843, std: 0.0000, sample size: 1,  global score, mean: 2.9843, std: 0.0000, sample size: 1
Score for 2B3P_new_135 from FASTA, mean: 2.9564, std: 0.0000, sample size: 1,  global score, mean: 2.9564, std: 0.0000, sample size: 1
Score for 2B3P_new_136 from FASTA, mean: 3.0582, std: 0.0000, sample size: 1,  global score, mean: 3.0582, std: 0.0000, sample size: 1
Score for 2B3P_new_137 from FASTA, mean: 3.0565, std: 0.0000, sample size: 1,  global score, mean: 3.0565, std: 0.0000, sample size: 1
Score for 2B3P_new_138 from FASTA, mean: 3.0722, std: 0.0000, sample size: 1,  global score, mean: 3.0722, std: 0.0000, sample size: 1
Score for 2B3P_new_139 from FASTA, mean: 2.9811, std: 0.0000, sample size: 1,  global score, mean: 2.9811, std: 0.0000, sample size: 1
Score for 2B3P_new_140 from FASTA, mean: 2.9204, std: 0.0000, sample size: 1,  global score, mean: 2.9204, std: 0.0000, sample size: 1
Score for 2B3P_new_141 from FASTA, mean: 2.9548, std: 0.0000, sample size: 1,  global score, mean: 2.9548, std: 0.0000, sample size: 1
Score for 2B3P_new_142 from FASTA, mean: 2.9680, std: 0.0000, sample size: 1,  global score, mean: 2.9680, std: 0.0000, sample size: 1
Score for 2B3P_new_143 from FASTA, mean: 3.0178, std: 0.0000, sample size: 1,  global score, mean: 3.0178, std: 0.0000, sample size: 1
Score for 2B3P_new_144 from FASTA, mean: 3.0018, std: 0.0000, sample size: 1,  global score, mean: 3.0018, std: 0.0000, sample size: 1
Score for 2B3P_new_145 from FASTA, mean: 2.9591, std: 0.0000, sample size: 1,  global score, mean: 2.9591, std: 0.0000, sample size: 1
Score for 2B3P_new_146 from FASTA, mean: 3.0150, std: 0.0000, sample size: 1,  global score, mean: 3.0150, std: 0.0000, sample size: 1
Score for 2B3P_new_147 from FASTA, mean: 2.9380, std: 0.0000, sample size: 1,  global score, mean: 2.9380, std: 0.0000, sample size: 1
Score for 2B3P_new_148 from FASTA, mean: 2.9761, std: 0.0000, sample size: 1,  global score, mean: 2.9761, std: 0.0000, sample size: 1
Score for 2B3P_new_149 from FASTA, mean: 3.0251, std: 0.0000, sample size: 1,  global score, mean: 3.0251, std: 0.0000, sample size: 1
Score for 2B3P_new_150 from FASTA, mean: 3.0177, std: 0.0000, sample size: 1,  global score, mean: 3.0177, std: 0.0000, sample size: 1
Score for 2B3P_new_151 from FASTA, mean: 3.0778, std: 0.0000, sample size: 1,  global score, mean: 3.0778, std: 0.0000, sample size: 1
Score for 2B3P_new_152 from FASTA, mean: 2.9590, std: 0.0000, sample size: 1,  global score, mean: 2.9590, std: 0.0000, sample size: 1
Score for 2B3P_new_153 from FASTA, mean: 3.0474, std: 0.0000, sample size: 1,  global score, mean: 3.0474, std: 0.0000, sample size: 1
Score for 2B3P_new_154 from FASTA, mean: 3.0215, std: 0.0000, sample size: 1,  global score, mean: 3.0215, std: 0.0000, sample size: 1
Score for 2B3P_new_155 from FASTA, mean: 2.9235, std: 0.0000, sample size: 1,  global score, mean: 2.9235, std: 0.0000, sample size: 1
Score for 2B3P_new_156 from FASTA, mean: 3.1144, std: 0.0000, sample size: 1,  global score, mean: 3.1144, std: 0.0000, sample size: 1
Score for 2B3P_new_157 from FASTA, mean: 3.0077, std: 0.0000, sample size: 1,  global score, mean: 3.0077, std: 0.0000, sample size: 1
Score for 2B3P_new_158 from FASTA, mean: 2.9680, std: 0.0000, sample size: 1,  global score, mean: 2.9680, std: 0.0000, sample size: 1
Score for 2B3P_new_159 from FASTA, mean: 2.9442, std: 0.0000, sample size: 1,  global score, mean: 2.9442, std: 0.0000, sample size: 1
Score for 2B3P_new_160 from FASTA, mean: 3.0047, std: 0.0000, sample size: 1,  global score, mean: 3.0047, std: 0.0000, sample size: 1
Score for 2B3P_new_161 from FASTA, mean: 2.9557, std: 0.0000, sample size: 1,  global score, mean: 2.9557, std: 0.0000, sample size: 1
Score for 2B3P_new_162 from FASTA, mean: 3.1100, std: 0.0000, sample size: 1,  global score, mean: 3.1100, std: 0.0000, sample size: 1
Score for 2B3P_new_163 from FASTA, mean: 3.0082, std: 0.0000, sample size: 1,  global score, mean: 3.0082, std: 0.0000, sample size: 1
Score for 2B3P_new_164 from FASTA, mean: 2.9955, std: 0.0000, sample size: 1,  global score, mean: 2.9955, std: 0.0000, sample size: 1
Score for 2B3P_new_165 from FASTA, mean: 3.0841, std: 0.0000, sample size: 1,  global score, mean: 3.0841, std: 0.0000, sample size: 1
Score for 2B3P_new_166 from FASTA, mean: 2.9448, std: 0.0000, sample size: 1,  global score, mean: 2.9448, std: 0.0000, sample size: 1
Score for 2B3P_new_167 from FASTA, mean: 2.9717, std: 0.0000, sample size: 1,  global score, mean: 2.9717, std: 0.0000, sample size: 1
Score for 2B3P_new_168 from FASTA, mean: 2.8953, std: 0.0000, sample size: 1,  global score, mean: 2.8953, std: 0.0000, sample size: 1
Score for 2B3P_new_169 from FASTA, mean: 3.0810, std: 0.0000, sample size: 1,  global score, mean: 3.0810, std: 0.0000, sample size: 1
Score for 2B3P_new_170 from FASTA, mean: 3.0667, std: 0.0000, sample size: 1,  global score, mean: 3.0667, std: 0.0000, sample size: 1
Score for 2B3P_new_171 from FASTA, mean: 3.0361, std: 0.0000, sample size: 1,  global score, mean: 3.0361, std: 0.0000, sample size: 1
Score for 2B3P_new_172 from FASTA, mean: 3.0333, std: 0.0000, sample size: 1,  global score, mean: 3.0333, std: 0.0000, sample size: 1
Score for 2B3P_new_173 from FASTA, mean: 2.9474, std: 0.0000, sample size: 1,  global score, mean: 2.9474, std: 0.0000, sample size: 1
Score for 2B3P_new_174 from FASTA, mean: 2.9495, std: 0.0000, sample size: 1,  global score, mean: 2.9495, std: 0.0000, sample size: 1
Score for 2B3P_new_175 from FASTA, mean: 2.9199, std: 0.0000, sample size: 1,  global score, mean: 2.9199, std: 0.0000, sample size: 1
Score for 2B3P_new_176 from FASTA, mean: 2.9635, std: 0.0000, sample size: 1,  global score, mean: 2.9635, std: 0.0000, sample size: 1
Score for 2B3P_new_177 from FASTA, mean: 2.9995, std: 0.0000, sample size: 1,  global score, mean: 2.9995, std: 0.0000, sample size: 1
Score for 2B3P_new_178 from FASTA, mean: 3.0627, std: 0.0000, sample size: 1,  global score, mean: 3.0627, std: 0.0000, sample size: 1
Score for 2B3P_new_179 from FASTA, mean: 2.9716, std: 0.0000, sample size: 1,  global score, mean: 2.9716, std: 0.0000, sample size: 1
Score for 2B3P_new_180 from FASTA, mean: 2.9807, std: 0.0000, sample size: 1,  global score, mean: 2.9807, std: 0.0000, sample size: 1
Score for 2B3P_new_181 from FASTA, mean: 3.0417, std: 0.0000, sample size: 1,  global score, mean: 3.0417, std: 0.0000, sample size: 1
Score for 2B3P_new_182 from FASTA, mean: 3.0089, std: 0.0000, sample size: 1,  global score, mean: 3.0089, std: 0.0000, sample size: 1
Score for 2B3P_new_183 from FASTA, mean: 2.9768, std: 0.0000, sample size: 1,  global score, mean: 2.9768, std: 0.0000, sample size: 1
Score for 2B3P_new_184 from FASTA, mean: 3.0954, std: 0.0000, sample size: 1,  global score, mean: 3.0954, std: 0.0000, sample size: 1
Score for 2B3P_new_185 from FASTA, mean: 3.0343, std: 0.0000, sample size: 1,  global score, mean: 3.0343, std: 0.0000, sample size: 1
Score for 2B3P_new_186 from FASTA, mean: 3.0307, std: 0.0000, sample size: 1,  global score, mean: 3.0307, std: 0.0000, sample size: 1
Score for 2B3P_new_187 from FASTA, mean: 2.9791, std: 0.0000, sample size: 1,  global score, mean: 2.9791, std: 0.0000, sample size: 1
Score for 2B3P_new_188 from FASTA, mean: 2.9861, std: 0.0000, sample size: 1,  global score, mean: 2.9861, std: 0.0000, sample size: 1
Score for 2B3P_new_189 from FASTA, mean: 2.8889, std: 0.0000, sample size: 1,  global score, mean: 2.8889, std: 0.0000, sample size: 1
Score for 2B3P_new_190 from FASTA, mean: 3.0150, std: 0.0000, sample size: 1,  global score, mean: 3.0150, std: 0.0000, sample size: 1
Score for 2B3P_new_191 from FASTA, mean: 3.0986, std: 0.0000, sample size: 1,  global score, mean: 3.0986, std: 0.0000, sample size: 1
Score for 2B3P_new_192 from FASTA, mean: 3.0651, std: 0.0000, sample size: 1,  global score, mean: 3.0651, std: 0.0000, sample size: 1
Score for 2B3P_new_193 from FASTA, mean: 2.9028, std: 0.0000, sample size: 1,  global score, mean: 2.9028, std: 0.0000, sample size: 1
Score for 2B3P_new_194 from FASTA, mean: 2.9652, std: 0.0000, sample size: 1,  global score, mean: 2.9652, std: 0.0000, sample size: 1
Score for 2B3P_new_195 from FASTA, mean: 2.9514, std: 0.0000, sample size: 1,  global score, mean: 2.9514, std: 0.0000, sample size: 1
Score for 2B3P_new_196 from FASTA, mean: 3.0458, std: 0.0000, sample size: 1,  global score, mean: 3.0458, std: 0.0000, sample size: 1
Score for 2B3P_new_197 from FASTA, mean: 2.9489, std: 0.0000, sample size: 1,  global score, mean: 2.9489, std: 0.0000, sample size: 1
Score for 2B3P_new_198 from FASTA, mean: 3.0030, std: 0.0000, sample size: 1,  global score, mean: 3.0030, std: 0.0000, sample size: 1
Score for 2B3P_new_199 from FASTA, mean: 3.0810, std: 0.0000, sample size: 1,  global score, mean: 3.0810, std: 0.0000, sample size: 1
Score for 2B3P_new_200 from FASTA, mean: 3.0111, std: 0.0000, sample size: 1,  global score, mean: 3.0111, std: 0.0000, sample size: 1
Score for 2B3P_new_201 from FASTA, mean: 3.1370, std: 0.0000, sample size: 1,  global score, mean: 3.1370, std: 0.0000, sample size: 1
Score for 2B3P_new_202 from FASTA, mean: 3.0615, std: 0.0000, sample size: 1,  global score, mean: 3.0615, std: 0.0000, sample size: 1
Score for 2B3P_new_203 from FASTA, mean: 2.9472, std: 0.0000, sample size: 1,  global score, mean: 2.9472, std: 0.0000, sample size: 1
Score for 2B3P_new_204 from FASTA, mean: 2.9541, std: 0.0000, sample size: 1,  global score, mean: 2.9541, std: 0.0000, sample size: 1
Score for 2B3P_new_205 from FASTA, mean: 3.1155, std: 0.0000, sample size: 1,  global score, mean: 3.1155, std: 0.0000, sample size: 1
Score for 2B3P_new_206 from FASTA, mean: 3.1056, std: 0.0000, sample size: 1,  global score, mean: 3.1056, std: 0.0000, sample size: 1
Score for 2B3P_new_207 from FASTA, mean: 3.1026, std: 0.0000, sample size: 1,  global score, mean: 3.1026, std: 0.0000, sample size: 1
Score for 2B3P_new_208 from FASTA, mean: 3.0685, std: 0.0000, sample size: 1,  global score, mean: 3.0685, std: 0.0000, sample size: 1
Score for 2B3P_new_209 from FASTA, mean: 3.1031, std: 0.0000, sample size: 1,  global score, mean: 3.1031, std: 0.0000, sample size: 1
Score for 2B3P_new_210 from FASTA, mean: 3.1081, std: 0.0000, sample size: 1,  global score, mean: 3.1081, std: 0.0000, sample size: 1
Score for 2B3P_new_211 from FASTA, mean: 3.0019, std: 0.0000, sample size: 1,  global score, mean: 3.0019, std: 0.0000, sample size: 1
Score for 2B3P_new_212 from FASTA, mean: 3.0630, std: 0.0000, sample size: 1,  global score, mean: 3.0630, std: 0.0000, sample size: 1
Score for 2B3P_new_213 from FASTA, mean: 3.0778, std: 0.0000, sample size: 1,  global score, mean: 3.0778, std: 0.0000, sample size: 1
Score for 2B3P_new_214 from FASTA, mean: 3.0803, std: 0.0000, sample size: 1,  global score, mean: 3.0803, std: 0.0000, sample size: 1
Score for 2B3P_new_215 from FASTA, mean: 3.0677, std: 0.0000, sample size: 1,  global score, mean: 3.0677, std: 0.0000, sample size: 1
Score for 2B3P_new_216 from FASTA, mean: 3.1103, std: 0.0000, sample size: 1,  global score, mean: 3.1103, std: 0.0000, sample size: 1
Score for 2B3P_new_217 from FASTA, mean: 3.0024, std: 0.0000, sample size: 1,  global score, mean: 3.0024, std: 0.0000, sample size: 1
Score for 2B3P_new_218 from FASTA, mean: 3.0839, std: 0.0000, sample size: 1,  global score, mean: 3.0839, std: 0.0000, sample size: 1
Score for 2B3P_new_219 from FASTA, mean: 3.0425, std: 0.0000, sample size: 1,  global score, mean: 3.0425, std: 0.0000, sample size: 1
Score for 2B3P_new_220 from FASTA, mean: 3.0619, std: 0.0000, sample size: 1,  global score, mean: 3.0619, std: 0.0000, sample size: 1
Score for 2B3P_new_221 from FASTA, mean: 3.0998, std: 0.0000, sample size: 1,  global score, mean: 3.0998, std: 0.0000, sample size: 1
Score for 2B3P_new_222 from FASTA, mean: 3.0811, std: 0.0000, sample size: 1,  global score, mean: 3.0811, std: 0.0000, sample size: 1
Score for 2B3P_new_223 from FASTA, mean: 3.1518, std: 0.0000, sample size: 1,  global score, mean: 3.1518, std: 0.0000, sample size: 1
Score for 2B3P_new_224 from FASTA, mean: 3.0995, std: 0.0000, sample size: 1,  global score, mean: 3.0995, std: 0.0000, sample size: 1
Score for 2B3P_new_225 from FASTA, mean: 3.1026, std: 0.0000, sample size: 1,  global score, mean: 3.1026, std: 0.0000, sample size: 1
Score for 2B3P_new_226 from FASTA, mean: 2.9533, std: 0.0000, sample size: 1,  global score, mean: 2.9533, std: 0.0000, sample size: 1
Score for 2B3P_new_227 from FASTA, mean: 2.9708, std: 0.0000, sample size: 1,  global score, mean: 2.9708, std: 0.0000, sample size: 1
Score for 2B3P_new_228 from FASTA, mean: 3.1322, std: 0.0000, sample size: 1,  global score, mean: 3.1322, std: 0.0000, sample size: 1
Score for 2B3P_new_229 from FASTA, mean: 3.0750, std: 0.0000, sample size: 1,  global score, mean: 3.0750, std: 0.0000, sample size: 1
Score for 2B3P_new_230 from FASTA, mean: 3.0413, std: 0.0000, sample size: 1,  global score, mean: 3.0413, std: 0.0000, sample size: 1
Score for 2B3P_new_231 from FASTA, mean: 3.0430, std: 0.0000, sample size: 1,  global score, mean: 3.0430, std: 0.0000, sample size: 1
Score for 2B3P_new_232 from FASTA, mean: 3.0782, std: 0.0000, sample size: 1,  global score, mean: 3.0782, std: 0.0000, sample size: 1
Score for 2B3P_new_233 from FASTA, mean: 2.9991, std: 0.0000, sample size: 1,  global score, mean: 2.9991, std: 0.0000, sample size: 1
Score for 2B3P_new_234 from FASTA, mean: 3.0815, std: 0.0000, sample size: 1,  global score, mean: 3.0815, std: 0.0000, sample size: 1
Score for 2B3P_new_235 from FASTA, mean: 3.0949, std: 0.0000, sample size: 1,  global score, mean: 3.0949, std: 0.0000, sample size: 1
Score for 2B3P_new_236 from FASTA, mean: 3.1102, std: 0.0000, sample size: 1,  global score, mean: 3.1102, std: 0.0000, sample size: 1
Score for 2B3P_new_237 from FASTA, mean: 3.1439, std: 0.0000, sample size: 1,  global score, mean: 3.1439, std: 0.0000, sample size: 1
Score for 2B3P_new_238 from FASTA, mean: 3.0205, std: 0.0000, sample size: 1,  global score, mean: 3.0205, std: 0.0000, sample size: 1
Score for 2B3P_new_239 from FASTA, mean: 3.1329, std: 0.0000, sample size: 1,  global score, mean: 3.1329, std: 0.0000, sample size: 1
Score for 2B3P_new_240 from FASTA, mean: 3.0146, std: 0.0000, sample size: 1,  global score, mean: 3.0146, std: 0.0000, sample size: 1
Score for 2B3P_new_241 from FASTA, mean: 3.0049, std: 0.0000, sample size: 1,  global score, mean: 3.0049, std: 0.0000, sample size: 1
Score for 2B3P_new_242 from FASTA, mean: 3.0546, std: 0.0000, sample size: 1,  global score, mean: 3.0546, std: 0.0000, sample size: 1
Score for 2B3P_new_243 from FASTA, mean: 2.9571, std: 0.0000, sample size: 1,  global score, mean: 2.9571, std: 0.0000, sample size: 1
Score for 2B3P_new_244 from FASTA, mean: 3.0793, std: 0.0000, sample size: 1,  global score, mean: 3.0793, std: 0.0000, sample size: 1
Score for 2B3P_new_245 from FASTA, mean: 3.0620, std: 0.0000, sample size: 1,  global score, mean: 3.0620, std: 0.0000, sample size: 1
Score for 2B3P_new_246 from FASTA, mean: 3.1261, std: 0.0000, sample size: 1,  global score, mean: 3.1261, std: 0.0000, sample size: 1
Score for 2B3P_new_247 from FASTA, mean: 2.9234, std: 0.0000, sample size: 1,  global score, mean: 2.9234, std: 0.0000, sample size: 1
Score for 2B3P_new_248 from FASTA, mean: 3.0306, std: 0.0000, sample size: 1,  global score, mean: 3.0306, std: 0.0000, sample size: 1
Score for 2B3P_new_249 from FASTA, mean: 3.0166, std: 0.0000, sample size: 1,  global score, mean: 3.0166, std: 0.0000, sample size: 1
Score for 2B3P_new_250 from FASTA, mean: 3.0368, std: 0.0000, sample size: 1,  global score, mean: 3.0368, std: 0.0000, sample size: 1
Score for 2B3P_new_251 from FASTA, mean: 3.0070, std: 0.0000, sample size: 1,  global score, mean: 3.0070, std: 0.0000, sample size: 1
Score for 2B3P_new_252 from FASTA, mean: 2.9913, std: 0.0000, sample size: 1,  global score, mean: 2.9913, std: 0.0000, sample size: 1
Score for 2B3P_new_253 from FASTA, mean: 3.0492, std: 0.0000, sample size: 1,  global score, mean: 3.0492, std: 0.0000, sample size: 1
Score for 2B3P_new_254 from FASTA, mean: 3.0763, std: 0.0000, sample size: 1,  global score, mean: 3.0763, std: 0.0000, sample size: 1
Score for 2B3P_new_255 from FASTA, mean: 3.0219, std: 0.0000, sample size: 1,  global score, mean: 3.0219, std: 0.0000, sample size: 1
Score for 2B3P_new_256 from FASTA, mean: 3.0260, std: 0.0000, sample size: 1,  global score, mean: 3.0260, std: 0.0000, sample size: 1
Score for 2B3P_new_257 from FASTA, mean: 3.0939, std: 0.0000, sample size: 1,  global score, mean: 3.0939, std: 0.0000, sample size: 1
Score for 2B3P_new_258 from FASTA, mean: 3.1158, std: 0.0000, sample size: 1,  global score, mean: 3.1158, std: 0.0000, sample size: 1
Score for 2B3P_new_259 from FASTA, mean: 3.1462, std: 0.0000, sample size: 1,  global score, mean: 3.1462, std: 0.0000, sample size: 1
Score for 2B3P_new_260 from FASTA, mean: 3.0353, std: 0.0000, sample size: 1,  global score, mean: 3.0353, std: 0.0000, sample size: 1
Score for 2B3P_new_261 from FASTA, mean: 2.9607, std: 0.0000, sample size: 1,  global score, mean: 2.9607, std: 0.0000, sample size: 1
Score for 2B3P_new_262 from FASTA, mean: 3.1368, std: 0.0000, sample size: 1,  global score, mean: 3.1368, std: 0.0000, sample size: 1
Score for 2B3P_new_263 from FASTA, mean: 3.1173, std: 0.0000, sample size: 1,  global score, mean: 3.1173, std: 0.0000, sample size: 1
Score for 2B3P_new_264 from FASTA, mean: 3.0708, std: 0.0000, sample size: 1,  global score, mean: 3.0708, std: 0.0000, sample size: 1
Score for 2B3P_new_265 from FASTA, mean: 3.1409, std: 0.0000, sample size: 1,  global score, mean: 3.1409, std: 0.0000, sample size: 1
Score for 2B3P_new_266 from FASTA, mean: 3.0883, std: 0.0000, sample size: 1,  global score, mean: 3.0883, std: 0.0000, sample size: 1
Score for 2B3P_new_267 from FASTA, mean: 2.9962, std: 0.0000, sample size: 1,  global score, mean: 2.9962, std: 0.0000, sample size: 1
Score for 2B3P_new_268 from FASTA, mean: 3.0256, std: 0.0000, sample size: 1,  global score, mean: 3.0256, std: 0.0000, sample size: 1
Score for 2B3P_new_269 from FASTA, mean: 3.0629, std: 0.0000, sample size: 1,  global score, mean: 3.0629, std: 0.0000, sample size: 1
Score for 2B3P_new_270 from FASTA, mean: 3.1000, std: 0.0000, sample size: 1,  global score, mean: 3.1000, std: 0.0000, sample size: 1
Score for 2B3P_new_271 from FASTA, mean: 3.0856, std: 0.0000, sample size: 1,  global score, mean: 3.0856, std: 0.0000, sample size: 1
Score for 2B3P_new_272 from FASTA, mean: 2.9924, std: 0.0000, sample size: 1,  global score, mean: 2.9924, std: 0.0000, sample size: 1
Score for 2B3P_new_273 from FASTA, mean: 3.0418, std: 0.0000, sample size: 1,  global score, mean: 3.0418, std: 0.0000, sample size: 1
Score for 2B3P_new_274 from FASTA, mean: 3.0915, std: 0.0000, sample size: 1,  global score, mean: 3.0915, std: 0.0000, sample size: 1
Score for 2B3P_new_275 from FASTA, mean: 3.0267, std: 0.0000, sample size: 1,  global score, mean: 3.0267, std: 0.0000, sample size: 1
Score for 2B3P_new_276 from FASTA, mean: 3.1984, std: 0.0000, sample size: 1,  global score, mean: 3.1984, std: 0.0000, sample size: 1
Score for 2B3P_new_277 from FASTA, mean: 3.0155, std: 0.0000, sample size: 1,  global score, mean: 3.0155, std: 0.0000, sample size: 1
Score for 2B3P_new_278 from FASTA, mean: 3.0315, std: 0.0000, sample size: 1,  global score, mean: 3.0315, std: 0.0000, sample size: 1
Score for 2B3P_new_279 from FASTA, mean: 3.0095, std: 0.0000, sample size: 1,  global score, mean: 3.0095, std: 0.0000, sample size: 1
Score for 2B3P_new_280 from FASTA, mean: 3.0619, std: 0.0000, sample size: 1,  global score, mean: 3.0619, std: 0.0000, sample size: 1
Score for 2B3P_new_281 from FASTA, mean: 3.1196, std: 0.0000, sample size: 1,  global score, mean: 3.1196, std: 0.0000, sample size: 1
Score for 2B3P_new_282 from FASTA, mean: 3.0845, std: 0.0000, sample size: 1,  global score, mean: 3.0845, std: 0.0000, sample size: 1
Score for 2B3P_new_283 from FASTA, mean: 2.9766, std: 0.0000, sample size: 1,  global score, mean: 2.9766, std: 0.0000, sample size: 1
Score for 2B3P_new_284 from FASTA, mean: 2.9897, std: 0.0000, sample size: 1,  global score, mean: 2.9897, std: 0.0000, sample size: 1
Score for 2B3P_new_285 from FASTA, mean: 2.9757, std: 0.0000, sample size: 1,  global score, mean: 2.9757, std: 0.0000, sample size: 1
Score for 2B3P_new_286 from FASTA, mean: 3.0014, std: 0.0000, sample size: 1,  global score, mean: 3.0014, std: 0.0000, sample size: 1
Score for 2B3P_new_287 from FASTA, mean: 3.0220, std: 0.0000, sample size: 1,  global score, mean: 3.0220, std: 0.0000, sample size: 1
Score for 2B3P_new_288 from FASTA, mean: 3.0458, std: 0.0000, sample size: 1,  global score, mean: 3.0458, std: 0.0000, sample size: 1
Score for 2B3P_new_289 from FASTA, mean: 3.0568, std: 0.0000, sample size: 1,  global score, mean: 3.0568, std: 0.0000, sample size: 1
Score for 2B3P_new_290 from FASTA, mean: 3.0514, std: 0.0000, sample size: 1,  global score, mean: 3.0514, std: 0.0000, sample size: 1
Score for 2B3P_new_291 from FASTA, mean: 2.9493, std: 0.0000, sample size: 1,  global score, mean: 2.9493, std: 0.0000, sample size: 1
Score for 2B3P_new_292 from FASTA, mean: 3.0601, std: 0.0000, sample size: 1,  global score, mean: 3.0601, std: 0.0000, sample size: 1
Score for 2B3P_new_293 from FASTA, mean: 3.0240, std: 0.0000, sample size: 1,  global score, mean: 3.0240, std: 0.0000, sample size: 1
Score for 2B3P_new_294 from FASTA, mean: 3.0334, std: 0.0000, sample size: 1,  global score, mean: 3.0334, std: 0.0000, sample size: 1
Score for 2B3P_new_295 from FASTA, mean: 2.9826, std: 0.0000, sample size: 1,  global score, mean: 2.9826, std: 0.0000, sample size: 1
Score for 2B3P_new_296 from FASTA, mean: 3.0008, std: 0.0000, sample size: 1,  global score, mean: 3.0008, std: 0.0000, sample size: 1
Score for 2B3P_new_297 from FASTA, mean: 3.0437, std: 0.0000, sample size: 1,  global score, mean: 3.0437, std: 0.0000, sample size: 1
Score for 2B3P_new_298 from FASTA, mean: 3.0040, std: 0.0000, sample size: 1,  global score, mean: 3.0040, std: 0.0000, sample size: 1
Score for 2B3P_new_299 from FASTA, mean: 3.0553, std: 0.0000, sample size: 1,  global score, mean: 3.0553, std: 0.0000, sample size: 1
Score for 2B3P_new_300 from FASTA, mean: 2.9974, std: 0.0000, sample size: 1,  global score, mean: 2.9974, std: 0.0000, sample size: 1
Score for 2B3P_new_301 from FASTA, mean: 3.2728, std: 0.0000, sample size: 1,  global score, mean: 3.2728, std: 0.0000, sample size: 1
Score for 2B3P_new_302 from FASTA, mean: 2.9645, std: 0.0000, sample size: 1,  global score, mean: 2.9645, std: 0.0000, sample size: 1
Score for 2B3P_new_303 from FASTA, mean: 3.2382, std: 0.0000, sample size: 1,  global score, mean: 3.2382, std: 0.0000, sample size: 1
Score for 2B3P_new_304 from FASTA, mean: 3.0137, std: 0.0000, sample size: 1,  global score, mean: 3.0137, std: 0.0000, sample size: 1
Score for 2B3P_new_305 from FASTA, mean: 3.0500, std: 0.0000, sample size: 1,  global score, mean: 3.0500, std: 0.0000, sample size: 1
Score for 2B3P_new_306 from FASTA, mean: 2.9901, std: 0.0000, sample size: 1,  global score, mean: 2.9901, std: 0.0000, sample size: 1
Score for 2B3P_new_307 from FASTA, mean: 3.0755, std: 0.0000, sample size: 1,  global score, mean: 3.0755, std: 0.0000, sample size: 1
Score for 2B3P_new_308 from FASTA, mean: 2.9267, std: 0.0000, sample size: 1,  global score, mean: 2.9267, std: 0.0000, sample size: 1
Score for 2B3P_new_309 from FASTA, mean: 3.0928, std: 0.0000, sample size: 1,  global score, mean: 3.0928, std: 0.0000, sample size: 1
Score for 2B3P_new_310 from FASTA, mean: 3.1512, std: 0.0000, sample size: 1,  global score, mean: 3.1512, std: 0.0000, sample size: 1
Score for 2B3P_new_311 from FASTA, mean: 3.1477, std: 0.0000, sample size: 1,  global score, mean: 3.1477, std: 0.0000, sample size: 1
Score for 2B3P_new_312 from FASTA, mean: 3.0399, std: 0.0000, sample size: 1,  global score, mean: 3.0399, std: 0.0000, sample size: 1
Score for 2B3P_new_313 from FASTA, mean: 3.1017, std: 0.0000, sample size: 1,  global score, mean: 3.1017, std: 0.0000, sample size: 1
Score for 2B3P_new_314 from FASTA, mean: 3.0846, std: 0.0000, sample size: 1,  global score, mean: 3.0846, std: 0.0000, sample size: 1
Score for 2B3P_new_315 from FASTA, mean: 2.9966, std: 0.0000, sample size: 1,  global score, mean: 2.9966, std: 0.0000, sample size: 1
Score for 2B3P_new_316 from FASTA, mean: 2.9961, std: 0.0000, sample size: 1,  global score, mean: 2.9961, std: 0.0000, sample size: 1
Score for 2B3P_new_317 from FASTA, mean: 3.0812, std: 0.0000, sample size: 1,  global score, mean: 3.0812, std: 0.0000, sample size: 1
Score for 2B3P_new_318 from FASTA, mean: 3.1225, std: 0.0000, sample size: 1,  global score, mean: 3.1225, std: 0.0000, sample size: 1
Score for 2B3P_new_319 from FASTA, mean: 3.1154, std: 0.0000, sample size: 1,  global score, mean: 3.1154, std: 0.0000, sample size: 1
Score for 2B3P_new_320 from FASTA, mean: 3.0407, std: 0.0000, sample size: 1,  global score, mean: 3.0407, std: 0.0000, sample size: 1
Score for 2B3P_new_321 from FASTA, mean: 3.0730, std: 0.0000, sample size: 1,  global score, mean: 3.0730, std: 0.0000, sample size: 1
Score for 2B3P_new_322 from FASTA, mean: 3.1263, std: 0.0000, sample size: 1,  global score, mean: 3.1263, std: 0.0000, sample size: 1
Score for 2B3P_new_323 from FASTA, mean: 2.9678, std: 0.0000, sample size: 1,  global score, mean: 2.9678, std: 0.0000, sample size: 1
Score for 2B3P_new_324 from FASTA, mean: 3.1475, std: 0.0000, sample size: 1,  global score, mean: 3.1475, std: 0.0000, sample size: 1
Score for 2B3P_new_325 from FASTA, mean: 3.1073, std: 0.0000, sample size: 1,  global score, mean: 3.1073, std: 0.0000, sample size: 1
Score for 2B3P_new_326 from FASTA, mean: 2.8945, std: 0.0000, sample size: 1,  global score, mean: 2.8945, std: 0.0000, sample size: 1
Score for 2B3P_new_327 from FASTA, mean: 3.0940, std: 0.0000, sample size: 1,  global score, mean: 3.0940, std: 0.0000, sample size: 1
Score for 2B3P_new_328 from FASTA, mean: 3.0558, std: 0.0000, sample size: 1,  global score, mean: 3.0558, std: 0.0000, sample size: 1
Score for 2B3P_new_329 from FASTA, mean: 3.1651, std: 0.0000, sample size: 1,  global score, mean: 3.1651, std: 0.0000, sample size: 1
Score for 2B3P_new_330 from FASTA, mean: 3.1295, std: 0.0000, sample size: 1,  global score, mean: 3.1295, std: 0.0000, sample size: 1
Score for 2B3P_new_331 from FASTA, mean: 3.0488, std: 0.0000, sample size: 1,  global score, mean: 3.0488, std: 0.0000, sample size: 1
Score for 2B3P_new_332 from FASTA, mean: 3.1051, std: 0.0000, sample size: 1,  global score, mean: 3.1051, std: 0.0000, sample size: 1
Score for 2B3P_new_333 from FASTA, mean: 3.0542, std: 0.0000, sample size: 1,  global score, mean: 3.0542, std: 0.0000, sample size: 1
Score for 2B3P_new_334 from FASTA, mean: 3.1227, std: 0.0000, sample size: 1,  global score, mean: 3.1227, std: 0.0000, sample size: 1
Score for 2B3P_new_335 from FASTA, mean: 3.0476, std: 0.0000, sample size: 1,  global score, mean: 3.0476, std: 0.0000, sample size: 1
Score for 2B3P_new_336 from FASTA, mean: 3.1233, std: 0.0000, sample size: 1,  global score, mean: 3.1233, std: 0.0000, sample size: 1
Score for 2B3P_new_337 from FASTA, mean: 3.2707, std: 0.0000, sample size: 1,  global score, mean: 3.2707, std: 0.0000, sample size: 1
Score for 2B3P_new_338 from FASTA, mean: 3.0485, std: 0.0000, sample size: 1,  global score, mean: 3.0485, std: 0.0000, sample size: 1
Score for 2B3P_new_339 from FASTA, mean: 3.1774, std: 0.0000, sample size: 1,  global score, mean: 3.1774, std: 0.0000, sample size: 1
Score for 2B3P_new_340 from FASTA, mean: 3.0939, std: 0.0000, sample size: 1,  global score, mean: 3.0939, std: 0.0000, sample size: 1
Score for 2B3P_new_341 from FASTA, mean: 3.0831, std: 0.0000, sample size: 1,  global score, mean: 3.0831, std: 0.0000, sample size: 1
Score for 2B3P_new_342 from FASTA, mean: 3.1434, std: 0.0000, sample size: 1,  global score, mean: 3.1434, std: 0.0000, sample size: 1
Score for 2B3P_new_343 from FASTA, mean: 3.1277, std: 0.0000, sample size: 1,  global score, mean: 3.1277, std: 0.0000, sample size: 1
Score for 2B3P_new_344 from FASTA, mean: 3.0454, std: 0.0000, sample size: 1,  global score, mean: 3.0454, std: 0.0000, sample size: 1
Score for 2B3P_new_345 from FASTA, mean: 3.1069, std: 0.0000, sample size: 1,  global score, mean: 3.1069, std: 0.0000, sample size: 1
Score for 2B3P_new_346 from FASTA, mean: 3.0563, std: 0.0000, sample size: 1,  global score, mean: 3.0563, std: 0.0000, sample size: 1
Score for 2B3P_new_347 from FASTA, mean: 3.1183, std: 0.0000, sample size: 1,  global score, mean: 3.1183, std: 0.0000, sample size: 1
Score for 2B3P_new_348 from FASTA, mean: 3.1886, std: 0.0000, sample size: 1,  global score, mean: 3.1886, std: 0.0000, sample size: 1
Score for 2B3P_new_349 from FASTA, mean: 3.0482, std: 0.0000, sample size: 1,  global score, mean: 3.0482, std: 0.0000, sample size: 1
Score for 2B3P_new_350 from FASTA, mean: 3.1607, std: 0.0000, sample size: 1,  global score, mean: 3.1607, std: 0.0000, sample size: 1
Score for 2B3P_new_351 from FASTA, mean: 3.0660, std: 0.0000, sample size: 1,  global score, mean: 3.0660, std: 0.0000, sample size: 1
Score for 2B3P_new_352 from FASTA, mean: 3.0694, std: 0.0000, sample size: 1,  global score, mean: 3.0694, std: 0.0000, sample size: 1
Score for 2B3P_new_353 from FASTA, mean: 2.9838, std: 0.0000, sample size: 1,  global score, mean: 2.9838, std: 0.0000, sample size: 1
Score for 2B3P_new_354 from FASTA, mean: 3.0696, std: 0.0000, sample size: 1,  global score, mean: 3.0696, std: 0.0000, sample size: 1
Score for 2B3P_new_355 from FASTA, mean: 3.0756, std: 0.0000, sample size: 1,  global score, mean: 3.0756, std: 0.0000, sample size: 1
Score for 2B3P_new_356 from FASTA, mean: 3.1407, std: 0.0000, sample size: 1,  global score, mean: 3.1407, std: 0.0000, sample size: 1
Score for 2B3P_new_357 from FASTA, mean: 3.1267, std: 0.0000, sample size: 1,  global score, mean: 3.1267, std: 0.0000, sample size: 1
Score for 2B3P_new_358 from FASTA, mean: 3.0860, std: 0.0000, sample size: 1,  global score, mean: 3.0860, std: 0.0000, sample size: 1
Score for 2B3P_new_359 from FASTA, mean: 3.1500, std: 0.0000, sample size: 1,  global score, mean: 3.1500, std: 0.0000, sample size: 1
Score for 2B3P_new_360 from FASTA, mean: 3.1300, std: 0.0000, sample size: 1,  global score, mean: 3.1300, std: 0.0000, sample size: 1
Score for 2B3P_new_361 from FASTA, mean: 3.1682, std: 0.0000, sample size: 1,  global score, mean: 3.1682, std: 0.0000, sample size: 1
Score for 2B3P_new_362 from FASTA, mean: 2.9199, std: 0.0000, sample size: 1,  global score, mean: 2.9199, std: 0.0000, sample size: 1
Score for 2B3P_new_363 from FASTA, mean: 3.1049, std: 0.0000, sample size: 1,  global score, mean: 3.1049, std: 0.0000, sample size: 1
Score for 2B3P_new_364 from FASTA, mean: 3.1536, std: 0.0000, sample size: 1,  global score, mean: 3.1536, std: 0.0000, sample size: 1
Score for 2B3P_new_365 from FASTA, mean: 3.0470, std: 0.0000, sample size: 1,  global score, mean: 3.0470, std: 0.0000, sample size: 1
Score for 2B3P_new_366 from FASTA, mean: 3.1017, std: 0.0000, sample size: 1,  global score, mean: 3.1017, std: 0.0000, sample size: 1
Score for 2B3P_new_367 from FASTA, mean: 3.1608, std: 0.0000, sample size: 1,  global score, mean: 3.1608, std: 0.0000, sample size: 1
Score for 2B3P_new_368 from FASTA, mean: 3.0673, std: 0.0000, sample size: 1,  global score, mean: 3.0673, std: 0.0000, sample size: 1
Score for 2B3P_new_369 from FASTA, mean: 3.0726, std: 0.0000, sample size: 1,  global score, mean: 3.0726, std: 0.0000, sample size: 1
Score for 2B3P_new_370 from FASTA, mean: 3.1368, std: 0.0000, sample size: 1,  global score, mean: 3.1368, std: 0.0000, sample size: 1
Score for 2B3P_new_371 from FASTA, mean: 3.0267, std: 0.0000, sample size: 1,  global score, mean: 3.0267, std: 0.0000, sample size: 1
Score for 2B3P_new_372 from FASTA, mean: 3.0051, std: 0.0000, sample size: 1,  global score, mean: 3.0051, std: 0.0000, sample size: 1
Score for 2B3P_new_373 from FASTA, mean: 3.0342, std: 0.0000, sample size: 1,  global score, mean: 3.0342, std: 0.0000, sample size: 1
Score for 2B3P_new_374 from FASTA, mean: 3.0732, std: 0.0000, sample size: 1,  global score, mean: 3.0732, std: 0.0000, sample size: 1
Score for 2B3P_new_375 from FASTA, mean: 2.9683, std: 0.0000, sample size: 1,  global score, mean: 2.9683, std: 0.0000, sample size: 1
Score for 2B3P_new_376 from FASTA, mean: 3.0915, std: 0.0000, sample size: 1,  global score, mean: 3.0915, std: 0.0000, sample size: 1
Score for 2B3P_new_377 from FASTA, mean: 3.1673, std: 0.0000, sample size: 1,  global score, mean: 3.1673, std: 0.0000, sample size: 1
Score for 2B3P_new_378 from FASTA, mean: 3.0591, std: 0.0000, sample size: 1,  global score, mean: 3.0591, std: 0.0000, sample size: 1
Score for 2B3P_new_379 from FASTA, mean: 3.1775, std: 0.0000, sample size: 1,  global score, mean: 3.1775, std: 0.0000, sample size: 1
Score for 2B3P_new_380 from FASTA, mean: 3.0711, std: 0.0000, sample size: 1,  global score, mean: 3.0711, std: 0.0000, sample size: 1
Score for 2B3P_new_381 from FASTA, mean: 3.0516, std: 0.0000, sample size: 1,  global score, mean: 3.0516, std: 0.0000, sample size: 1
Score for 2B3P_new_382 from FASTA, mean: 3.1055, std: 0.0000, sample size: 1,  global score, mean: 3.1055, std: 0.0000, sample size: 1
Score for 2B3P_new_383 from FASTA, mean: 3.0852, std: 0.0000, sample size: 1,  global score, mean: 3.0852, std: 0.0000, sample size: 1
Score for 2B3P_new_384 from FASTA, mean: 3.0387, std: 0.0000, sample size: 1,  global score, mean: 3.0387, std: 0.0000, sample size: 1
Score for 2B3P_new_385 from FASTA, mean: 3.0369, std: 0.0000, sample size: 1,  global score, mean: 3.0369, std: 0.0000, sample size: 1
Score for 2B3P_new_386 from FASTA, mean: 3.0506, std: 0.0000, sample size: 1,  global score, mean: 3.0506, std: 0.0000, sample size: 1
Score for 2B3P_new_387 from FASTA, mean: 2.9571, std: 0.0000, sample size: 1,  global score, mean: 2.9571, std: 0.0000, sample size: 1
Score for 2B3P_new_388 from FASTA, mean: 3.1849, std: 0.0000, sample size: 1,  global score, mean: 3.1849, std: 0.0000, sample size: 1
Score for 2B3P_new_389 from FASTA, mean: 3.1834, std: 0.0000, sample size: 1,  global score, mean: 3.1834, std: 0.0000, sample size: 1
Score for 2B3P_new_390 from FASTA, mean: 2.9889, std: 0.0000, sample size: 1,  global score, mean: 2.9889, std: 0.0000, sample size: 1
Score for 2B3P_new_391 from FASTA, mean: 3.0655, std: 0.0000, sample size: 1,  global score, mean: 3.0655, std: 0.0000, sample size: 1
Score for 2B3P_new_392 from FASTA, mean: 3.1345, std: 0.0000, sample size: 1,  global score, mean: 3.1345, std: 0.0000, sample size: 1
Score for 2B3P_new_393 from FASTA, mean: 3.1336, std: 0.0000, sample size: 1,  global score, mean: 3.1336, std: 0.0000, sample size: 1
Score for 2B3P_new_394 from FASTA, mean: 3.1489, std: 0.0000, sample size: 1,  global score, mean: 3.1489, std: 0.0000, sample size: 1
Score for 2B3P_new_395 from FASTA, mean: 3.0925, std: 0.0000, sample size: 1,  global score, mean: 3.0925, std: 0.0000, sample size: 1
Score for 2B3P_new_396 from FASTA, mean: 3.1333, std: 0.0000, sample size: 1,  global score, mean: 3.1333, std: 0.0000, sample size: 1
Score for 2B3P_new_397 from FASTA, mean: 3.1585, std: 0.0000, sample size: 1,  global score, mean: 3.1585, std: 0.0000, sample size: 1
Score for 2B3P_new_398 from FASTA, mean: 3.1676, std: 0.0000, sample size: 1,  global score, mean: 3.1676, std: 0.0000, sample size: 1
Score for 2B3P_new_399 from FASTA, mean: 3.1856, std: 0.0000, sample size: 1,  global score, mean: 3.1856, std: 0.0000, sample size: 1
Score for 2B3P_new_400 from FASTA, mean: 3.0859, std: 0.0000, sample size: 1,  global score, mean: 3.0859, std: 0.0000, sample size: 1
Score for 2B3P_new_401 from FASTA, mean: 3.1122, std: 0.0000, sample size: 1,  global score, mean: 3.1122, std: 0.0000, sample size: 1
Score for 2B3P_new_402 from FASTA, mean: 3.1617, std: 0.0000, sample size: 1,  global score, mean: 3.1617, std: 0.0000, sample size: 1
Score for 2B3P_new_403 from FASTA, mean: 3.1781, std: 0.0000, sample size: 1,  global score, mean: 3.1781, std: 0.0000, sample size: 1
Score for 2B3P_new_404 from FASTA, mean: 3.1538, std: 0.0000, sample size: 1,  global score, mean: 3.1538, std: 0.0000, sample size: 1
Score for 2B3P_new_405 from FASTA, mean: 3.0182, std: 0.0000, sample size: 1,  global score, mean: 3.0182, std: 0.0000, sample size: 1
Score for 2B3P_new_406 from FASTA, mean: 3.1282, std: 0.0000, sample size: 1,  global score, mean: 3.1282, std: 0.0000, sample size: 1
Score for 2B3P_new_407 from FASTA, mean: 3.1302, std: 0.0000, sample size: 1,  global score, mean: 3.1302, std: 0.0000, sample size: 1
Score for 2B3P_new_408 from FASTA, mean: 3.1508, std: 0.0000, sample size: 1,  global score, mean: 3.1508, std: 0.0000, sample size: 1
Score for 2B3P_new_409 from FASTA, mean: 3.1333, std: 0.0000, sample size: 1,  global score, mean: 3.1333, std: 0.0000, sample size: 1
Score for 2B3P_new_410 from FASTA, mean: 3.0646, std: 0.0000, sample size: 1,  global score, mean: 3.0646, std: 0.0000, sample size: 1
Score for 2B3P_new_411 from FASTA, mean: 3.0262, std: 0.0000, sample size: 1,  global score, mean: 3.0262, std: 0.0000, sample size: 1
Score for 2B3P_new_412 from FASTA, mean: 2.9969, std: 0.0000, sample size: 1,  global score, mean: 2.9969, std: 0.0000, sample size: 1
Score for 2B3P_new_413 from FASTA, mean: 3.0096, std: 0.0000, sample size: 1,  global score, mean: 3.0096, std: 0.0000, sample size: 1
Score for 2B3P_new_414 from FASTA, mean: 3.1248, std: 0.0000, sample size: 1,  global score, mean: 3.1248, std: 0.0000, sample size: 1
Score for 2B3P_new_415 from FASTA, mean: 3.1130, std: 0.0000, sample size: 1,  global score, mean: 3.1130, std: 0.0000, sample size: 1
Score for 2B3P_new_416 from FASTA, mean: 3.0639, std: 0.0000, sample size: 1,  global score, mean: 3.0639, std: 0.0000, sample size: 1
Score for 2B3P_new_417 from FASTA, mean: 2.9892, std: 0.0000, sample size: 1,  global score, mean: 2.9892, std: 0.0000, sample size: 1
Score for 2B3P_new_418 from FASTA, mean: 3.2178, std: 0.0000, sample size: 1,  global score, mean: 3.2178, std: 0.0000, sample size: 1
Score for 2B3P_new_419 from FASTA, mean: 3.0613, std: 0.0000, sample size: 1,  global score, mean: 3.0613, std: 0.0000, sample size: 1
Score for 2B3P_new_420 from FASTA, mean: 3.1566, std: 0.0000, sample size: 1,  global score, mean: 3.1566, std: 0.0000, sample size: 1
Score for 2B3P_new_421 from FASTA, mean: 3.1188, std: 0.0000, sample size: 1,  global score, mean: 3.1188, std: 0.0000, sample size: 1
Score for 2B3P_new_422 from FASTA, mean: 3.2466, std: 0.0000, sample size: 1,  global score, mean: 3.2466, std: 0.0000, sample size: 1
Score for 2B3P_new_423 from FASTA, mean: 2.9993, std: 0.0000, sample size: 1,  global score, mean: 2.9993, std: 0.0000, sample size: 1
Score for 2B3P_new_424 from FASTA, mean: 3.1288, std: 0.0000, sample size: 1,  global score, mean: 3.1288, std: 0.0000, sample size: 1
Score for 2B3P_new_425 from FASTA, mean: 3.2226, std: 0.0000, sample size: 1,  global score, mean: 3.2226, std: 0.0000, sample size: 1
Score for 2B3P_new_426 from FASTA, mean: 3.1074, std: 0.0000, sample size: 1,  global score, mean: 3.1074, std: 0.0000, sample size: 1
Score for 2B3P_new_427 from FASTA, mean: 3.2057, std: 0.0000, sample size: 1,  global score, mean: 3.2057, std: 0.0000, sample size: 1
Score for 2B3P_new_428 from FASTA, mean: 3.1791, std: 0.0000, sample size: 1,  global score, mean: 3.1791, std: 0.0000, sample size: 1
Score for 2B3P_new_429 from FASTA, mean: 3.1114, std: 0.0000, sample size: 1,  global score, mean: 3.1114, std: 0.0000, sample size: 1
Score for 2B3P_new_430 from FASTA, mean: 3.1724, std: 0.0000, sample size: 1,  global score, mean: 3.1724, std: 0.0000, sample size: 1
Score for 2B3P_new_431 from FASTA, mean: 3.0654, std: 0.0000, sample size: 1,  global score, mean: 3.0654, std: 0.0000, sample size: 1
Score for 2B3P_new_432 from FASTA, mean: 3.0694, std: 0.0000, sample size: 1,  global score, mean: 3.0694, std: 0.0000, sample size: 1
Score for 2B3P_new_433 from FASTA, mean: 3.1066, std: 0.0000, sample size: 1,  global score, mean: 3.1066, std: 0.0000, sample size: 1
Score for 2B3P_new_434 from FASTA, mean: 3.0355, std: 0.0000, sample size: 1,  global score, mean: 3.0355, std: 0.0000, sample size: 1
Score for 2B3P_new_435 from FASTA, mean: 3.1566, std: 0.0000, sample size: 1,  global score, mean: 3.1566, std: 0.0000, sample size: 1
Score for 2B3P_new_436 from FASTA, mean: 3.1398, std: 0.0000, sample size: 1,  global score, mean: 3.1398, std: 0.0000, sample size: 1
Score for 2B3P_new_437 from FASTA, mean: 3.1141, std: 0.0000, sample size: 1,  global score, mean: 3.1141, std: 0.0000, sample size: 1
Score for 2B3P_new_438 from FASTA, mean: 3.0095, std: 0.0000, sample size: 1,  global score, mean: 3.0095, std: 0.0000, sample size: 1
Score for 2B3P_new_439 from FASTA, mean: 3.1774, std: 0.0000, sample size: 1,  global score, mean: 3.1774, std: 0.0000, sample size: 1
Score for 2B3P_new_440 from FASTA, mean: 3.0995, std: 0.0000, sample size: 1,  global score, mean: 3.0995, std: 0.0000, sample size: 1
Score for 2B3P_new_441 from FASTA, mean: 3.1205, std: 0.0000, sample size: 1,  global score, mean: 3.1205, std: 0.0000, sample size: 1
Score for 2B3P_new_442 from FASTA, mean: 3.1364, std: 0.0000, sample size: 1,  global score, mean: 3.1364, std: 0.0000, sample size: 1
Score for 2B3P_new_443 from FASTA, mean: 3.1958, std: 0.0000, sample size: 1,  global score, mean: 3.1958, std: 0.0000, sample size: 1
Score for 2B3P_new_444 from FASTA, mean: 3.1157, std: 0.0000, sample size: 1,  global score, mean: 3.1157, std: 0.0000, sample size: 1
Score for 2B3P_new_445 from FASTA, mean: 3.2212, std: 0.0000, sample size: 1,  global score, mean: 3.2212, std: 0.0000, sample size: 1
Score for 2B3P_new_446 from FASTA, mean: 3.0464, std: 0.0000, sample size: 1,  global score, mean: 3.0464, std: 0.0000, sample size: 1
Score for 2B3P_new_447 from FASTA, mean: 3.0847, std: 0.0000, sample size: 1,  global score, mean: 3.0847, std: 0.0000, sample size: 1
Score for 2B3P_new_448 from FASTA, mean: 3.2154, std: 0.0000, sample size: 1,  global score, mean: 3.2154, std: 0.0000, sample size: 1
Score for 2B3P_new_449 from FASTA, mean: 3.1961, std: 0.0000, sample size: 1,  global score, mean: 3.1961, std: 0.0000, sample size: 1
Score for 2B3P_new_450 from FASTA, mean: 3.1040, std: 0.0000, sample size: 1,  global score, mean: 3.1040, std: 0.0000, sample size: 1
Score for 2B3P_new_451 from FASTA, mean: 3.1258, std: 0.0000, sample size: 1,  global score, mean: 3.1258, std: 0.0000, sample size: 1
Score for 2B3P_new_452 from FASTA, mean: 3.2844, std: 0.0000, sample size: 1,  global score, mean: 3.2844, std: 0.0000, sample size: 1
Score for 2B3P_new_453 from FASTA, mean: 3.1503, std: 0.0000, sample size: 1,  global score, mean: 3.1503, std: 0.0000, sample size: 1
Score for 2B3P_new_454 from FASTA, mean: 3.2726, std: 0.0000, sample size: 1,  global score, mean: 3.2726, std: 0.0000, sample size: 1
Score for 2B3P_new_455 from FASTA, mean: 3.1048, std: 0.0000, sample size: 1,  global score, mean: 3.1048, std: 0.0000, sample size: 1
Score for 2B3P_new_456 from FASTA, mean: 3.2482, std: 0.0000, sample size: 1,  global score, mean: 3.2482, std: 0.0000, sample size: 1
Score for 2B3P_new_457 from FASTA, mean: 3.1988, std: 0.0000, sample size: 1,  global score, mean: 3.1988, std: 0.0000, sample size: 1
Score for 2B3P_new_458 from FASTA, mean: 3.1748, std: 0.0000, sample size: 1,  global score, mean: 3.1748, std: 0.0000, sample size: 1
Score for 2B3P_new_459 from FASTA, mean: 3.0777, std: 0.0000, sample size: 1,  global score, mean: 3.0777, std: 0.0000, sample size: 1
Score for 2B3P_new_460 from FASTA, mean: 3.2209, std: 0.0000, sample size: 1,  global score, mean: 3.2209, std: 0.0000, sample size: 1
Score for 2B3P_new_461 from FASTA, mean: 3.2262, std: 0.0000, sample size: 1,  global score, mean: 3.2262, std: 0.0000, sample size: 1
Score for 2B3P_new_462 from FASTA, mean: 3.1537, std: 0.0000, sample size: 1,  global score, mean: 3.1537, std: 0.0000, sample size: 1
Score for 2B3P_new_463 from FASTA, mean: 3.1430, std: 0.0000, sample size: 1,  global score, mean: 3.1430, std: 0.0000, sample size: 1
Score for 2B3P_new_464 from FASTA, mean: 3.1195, std: 0.0000, sample size: 1,  global score, mean: 3.1195, std: 0.0000, sample size: 1
Score for 2B3P_new_465 from FASTA, mean: 3.1831, std: 0.0000, sample size: 1,  global score, mean: 3.1831, std: 0.0000, sample size: 1
Score for 2B3P_new_466 from FASTA, mean: 3.1372, std: 0.0000, sample size: 1,  global score, mean: 3.1372, std: 0.0000, sample size: 1
Score for 2B3P_new_467 from FASTA, mean: 3.2001, std: 0.0000, sample size: 1,  global score, mean: 3.2001, std: 0.0000, sample size: 1
Score for 2B3P_new_468 from FASTA, mean: 3.2441, std: 0.0000, sample size: 1,  global score, mean: 3.2441, std: 0.0000, sample size: 1
Score for 2B3P_new_469 from FASTA, mean: 3.0890, std: 0.0000, sample size: 1,  global score, mean: 3.0890, std: 0.0000, sample size: 1
Score for 2B3P_new_470 from FASTA, mean: 3.1516, std: 0.0000, sample size: 1,  global score, mean: 3.1516, std: 0.0000, sample size: 1
Score for 2B3P_new_471 from FASTA, mean: 3.0864, std: 0.0000, sample size: 1,  global score, mean: 3.0864, std: 0.0000, sample size: 1
Score for 2B3P_new_472 from FASTA, mean: 3.2266, std: 0.0000, sample size: 1,  global score, mean: 3.2266, std: 0.0000, sample size: 1
Score for 2B3P_new_473 from FASTA, mean: 3.1408, std: 0.0000, sample size: 1,  global score, mean: 3.1408, std: 0.0000, sample size: 1
Score for 2B3P_new_474 from FASTA, mean: 3.2709, std: 0.0000, sample size: 1,  global score, mean: 3.2709, std: 0.0000, sample size: 1
Score for 2B3P_new_475 from FASTA, mean: 3.1936, std: 0.0000, sample size: 1,  global score, mean: 3.1936, std: 0.0000, sample size: 1
Score for 2B3P_new_476 from FASTA, mean: 3.0223, std: 0.0000, sample size: 1,  global score, mean: 3.0223, std: 0.0000, sample size: 1
Score for 2B3P_new_477 from FASTA, mean: 3.1863, std: 0.0000, sample size: 1,  global score, mean: 3.1863, std: 0.0000, sample size: 1
Score for 2B3P_new_478 from FASTA, mean: 3.1485, std: 0.0000, sample size: 1,  global score, mean: 3.1485, std: 0.0000, sample size: 1
Score for 2B3P_new_479 from FASTA, mean: 3.0268, std: 0.0000, sample size: 1,  global score, mean: 3.0268, std: 0.0000, sample size: 1
Score for 2B3P_new_480 from FASTA, mean: 3.0819, std: 0.0000, sample size: 1,  global score, mean: 3.0819, std: 0.0000, sample size: 1
Score for 2B3P_new_481 from FASTA, mean: 3.1234, std: 0.0000, sample size: 1,  global score, mean: 3.1234, std: 0.0000, sample size: 1
Score for 2B3P_new_482 from FASTA, mean: 3.0105, std: 0.0000, sample size: 1,  global score, mean: 3.0105, std: 0.0000, sample size: 1
Score for 2B3P_new_483 from FASTA, mean: 2.9522, std: 0.0000, sample size: 1,  global score, mean: 2.9522, std: 0.0000, sample size: 1
Score for 2B3P_new_484 from FASTA, mean: 3.0708, std: 0.0000, sample size: 1,  global score, mean: 3.0708, std: 0.0000, sample size: 1
Score for 2B3P_new_485 from FASTA, mean: 3.1792, std: 0.0000, sample size: 1,  global score, mean: 3.1792, std: 0.0000, sample size: 1
Score for 2B3P_new_486 from FASTA, mean: 3.1489, std: 0.0000, sample size: 1,  global score, mean: 3.1489, std: 0.0000, sample size: 1
Score for 2B3P_new_487 from FASTA, mean: 3.2087, std: 0.0000, sample size: 1,  global score, mean: 3.2087, std: 0.0000, sample size: 1
Score for 2B3P_new_488 from FASTA, mean: 3.2497, std: 0.0000, sample size: 1,  global score, mean: 3.2497, std: 0.0000, sample size: 1
Score for 2B3P_new_489 from FASTA, mean: 3.3004, std: 0.0000, sample size: 1,  global score, mean: 3.3004, std: 0.0000, sample size: 1
Score for 2B3P_new_490 from FASTA, mean: 3.1138, std: 0.0000, sample size: 1,  global score, mean: 3.1138, std: 0.0000, sample size: 1
Score for 2B3P_new_491 from FASTA, mean: 3.1987, std: 0.0000, sample size: 1,  global score, mean: 3.1987, std: 0.0000, sample size: 1
Score for 2B3P_new_492 from FASTA, mean: 2.9425, std: 0.0000, sample size: 1,  global score, mean: 2.9425, std: 0.0000, sample size: 1
Score for 2B3P_new_493 from FASTA, mean: 3.2732, std: 0.0000, sample size: 1,  global score, mean: 3.2732, std: 0.0000, sample size: 1
Score for 2B3P_new_494 from FASTA, mean: 2.9965, std: 0.0000, sample size: 1,  global score, mean: 2.9965, std: 0.0000, sample size: 1
Score for 2B3P_new_495 from FASTA, mean: 3.1894, std: 0.0000, sample size: 1,  global score, mean: 3.1894, std: 0.0000, sample size: 1
Score for 2B3P_new_496 from FASTA, mean: 3.1276, std: 0.0000, sample size: 1,  global score, mean: 3.1276, std: 0.0000, sample size: 1
Score for 2B3P_new_497 from FASTA, mean: 3.2048, std: 0.0000, sample size: 1,  global score, mean: 3.2048, std: 0.0000, sample size: 1
Score for 2B3P_new_498 from FASTA, mean: 3.1592, std: 0.0000, sample size: 1,  global score, mean: 3.1592, std: 0.0000, sample size: 1
Score for 2B3P_new_499 from FASTA, mean: 3.1072, std: 0.0000, sample size: 1,  global score, mean: 3.1072, std: 0.0000, sample size: 1
Score for 2B3P_new_500 from FASTA, mean: 3.1730, std: 0.0000, sample size: 1,  global score, mean: 3.1730, std: 0.0000, sample size: 1
