----------------------------------------
chain_id_jsonl is NOT loaded
----------------------------------------
fixed_positions_jsonl is NOT loaded
----------------------------------------
pssm_jsonl is NOT loaded
----------------------------------------
omit_AA_jsonl is NOT loaded
----------------------------------------
bias_AA_jsonl is NOT loaded
----------------------------------------
tied_positions_jsonl is NOT loaded
----------------------------------------
bias by residue dictionary is not loaded, or not provided
----------------------------------------
----------------------------------------
Number of edges: 48
Training noise level: 0.2A
Score for 2B3P_new from PDB, mean: 1.0754, std: 0.0000, sample size: 1,  global score, mean: 1.0754, std: 0.0000, sample size: 1
Score for 2B3P_new_1 from FASTA, mean: 3.0000, std: 0.0000, sample size: 1,  global score, mean: 3.0000, std: 0.0000, sample size: 1
Score for 2B3P_new_2 from FASTA, mean: 2.9937, std: 0.0000, sample size: 1,  global score, mean: 2.9937, std: 0.0000, sample size: 1
Score for 2B3P_new_3 from FASTA, mean: 2.9508, std: 0.0000, sample size: 1,  global score, mean: 2.9508, std: 0.0000, sample size: 1
Score for 2B3P_new_4 from FASTA, mean: 2.9714, std: 0.0000, sample size: 1,  global score, mean: 2.9714, std: 0.0000, sample size: 1
Score for 2B3P_new_5 from FASTA, mean: 2.9720, std: 0.0000, sample size: 1,  global score, mean: 2.9720, std: 0.0000, sample size: 1
Score for 2B3P_new_6 from FASTA, mean: 2.9612, std: 0.0000, sample size: 1,  global score, mean: 2.9612, std: 0.0000, sample size: 1
Score for 2B3P_new_7 from FASTA, mean: 2.9421, std: 0.0000, sample size: 1,  global score, mean: 2.9421, std: 0.0000, sample size: 1
Score for 2B3P_new_8 from FASTA, mean: 3.0170, std: 0.0000, sample size: 1,  global score, mean: 3.0170, std: 0.0000, sample size: 1
Score for 2B3P_new_9 from FASTA, mean: 3.0036, std: 0.0000, sample size: 1,  global score, mean: 3.0036, std: 0.0000, sample size: 1
Score for 2B3P_new_10 from FASTA, mean: 2.9963, std: 0.0000, sample size: 1,  global score, mean: 2.9963, std: 0.0000, sample size: 1
Score for 2B3P_new_11 from FASTA, mean: 2.9486, std: 0.0000, sample size: 1,  global score, mean: 2.9486, std: 0.0000, sample size: 1
Score for 2B3P_new_12 from FASTA, mean: 2.9424, std: 0.0000, sample size: 1,  global score, mean: 2.9424, std: 0.0000, sample size: 1
Score for 2B3P_new_13 from FASTA, mean: 3.0334, std: 0.0000, sample size: 1,  global score, mean: 3.0334, std: 0.0000, sample size: 1
Score for 2B3P_new_14 from FASTA, mean: 3.0118, std: 0.0000, sample size: 1,  global score, mean: 3.0118, std: 0.0000, sample size: 1
Score for 2B3P_new_15 from FASTA, mean: 2.9483, std: 0.0000, sample size: 1,  global score, mean: 2.9483, std: 0.0000, sample size: 1
Score for 2B3P_new_16 from FASTA, mean: 3.0016, std: 0.0000, sample size: 1,  global score, mean: 3.0016, std: 0.0000, sample size: 1
Score for 2B3P_new_17 from FASTA, mean: 3.0048, std: 0.0000, sample size: 1,  global score, mean: 3.0048, std: 0.0000, sample size: 1
Score for 2B3P_new_18 from FASTA, mean: 3.0059, std: 0.0000, sample size: 1,  global score, mean: 3.0059, std: 0.0000, sample size: 1
Score for 2B3P_new_19 from FASTA, mean: 2.9427, std: 0.0000, sample size: 1,  global score, mean: 2.9427, std: 0.0000, sample size: 1
Score for 2B3P_new_20 from FASTA, mean: 2.9610, std: 0.0000, sample size: 1,  global score, mean: 2.9610, std: 0.0000, sample size: 1
Score for 2B3P_new_21 from FASTA, mean: 2.9196, std: 0.0000, sample size: 1,  global score, mean: 2.9196, std: 0.0000, sample size: 1
Score for 2B3P_new_22 from FASTA, mean: 2.9681, std: 0.0000, sample size: 1,  global score, mean: 2.9681, std: 0.0000, sample size: 1
Score for 2B3P_new_23 from FASTA, mean: 2.9719, std: 0.0000, sample size: 1,  global score, mean: 2.9719, std: 0.0000, sample size: 1
Score for 2B3P_new_24 from FASTA, mean: 2.9854, std: 0.0000, sample size: 1,  global score, mean: 2.9854, std: 0.0000, sample size: 1
Score for 2B3P_new_25 from FASTA, mean: 2.8788, std: 0.0000, sample size: 1,  global score, mean: 2.8788, std: 0.0000, sample size: 1
Score for 2B3P_new_26 from FASTA, mean: 2.9681, std: 0.0000, sample size: 1,  global score, mean: 2.9681, std: 0.0000, sample size: 1
Score for 2B3P_new_27 from FASTA, mean: 2.9766, std: 0.0000, sample size: 1,  global score, mean: 2.9766, std: 0.0000, sample size: 1
Score for 2B3P_new_28 from FASTA, mean: 2.9776, std: 0.0000, sample size: 1,  global score, mean: 2.9776, std: 0.0000, sample size: 1
Score for 2B3P_new_29 from FASTA, mean: 2.9764, std: 0.0000, sample size: 1,  global score, mean: 2.9764, std: 0.0000, sample size: 1
Score for 2B3P_new_30 from FASTA, mean: 2.9242, std: 0.0000, sample size: 1,  global score, mean: 2.9242, std: 0.0000, sample size: 1
Score for 2B3P_new_31 from FASTA, mean: 2.9298, std: 0.0000, sample size: 1,  global score, mean: 2.9298, std: 0.0000, sample size: 1
Score for 2B3P_new_32 from FASTA, mean: 2.9903, std: 0.0000, sample size: 1,  global score, mean: 2.9903, std: 0.0000, sample size: 1
Score for 2B3P_new_33 from FASTA, mean: 2.9325, std: 0.0000, sample size: 1,  global score, mean: 2.9325, std: 0.0000, sample size: 1
Score for 2B3P_new_34 from FASTA, mean: 3.1148, std: 0.0000, sample size: 1,  global score, mean: 3.1148, std: 0.0000, sample size: 1
Score for 2B3P_new_35 from FASTA, mean: 3.0161, std: 0.0000, sample size: 1,  global score, mean: 3.0161, std: 0.0000, sample size: 1
Score for 2B3P_new_36 from FASTA, mean: 2.9664, std: 0.0000, sample size: 1,  global score, mean: 2.9664, std: 0.0000, sample size: 1
Score for 2B3P_new_37 from FASTA, mean: 2.9078, std: 0.0000, sample size: 1,  global score, mean: 2.9078, std: 0.0000, sample size: 1
Score for 2B3P_new_38 from FASTA, mean: 2.9177, std: 0.0000, sample size: 1,  global score, mean: 2.9177, std: 0.0000, sample size: 1
Score for 2B3P_new_39 from FASTA, mean: 2.9946, std: 0.0000, sample size: 1,  global score, mean: 2.9946, std: 0.0000, sample size: 1
Score for 2B3P_new_40 from FASTA, mean: 2.9905, std: 0.0000, sample size: 1,  global score, mean: 2.9905, std: 0.0000, sample size: 1
Score for 2B3P_new_41 from FASTA, mean: 2.9836, std: 0.0000, sample size: 1,  global score, mean: 2.9836, std: 0.0000, sample size: 1
Score for 2B3P_new_42 from FASTA, mean: 3.0185, std: 0.0000, sample size: 1,  global score, mean: 3.0185, std: 0.0000, sample size: 1
Score for 2B3P_new_43 from FASTA, mean: 2.8789, std: 0.0000, sample size: 1,  global score, mean: 2.8789, std: 0.0000, sample size: 1
Score for 2B3P_new_44 from FASTA, mean: 2.9090, std: 0.0000, sample size: 1,  global score, mean: 2.9090, std: 0.0000, sample size: 1
Score for 2B3P_new_45 from FASTA, mean: 2.9036, std: 0.0000, sample size: 1,  global score, mean: 2.9036, std: 0.0000, sample size: 1
Score for 2B3P_new_46 from FASTA, mean: 2.9324, std: 0.0000, sample size: 1,  global score, mean: 2.9324, std: 0.0000, sample size: 1
Score for 2B3P_new_47 from FASTA, mean: 2.9211, std: 0.0000, sample size: 1,  global score, mean: 2.9211, std: 0.0000, sample size: 1
Score for 2B3P_new_48 from FASTA, mean: 2.9173, std: 0.0000, sample size: 1,  global score, mean: 2.9173, std: 0.0000, sample size: 1
Score for 2B3P_new_49 from FASTA, mean: 2.9422, std: 0.0000, sample size: 1,  global score, mean: 2.9422, std: 0.0000, sample size: 1
Score for 2B3P_new_50 from FASTA, mean: 3.0077, std: 0.0000, sample size: 1,  global score, mean: 3.0077, std: 0.0000, sample size: 1
Score for 2B3P_new_51 from FASTA, mean: 2.9146, std: 0.0000, sample size: 1,  global score, mean: 2.9146, std: 0.0000, sample size: 1
Score for 2B3P_new_52 from FASTA, mean: 2.9311, std: 0.0000, sample size: 1,  global score, mean: 2.9311, std: 0.0000, sample size: 1
Score for 2B3P_new_53 from FASTA, mean: 2.9394, std: 0.0000, sample size: 1,  global score, mean: 2.9394, std: 0.0000, sample size: 1
Score for 2B3P_new_54 from FASTA, mean: 3.0116, std: 0.0000, sample size: 1,  global score, mean: 3.0116, std: 0.0000, sample size: 1
Score for 2B3P_new_55 from FASTA, mean: 2.9342, std: 0.0000, sample size: 1,  global score, mean: 2.9342, std: 0.0000, sample size: 1
Score for 2B3P_new_56 from FASTA, mean: 3.0471, std: 0.0000, sample size: 1,  global score, mean: 3.0471, std: 0.0000, sample size: 1
Score for 2B3P_new_57 from FASTA, mean: 2.9537, std: 0.0000, sample size: 1,  global score, mean: 2.9537, std: 0.0000, sample size: 1
Score for 2B3P_new_58 from FASTA, mean: 2.9919, std: 0.0000, sample size: 1,  global score, mean: 2.9919, std: 0.0000, sample size: 1
Score for 2B3P_new_59 from FASTA, mean: 2.8678, std: 0.0000, sample size: 1,  global score, mean: 2.8678, std: 0.0000, sample size: 1
Score for 2B3P_new_60 from FASTA, mean: 3.0040, std: 0.0000, sample size: 1,  global score, mean: 3.0040, std: 0.0000, sample size: 1
Score for 2B3P_new_61 from FASTA, mean: 2.9364, std: 0.0000, sample size: 1,  global score, mean: 2.9364, std: 0.0000, sample size: 1
Score for 2B3P_new_62 from FASTA, mean: 2.8913, std: 0.0000, sample size: 1,  global score, mean: 2.8913, std: 0.0000, sample size: 1
Score for 2B3P_new_63 from FASTA, mean: 2.9690, std: 0.0000, sample size: 1,  global score, mean: 2.9690, std: 0.0000, sample size: 1
Score for 2B3P_new_64 from FASTA, mean: 2.9881, std: 0.0000, sample size: 1,  global score, mean: 2.9881, std: 0.0000, sample size: 1
Score for 2B3P_new_65 from FASTA, mean: 2.9447, std: 0.0000, sample size: 1,  global score, mean: 2.9447, std: 0.0000, sample size: 1
Score for 2B3P_new_66 from FASTA, mean: 2.9492, std: 0.0000, sample size: 1,  global score, mean: 2.9492, std: 0.0000, sample size: 1
Score for 2B3P_new_67 from FASTA, mean: 2.8825, std: 0.0000, sample size: 1,  global score, mean: 2.8825, std: 0.0000, sample size: 1
Score for 2B3P_new_68 from FASTA, mean: 2.9655, std: 0.0000, sample size: 1,  global score, mean: 2.9655, std: 0.0000, sample size: 1
Score for 2B3P_new_69 from FASTA, mean: 2.9890, std: 0.0000, sample size: 1,  global score, mean: 2.9890, std: 0.0000, sample size: 1
Score for 2B3P_new_70 from FASTA, mean: 2.9118, std: 0.0000, sample size: 1,  global score, mean: 2.9118, std: 0.0000, sample size: 1
Score for 2B3P_new_71 from FASTA, mean: 3.0288, std: 0.0000, sample size: 1,  global score, mean: 3.0288, std: 0.0000, sample size: 1
Score for 2B3P_new_72 from FASTA, mean: 2.9133, std: 0.0000, sample size: 1,  global score, mean: 2.9133, std: 0.0000, sample size: 1
Score for 2B3P_new_73 from FASTA, mean: 2.9642, std: 0.0000, sample size: 1,  global score, mean: 2.9642, std: 0.0000, sample size: 1
Score for 2B3P_new_74 from FASTA, mean: 2.9199, std: 0.0000, sample size: 1,  global score, mean: 2.9199, std: 0.0000, sample size: 1
Score for 2B3P_new_75 from FASTA, mean: 2.9428, std: 0.0000, sample size: 1,  global score, mean: 2.9428, std: 0.0000, sample size: 1
Score for 2B3P_new_76 from FASTA, mean: 2.9637, std: 0.0000, sample size: 1,  global score, mean: 2.9637, std: 0.0000, sample size: 1
Score for 2B3P_new_77 from FASTA, mean: 2.9790, std: 0.0000, sample size: 1,  global score, mean: 2.9790, std: 0.0000, sample size: 1
Score for 2B3P_new_78 from FASTA, mean: 2.9200, std: 0.0000, sample size: 1,  global score, mean: 2.9200, std: 0.0000, sample size: 1
Score for 2B3P_new_79 from FASTA, mean: 2.8896, std: 0.0000, sample size: 1,  global score, mean: 2.8896, std: 0.0000, sample size: 1
Score for 2B3P_new_80 from FASTA, mean: 2.8596, std: 0.0000, sample size: 1,  global score, mean: 2.8596, std: 0.0000, sample size: 1
Score for 2B3P_new_81 from FASTA, mean: 3.0973, std: 0.0000, sample size: 1,  global score, mean: 3.0973, std: 0.0000, sample size: 1
Score for 2B3P_new_82 from FASTA, mean: 2.9763, std: 0.0000, sample size: 1,  global score, mean: 2.9763, std: 0.0000, sample size: 1
Score for 2B3P_new_83 from FASTA, mean: 2.9218, std: 0.0000, sample size: 1,  global score, mean: 2.9218, std: 0.0000, sample size: 1
Score for 2B3P_new_84 from FASTA, mean: 3.0380, std: 0.0000, sample size: 1,  global score, mean: 3.0380, std: 0.0000, sample size: 1
Score for 2B3P_new_85 from FASTA, mean: 3.0191, std: 0.0000, sample size: 1,  global score, mean: 3.0191, std: 0.0000, sample size: 1
Score for 2B3P_new_86 from FASTA, mean: 2.9039, std: 0.0000, sample size: 1,  global score, mean: 2.9039, std: 0.0000, sample size: 1
Score for 2B3P_new_87 from FASTA, mean: 2.9641, std: 0.0000, sample size: 1,  global score, mean: 2.9641, std: 0.0000, sample size: 1
Score for 2B3P_new_88 from FASTA, mean: 2.9080, std: 0.0000, sample size: 1,  global score, mean: 2.9080, std: 0.0000, sample size: 1
Score for 2B3P_new_89 from FASTA, mean: 3.0040, std: 0.0000, sample size: 1,  global score, mean: 3.0040, std: 0.0000, sample size: 1
Score for 2B3P_new_90 from FASTA, mean: 2.9866, std: 0.0000, sample size: 1,  global score, mean: 2.9866, std: 0.0000, sample size: 1
Score for 2B3P_new_91 from FASTA, mean: 2.8910, std: 0.0000, sample size: 1,  global score, mean: 2.8910, std: 0.0000, sample size: 1
Score for 2B3P_new_92 from FASTA, mean: 2.9483, std: 0.0000, sample size: 1,  global score, mean: 2.9483, std: 0.0000, sample size: 1
Score for 2B3P_new_93 from FASTA, mean: 2.9003, std: 0.0000, sample size: 1,  global score, mean: 2.9003, std: 0.0000, sample size: 1
Score for 2B3P_new_94 from FASTA, mean: 2.9365, std: 0.0000, sample size: 1,  global score, mean: 2.9365, std: 0.0000, sample size: 1
Score for 2B3P_new_95 from FASTA, mean: 2.9912, std: 0.0000, sample size: 1,  global score, mean: 2.9912, std: 0.0000, sample size: 1
Score for 2B3P_new_96 from FASTA, mean: 2.9618, std: 0.0000, sample size: 1,  global score, mean: 2.9618, std: 0.0000, sample size: 1
Score for 2B3P_new_97 from FASTA, mean: 2.9304, std: 0.0000, sample size: 1,  global score, mean: 2.9304, std: 0.0000, sample size: 1
Score for 2B3P_new_98 from FASTA, mean: 2.9774, std: 0.0000, sample size: 1,  global score, mean: 2.9774, std: 0.0000, sample size: 1
Score for 2B3P_new_99 from FASTA, mean: 2.9176, std: 0.0000, sample size: 1,  global score, mean: 2.9176, std: 0.0000, sample size: 1
Score for 2B3P_new_100 from FASTA, mean: 2.9899, std: 0.0000, sample size: 1,  global score, mean: 2.9899, std: 0.0000, sample size: 1
Score for 2B3P_new_101 from FASTA, mean: 2.9633, std: 0.0000, sample size: 1,  global score, mean: 2.9633, std: 0.0000, sample size: 1
Score for 2B3P_new_102 from FASTA, mean: 2.9518, std: 0.0000, sample size: 1,  global score, mean: 2.9518, std: 0.0000, sample size: 1
Score for 2B3P_new_103 from FASTA, mean: 2.8998, std: 0.0000, sample size: 1,  global score, mean: 2.8998, std: 0.0000, sample size: 1
Score for 2B3P_new_104 from FASTA, mean: 3.0038, std: 0.0000, sample size: 1,  global score, mean: 3.0038, std: 0.0000, sample size: 1
Score for 2B3P_new_105 from FASTA, mean: 3.0489, std: 0.0000, sample size: 1,  global score, mean: 3.0489, std: 0.0000, sample size: 1
Score for 2B3P_new_106 from FASTA, mean: 2.9839, std: 0.0000, sample size: 1,  global score, mean: 2.9839, std: 0.0000, sample size: 1
Score for 2B3P_new_107 from FASTA, mean: 3.0061, std: 0.0000, sample size: 1,  global score, mean: 3.0061, std: 0.0000, sample size: 1
Score for 2B3P_new_108 from FASTA, mean: 3.0259, std: 0.0000, sample size: 1,  global score, mean: 3.0259, std: 0.0000, sample size: 1
Score for 2B3P_new_109 from FASTA, mean: 3.0021, std: 0.0000, sample size: 1,  global score, mean: 3.0021, std: 0.0000, sample size: 1
Score for 2B3P_new_110 from FASTA, mean: 3.0411, std: 0.0000, sample size: 1,  global score, mean: 3.0411, std: 0.0000, sample size: 1
Score for 2B3P_new_111 from FASTA, mean: 2.9241, std: 0.0000, sample size: 1,  global score, mean: 2.9241, std: 0.0000, sample size: 1
Score for 2B3P_new_112 from FASTA, mean: 2.9523, std: 0.0000, sample size: 1,  global score, mean: 2.9523, std: 0.0000, sample size: 1
Score for 2B3P_new_113 from FASTA, mean: 3.0396, std: 0.0000, sample size: 1,  global score, mean: 3.0396, std: 0.0000, sample size: 1
Score for 2B3P_new_114 from FASTA, mean: 2.9726, std: 0.0000, sample size: 1,  global score, mean: 2.9726, std: 0.0000, sample size: 1
Score for 2B3P_new_115 from FASTA, mean: 2.9884, std: 0.0000, sample size: 1,  global score, mean: 2.9884, std: 0.0000, sample size: 1
Score for 2B3P_new_116 from FASTA, mean: 3.0000, std: 0.0000, sample size: 1,  global score, mean: 3.0000, std: 0.0000, sample size: 1
Score for 2B3P_new_117 from FASTA, mean: 3.0215, std: 0.0000, sample size: 1,  global score, mean: 3.0215, std: 0.0000, sample size: 1
Score for 2B3P_new_118 from FASTA, mean: 3.0259, std: 0.0000, sample size: 1,  global score, mean: 3.0259, std: 0.0000, sample size: 1
Score for 2B3P_new_119 from FASTA, mean: 3.0146, std: 0.0000, sample size: 1,  global score, mean: 3.0146, std: 0.0000, sample size: 1
Score for 2B3P_new_120 from FASTA, mean: 2.9865, std: 0.0000, sample size: 1,  global score, mean: 2.9865, std: 0.0000, sample size: 1
Score for 2B3P_new_121 from FASTA, mean: 3.0095, std: 0.0000, sample size: 1,  global score, mean: 3.0095, std: 0.0000, sample size: 1
Score for 2B3P_new_122 from FASTA, mean: 3.0129, std: 0.0000, sample size: 1,  global score, mean: 3.0129, std: 0.0000, sample size: 1
Score for 2B3P_new_123 from FASTA, mean: 3.0597, std: 0.0000, sample size: 1,  global score, mean: 3.0597, std: 0.0000, sample size: 1
Score for 2B3P_new_124 from FASTA, mean: 2.9690, std: 0.0000, sample size: 1,  global score, mean: 2.9690, std: 0.0000, sample size: 1
Score for 2B3P_new_125 from FASTA, mean: 3.0422, std: 0.0000, sample size: 1,  global score, mean: 3.0422, std: 0.0000, sample size: 1
Score for 2B3P_new_126 from FASTA, mean: 2.9526, std: 0.0000, sample size: 1,  global score, mean: 2.9526, std: 0.0000, sample size: 1
Score for 2B3P_new_127 from FASTA, mean: 3.0890, std: 0.0000, sample size: 1,  global score, mean: 3.0890, std: 0.0000, sample size: 1
Score for 2B3P_new_128 from FASTA, mean: 2.9043, std: 0.0000, sample size: 1,  global score, mean: 2.9043, std: 0.0000, sample size: 1
Score for 2B3P_new_129 from FASTA, mean: 2.9239, std: 0.0000, sample size: 1,  global score, mean: 2.9239, std: 0.0000, sample size: 1
Score for 2B3P_new_130 from FASTA, mean: 2.9509, std: 0.0000, sample size: 1,  global score, mean: 2.9509, std: 0.0000, sample size: 1
Score for 2B3P_new_131 from FASTA, mean: 3.0788, std: 0.0000, sample size: 1,  global score, mean: 3.0788, std: 0.0000, sample size: 1
Score for 2B3P_new_132 from FASTA, mean: 3.0060, std: 0.0000, sample size: 1,  global score, mean: 3.0060, std: 0.0000, sample size: 1
Score for 2B3P_new_133 from FASTA, mean: 3.0421, std: 0.0000, sample size: 1,  global score, mean: 3.0421, std: 0.0000, sample size: 1
Score for 2B3P_new_134 from FASTA, mean: 2.9175, std: 0.0000, sample size: 1,  global score, mean: 2.9175, std: 0.0000, sample size: 1
Score for 2B3P_new_135 from FASTA, mean: 2.9487, std: 0.0000, sample size: 1,  global score, mean: 2.9487, std: 0.0000, sample size: 1
Score for 2B3P_new_136 from FASTA, mean: 3.0974, std: 0.0000, sample size: 1,  global score, mean: 3.0974, std: 0.0000, sample size: 1
Score for 2B3P_new_137 from FASTA, mean: 3.0428, std: 0.0000, sample size: 1,  global score, mean: 3.0428, std: 0.0000, sample size: 1
Score for 2B3P_new_138 from FASTA, mean: 3.0541, std: 0.0000, sample size: 1,  global score, mean: 3.0541, std: 0.0000, sample size: 1
Score for 2B3P_new_139 from FASTA, mean: 2.9223, std: 0.0000, sample size: 1,  global score, mean: 2.9223, std: 0.0000, sample size: 1
Score for 2B3P_new_140 from FASTA, mean: 3.0005, std: 0.0000, sample size: 1,  global score, mean: 3.0005, std: 0.0000, sample size: 1
Score for 2B3P_new_141 from FASTA, mean: 3.0420, std: 0.0000, sample size: 1,  global score, mean: 3.0420, std: 0.0000, sample size: 1
Score for 2B3P_new_142 from FASTA, mean: 2.9245, std: 0.0000, sample size: 1,  global score, mean: 2.9245, std: 0.0000, sample size: 1
Score for 2B3P_new_143 from FASTA, mean: 3.0295, std: 0.0000, sample size: 1,  global score, mean: 3.0295, std: 0.0000, sample size: 1
Score for 2B3P_new_144 from FASTA, mean: 3.0070, std: 0.0000, sample size: 1,  global score, mean: 3.0070, std: 0.0000, sample size: 1
Score for 2B3P_new_145 from FASTA, mean: 3.0633, std: 0.0000, sample size: 1,  global score, mean: 3.0633, std: 0.0000, sample size: 1
Score for 2B3P_new_146 from FASTA, mean: 3.0280, std: 0.0000, sample size: 1,  global score, mean: 3.0280, std: 0.0000, sample size: 1
Score for 2B3P_new_147 from FASTA, mean: 3.0124, std: 0.0000, sample size: 1,  global score, mean: 3.0124, std: 0.0000, sample size: 1
Score for 2B3P_new_148 from FASTA, mean: 3.0115, std: 0.0000, sample size: 1,  global score, mean: 3.0115, std: 0.0000, sample size: 1
Score for 2B3P_new_149 from FASTA, mean: 3.0464, std: 0.0000, sample size: 1,  global score, mean: 3.0464, std: 0.0000, sample size: 1
Score for 2B3P_new_150 from FASTA, mean: 2.9841, std: 0.0000, sample size: 1,  global score, mean: 2.9841, std: 0.0000, sample size: 1
Score for 2B3P_new_151 from FASTA, mean: 2.9650, std: 0.0000, sample size: 1,  global score, mean: 2.9650, std: 0.0000, sample size: 1
Score for 2B3P_new_152 from FASTA, mean: 2.9682, std: 0.0000, sample size: 1,  global score, mean: 2.9682, std: 0.0000, sample size: 1
Score for 2B3P_new_153 from FASTA, mean: 3.0187, std: 0.0000, sample size: 1,  global score, mean: 3.0187, std: 0.0000, sample size: 1
Score for 2B3P_new_154 from FASTA, mean: 3.0502, std: 0.0000, sample size: 1,  global score, mean: 3.0502, std: 0.0000, sample size: 1
Score for 2B3P_new_155 from FASTA, mean: 2.9188, std: 0.0000, sample size: 1,  global score, mean: 2.9188, std: 0.0000, sample size: 1
Score for 2B3P_new_156 from FASTA, mean: 2.9385, std: 0.0000, sample size: 1,  global score, mean: 2.9385, std: 0.0000, sample size: 1
Score for 2B3P_new_157 from FASTA, mean: 2.9894, std: 0.0000, sample size: 1,  global score, mean: 2.9894, std: 0.0000, sample size: 1
Score for 2B3P_new_158 from FASTA, mean: 3.0413, std: 0.0000, sample size: 1,  global score, mean: 3.0413, std: 0.0000, sample size: 1
Score for 2B3P_new_159 from FASTA, mean: 2.9551, std: 0.0000, sample size: 1,  global score, mean: 2.9551, std: 0.0000, sample size: 1
Score for 2B3P_new_160 from FASTA, mean: 2.9921, std: 0.0000, sample size: 1,  global score, mean: 2.9921, std: 0.0000, sample size: 1
Score for 2B3P_new_161 from FASTA, mean: 2.8805, std: 0.0000, sample size: 1,  global score, mean: 2.8805, std: 0.0000, sample size: 1
Score for 2B3P_new_162 from FASTA, mean: 3.0145, std: 0.0000, sample size: 1,  global score, mean: 3.0145, std: 0.0000, sample size: 1
Score for 2B3P_new_163 from FASTA, mean: 3.0076, std: 0.0000, sample size: 1,  global score, mean: 3.0076, std: 0.0000, sample size: 1
Score for 2B3P_new_164 from FASTA, mean: 3.0006, std: 0.0000, sample size: 1,  global score, mean: 3.0006, std: 0.0000, sample size: 1
Score for 2B3P_new_165 from FASTA, mean: 3.0668, std: 0.0000, sample size: 1,  global score, mean: 3.0668, std: 0.0000, sample size: 1
Score for 2B3P_new_166 from FASTA, mean: 2.9741, std: 0.0000, sample size: 1,  global score, mean: 2.9741, std: 0.0000, sample size: 1
Score for 2B3P_new_167 from FASTA, mean: 2.9896, std: 0.0000, sample size: 1,  global score, mean: 2.9896, std: 0.0000, sample size: 1
Score for 2B3P_new_168 from FASTA, mean: 2.9568, std: 0.0000, sample size: 1,  global score, mean: 2.9568, std: 0.0000, sample size: 1
Score for 2B3P_new_169 from FASTA, mean: 3.0266, std: 0.0000, sample size: 1,  global score, mean: 3.0266, std: 0.0000, sample size: 1
Score for 2B3P_new_170 from FASTA, mean: 2.9519, std: 0.0000, sample size: 1,  global score, mean: 2.9519, std: 0.0000, sample size: 1
Score for 2B3P_new_171 from FASTA, mean: 3.0193, std: 0.0000, sample size: 1,  global score, mean: 3.0193, std: 0.0000, sample size: 1
Score for 2B3P_new_172 from FASTA, mean: 3.0821, std: 0.0000, sample size: 1,  global score, mean: 3.0821, std: 0.0000, sample size: 1
Score for 2B3P_new_173 from FASTA, mean: 3.0529, std: 0.0000, sample size: 1,  global score, mean: 3.0529, std: 0.0000, sample size: 1
Score for 2B3P_new_174 from FASTA, mean: 3.0935, std: 0.0000, sample size: 1,  global score, mean: 3.0935, std: 0.0000, sample size: 1
Score for 2B3P_new_175 from FASTA, mean: 3.0585, std: 0.0000, sample size: 1,  global score, mean: 3.0585, std: 0.0000, sample size: 1
Score for 2B3P_new_176 from FASTA, mean: 3.0083, std: 0.0000, sample size: 1,  global score, mean: 3.0083, std: 0.0000, sample size: 1
Score for 2B3P_new_177 from FASTA, mean: 2.9999, std: 0.0000, sample size: 1,  global score, mean: 2.9999, std: 0.0000, sample size: 1
Score for 2B3P_new_178 from FASTA, mean: 2.9999, std: 0.0000, sample size: 1,  global score, mean: 2.9999, std: 0.0000, sample size: 1
Score for 2B3P_new_179 from FASTA, mean: 2.9433, std: 0.0000, sample size: 1,  global score, mean: 2.9433, std: 0.0000, sample size: 1
Score for 2B3P_new_180 from FASTA, mean: 3.0103, std: 0.0000, sample size: 1,  global score, mean: 3.0103, std: 0.0000, sample size: 1
Score for 2B3P_new_181 from FASTA, mean: 3.0429, std: 0.0000, sample size: 1,  global score, mean: 3.0429, std: 0.0000, sample size: 1
Score for 2B3P_new_182 from FASTA, mean: 3.0424, std: 0.0000, sample size: 1,  global score, mean: 3.0424, std: 0.0000, sample size: 1
Score for 2B3P_new_183 from FASTA, mean: 2.9257, std: 0.0000, sample size: 1,  global score, mean: 2.9257, std: 0.0000, sample size: 1
Score for 2B3P_new_184 from FASTA, mean: 3.0973, std: 0.0000, sample size: 1,  global score, mean: 3.0973, std: 0.0000, sample size: 1
Score for 2B3P_new_185 from FASTA, mean: 2.9640, std: 0.0000, sample size: 1,  global score, mean: 2.9640, std: 0.0000, sample size: 1
Score for 2B3P_new_186 from FASTA, mean: 3.0011, std: 0.0000, sample size: 1,  global score, mean: 3.0011, std: 0.0000, sample size: 1
Score for 2B3P_new_187 from FASTA, mean: 3.0141, std: 0.0000, sample size: 1,  global score, mean: 3.0141, std: 0.0000, sample size: 1
Score for 2B3P_new_188 from FASTA, mean: 2.9396, std: 0.0000, sample size: 1,  global score, mean: 2.9396, std: 0.0000, sample size: 1
Score for 2B3P_new_189 from FASTA, mean: 2.9684, std: 0.0000, sample size: 1,  global score, mean: 2.9684, std: 0.0000, sample size: 1
Score for 2B3P_new_190 from FASTA, mean: 2.9670, std: 0.0000, sample size: 1,  global score, mean: 2.9670, std: 0.0000, sample size: 1
Score for 2B3P_new_191 from FASTA, mean: 3.0226, std: 0.0000, sample size: 1,  global score, mean: 3.0226, std: 0.0000, sample size: 1
Score for 2B3P_new_192 from FASTA, mean: 2.9754, std: 0.0000, sample size: 1,  global score, mean: 2.9754, std: 0.0000, sample size: 1
Score for 2B3P_new_193 from FASTA, mean: 2.9860, std: 0.0000, sample size: 1,  global score, mean: 2.9860, std: 0.0000, sample size: 1
Score for 2B3P_new_194 from FASTA, mean: 2.9606, std: 0.0000, sample size: 1,  global score, mean: 2.9606, std: 0.0000, sample size: 1
Score for 2B3P_new_195 from FASTA, mean: 3.0126, std: 0.0000, sample size: 1,  global score, mean: 3.0126, std: 0.0000, sample size: 1
Score for 2B3P_new_196 from FASTA, mean: 3.0490, std: 0.0000, sample size: 1,  global score, mean: 3.0490, std: 0.0000, sample size: 1
Score for 2B3P_new_197 from FASTA, mean: 3.0383, std: 0.0000, sample size: 1,  global score, mean: 3.0383, std: 0.0000, sample size: 1
Score for 2B3P_new_198 from FASTA, mean: 2.9589, std: 0.0000, sample size: 1,  global score, mean: 2.9589, std: 0.0000, sample size: 1
Score for 2B3P_new_199 from FASTA, mean: 3.0389, std: 0.0000, sample size: 1,  global score, mean: 3.0389, std: 0.0000, sample size: 1
Score for 2B3P_new_200 from FASTA, mean: 3.0221, std: 0.0000, sample size: 1,  global score, mean: 3.0221, std: 0.0000, sample size: 1
Score for 2B3P_new_201 from FASTA, mean: 3.0439, std: 0.0000, sample size: 1,  global score, mean: 3.0439, std: 0.0000, sample size: 1
Score for 2B3P_new_202 from FASTA, mean: 3.1676, std: 0.0000, sample size: 1,  global score, mean: 3.1676, std: 0.0000, sample size: 1
Score for 2B3P_new_203 from FASTA, mean: 3.0115, std: 0.0000, sample size: 1,  global score, mean: 3.0115, std: 0.0000, sample size: 1
Score for 2B3P_new_204 from FASTA, mean: 2.9824, std: 0.0000, sample size: 1,  global score, mean: 2.9824, std: 0.0000, sample size: 1
Score for 2B3P_new_205 from FASTA, mean: 3.1178, std: 0.0000, sample size: 1,  global score, mean: 3.1178, std: 0.0000, sample size: 1
Score for 2B3P_new_206 from FASTA, mean: 3.0229, std: 0.0000, sample size: 1,  global score, mean: 3.0229, std: 0.0000, sample size: 1
Score for 2B3P_new_207 from FASTA, mean: 3.1231, std: 0.0000, sample size: 1,  global score, mean: 3.1231, std: 0.0000, sample size: 1
Score for 2B3P_new_208 from FASTA, mean: 3.0793, std: 0.0000, sample size: 1,  global score, mean: 3.0793, std: 0.0000, sample size: 1
Score for 2B3P_new_209 from FASTA, mean: 3.0392, std: 0.0000, sample size: 1,  global score, mean: 3.0392, std: 0.0000, sample size: 1
Score for 2B3P_new_210 from FASTA, mean: 3.0603, std: 0.0000, sample size: 1,  global score, mean: 3.0603, std: 0.0000, sample size: 1
Score for 2B3P_new_211 from FASTA, mean: 3.1236, std: 0.0000, sample size: 1,  global score, mean: 3.1236, std: 0.0000, sample size: 1
Score for 2B3P_new_212 from FASTA, mean: 3.0403, std: 0.0000, sample size: 1,  global score, mean: 3.0403, std: 0.0000, sample size: 1
Score for 2B3P_new_213 from FASTA, mean: 3.0631, std: 0.0000, sample size: 1,  global score, mean: 3.0631, std: 0.0000, sample size: 1
Score for 2B3P_new_214 from FASTA, mean: 3.0515, std: 0.0000, sample size: 1,  global score, mean: 3.0515, std: 0.0000, sample size: 1
Score for 2B3P_new_215 from FASTA, mean: 3.1283, std: 0.0000, sample size: 1,  global score, mean: 3.1283, std: 0.0000, sample size: 1
Score for 2B3P_new_216 from FASTA, mean: 3.1583, std: 0.0000, sample size: 1,  global score, mean: 3.1583, std: 0.0000, sample size: 1
Score for 2B3P_new_217 from FASTA, mean: 3.0060, std: 0.0000, sample size: 1,  global score, mean: 3.0060, std: 0.0000, sample size: 1
Score for 2B3P_new_218 from FASTA, mean: 3.1542, std: 0.0000, sample size: 1,  global score, mean: 3.1542, std: 0.0000, sample size: 1
Score for 2B3P_new_219 from FASTA, mean: 3.0275, std: 0.0000, sample size: 1,  global score, mean: 3.0275, std: 0.0000, sample size: 1
Score for 2B3P_new_220 from FASTA, mean: 3.0973, std: 0.0000, sample size: 1,  global score, mean: 3.0973, std: 0.0000, sample size: 1
Score for 2B3P_new_221 from FASTA, mean: 3.0609, std: 0.0000, sample size: 1,  global score, mean: 3.0609, std: 0.0000, sample size: 1
Score for 2B3P_new_222 from FASTA, mean: 3.0642, std: 0.0000, sample size: 1,  global score, mean: 3.0642, std: 0.0000, sample size: 1
Score for 2B3P_new_223 from FASTA, mean: 3.1500, std: 0.0000, sample size: 1,  global score, mean: 3.1500, std: 0.0000, sample size: 1
Score for 2B3P_new_224 from FASTA, mean: 3.1506, std: 0.0000, sample size: 1,  global score, mean: 3.1506, std: 0.0000, sample size: 1
Score for 2B3P_new_225 from FASTA, mean: 3.0888, std: 0.0000, sample size: 1,  global score, mean: 3.0888, std: 0.0000, sample size: 1
Score for 2B3P_new_226 from FASTA, mean: 2.9368, std: 0.0000, sample size: 1,  global score, mean: 2.9368, std: 0.0000, sample size: 1
Score for 2B3P_new_227 from FASTA, mean: 2.9719, std: 0.0000, sample size: 1,  global score, mean: 2.9719, std: 0.0000, sample size: 1
Score for 2B3P_new_228 from FASTA, mean: 3.0929, std: 0.0000, sample size: 1,  global score, mean: 3.0929, std: 0.0000, sample size: 1
Score for 2B3P_new_229 from FASTA, mean: 3.0975, std: 0.0000, sample size: 1,  global score, mean: 3.0975, std: 0.0000, sample size: 1
Score for 2B3P_new_230 from FASTA, mean: 3.1037, std: 0.0000, sample size: 1,  global score, mean: 3.1037, std: 0.0000, sample size: 1
Score for 2B3P_new_231 from FASTA, mean: 3.0013, std: 0.0000, sample size: 1,  global score, mean: 3.0013, std: 0.0000, sample size: 1
Score for 2B3P_new_232 from FASTA, mean: 3.0774, std: 0.0000, sample size: 1,  global score, mean: 3.0774, std: 0.0000, sample size: 1
Score for 2B3P_new_233 from FASTA, mean: 2.9893, std: 0.0000, sample size: 1,  global score, mean: 2.9893, std: 0.0000, sample size: 1
Score for 2B3P_new_234 from FASTA, mean: 3.0574, std: 0.0000, sample size: 1,  global score, mean: 3.0574, std: 0.0000, sample size: 1
Score for 2B3P_new_235 from FASTA, mean: 3.0310, std: 0.0000, sample size: 1,  global score, mean: 3.0310, std: 0.0000, sample size: 1
Score for 2B3P_new_236 from FASTA, mean: 3.0052, std: 0.0000, sample size: 1,  global score, mean: 3.0052, std: 0.0000, sample size: 1
Score for 2B3P_new_237 from FASTA, mean: 3.0830, std: 0.0000, sample size: 1,  global score, mean: 3.0830, std: 0.0000, sample size: 1
Score for 2B3P_new_238 from FASTA, mean: 3.0679, std: 0.0000, sample size: 1,  global score, mean: 3.0679, std: 0.0000, sample size: 1
Score for 2B3P_new_239 from FASTA, mean: 3.1274, std: 0.0000, sample size: 1,  global score, mean: 3.1274, std: 0.0000, sample size: 1
Score for 2B3P_new_240 from FASTA, mean: 3.0177, std: 0.0000, sample size: 1,  global score, mean: 3.0177, std: 0.0000, sample size: 1
Score for 2B3P_new_241 from FASTA, mean: 3.0322, std: 0.0000, sample size: 1,  global score, mean: 3.0322, std: 0.0000, sample size: 1
Score for 2B3P_new_242 from FASTA, mean: 3.0688, std: 0.0000, sample size: 1,  global score, mean: 3.0688, std: 0.0000, sample size: 1
Score for 2B3P_new_243 from FASTA, mean: 2.9414, std: 0.0000, sample size: 1,  global score, mean: 2.9414, std: 0.0000, sample size: 1
Score for 2B3P_new_244 from FASTA, mean: 3.1123, std: 0.0000, sample size: 1,  global score, mean: 3.1123, std: 0.0000, sample size: 1
Score for 2B3P_new_245 from FASTA, mean: 3.1050, std: 0.0000, sample size: 1,  global score, mean: 3.1050, std: 0.0000, sample size: 1
Score for 2B3P_new_246 from FASTA, mean: 3.0454, std: 0.0000, sample size: 1,  global score, mean: 3.0454, std: 0.0000, sample size: 1
Score for 2B3P_new_247 from FASTA, mean: 2.9677, std: 0.0000, sample size: 1,  global score, mean: 2.9677, std: 0.0000, sample size: 1
Score for 2B3P_new_248 from FASTA, mean: 3.0664, std: 0.0000, sample size: 1,  global score, mean: 3.0664, std: 0.0000, sample size: 1
Score for 2B3P_new_249 from FASTA, mean: 2.9091, std: 0.0000, sample size: 1,  global score, mean: 2.9091, std: 0.0000, sample size: 1
Score for 2B3P_new_250 from FASTA, mean: 3.0717, std: 0.0000, sample size: 1,  global score, mean: 3.0717, std: 0.0000, sample size: 1
Score for 2B3P_new_251 from FASTA, mean: 3.0051, std: 0.0000, sample size: 1,  global score, mean: 3.0051, std: 0.0000, sample size: 1
Score for 2B3P_new_252 from FASTA, mean: 3.0539, std: 0.0000, sample size: 1,  global score, mean: 3.0539, std: 0.0000, sample size: 1
Score for 2B3P_new_253 from FASTA, mean: 3.0522, std: 0.0000, sample size: 1,  global score, mean: 3.0522, std: 0.0000, sample size: 1
Score for 2B3P_new_254 from FASTA, mean: 3.0575, std: 0.0000, sample size: 1,  global score, mean: 3.0575, std: 0.0000, sample size: 1
Score for 2B3P_new_255 from FASTA, mean: 3.1557, std: 0.0000, sample size: 1,  global score, mean: 3.1557, std: 0.0000, sample size: 1
Score for 2B3P_new_256 from FASTA, mean: 3.0907, std: 0.0000, sample size: 1,  global score, mean: 3.0907, std: 0.0000, sample size: 1
Score for 2B3P_new_257 from FASTA, mean: 3.1395, std: 0.0000, sample size: 1,  global score, mean: 3.1395, std: 0.0000, sample size: 1
Score for 2B3P_new_258 from FASTA, mean: 3.1264, std: 0.0000, sample size: 1,  global score, mean: 3.1264, std: 0.0000, sample size: 1
Score for 2B3P_new_259 from FASTA, mean: 3.1257, std: 0.0000, sample size: 1,  global score, mean: 3.1257, std: 0.0000, sample size: 1
Score for 2B3P_new_260 from FASTA, mean: 3.0327, std: 0.0000, sample size: 1,  global score, mean: 3.0327, std: 0.0000, sample size: 1
Score for 2B3P_new_261 from FASTA, mean: 2.9632, std: 0.0000, sample size: 1,  global score, mean: 2.9632, std: 0.0000, sample size: 1
Score for 2B3P_new_262 from FASTA, mean: 3.1602, std: 0.0000, sample size: 1,  global score, mean: 3.1602, std: 0.0000, sample size: 1
Score for 2B3P_new_263 from FASTA, mean: 2.9962, std: 0.0000, sample size: 1,  global score, mean: 2.9962, std: 0.0000, sample size: 1
Score for 2B3P_new_264 from FASTA, mean: 3.0801, std: 0.0000, sample size: 1,  global score, mean: 3.0801, std: 0.0000, sample size: 1
Score for 2B3P_new_265 from FASTA, mean: 3.1220, std: 0.0000, sample size: 1,  global score, mean: 3.1220, std: 0.0000, sample size: 1
Score for 2B3P_new_266 from FASTA, mean: 3.1371, std: 0.0000, sample size: 1,  global score, mean: 3.1371, std: 0.0000, sample size: 1
Score for 2B3P_new_267 from FASTA, mean: 3.1569, std: 0.0000, sample size: 1,  global score, mean: 3.1569, std: 0.0000, sample size: 1
Score for 2B3P_new_268 from FASTA, mean: 2.9981, std: 0.0000, sample size: 1,  global score, mean: 2.9981, std: 0.0000, sample size: 1
Score for 2B3P_new_269 from FASTA, mean: 3.0709, std: 0.0000, sample size: 1,  global score, mean: 3.0709, std: 0.0000, sample size: 1
Score for 2B3P_new_270 from FASTA, mean: 3.0804, std: 0.0000, sample size: 1,  global score, mean: 3.0804, std: 0.0000, sample size: 1
Score for 2B3P_new_271 from FASTA, mean: 3.0247, std: 0.0000, sample size: 1,  global score, mean: 3.0247, std: 0.0000, sample size: 1
Score for 2B3P_new_272 from FASTA, mean: 2.9454, std: 0.0000, sample size: 1,  global score, mean: 2.9454, std: 0.0000, sample size: 1
Score for 2B3P_new_273 from FASTA, mean: 3.0603, std: 0.0000, sample size: 1,  global score, mean: 3.0603, std: 0.0000, sample size: 1
Score for 2B3P_new_274 from FASTA, mean: 3.1562, std: 0.0000, sample size: 1,  global score, mean: 3.1562, std: 0.0000, sample size: 1
Score for 2B3P_new_275 from FASTA, mean: 3.0434, std: 0.0000, sample size: 1,  global score, mean: 3.0434, std: 0.0000, sample size: 1
Score for 2B3P_new_276 from FASTA, mean: 3.1781, std: 0.0000, sample size: 1,  global score, mean: 3.1781, std: 0.0000, sample size: 1
Score for 2B3P_new_277 from FASTA, mean: 2.9966, std: 0.0000, sample size: 1,  global score, mean: 2.9966, std: 0.0000, sample size: 1
Score for 2B3P_new_278 from FASTA, mean: 3.0805, std: 0.0000, sample size: 1,  global score, mean: 3.0805, std: 0.0000, sample size: 1
Score for 2B3P_new_279 from FASTA, mean: 3.0166, std: 0.0000, sample size: 1,  global score, mean: 3.0166, std: 0.0000, sample size: 1
Score for 2B3P_new_280 from FASTA, mean: 3.1098, std: 0.0000, sample size: 1,  global score, mean: 3.1098, std: 0.0000, sample size: 1
Score for 2B3P_new_281 from FASTA, mean: 3.0687, std: 0.0000, sample size: 1,  global score, mean: 3.0687, std: 0.0000, sample size: 1
Score for 2B3P_new_282 from FASTA, mean: 3.0786, std: 0.0000, sample size: 1,  global score, mean: 3.0786, std: 0.0000, sample size: 1
Score for 2B3P_new_283 from FASTA, mean: 3.0023, std: 0.0000, sample size: 1,  global score, mean: 3.0023, std: 0.0000, sample size: 1
Score for 2B3P_new_284 from FASTA, mean: 3.0348, std: 0.0000, sample size: 1,  global score, mean: 3.0348, std: 0.0000, sample size: 1
Score for 2B3P_new_285 from FASTA, mean: 3.1267, std: 0.0000, sample size: 1,  global score, mean: 3.1267, std: 0.0000, sample size: 1
Score for 2B3P_new_286 from FASTA, mean: 2.9855, std: 0.0000, sample size: 1,  global score, mean: 2.9855, std: 0.0000, sample size: 1
Score for 2B3P_new_287 from FASTA, mean: 3.0666, std: 0.0000, sample size: 1,  global score, mean: 3.0666, std: 0.0000, sample size: 1
Score for 2B3P_new_288 from FASTA, mean: 2.9188, std: 0.0000, sample size: 1,  global score, mean: 2.9188, std: 0.0000, sample size: 1
Score for 2B3P_new_289 from FASTA, mean: 3.0624, std: 0.0000, sample size: 1,  global score, mean: 3.0624, std: 0.0000, sample size: 1
Score for 2B3P_new_290 from FASTA, mean: 3.1095, std: 0.0000, sample size: 1,  global score, mean: 3.1095, std: 0.0000, sample size: 1
Score for 2B3P_new_291 from FASTA, mean: 3.0420, std: 0.0000, sample size: 1,  global score, mean: 3.0420, std: 0.0000, sample size: 1
Score for 2B3P_new_292 from FASTA, mean: 3.1093, std: 0.0000, sample size: 1,  global score, mean: 3.1093, std: 0.0000, sample size: 1
Score for 2B3P_new_293 from FASTA, mean: 3.0619, std: 0.0000, sample size: 1,  global score, mean: 3.0619, std: 0.0000, sample size: 1
Score for 2B3P_new_294 from FASTA, mean: 3.0248, std: 0.0000, sample size: 1,  global score, mean: 3.0248, std: 0.0000, sample size: 1
Score for 2B3P_new_295 from FASTA, mean: 2.9865, std: 0.0000, sample size: 1,  global score, mean: 2.9865, std: 0.0000, sample size: 1
Score for 2B3P_new_296 from FASTA, mean: 3.0036, std: 0.0000, sample size: 1,  global score, mean: 3.0036, std: 0.0000, sample size: 1
Score for 2B3P_new_297 from FASTA, mean: 3.1248, std: 0.0000, sample size: 1,  global score, mean: 3.1248, std: 0.0000, sample size: 1
Score for 2B3P_new_298 from FASTA, mean: 2.9818, std: 0.0000, sample size: 1,  global score, mean: 2.9818, std: 0.0000, sample size: 1
Score for 2B3P_new_299 from FASTA, mean: 3.1084, std: 0.0000, sample size: 1,  global score, mean: 3.1084, std: 0.0000, sample size: 1
Score for 2B3P_new_300 from FASTA, mean: 3.0163, std: 0.0000, sample size: 1,  global score, mean: 3.0163, std: 0.0000, sample size: 1
Score for 2B3P_new_301 from FASTA, mean: 3.1645, std: 0.0000, sample size: 1,  global score, mean: 3.1645, std: 0.0000, sample size: 1
Score for 2B3P_new_302 from FASTA, mean: 3.1148, std: 0.0000, sample size: 1,  global score, mean: 3.1148, std: 0.0000, sample size: 1
Score for 2B3P_new_303 from FASTA, mean: 3.0913, std: 0.0000, sample size: 1,  global score, mean: 3.0913, std: 0.0000, sample size: 1
Score for 2B3P_new_304 from FASTA, mean: 3.0152, std: 0.0000, sample size: 1,  global score, mean: 3.0152, std: 0.0000, sample size: 1
Score for 2B3P_new_305 from FASTA, mean: 3.0150, std: 0.0000, sample size: 1,  global score, mean: 3.0150, std: 0.0000, sample size: 1
Score for 2B3P_new_306 from FASTA, mean: 3.0619, std: 0.0000, sample size: 1,  global score, mean: 3.0619, std: 0.0000, sample size: 1
Score for 2B3P_new_307 from FASTA, mean: 3.1686, std: 0.0000, sample size: 1,  global score, mean: 3.1686, std: 0.0000, sample size: 1
Score for 2B3P_new_308 from FASTA, mean: 3.0669, std: 0.0000, sample size: 1,  global score, mean: 3.0669, std: 0.0000, sample size: 1
Score for 2B3P_new_309 from FASTA, mean: 3.1509, std: 0.0000, sample size: 1,  global score, mean: 3.1509, std: 0.0000, sample size: 1
Score for 2B3P_new_310 from FASTA, mean: 3.1477, std: 0.0000, sample size: 1,  global score, mean: 3.1477, std: 0.0000, sample size: 1
Score for 2B3P_new_311 from FASTA, mean: 3.2037, std: 0.0000, sample size: 1,  global score, mean: 3.2037, std: 0.0000, sample size: 1
Score for 2B3P_new_312 from FASTA, mean: 3.1407, std: 0.0000, sample size: 1,  global score, mean: 3.1407, std: 0.0000, sample size: 1
Score for 2B3P_new_313 from FASTA, mean: 3.0679, std: 0.0000, sample size: 1,  global score, mean: 3.0679, std: 0.0000, sample size: 1
Score for 2B3P_new_314 from FASTA, mean: 3.0478, std: 0.0000, sample size: 1,  global score, mean: 3.0478, std: 0.0000, sample size: 1
Score for 2B3P_new_315 from FASTA, mean: 3.0111, std: 0.0000, sample size: 1,  global score, mean: 3.0111, std: 0.0000, sample size: 1
Score for 2B3P_new_316 from FASTA, mean: 2.9346, std: 0.0000, sample size: 1,  global score, mean: 2.9346, std: 0.0000, sample size: 1
Score for 2B3P_new_317 from FASTA, mean: 3.0848, std: 0.0000, sample size: 1,  global score, mean: 3.0848, std: 0.0000, sample size: 1
Score for 2B3P_new_318 from FASTA, mean: 3.0542, std: 0.0000, sample size: 1,  global score, mean: 3.0542, std: 0.0000, sample size: 1
Score for 2B3P_new_319 from FASTA, mean: 3.0782, std: 0.0000, sample size: 1,  global score, mean: 3.0782, std: 0.0000, sample size: 1
Score for 2B3P_new_320 from FASTA, mean: 2.9917, std: 0.0000, sample size: 1,  global score, mean: 2.9917, std: 0.0000, sample size: 1
Score for 2B3P_new_321 from FASTA, mean: 3.0784, std: 0.0000, sample size: 1,  global score, mean: 3.0784, std: 0.0000, sample size: 1
Score for 2B3P_new_322 from FASTA, mean: 3.1280, std: 0.0000, sample size: 1,  global score, mean: 3.1280, std: 0.0000, sample size: 1
Score for 2B3P_new_323 from FASTA, mean: 2.9283, std: 0.0000, sample size: 1,  global score, mean: 2.9283, std: 0.0000, sample size: 1
Score for 2B3P_new_324 from FASTA, mean: 3.1887, std: 0.0000, sample size: 1,  global score, mean: 3.1887, std: 0.0000, sample size: 1
Score for 2B3P_new_325 from FASTA, mean: 3.1317, std: 0.0000, sample size: 1,  global score, mean: 3.1317, std: 0.0000, sample size: 1
Score for 2B3P_new_326 from FASTA, mean: 2.9965, std: 0.0000, sample size: 1,  global score, mean: 2.9965, std: 0.0000, sample size: 1
Score for 2B3P_new_327 from FASTA, mean: 2.9811, std: 0.0000, sample size: 1,  global score, mean: 2.9811, std: 0.0000, sample size: 1
Score for 2B3P_new_328 from FASTA, mean: 3.0839, std: 0.0000, sample size: 1,  global score, mean: 3.0839, std: 0.0000, sample size: 1
Score for 2B3P_new_329 from FASTA, mean: 3.0165, std: 0.0000, sample size: 1,  global score, mean: 3.0165, std: 0.0000, sample size: 1
Score for 2B3P_new_330 from FASTA, mean: 3.1278, std: 0.0000, sample size: 1,  global score, mean: 3.1278, std: 0.0000, sample size: 1
Score for 2B3P_new_331 from FASTA, mean: 3.0087, std: 0.0000, sample size: 1,  global score, mean: 3.0087, std: 0.0000, sample size: 1
Score for 2B3P_new_332 from FASTA, mean: 3.0799, std: 0.0000, sample size: 1,  global score, mean: 3.0799, std: 0.0000, sample size: 1
Score for 2B3P_new_333 from FASTA, mean: 3.0588, std: 0.0000, sample size: 1,  global score, mean: 3.0588, std: 0.0000, sample size: 1
Score for 2B3P_new_334 from FASTA, mean: 3.0893, std: 0.0000, sample size: 1,  global score, mean: 3.0893, std: 0.0000, sample size: 1
Score for 2B3P_new_335 from FASTA, mean: 3.1040, std: 0.0000, sample size: 1,  global score, mean: 3.1040, std: 0.0000, sample size: 1
Score for 2B3P_new_336 from FASTA, mean: 3.0815, std: 0.0000, sample size: 1,  global score, mean: 3.0815, std: 0.0000, sample size: 1
Score for 2B3P_new_337 from FASTA, mean: 3.0925, std: 0.0000, sample size: 1,  global score, mean: 3.0925, std: 0.0000, sample size: 1
Score for 2B3P_new_338 from FASTA, mean: 2.9705, std: 0.0000, sample size: 1,  global score, mean: 2.9705, std: 0.0000, sample size: 1
Score for 2B3P_new_339 from FASTA, mean: 3.1335, std: 0.0000, sample size: 1,  global score, mean: 3.1335, std: 0.0000, sample size: 1
Score for 2B3P_new_340 from FASTA, mean: 3.0548, std: 0.0000, sample size: 1,  global score, mean: 3.0548, std: 0.0000, sample size: 1
Score for 2B3P_new_341 from FASTA, mean: 3.1414, std: 0.0000, sample size: 1,  global score, mean: 3.1414, std: 0.0000, sample size: 1
Score for 2B3P_new_342 from FASTA, mean: 3.1543, std: 0.0000, sample size: 1,  global score, mean: 3.1543, std: 0.0000, sample size: 1
Score for 2B3P_new_343 from FASTA, mean: 3.1220, std: 0.0000, sample size: 1,  global score, mean: 3.1220, std: 0.0000, sample size: 1
Score for 2B3P_new_344 from FASTA, mean: 3.1323, std: 0.0000, sample size: 1,  global score, mean: 3.1323, std: 0.0000, sample size: 1
Score for 2B3P_new_345 from FASTA, mean: 3.0841, std: 0.0000, sample size: 1,  global score, mean: 3.0841, std: 0.0000, sample size: 1
Score for 2B3P_new_346 from FASTA, mean: 3.1236, std: 0.0000, sample size: 1,  global score, mean: 3.1236, std: 0.0000, sample size: 1
Score for 2B3P_new_347 from FASTA, mean: 3.0683, std: 0.0000, sample size: 1,  global score, mean: 3.0683, std: 0.0000, sample size: 1
Score for 2B3P_new_348 from FASTA, mean: 3.1149, std: 0.0000, sample size: 1,  global score, mean: 3.1149, std: 0.0000, sample size: 1
Score for 2B3P_new_349 from FASTA, mean: 3.0460, std: 0.0000, sample size: 1,  global score, mean: 3.0460, std: 0.0000, sample size: 1
Score for 2B3P_new_350 from FASTA, mean: 3.1197, std: 0.0000, sample size: 1,  global score, mean: 3.1197, std: 0.0000, sample size: 1
Score for 2B3P_new_351 from FASTA, mean: 3.0148, std: 0.0000, sample size: 1,  global score, mean: 3.0148, std: 0.0000, sample size: 1
Score for 2B3P_new_352 from FASTA, mean: 3.0951, std: 0.0000, sample size: 1,  global score, mean: 3.0951, std: 0.0000, sample size: 1
Score for 2B3P_new_353 from FASTA, mean: 2.9368, std: 0.0000, sample size: 1,  global score, mean: 2.9368, std: 0.0000, sample size: 1
Score for 2B3P_new_354 from FASTA, mean: 3.1361, std: 0.0000, sample size: 1,  global score, mean: 3.1361, std: 0.0000, sample size: 1
Score for 2B3P_new_355 from FASTA, mean: 3.0809, std: 0.0000, sample size: 1,  global score, mean: 3.0809, std: 0.0000, sample size: 1
Score for 2B3P_new_356 from FASTA, mean: 3.1602, std: 0.0000, sample size: 1,  global score, mean: 3.1602, std: 0.0000, sample size: 1
Score for 2B3P_new_357 from FASTA, mean: 3.1833, std: 0.0000, sample size: 1,  global score, mean: 3.1833, std: 0.0000, sample size: 1
Score for 2B3P_new_358 from FASTA, mean: 2.9961, std: 0.0000, sample size: 1,  global score, mean: 2.9961, std: 0.0000, sample size: 1
Score for 2B3P_new_359 from FASTA, mean: 3.1089, std: 0.0000, sample size: 1,  global score, mean: 3.1089, std: 0.0000, sample size: 1
Score for 2B3P_new_360 from FASTA, mean: 3.0514, std: 0.0000, sample size: 1,  global score, mean: 3.0514, std: 0.0000, sample size: 1
Score for 2B3P_new_361 from FASTA, mean: 3.1013, std: 0.0000, sample size: 1,  global score, mean: 3.1013, std: 0.0000, sample size: 1
Score for 2B3P_new_362 from FASTA, mean: 3.0310, std: 0.0000, sample size: 1,  global score, mean: 3.0310, std: 0.0000, sample size: 1
Score for 2B3P_new_363 from FASTA, mean: 3.0903, std: 0.0000, sample size: 1,  global score, mean: 3.0903, std: 0.0000, sample size: 1
Score for 2B3P_new_364 from FASTA, mean: 3.1658, std: 0.0000, sample size: 1,  global score, mean: 3.1658, std: 0.0000, sample size: 1
Score for 2B3P_new_365 from FASTA, mean: 3.1054, std: 0.0000, sample size: 1,  global score, mean: 3.1054, std: 0.0000, sample size: 1
Score for 2B3P_new_366 from FASTA, mean: 3.1754, std: 0.0000, sample size: 1,  global score, mean: 3.1754, std: 0.0000, sample size: 1
Score for 2B3P_new_367 from FASTA, mean: 3.1068, std: 0.0000, sample size: 1,  global score, mean: 3.1068, std: 0.0000, sample size: 1
Score for 2B3P_new_368 from FASTA, mean: 3.1084, std: 0.0000, sample size: 1,  global score, mean: 3.1084, std: 0.0000, sample size: 1
Score for 2B3P_new_369 from FASTA, mean: 3.0372, std: 0.0000, sample size: 1,  global score, mean: 3.0372, std: 0.0000, sample size: 1
Score for 2B3P_new_370 from FASTA, mean: 3.0974, std: 0.0000, sample size: 1,  global score, mean: 3.0974, std: 0.0000, sample size: 1
Score for 2B3P_new_371 from FASTA, mean: 3.0730, std: 0.0000, sample size: 1,  global score, mean: 3.0730, std: 0.0000, sample size: 1
Score for 2B3P_new_372 from FASTA, mean: 2.9928, std: 0.0000, sample size: 1,  global score, mean: 2.9928, std: 0.0000, sample size: 1
Score for 2B3P_new_373 from FASTA, mean: 2.9652, std: 0.0000, sample size: 1,  global score, mean: 2.9652, std: 0.0000, sample size: 1
Score for 2B3P_new_374 from FASTA, mean: 3.0848, std: 0.0000, sample size: 1,  global score, mean: 3.0848, std: 0.0000, sample size: 1
Score for 2B3P_new_375 from FASTA, mean: 2.9473, std: 0.0000, sample size: 1,  global score, mean: 2.9473, std: 0.0000, sample size: 1
Score for 2B3P_new_376 from FASTA, mean: 3.0399, std: 0.0000, sample size: 1,  global score, mean: 3.0399, std: 0.0000, sample size: 1
Score for 2B3P_new_377 from FASTA, mean: 3.1509, std: 0.0000, sample size: 1,  global score, mean: 3.1509, std: 0.0000, sample size: 1
Score for 2B3P_new_378 from FASTA, mean: 3.0935, std: 0.0000, sample size: 1,  global score, mean: 3.0935, std: 0.0000, sample size: 1
Score for 2B3P_new_379 from FASTA, mean: 3.0620, std: 0.0000, sample size: 1,  global score, mean: 3.0620, std: 0.0000, sample size: 1
Score for 2B3P_new_380 from FASTA, mean: 2.9407, std: 0.0000, sample size: 1,  global score, mean: 2.9407, std: 0.0000, sample size: 1
Score for 2B3P_new_381 from FASTA, mean: 3.0676, std: 0.0000, sample size: 1,  global score, mean: 3.0676, std: 0.0000, sample size: 1
Score for 2B3P_new_382 from FASTA, mean: 3.1545, std: 0.0000, sample size: 1,  global score, mean: 3.1545, std: 0.0000, sample size: 1
Score for 2B3P_new_383 from FASTA, mean: 3.0764, std: 0.0000, sample size: 1,  global score, mean: 3.0764, std: 0.0000, sample size: 1
Score for 2B3P_new_384 from FASTA, mean: 3.0745, std: 0.0000, sample size: 1,  global score, mean: 3.0745, std: 0.0000, sample size: 1
Score for 2B3P_new_385 from FASTA, mean: 3.1301, std: 0.0000, sample size: 1,  global score, mean: 3.1301, std: 0.0000, sample size: 1
Score for 2B3P_new_386 from FASTA, mean: 3.0502, std: 0.0000, sample size: 1,  global score, mean: 3.0502, std: 0.0000, sample size: 1
Score for 2B3P_new_387 from FASTA, mean: 3.0622, std: 0.0000, sample size: 1,  global score, mean: 3.0622, std: 0.0000, sample size: 1
Score for 2B3P_new_388 from FASTA, mean: 3.1928, std: 0.0000, sample size: 1,  global score, mean: 3.1928, std: 0.0000, sample size: 1
Score for 2B3P_new_389 from FASTA, mean: 3.1236, std: 0.0000, sample size: 1,  global score, mean: 3.1236, std: 0.0000, sample size: 1
Score for 2B3P_new_390 from FASTA, mean: 3.0041, std: 0.0000, sample size: 1,  global score, mean: 3.0041, std: 0.0000, sample size: 1
Score for 2B3P_new_391 from FASTA, mean: 3.0629, std: 0.0000, sample size: 1,  global score, mean: 3.0629, std: 0.0000, sample size: 1
Score for 2B3P_new_392 from FASTA, mean: 3.1118, std: 0.0000, sample size: 1,  global score, mean: 3.1118, std: 0.0000, sample size: 1
Score for 2B3P_new_393 from FASTA, mean: 3.1409, std: 0.0000, sample size: 1,  global score, mean: 3.1409, std: 0.0000, sample size: 1
Score for 2B3P_new_394 from FASTA, mean: 3.1871, std: 0.0000, sample size: 1,  global score, mean: 3.1871, std: 0.0000, sample size: 1
Score for 2B3P_new_395 from FASTA, mean: 3.0320, std: 0.0000, sample size: 1,  global score, mean: 3.0320, std: 0.0000, sample size: 1
Score for 2B3P_new_396 from FASTA, mean: 3.1823, std: 0.0000, sample size: 1,  global score, mean: 3.1823, std: 0.0000, sample size: 1
Score for 2B3P_new_397 from FASTA, mean: 3.1583, std: 0.0000, sample size: 1,  global score, mean: 3.1583, std: 0.0000, sample size: 1
Score for 2B3P_new_398 from FASTA, mean: 3.1071, std: 0.0000, sample size: 1,  global score, mean: 3.1071, std: 0.0000, sample size: 1
Score for 2B3P_new_399 from FASTA, mean: 3.0905, std: 0.0000, sample size: 1,  global score, mean: 3.0905, std: 0.0000, sample size: 1
Score for 2B3P_new_400 from FASTA, mean: 3.0314, std: 0.0000, sample size: 1,  global score, mean: 3.0314, std: 0.0000, sample size: 1
Score for 2B3P_new_401 from FASTA, mean: 3.0960, std: 0.0000, sample size: 1,  global score, mean: 3.0960, std: 0.0000, sample size: 1
Score for 2B3P_new_402 from FASTA, mean: 3.1390, std: 0.0000, sample size: 1,  global score, mean: 3.1390, std: 0.0000, sample size: 1
Score for 2B3P_new_403 from FASTA, mean: 3.0892, std: 0.0000, sample size: 1,  global score, mean: 3.0892, std: 0.0000, sample size: 1
Score for 2B3P_new_404 from FASTA, mean: 3.1324, std: 0.0000, sample size: 1,  global score, mean: 3.1324, std: 0.0000, sample size: 1
Score for 2B3P_new_405 from FASTA, mean: 3.1631, std: 0.0000, sample size: 1,  global score, mean: 3.1631, std: 0.0000, sample size: 1
Score for 2B3P_new_406 from FASTA, mean: 3.1637, std: 0.0000, sample size: 1,  global score, mean: 3.1637, std: 0.0000, sample size: 1
Score for 2B3P_new_407 from FASTA, mean: 3.0897, std: 0.0000, sample size: 1,  global score, mean: 3.0897, std: 0.0000, sample size: 1
Score for 2B3P_new_408 from FASTA, mean: 3.0857, std: 0.0000, sample size: 1,  global score, mean: 3.0857, std: 0.0000, sample size: 1
Score for 2B3P_new_409 from FASTA, mean: 3.0879, std: 0.0000, sample size: 1,  global score, mean: 3.0879, std: 0.0000, sample size: 1
Score for 2B3P_new_410 from FASTA, mean: 3.0744, std: 0.0000, sample size: 1,  global score, mean: 3.0744, std: 0.0000, sample size: 1
Score for 2B3P_new_411 from FASTA, mean: 3.0419, std: 0.0000, sample size: 1,  global score, mean: 3.0419, std: 0.0000, sample size: 1
Score for 2B3P_new_412 from FASTA, mean: 3.0837, std: 0.0000, sample size: 1,  global score, mean: 3.0837, std: 0.0000, sample size: 1
Score for 2B3P_new_413 from FASTA, mean: 3.0505, std: 0.0000, sample size: 1,  global score, mean: 3.0505, std: 0.0000, sample size: 1
Score for 2B3P_new_414 from FASTA, mean: 3.1040, std: 0.0000, sample size: 1,  global score, mean: 3.1040, std: 0.0000, sample size: 1
Score for 2B3P_new_415 from FASTA, mean: 3.1770, std: 0.0000, sample size: 1,  global score, mean: 3.1770, std: 0.0000, sample size: 1
Score for 2B3P_new_416 from FASTA, mean: 3.1064, std: 0.0000, sample size: 1,  global score, mean: 3.1064, std: 0.0000, sample size: 1
Score for 2B3P_new_417 from FASTA, mean: 3.0642, std: 0.0000, sample size: 1,  global score, mean: 3.0642, std: 0.0000, sample size: 1
Score for 2B3P_new_418 from FASTA, mean: 3.2847, std: 0.0000, sample size: 1,  global score, mean: 3.2847, std: 0.0000, sample size: 1
Score for 2B3P_new_419 from FASTA, mean: 3.1088, std: 0.0000, sample size: 1,  global score, mean: 3.1088, std: 0.0000, sample size: 1
Score for 2B3P_new_420 from FASTA, mean: 3.1789, std: 0.0000, sample size: 1,  global score, mean: 3.1789, std: 0.0000, sample size: 1
Score for 2B3P_new_421 from FASTA, mean: 3.0325, std: 0.0000, sample size: 1,  global score, mean: 3.0325, std: 0.0000, sample size: 1
Score for 2B3P_new_422 from FASTA, mean: 3.2021, std: 0.0000, sample size: 1,  global score, mean: 3.2021, std: 0.0000, sample size: 1
Score for 2B3P_new_423 from FASTA, mean: 3.0335, std: 0.0000, sample size: 1,  global score, mean: 3.0335, std: 0.0000, sample size: 1
Score for 2B3P_new_424 from FASTA, mean: 3.0376, std: 0.0000, sample size: 1,  global score, mean: 3.0376, std: 0.0000, sample size: 1
Score for 2B3P_new_425 from FASTA, mean: 3.1474, std: 0.0000, sample size: 1,  global score, mean: 3.1474, std: 0.0000, sample size: 1
Score for 2B3P_new_426 from FASTA, mean: 3.0990, std: 0.0000, sample size: 1,  global score, mean: 3.0990, std: 0.0000, sample size: 1
Score for 2B3P_new_427 from FASTA, mean: 3.2046, std: 0.0000, sample size: 1,  global score, mean: 3.2046, std: 0.0000, sample size: 1
Score for 2B3P_new_428 from FASTA, mean: 3.2148, std: 0.0000, sample size: 1,  global score, mean: 3.2148, std: 0.0000, sample size: 1
Score for 2B3P_new_429 from FASTA, mean: 3.1733, std: 0.0000, sample size: 1,  global score, mean: 3.1733, std: 0.0000, sample size: 1
Score for 2B3P_new_430 from FASTA, mean: 3.1182, std: 0.0000, sample size: 1,  global score, mean: 3.1182, std: 0.0000, sample size: 1
Score for 2B3P_new_431 from FASTA, mean: 3.1147, std: 0.0000, sample size: 1,  global score, mean: 3.1147, std: 0.0000, sample size: 1
Score for 2B3P_new_432 from FASTA, mean: 3.0334, std: 0.0000, sample size: 1,  global score, mean: 3.0334, std: 0.0000, sample size: 1
Score for 2B3P_new_433 from FASTA, mean: 3.1993, std: 0.0000, sample size: 1,  global score, mean: 3.1993, std: 0.0000, sample size: 1
Score for 2B3P_new_434 from FASTA, mean: 3.0917, std: 0.0000, sample size: 1,  global score, mean: 3.0917, std: 0.0000, sample size: 1
Score for 2B3P_new_435 from FASTA, mean: 3.0884, std: 0.0000, sample size: 1,  global score, mean: 3.0884, std: 0.0000, sample size: 1
Score for 2B3P_new_436 from FASTA, mean: 3.0879, std: 0.0000, sample size: 1,  global score, mean: 3.0879, std: 0.0000, sample size: 1
Score for 2B3P_new_437 from FASTA, mean: 3.1229, std: 0.0000, sample size: 1,  global score, mean: 3.1229, std: 0.0000, sample size: 1
Score for 2B3P_new_438 from FASTA, mean: 2.9823, std: 0.0000, sample size: 1,  global score, mean: 2.9823, std: 0.0000, sample size: 1
Score for 2B3P_new_439 from FASTA, mean: 3.0513, std: 0.0000, sample size: 1,  global score, mean: 3.0513, std: 0.0000, sample size: 1
Score for 2B3P_new_440 from FASTA, mean: 3.2195, std: 0.0000, sample size: 1,  global score, mean: 3.2195, std: 0.0000, sample size: 1
Score for 2B3P_new_441 from FASTA, mean: 3.0840, std: 0.0000, sample size: 1,  global score, mean: 3.0840, std: 0.0000, sample size: 1
Score for 2B3P_new_442 from FASTA, mean: 3.1011, std: 0.0000, sample size: 1,  global score, mean: 3.1011, std: 0.0000, sample size: 1
Score for 2B3P_new_443 from FASTA, mean: 3.1711, std: 0.0000, sample size: 1,  global score, mean: 3.1711, std: 0.0000, sample size: 1
Score for 2B3P_new_444 from FASTA, mean: 3.1664, std: 0.0000, sample size: 1,  global score, mean: 3.1664, std: 0.0000, sample size: 1
Score for 2B3P_new_445 from FASTA, mean: 3.0798, std: 0.0000, sample size: 1,  global score, mean: 3.0798, std: 0.0000, sample size: 1
Score for 2B3P_new_446 from FASTA, mean: 2.9434, std: 0.0000, sample size: 1,  global score, mean: 2.9434, std: 0.0000, sample size: 1
Score for 2B3P_new_447 from FASTA, mean: 3.1808, std: 0.0000, sample size: 1,  global score, mean: 3.1808, std: 0.0000, sample size: 1
Score for 2B3P_new_448 from FASTA, mean: 3.3102, std: 0.0000, sample size: 1,  global score, mean: 3.3102, std: 0.0000, sample size: 1
Score for 2B3P_new_449 from FASTA, mean: 3.2029, std: 0.0000, sample size: 1,  global score, mean: 3.2029, std: 0.0000, sample size: 1
Score for 2B3P_new_450 from FASTA, mean: 3.0270, std: 0.0000, sample size: 1,  global score, mean: 3.0270, std: 0.0000, sample size: 1
Score for 2B3P_new_451 from FASTA, mean: 3.1283, std: 0.0000, sample size: 1,  global score, mean: 3.1283, std: 0.0000, sample size: 1
Score for 2B3P_new_452 from FASTA, mean: 3.1726, std: 0.0000, sample size: 1,  global score, mean: 3.1726, std: 0.0000, sample size: 1
Score for 2B3P_new_453 from FASTA, mean: 3.1362, std: 0.0000, sample size: 1,  global score, mean: 3.1362, std: 0.0000, sample size: 1
Score for 2B3P_new_454 from FASTA, mean: 3.3016, std: 0.0000, sample size: 1,  global score, mean: 3.3016, std: 0.0000, sample size: 1
Score for 2B3P_new_455 from FASTA, mean: 3.1210, std: 0.0000, sample size: 1,  global score, mean: 3.1210, std: 0.0000, sample size: 1
Score for 2B3P_new_456 from FASTA, mean: 3.1901, std: 0.0000, sample size: 1,  global score, mean: 3.1901, std: 0.0000, sample size: 1
Score for 2B3P_new_457 from FASTA, mean: 3.1699, std: 0.0000, sample size: 1,  global score, mean: 3.1699, std: 0.0000, sample size: 1
Score for 2B3P_new_458 from FASTA, mean: 3.1608, std: 0.0000, sample size: 1,  global score, mean: 3.1608, std: 0.0000, sample size: 1
Score for 2B3P_new_459 from FASTA, mean: 3.1134, std: 0.0000, sample size: 1,  global score, mean: 3.1134, std: 0.0000, sample size: 1
Score for 2B3P_new_460 from FASTA, mean: 3.1421, std: 0.0000, sample size: 1,  global score, mean: 3.1421, std: 0.0000, sample size: 1
Score for 2B3P_new_461 from FASTA, mean: 3.0343, std: 0.0000, sample size: 1,  global score, mean: 3.0343, std: 0.0000, sample size: 1
Score for 2B3P_new_462 from FASTA, mean: 3.2834, std: 0.0000, sample size: 1,  global score, mean: 3.2834, std: 0.0000, sample size: 1
Score for 2B3P_new_463 from FASTA, mean: 3.0799, std: 0.0000, sample size: 1,  global score, mean: 3.0799, std: 0.0000, sample size: 1
Score for 2B3P_new_464 from FASTA, mean: 3.1194, std: 0.0000, sample size: 1,  global score, mean: 3.1194, std: 0.0000, sample size: 1
Score for 2B3P_new_465 from FASTA, mean: 3.2008, std: 0.0000, sample size: 1,  global score, mean: 3.2008, std: 0.0000, sample size: 1
Score for 2B3P_new_466 from FASTA, mean: 3.1039, std: 0.0000, sample size: 1,  global score, mean: 3.1039, std: 0.0000, sample size: 1
Score for 2B3P_new_467 from FASTA, mean: 3.2547, std: 0.0000, sample size: 1,  global score, mean: 3.2547, std: 0.0000, sample size: 1
Score for 2B3P_new_468 from FASTA, mean: 3.1443, std: 0.0000, sample size: 1,  global score, mean: 3.1443, std: 0.0000, sample size: 1
Score for 2B3P_new_469 from FASTA, mean: 3.1117, std: 0.0000, sample size: 1,  global score, mean: 3.1117, std: 0.0000, sample size: 1
Score for 2B3P_new_470 from FASTA, mean: 3.1672, std: 0.0000, sample size: 1,  global score, mean: 3.1672, std: 0.0000, sample size: 1
Score for 2B3P_new_471 from FASTA, mean: 3.1505, std: 0.0000, sample size: 1,  global score, mean: 3.1505, std: 0.0000, sample size: 1
Score for 2B3P_new_472 from FASTA, mean: 3.1969, std: 0.0000, sample size: 1,  global score, mean: 3.1969, std: 0.0000, sample size: 1
Score for 2B3P_new_473 from FASTA, mean: 3.2097, std: 0.0000, sample size: 1,  global score, mean: 3.2097, std: 0.0000, sample size: 1
Score for 2B3P_new_474 from FASTA, mean: 3.1358, std: 0.0000, sample size: 1,  global score, mean: 3.1358, std: 0.0000, sample size: 1
Score for 2B3P_new_475 from FASTA, mean: 3.1861, std: 0.0000, sample size: 1,  global score, mean: 3.1861, std: 0.0000, sample size: 1
Score for 2B3P_new_476 from FASTA, mean: 2.9956, std: 0.0000, sample size: 1,  global score, mean: 2.9956, std: 0.0000, sample size: 1
Score for 2B3P_new_477 from FASTA, mean: 3.1740, std: 0.0000, sample size: 1,  global score, mean: 3.1740, std: 0.0000, sample size: 1
Score for 2B3P_new_478 from FASTA, mean: 3.0970, std: 0.0000, sample size: 1,  global score, mean: 3.0970, std: 0.0000, sample size: 1
Score for 2B3P_new_479 from FASTA, mean: 3.1502, std: 0.0000, sample size: 1,  global score, mean: 3.1502, std: 0.0000, sample size: 1
Score for 2B3P_new_480 from FASTA, mean: 3.1629, std: 0.0000, sample size: 1,  global score, mean: 3.1629, std: 0.0000, sample size: 1
Score for 2B3P_new_481 from FASTA, mean: 2.9931, std: 0.0000, sample size: 1,  global score, mean: 2.9931, std: 0.0000, sample size: 1
Score for 2B3P_new_482 from FASTA, mean: 3.0121, std: 0.0000, sample size: 1,  global score, mean: 3.0121, std: 0.0000, sample size: 1
Score for 2B3P_new_483 from FASTA, mean: 3.0086, std: 0.0000, sample size: 1,  global score, mean: 3.0086, std: 0.0000, sample size: 1
Score for 2B3P_new_484 from FASTA, mean: 3.1123, std: 0.0000, sample size: 1,  global score, mean: 3.1123, std: 0.0000, sample size: 1
Score for 2B3P_new_485 from FASTA, mean: 3.1890, std: 0.0000, sample size: 1,  global score, mean: 3.1890, std: 0.0000, sample size: 1
Score for 2B3P_new_486 from FASTA, mean: 3.0999, std: 0.0000, sample size: 1,  global score, mean: 3.0999, std: 0.0000, sample size: 1
Score for 2B3P_new_487 from FASTA, mean: 3.1227, std: 0.0000, sample size: 1,  global score, mean: 3.1227, std: 0.0000, sample size: 1
Score for 2B3P_new_488 from FASTA, mean: 3.1440, std: 0.0000, sample size: 1,  global score, mean: 3.1440, std: 0.0000, sample size: 1
Score for 2B3P_new_489 from FASTA, mean: 3.1774, std: 0.0000, sample size: 1,  global score, mean: 3.1774, std: 0.0000, sample size: 1
Score for 2B3P_new_490 from FASTA, mean: 3.0432, std: 0.0000, sample size: 1,  global score, mean: 3.0432, std: 0.0000, sample size: 1
Score for 2B3P_new_491 from FASTA, mean: 3.2006, std: 0.0000, sample size: 1,  global score, mean: 3.2006, std: 0.0000, sample size: 1
Score for 2B3P_new_492 from FASTA, mean: 3.0228, std: 0.0000, sample size: 1,  global score, mean: 3.0228, std: 0.0000, sample size: 1
Score for 2B3P_new_493 from FASTA, mean: 3.2004, std: 0.0000, sample size: 1,  global score, mean: 3.2004, std: 0.0000, sample size: 1
Score for 2B3P_new_494 from FASTA, mean: 3.1143, std: 0.0000, sample size: 1,  global score, mean: 3.1143, std: 0.0000, sample size: 1
Score for 2B3P_new_495 from FASTA, mean: 3.1330, std: 0.0000, sample size: 1,  global score, mean: 3.1330, std: 0.0000, sample size: 1
Score for 2B3P_new_496 from FASTA, mean: 3.1319, std: 0.0000, sample size: 1,  global score, mean: 3.1319, std: 0.0000, sample size: 1
Score for 2B3P_new_497 from FASTA, mean: 3.2367, std: 0.0000, sample size: 1,  global score, mean: 3.2367, std: 0.0000, sample size: 1
Score for 2B3P_new_498 from FASTA, mean: 3.0871, std: 0.0000, sample size: 1,  global score, mean: 3.0871, std: 0.0000, sample size: 1
Score for 2B3P_new_499 from FASTA, mean: 3.1180, std: 0.0000, sample size: 1,  global score, mean: 3.1180, std: 0.0000, sample size: 1
Score for 2B3P_new_500 from FASTA, mean: 3.1581, std: 0.0000, sample size: 1,  global score, mean: 3.1581, std: 0.0000, sample size: 1
