----------------------------------------
chain_id_jsonl is NOT loaded
----------------------------------------
fixed_positions_jsonl is NOT loaded
----------------------------------------
pssm_jsonl is NOT loaded
----------------------------------------
omit_AA_jsonl is NOT loaded
----------------------------------------
bias_AA_jsonl is NOT loaded
----------------------------------------
tied_positions_jsonl is NOT loaded
----------------------------------------
bias by residue dictionary is not loaded, or not provided
----------------------------------------
----------------------------------------
Number of edges: 48
Training noise level: 0.2A
Score for 2B3P_new from PDB, mean: 0.9658, std: 0.0000, sample size: 1,  global score, mean: 0.9658, std: 0.0000, sample size: 1
Score for 2B3P_new_1 from FASTA, mean: 2.9221, std: 0.0000, sample size: 1,  global score, mean: 2.9221, std: 0.0000, sample size: 1
Score for 2B3P_new_2 from FASTA, mean: 2.9641, std: 0.0000, sample size: 1,  global score, mean: 2.9641, std: 0.0000, sample size: 1
Score for 2B3P_new_3 from FASTA, mean: 2.9743, std: 0.0000, sample size: 1,  global score, mean: 2.9743, std: 0.0000, sample size: 1
Score for 2B3P_new_4 from FASTA, mean: 2.9488, std: 0.0000, sample size: 1,  global score, mean: 2.9488, std: 0.0000, sample size: 1
Score for 2B3P_new_5 from FASTA, mean: 2.9476, std: 0.0000, sample size: 1,  global score, mean: 2.9476, std: 0.0000, sample size: 1
Score for 2B3P_new_6 from FASTA, mean: 2.9157, std: 0.0000, sample size: 1,  global score, mean: 2.9157, std: 0.0000, sample size: 1
Score for 2B3P_new_7 from FASTA, mean: 3.0119, std: 0.0000, sample size: 1,  global score, mean: 3.0119, std: 0.0000, sample size: 1
Score for 2B3P_new_8 from FASTA, mean: 2.9733, std: 0.0000, sample size: 1,  global score, mean: 2.9733, std: 0.0000, sample size: 1
Score for 2B3P_new_9 from FASTA, mean: 2.9791, std: 0.0000, sample size: 1,  global score, mean: 2.9791, std: 0.0000, sample size: 1
Score for 2B3P_new_10 from FASTA, mean: 2.9166, std: 0.0000, sample size: 1,  global score, mean: 2.9166, std: 0.0000, sample size: 1
Score for 2B3P_new_11 from FASTA, mean: 2.9123, std: 0.0000, sample size: 1,  global score, mean: 2.9123, std: 0.0000, sample size: 1
Score for 2B3P_new_12 from FASTA, mean: 3.0103, std: 0.0000, sample size: 1,  global score, mean: 3.0103, std: 0.0000, sample size: 1
Score for 2B3P_new_13 from FASTA, mean: 3.0003, std: 0.0000, sample size: 1,  global score, mean: 3.0003, std: 0.0000, sample size: 1
Score for 2B3P_new_14 from FASTA, mean: 2.8943, std: 0.0000, sample size: 1,  global score, mean: 2.8943, std: 0.0000, sample size: 1
Score for 2B3P_new_15 from FASTA, mean: 2.9759, std: 0.0000, sample size: 1,  global score, mean: 2.9759, std: 0.0000, sample size: 1
Score for 2B3P_new_16 from FASTA, mean: 2.9485, std: 0.0000, sample size: 1,  global score, mean: 2.9485, std: 0.0000, sample size: 1
Score for 2B3P_new_17 from FASTA, mean: 2.9592, std: 0.0000, sample size: 1,  global score, mean: 2.9592, std: 0.0000, sample size: 1
Score for 2B3P_new_18 from FASTA, mean: 2.9418, std: 0.0000, sample size: 1,  global score, mean: 2.9418, std: 0.0000, sample size: 1
Score for 2B3P_new_19 from FASTA, mean: 2.9988, std: 0.0000, sample size: 1,  global score, mean: 2.9988, std: 0.0000, sample size: 1
Score for 2B3P_new_20 from FASTA, mean: 3.0121, std: 0.0000, sample size: 1,  global score, mean: 3.0121, std: 0.0000, sample size: 1
Score for 2B3P_new_21 from FASTA, mean: 2.9383, std: 0.0000, sample size: 1,  global score, mean: 2.9383, std: 0.0000, sample size: 1
Score for 2B3P_new_22 from FASTA, mean: 2.9363, std: 0.0000, sample size: 1,  global score, mean: 2.9363, std: 0.0000, sample size: 1
Score for 2B3P_new_23 from FASTA, mean: 2.9798, std: 0.0000, sample size: 1,  global score, mean: 2.9798, std: 0.0000, sample size: 1
Score for 2B3P_new_24 from FASTA, mean: 3.0167, std: 0.0000, sample size: 1,  global score, mean: 3.0167, std: 0.0000, sample size: 1
Score for 2B3P_new_25 from FASTA, mean: 2.9185, std: 0.0000, sample size: 1,  global score, mean: 2.9185, std: 0.0000, sample size: 1
Score for 2B3P_new_26 from FASTA, mean: 2.9035, std: 0.0000, sample size: 1,  global score, mean: 2.9035, std: 0.0000, sample size: 1
Score for 2B3P_new_27 from FASTA, mean: 2.9010, std: 0.0000, sample size: 1,  global score, mean: 2.9010, std: 0.0000, sample size: 1
Score for 2B3P_new_28 from FASTA, mean: 2.9269, std: 0.0000, sample size: 1,  global score, mean: 2.9269, std: 0.0000, sample size: 1
Score for 2B3P_new_29 from FASTA, mean: 2.9505, std: 0.0000, sample size: 1,  global score, mean: 2.9505, std: 0.0000, sample size: 1
Score for 2B3P_new_30 from FASTA, mean: 2.9885, std: 0.0000, sample size: 1,  global score, mean: 2.9885, std: 0.0000, sample size: 1
Score for 2B3P_new_31 from FASTA, mean: 2.9268, std: 0.0000, sample size: 1,  global score, mean: 2.9268, std: 0.0000, sample size: 1
Score for 2B3P_new_32 from FASTA, mean: 2.9853, std: 0.0000, sample size: 1,  global score, mean: 2.9853, std: 0.0000, sample size: 1
Score for 2B3P_new_33 from FASTA, mean: 2.8880, std: 0.0000, sample size: 1,  global score, mean: 2.8880, std: 0.0000, sample size: 1
Score for 2B3P_new_34 from FASTA, mean: 3.0608, std: 0.0000, sample size: 1,  global score, mean: 3.0608, std: 0.0000, sample size: 1
Score for 2B3P_new_35 from FASTA, mean: 2.9053, std: 0.0000, sample size: 1,  global score, mean: 2.9053, std: 0.0000, sample size: 1
Score for 2B3P_new_36 from FASTA, mean: 2.8937, std: 0.0000, sample size: 1,  global score, mean: 2.8937, std: 0.0000, sample size: 1
Score for 2B3P_new_37 from FASTA, mean: 3.0554, std: 0.0000, sample size: 1,  global score, mean: 3.0554, std: 0.0000, sample size: 1
Score for 2B3P_new_38 from FASTA, mean: 2.9504, std: 0.0000, sample size: 1,  global score, mean: 2.9504, std: 0.0000, sample size: 1
Score for 2B3P_new_39 from FASTA, mean: 3.0140, std: 0.0000, sample size: 1,  global score, mean: 3.0140, std: 0.0000, sample size: 1
Score for 2B3P_new_40 from FASTA, mean: 3.0413, std: 0.0000, sample size: 1,  global score, mean: 3.0413, std: 0.0000, sample size: 1
Score for 2B3P_new_41 from FASTA, mean: 2.9655, std: 0.0000, sample size: 1,  global score, mean: 2.9655, std: 0.0000, sample size: 1
Score for 2B3P_new_42 from FASTA, mean: 2.9251, std: 0.0000, sample size: 1,  global score, mean: 2.9251, std: 0.0000, sample size: 1
Score for 2B3P_new_43 from FASTA, mean: 2.9555, std: 0.0000, sample size: 1,  global score, mean: 2.9555, std: 0.0000, sample size: 1
Score for 2B3P_new_44 from FASTA, mean: 2.9173, std: 0.0000, sample size: 1,  global score, mean: 2.9173, std: 0.0000, sample size: 1
Score for 2B3P_new_45 from FASTA, mean: 2.9122, std: 0.0000, sample size: 1,  global score, mean: 2.9122, std: 0.0000, sample size: 1
Score for 2B3P_new_46 from FASTA, mean: 2.9695, std: 0.0000, sample size: 1,  global score, mean: 2.9695, std: 0.0000, sample size: 1
Score for 2B3P_new_47 from FASTA, mean: 2.9330, std: 0.0000, sample size: 1,  global score, mean: 2.9330, std: 0.0000, sample size: 1
Score for 2B3P_new_48 from FASTA, mean: 2.9270, std: 0.0000, sample size: 1,  global score, mean: 2.9270, std: 0.0000, sample size: 1
Score for 2B3P_new_49 from FASTA, mean: 2.9419, std: 0.0000, sample size: 1,  global score, mean: 2.9419, std: 0.0000, sample size: 1
Score for 2B3P_new_50 from FASTA, mean: 2.8871, std: 0.0000, sample size: 1,  global score, mean: 2.8871, std: 0.0000, sample size: 1
Score for 2B3P_new_51 from FASTA, mean: 2.9046, std: 0.0000, sample size: 1,  global score, mean: 2.9046, std: 0.0000, sample size: 1
Score for 2B3P_new_52 from FASTA, mean: 2.9723, std: 0.0000, sample size: 1,  global score, mean: 2.9723, std: 0.0000, sample size: 1
Score for 2B3P_new_53 from FASTA, mean: 3.0123, std: 0.0000, sample size: 1,  global score, mean: 3.0123, std: 0.0000, sample size: 1
Score for 2B3P_new_54 from FASTA, mean: 2.9778, std: 0.0000, sample size: 1,  global score, mean: 2.9778, std: 0.0000, sample size: 1
Score for 2B3P_new_55 from FASTA, mean: 2.9207, std: 0.0000, sample size: 1,  global score, mean: 2.9207, std: 0.0000, sample size: 1
Score for 2B3P_new_56 from FASTA, mean: 2.9465, std: 0.0000, sample size: 1,  global score, mean: 2.9465, std: 0.0000, sample size: 1
Score for 2B3P_new_57 from FASTA, mean: 3.0139, std: 0.0000, sample size: 1,  global score, mean: 3.0139, std: 0.0000, sample size: 1
Score for 2B3P_new_58 from FASTA, mean: 3.0550, std: 0.0000, sample size: 1,  global score, mean: 3.0550, std: 0.0000, sample size: 1
Score for 2B3P_new_59 from FASTA, mean: 3.0062, std: 0.0000, sample size: 1,  global score, mean: 3.0062, std: 0.0000, sample size: 1
Score for 2B3P_new_60 from FASTA, mean: 2.9354, std: 0.0000, sample size: 1,  global score, mean: 2.9354, std: 0.0000, sample size: 1
Score for 2B3P_new_61 from FASTA, mean: 2.9580, std: 0.0000, sample size: 1,  global score, mean: 2.9580, std: 0.0000, sample size: 1
Score for 2B3P_new_62 from FASTA, mean: 2.9737, std: 0.0000, sample size: 1,  global score, mean: 2.9737, std: 0.0000, sample size: 1
Score for 2B3P_new_63 from FASTA, mean: 3.0371, std: 0.0000, sample size: 1,  global score, mean: 3.0371, std: 0.0000, sample size: 1
Score for 2B3P_new_64 from FASTA, mean: 3.0133, std: 0.0000, sample size: 1,  global score, mean: 3.0133, std: 0.0000, sample size: 1
Score for 2B3P_new_65 from FASTA, mean: 2.9254, std: 0.0000, sample size: 1,  global score, mean: 2.9254, std: 0.0000, sample size: 1
Score for 2B3P_new_66 from FASTA, mean: 2.9081, std: 0.0000, sample size: 1,  global score, mean: 2.9081, std: 0.0000, sample size: 1
Score for 2B3P_new_67 from FASTA, mean: 2.9407, std: 0.0000, sample size: 1,  global score, mean: 2.9407, std: 0.0000, sample size: 1
Score for 2B3P_new_68 from FASTA, mean: 3.0117, std: 0.0000, sample size: 1,  global score, mean: 3.0117, std: 0.0000, sample size: 1
Score for 2B3P_new_69 from FASTA, mean: 2.9016, std: 0.0000, sample size: 1,  global score, mean: 2.9016, std: 0.0000, sample size: 1
Score for 2B3P_new_70 from FASTA, mean: 3.0064, std: 0.0000, sample size: 1,  global score, mean: 3.0064, std: 0.0000, sample size: 1
Score for 2B3P_new_71 from FASTA, mean: 2.9044, std: 0.0000, sample size: 1,  global score, mean: 2.9044, std: 0.0000, sample size: 1
Score for 2B3P_new_72 from FASTA, mean: 2.9450, std: 0.0000, sample size: 1,  global score, mean: 2.9450, std: 0.0000, sample size: 1
Score for 2B3P_new_73 from FASTA, mean: 3.0097, std: 0.0000, sample size: 1,  global score, mean: 3.0097, std: 0.0000, sample size: 1
Score for 2B3P_new_74 from FASTA, mean: 2.9570, std: 0.0000, sample size: 1,  global score, mean: 2.9570, std: 0.0000, sample size: 1
Score for 2B3P_new_75 from FASTA, mean: 2.8804, std: 0.0000, sample size: 1,  global score, mean: 2.8804, std: 0.0000, sample size: 1
Score for 2B3P_new_76 from FASTA, mean: 3.0123, std: 0.0000, sample size: 1,  global score, mean: 3.0123, std: 0.0000, sample size: 1
Score for 2B3P_new_77 from FASTA, mean: 2.9179, std: 0.0000, sample size: 1,  global score, mean: 2.9179, std: 0.0000, sample size: 1
Score for 2B3P_new_78 from FASTA, mean: 2.9509, std: 0.0000, sample size: 1,  global score, mean: 2.9509, std: 0.0000, sample size: 1
Score for 2B3P_new_79 from FASTA, mean: 2.9587, std: 0.0000, sample size: 1,  global score, mean: 2.9587, std: 0.0000, sample size: 1
Score for 2B3P_new_80 from FASTA, mean: 2.8903, std: 0.0000, sample size: 1,  global score, mean: 2.8903, std: 0.0000, sample size: 1
Score for 2B3P_new_81 from FASTA, mean: 3.0582, std: 0.0000, sample size: 1,  global score, mean: 3.0582, std: 0.0000, sample size: 1
Score for 2B3P_new_82 from FASTA, mean: 3.0194, std: 0.0000, sample size: 1,  global score, mean: 3.0194, std: 0.0000, sample size: 1
Score for 2B3P_new_83 from FASTA, mean: 3.0521, std: 0.0000, sample size: 1,  global score, mean: 3.0521, std: 0.0000, sample size: 1
Score for 2B3P_new_84 from FASTA, mean: 3.0108, std: 0.0000, sample size: 1,  global score, mean: 3.0108, std: 0.0000, sample size: 1
Score for 2B3P_new_85 from FASTA, mean: 2.8842, std: 0.0000, sample size: 1,  global score, mean: 2.8842, std: 0.0000, sample size: 1
Score for 2B3P_new_86 from FASTA, mean: 2.9678, std: 0.0000, sample size: 1,  global score, mean: 2.9678, std: 0.0000, sample size: 1
Score for 2B3P_new_87 from FASTA, mean: 2.8976, std: 0.0000, sample size: 1,  global score, mean: 2.8976, std: 0.0000, sample size: 1
Score for 2B3P_new_88 from FASTA, mean: 2.9532, std: 0.0000, sample size: 1,  global score, mean: 2.9532, std: 0.0000, sample size: 1
Score for 2B3P_new_89 from FASTA, mean: 2.8936, std: 0.0000, sample size: 1,  global score, mean: 2.8936, std: 0.0000, sample size: 1
Score for 2B3P_new_90 from FASTA, mean: 2.8935, std: 0.0000, sample size: 1,  global score, mean: 2.8935, std: 0.0000, sample size: 1
Score for 2B3P_new_91 from FASTA, mean: 3.0280, std: 0.0000, sample size: 1,  global score, mean: 3.0280, std: 0.0000, sample size: 1
Score for 2B3P_new_92 from FASTA, mean: 2.9419, std: 0.0000, sample size: 1,  global score, mean: 2.9419, std: 0.0000, sample size: 1
Score for 2B3P_new_93 from FASTA, mean: 2.8706, std: 0.0000, sample size: 1,  global score, mean: 2.8706, std: 0.0000, sample size: 1
Score for 2B3P_new_94 from FASTA, mean: 2.9951, std: 0.0000, sample size: 1,  global score, mean: 2.9951, std: 0.0000, sample size: 1
Score for 2B3P_new_95 from FASTA, mean: 2.9997, std: 0.0000, sample size: 1,  global score, mean: 2.9997, std: 0.0000, sample size: 1
Score for 2B3P_new_96 from FASTA, mean: 2.9550, std: 0.0000, sample size: 1,  global score, mean: 2.9550, std: 0.0000, sample size: 1
Score for 2B3P_new_97 from FASTA, mean: 2.8970, std: 0.0000, sample size: 1,  global score, mean: 2.8970, std: 0.0000, sample size: 1
Score for 2B3P_new_98 from FASTA, mean: 2.9321, std: 0.0000, sample size: 1,  global score, mean: 2.9321, std: 0.0000, sample size: 1
Score for 2B3P_new_99 from FASTA, mean: 2.9849, std: 0.0000, sample size: 1,  global score, mean: 2.9849, std: 0.0000, sample size: 1
Score for 2B3P_new_100 from FASTA, mean: 2.9001, std: 0.0000, sample size: 1,  global score, mean: 2.9001, std: 0.0000, sample size: 1
Score for 2B3P_new_101 from FASTA, mean: 3.0381, std: 0.0000, sample size: 1,  global score, mean: 3.0381, std: 0.0000, sample size: 1
Score for 2B3P_new_102 from FASTA, mean: 3.0634, std: 0.0000, sample size: 1,  global score, mean: 3.0634, std: 0.0000, sample size: 1
Score for 2B3P_new_103 from FASTA, mean: 3.0194, std: 0.0000, sample size: 1,  global score, mean: 3.0194, std: 0.0000, sample size: 1
Score for 2B3P_new_104 from FASTA, mean: 3.0448, std: 0.0000, sample size: 1,  global score, mean: 3.0448, std: 0.0000, sample size: 1
Score for 2B3P_new_105 from FASTA, mean: 3.0162, std: 0.0000, sample size: 1,  global score, mean: 3.0162, std: 0.0000, sample size: 1
Score for 2B3P_new_106 from FASTA, mean: 3.0934, std: 0.0000, sample size: 1,  global score, mean: 3.0934, std: 0.0000, sample size: 1
Score for 2B3P_new_107 from FASTA, mean: 2.9594, std: 0.0000, sample size: 1,  global score, mean: 2.9594, std: 0.0000, sample size: 1
Score for 2B3P_new_108 from FASTA, mean: 3.0339, std: 0.0000, sample size: 1,  global score, mean: 3.0339, std: 0.0000, sample size: 1
Score for 2B3P_new_109 from FASTA, mean: 3.0231, std: 0.0000, sample size: 1,  global score, mean: 3.0231, std: 0.0000, sample size: 1
Score for 2B3P_new_110 from FASTA, mean: 2.9272, std: 0.0000, sample size: 1,  global score, mean: 2.9272, std: 0.0000, sample size: 1
Score for 2B3P_new_111 from FASTA, mean: 2.9053, std: 0.0000, sample size: 1,  global score, mean: 2.9053, std: 0.0000, sample size: 1
Score for 2B3P_new_112 from FASTA, mean: 2.9809, std: 0.0000, sample size: 1,  global score, mean: 2.9809, std: 0.0000, sample size: 1
Score for 2B3P_new_113 from FASTA, mean: 3.0558, std: 0.0000, sample size: 1,  global score, mean: 3.0558, std: 0.0000, sample size: 1
Score for 2B3P_new_114 from FASTA, mean: 3.0094, std: 0.0000, sample size: 1,  global score, mean: 3.0094, std: 0.0000, sample size: 1
Score for 2B3P_new_115 from FASTA, mean: 3.0211, std: 0.0000, sample size: 1,  global score, mean: 3.0211, std: 0.0000, sample size: 1
Score for 2B3P_new_116 from FASTA, mean: 3.0856, std: 0.0000, sample size: 1,  global score, mean: 3.0856, std: 0.0000, sample size: 1
Score for 2B3P_new_117 from FASTA, mean: 3.0846, std: 0.0000, sample size: 1,  global score, mean: 3.0846, std: 0.0000, sample size: 1
Score for 2B3P_new_118 from FASTA, mean: 3.0876, std: 0.0000, sample size: 1,  global score, mean: 3.0876, std: 0.0000, sample size: 1
Score for 2B3P_new_119 from FASTA, mean: 2.9934, std: 0.0000, sample size: 1,  global score, mean: 2.9934, std: 0.0000, sample size: 1
Score for 2B3P_new_120 from FASTA, mean: 2.9816, std: 0.0000, sample size: 1,  global score, mean: 2.9816, std: 0.0000, sample size: 1
Score for 2B3P_new_121 from FASTA, mean: 2.9534, std: 0.0000, sample size: 1,  global score, mean: 2.9534, std: 0.0000, sample size: 1
Score for 2B3P_new_122 from FASTA, mean: 3.0681, std: 0.0000, sample size: 1,  global score, mean: 3.0681, std: 0.0000, sample size: 1
Score for 2B3P_new_123 from FASTA, mean: 3.0988, std: 0.0000, sample size: 1,  global score, mean: 3.0988, std: 0.0000, sample size: 1
Score for 2B3P_new_124 from FASTA, mean: 3.0278, std: 0.0000, sample size: 1,  global score, mean: 3.0278, std: 0.0000, sample size: 1
Score for 2B3P_new_125 from FASTA, mean: 2.9821, std: 0.0000, sample size: 1,  global score, mean: 2.9821, std: 0.0000, sample size: 1
Score for 2B3P_new_126 from FASTA, mean: 2.9977, std: 0.0000, sample size: 1,  global score, mean: 2.9977, std: 0.0000, sample size: 1
Score for 2B3P_new_127 from FASTA, mean: 2.9611, std: 0.0000, sample size: 1,  global score, mean: 2.9611, std: 0.0000, sample size: 1
Score for 2B3P_new_128 from FASTA, mean: 2.8839, std: 0.0000, sample size: 1,  global score, mean: 2.8839, std: 0.0000, sample size: 1
Score for 2B3P_new_129 from FASTA, mean: 3.0507, std: 0.0000, sample size: 1,  global score, mean: 3.0507, std: 0.0000, sample size: 1
Score for 2B3P_new_130 from FASTA, mean: 2.9196, std: 0.0000, sample size: 1,  global score, mean: 2.9196, std: 0.0000, sample size: 1
Score for 2B3P_new_131 from FASTA, mean: 3.1880, std: 0.0000, sample size: 1,  global score, mean: 3.1880, std: 0.0000, sample size: 1
Score for 2B3P_new_132 from FASTA, mean: 3.0968, std: 0.0000, sample size: 1,  global score, mean: 3.0968, std: 0.0000, sample size: 1
Score for 2B3P_new_133 from FASTA, mean: 3.0157, std: 0.0000, sample size: 1,  global score, mean: 3.0157, std: 0.0000, sample size: 1
Score for 2B3P_new_134 from FASTA, mean: 2.9696, std: 0.0000, sample size: 1,  global score, mean: 2.9696, std: 0.0000, sample size: 1
Score for 2B3P_new_135 from FASTA, mean: 3.0036, std: 0.0000, sample size: 1,  global score, mean: 3.0036, std: 0.0000, sample size: 1
Score for 2B3P_new_136 from FASTA, mean: 3.0238, std: 0.0000, sample size: 1,  global score, mean: 3.0238, std: 0.0000, sample size: 1
Score for 2B3P_new_137 from FASTA, mean: 3.0302, std: 0.0000, sample size: 1,  global score, mean: 3.0302, std: 0.0000, sample size: 1
Score for 2B3P_new_138 from FASTA, mean: 3.0873, std: 0.0000, sample size: 1,  global score, mean: 3.0873, std: 0.0000, sample size: 1
Score for 2B3P_new_139 from FASTA, mean: 2.9622, std: 0.0000, sample size: 1,  global score, mean: 2.9622, std: 0.0000, sample size: 1
Score for 2B3P_new_140 from FASTA, mean: 2.9552, std: 0.0000, sample size: 1,  global score, mean: 2.9552, std: 0.0000, sample size: 1
Score for 2B3P_new_141 from FASTA, mean: 3.0272, std: 0.0000, sample size: 1,  global score, mean: 3.0272, std: 0.0000, sample size: 1
Score for 2B3P_new_142 from FASTA, mean: 3.0082, std: 0.0000, sample size: 1,  global score, mean: 3.0082, std: 0.0000, sample size: 1
Score for 2B3P_new_143 from FASTA, mean: 3.0424, std: 0.0000, sample size: 1,  global score, mean: 3.0424, std: 0.0000, sample size: 1
Score for 2B3P_new_144 from FASTA, mean: 3.0368, std: 0.0000, sample size: 1,  global score, mean: 3.0368, std: 0.0000, sample size: 1
Score for 2B3P_new_145 from FASTA, mean: 3.0401, std: 0.0000, sample size: 1,  global score, mean: 3.0401, std: 0.0000, sample size: 1
Score for 2B3P_new_146 from FASTA, mean: 2.9879, std: 0.0000, sample size: 1,  global score, mean: 2.9879, std: 0.0000, sample size: 1
Score for 2B3P_new_147 from FASTA, mean: 2.9674, std: 0.0000, sample size: 1,  global score, mean: 2.9674, std: 0.0000, sample size: 1
Score for 2B3P_new_148 from FASTA, mean: 2.9725, std: 0.0000, sample size: 1,  global score, mean: 2.9725, std: 0.0000, sample size: 1
Score for 2B3P_new_149 from FASTA, mean: 3.0007, std: 0.0000, sample size: 1,  global score, mean: 3.0007, std: 0.0000, sample size: 1
Score for 2B3P_new_150 from FASTA, mean: 2.9738, std: 0.0000, sample size: 1,  global score, mean: 2.9738, std: 0.0000, sample size: 1
Score for 2B3P_new_151 from FASTA, mean: 2.9579, std: 0.0000, sample size: 1,  global score, mean: 2.9579, std: 0.0000, sample size: 1
Score for 2B3P_new_152 from FASTA, mean: 2.9358, std: 0.0000, sample size: 1,  global score, mean: 2.9358, std: 0.0000, sample size: 1
Score for 2B3P_new_153 from FASTA, mean: 2.9591, std: 0.0000, sample size: 1,  global score, mean: 2.9591, std: 0.0000, sample size: 1
Score for 2B3P_new_154 from FASTA, mean: 3.0487, std: 0.0000, sample size: 1,  global score, mean: 3.0487, std: 0.0000, sample size: 1
Score for 2B3P_new_155 from FASTA, mean: 2.9664, std: 0.0000, sample size: 1,  global score, mean: 2.9664, std: 0.0000, sample size: 1
Score for 2B3P_new_156 from FASTA, mean: 3.0121, std: 0.0000, sample size: 1,  global score, mean: 3.0121, std: 0.0000, sample size: 1
Score for 2B3P_new_157 from FASTA, mean: 2.9975, std: 0.0000, sample size: 1,  global score, mean: 2.9975, std: 0.0000, sample size: 1
Score for 2B3P_new_158 from FASTA, mean: 3.1263, std: 0.0000, sample size: 1,  global score, mean: 3.1263, std: 0.0000, sample size: 1
Score for 2B3P_new_159 from FASTA, mean: 2.9512, std: 0.0000, sample size: 1,  global score, mean: 2.9512, std: 0.0000, sample size: 1
Score for 2B3P_new_160 from FASTA, mean: 2.9451, std: 0.0000, sample size: 1,  global score, mean: 2.9451, std: 0.0000, sample size: 1
Score for 2B3P_new_161 from FASTA, mean: 2.8728, std: 0.0000, sample size: 1,  global score, mean: 2.8728, std: 0.0000, sample size: 1
Score for 2B3P_new_162 from FASTA, mean: 2.9796, std: 0.0000, sample size: 1,  global score, mean: 2.9796, std: 0.0000, sample size: 1
Score for 2B3P_new_163 from FASTA, mean: 3.0247, std: 0.0000, sample size: 1,  global score, mean: 3.0247, std: 0.0000, sample size: 1
Score for 2B3P_new_164 from FASTA, mean: 2.9690, std: 0.0000, sample size: 1,  global score, mean: 2.9690, std: 0.0000, sample size: 1
Score for 2B3P_new_165 from FASTA, mean: 3.0697, std: 0.0000, sample size: 1,  global score, mean: 3.0697, std: 0.0000, sample size: 1
Score for 2B3P_new_166 from FASTA, mean: 3.0045, std: 0.0000, sample size: 1,  global score, mean: 3.0045, std: 0.0000, sample size: 1
Score for 2B3P_new_167 from FASTA, mean: 2.9612, std: 0.0000, sample size: 1,  global score, mean: 2.9612, std: 0.0000, sample size: 1
Score for 2B3P_new_168 from FASTA, mean: 2.9562, std: 0.0000, sample size: 1,  global score, mean: 2.9562, std: 0.0000, sample size: 1
Score for 2B3P_new_169 from FASTA, mean: 2.9847, std: 0.0000, sample size: 1,  global score, mean: 2.9847, std: 0.0000, sample size: 1
Score for 2B3P_new_170 from FASTA, mean: 2.9314, std: 0.0000, sample size: 1,  global score, mean: 2.9314, std: 0.0000, sample size: 1
Score for 2B3P_new_171 from FASTA, mean: 2.9884, std: 0.0000, sample size: 1,  global score, mean: 2.9884, std: 0.0000, sample size: 1
Score for 2B3P_new_172 from FASTA, mean: 3.0210, std: 0.0000, sample size: 1,  global score, mean: 3.0210, std: 0.0000, sample size: 1
Score for 2B3P_new_173 from FASTA, mean: 2.9885, std: 0.0000, sample size: 1,  global score, mean: 2.9885, std: 0.0000, sample size: 1
Score for 2B3P_new_174 from FASTA, mean: 3.0373, std: 0.0000, sample size: 1,  global score, mean: 3.0373, std: 0.0000, sample size: 1
Score for 2B3P_new_175 from FASTA, mean: 3.0042, std: 0.0000, sample size: 1,  global score, mean: 3.0042, std: 0.0000, sample size: 1
Score for 2B3P_new_176 from FASTA, mean: 3.0151, std: 0.0000, sample size: 1,  global score, mean: 3.0151, std: 0.0000, sample size: 1
Score for 2B3P_new_177 from FASTA, mean: 3.0040, std: 0.0000, sample size: 1,  global score, mean: 3.0040, std: 0.0000, sample size: 1
Score for 2B3P_new_178 from FASTA, mean: 3.0513, std: 0.0000, sample size: 1,  global score, mean: 3.0513, std: 0.0000, sample size: 1
Score for 2B3P_new_179 from FASTA, mean: 2.9568, std: 0.0000, sample size: 1,  global score, mean: 2.9568, std: 0.0000, sample size: 1
Score for 2B3P_new_180 from FASTA, mean: 2.9880, std: 0.0000, sample size: 1,  global score, mean: 2.9880, std: 0.0000, sample size: 1
Score for 2B3P_new_181 from FASTA, mean: 3.0952, std: 0.0000, sample size: 1,  global score, mean: 3.0952, std: 0.0000, sample size: 1
Score for 2B3P_new_182 from FASTA, mean: 2.9602, std: 0.0000, sample size: 1,  global score, mean: 2.9602, std: 0.0000, sample size: 1
Score for 2B3P_new_183 from FASTA, mean: 2.9942, std: 0.0000, sample size: 1,  global score, mean: 2.9942, std: 0.0000, sample size: 1
Score for 2B3P_new_184 from FASTA, mean: 3.0500, std: 0.0000, sample size: 1,  global score, mean: 3.0500, std: 0.0000, sample size: 1
Score for 2B3P_new_185 from FASTA, mean: 3.0648, std: 0.0000, sample size: 1,  global score, mean: 3.0648, std: 0.0000, sample size: 1
Score for 2B3P_new_186 from FASTA, mean: 2.9704, std: 0.0000, sample size: 1,  global score, mean: 2.9704, std: 0.0000, sample size: 1
Score for 2B3P_new_187 from FASTA, mean: 3.0241, std: 0.0000, sample size: 1,  global score, mean: 3.0241, std: 0.0000, sample size: 1
Score for 2B3P_new_188 from FASTA, mean: 2.9894, std: 0.0000, sample size: 1,  global score, mean: 2.9894, std: 0.0000, sample size: 1
Score for 2B3P_new_189 from FASTA, mean: 2.9294, std: 0.0000, sample size: 1,  global score, mean: 2.9294, std: 0.0000, sample size: 1
Score for 2B3P_new_190 from FASTA, mean: 2.9163, std: 0.0000, sample size: 1,  global score, mean: 2.9163, std: 0.0000, sample size: 1
Score for 2B3P_new_191 from FASTA, mean: 2.9894, std: 0.0000, sample size: 1,  global score, mean: 2.9894, std: 0.0000, sample size: 1
Score for 2B3P_new_192 from FASTA, mean: 3.0279, std: 0.0000, sample size: 1,  global score, mean: 3.0279, std: 0.0000, sample size: 1
Score for 2B3P_new_193 from FASTA, mean: 2.9301, std: 0.0000, sample size: 1,  global score, mean: 2.9301, std: 0.0000, sample size: 1
Score for 2B3P_new_194 from FASTA, mean: 2.9383, std: 0.0000, sample size: 1,  global score, mean: 2.9383, std: 0.0000, sample size: 1
Score for 2B3P_new_195 from FASTA, mean: 2.9780, std: 0.0000, sample size: 1,  global score, mean: 2.9780, std: 0.0000, sample size: 1
Score for 2B3P_new_196 from FASTA, mean: 3.1147, std: 0.0000, sample size: 1,  global score, mean: 3.1147, std: 0.0000, sample size: 1
Score for 2B3P_new_197 from FASTA, mean: 3.0497, std: 0.0000, sample size: 1,  global score, mean: 3.0497, std: 0.0000, sample size: 1
Score for 2B3P_new_198 from FASTA, mean: 2.9138, std: 0.0000, sample size: 1,  global score, mean: 2.9138, std: 0.0000, sample size: 1
Score for 2B3P_new_199 from FASTA, mean: 3.0930, std: 0.0000, sample size: 1,  global score, mean: 3.0930, std: 0.0000, sample size: 1
Score for 2B3P_new_200 from FASTA, mean: 3.0055, std: 0.0000, sample size: 1,  global score, mean: 3.0055, std: 0.0000, sample size: 1
Score for 2B3P_new_201 from FASTA, mean: 3.0979, std: 0.0000, sample size: 1,  global score, mean: 3.0979, std: 0.0000, sample size: 1
Score for 2B3P_new_202 from FASTA, mean: 3.0787, std: 0.0000, sample size: 1,  global score, mean: 3.0787, std: 0.0000, sample size: 1
Score for 2B3P_new_203 from FASTA, mean: 3.0230, std: 0.0000, sample size: 1,  global score, mean: 3.0230, std: 0.0000, sample size: 1
Score for 2B3P_new_204 from FASTA, mean: 3.0543, std: 0.0000, sample size: 1,  global score, mean: 3.0543, std: 0.0000, sample size: 1
Score for 2B3P_new_205 from FASTA, mean: 3.1384, std: 0.0000, sample size: 1,  global score, mean: 3.1384, std: 0.0000, sample size: 1
Score for 2B3P_new_206 from FASTA, mean: 3.1404, std: 0.0000, sample size: 1,  global score, mean: 3.1404, std: 0.0000, sample size: 1
Score for 2B3P_new_207 from FASTA, mean: 3.0576, std: 0.0000, sample size: 1,  global score, mean: 3.0576, std: 0.0000, sample size: 1
Score for 2B3P_new_208 from FASTA, mean: 3.0632, std: 0.0000, sample size: 1,  global score, mean: 3.0632, std: 0.0000, sample size: 1
Score for 2B3P_new_209 from FASTA, mean: 3.0994, std: 0.0000, sample size: 1,  global score, mean: 3.0994, std: 0.0000, sample size: 1
Score for 2B3P_new_210 from FASTA, mean: 2.9483, std: 0.0000, sample size: 1,  global score, mean: 2.9483, std: 0.0000, sample size: 1
Score for 2B3P_new_211 from FASTA, mean: 2.9993, std: 0.0000, sample size: 1,  global score, mean: 2.9993, std: 0.0000, sample size: 1
Score for 2B3P_new_212 from FASTA, mean: 3.0379, std: 0.0000, sample size: 1,  global score, mean: 3.0379, std: 0.0000, sample size: 1
Score for 2B3P_new_213 from FASTA, mean: 3.0135, std: 0.0000, sample size: 1,  global score, mean: 3.0135, std: 0.0000, sample size: 1
Score for 2B3P_new_214 from FASTA, mean: 3.0930, std: 0.0000, sample size: 1,  global score, mean: 3.0930, std: 0.0000, sample size: 1
Score for 2B3P_new_215 from FASTA, mean: 3.1064, std: 0.0000, sample size: 1,  global score, mean: 3.1064, std: 0.0000, sample size: 1
Score for 2B3P_new_216 from FASTA, mean: 3.1520, std: 0.0000, sample size: 1,  global score, mean: 3.1520, std: 0.0000, sample size: 1
Score for 2B3P_new_217 from FASTA, mean: 2.9873, std: 0.0000, sample size: 1,  global score, mean: 2.9873, std: 0.0000, sample size: 1
Score for 2B3P_new_218 from FASTA, mean: 3.1654, std: 0.0000, sample size: 1,  global score, mean: 3.1654, std: 0.0000, sample size: 1
Score for 2B3P_new_219 from FASTA, mean: 3.0415, std: 0.0000, sample size: 1,  global score, mean: 3.0415, std: 0.0000, sample size: 1
Score for 2B3P_new_220 from FASTA, mean: 3.0769, std: 0.0000, sample size: 1,  global score, mean: 3.0769, std: 0.0000, sample size: 1
Score for 2B3P_new_221 from FASTA, mean: 3.0591, std: 0.0000, sample size: 1,  global score, mean: 3.0591, std: 0.0000, sample size: 1
Score for 2B3P_new_222 from FASTA, mean: 3.0819, std: 0.0000, sample size: 1,  global score, mean: 3.0819, std: 0.0000, sample size: 1
Score for 2B3P_new_223 from FASTA, mean: 3.1128, std: 0.0000, sample size: 1,  global score, mean: 3.1128, std: 0.0000, sample size: 1
Score for 2B3P_new_224 from FASTA, mean: 3.0848, std: 0.0000, sample size: 1,  global score, mean: 3.0848, std: 0.0000, sample size: 1
Score for 2B3P_new_225 from FASTA, mean: 3.0107, std: 0.0000, sample size: 1,  global score, mean: 3.0107, std: 0.0000, sample size: 1
Score for 2B3P_new_226 from FASTA, mean: 2.9339, std: 0.0000, sample size: 1,  global score, mean: 2.9339, std: 0.0000, sample size: 1
Score for 2B3P_new_227 from FASTA, mean: 2.9842, std: 0.0000, sample size: 1,  global score, mean: 2.9842, std: 0.0000, sample size: 1
Score for 2B3P_new_228 from FASTA, mean: 3.2092, std: 0.0000, sample size: 1,  global score, mean: 3.2092, std: 0.0000, sample size: 1
Score for 2B3P_new_229 from FASTA, mean: 3.1062, std: 0.0000, sample size: 1,  global score, mean: 3.1062, std: 0.0000, sample size: 1
Score for 2B3P_new_230 from FASTA, mean: 3.0849, std: 0.0000, sample size: 1,  global score, mean: 3.0849, std: 0.0000, sample size: 1
Score for 2B3P_new_231 from FASTA, mean: 3.0353, std: 0.0000, sample size: 1,  global score, mean: 3.0353, std: 0.0000, sample size: 1
Score for 2B3P_new_232 from FASTA, mean: 3.1876, std: 0.0000, sample size: 1,  global score, mean: 3.1876, std: 0.0000, sample size: 1
Score for 2B3P_new_233 from FASTA, mean: 3.0678, std: 0.0000, sample size: 1,  global score, mean: 3.0678, std: 0.0000, sample size: 1
Score for 2B3P_new_234 from FASTA, mean: 3.0937, std: 0.0000, sample size: 1,  global score, mean: 3.0937, std: 0.0000, sample size: 1
Score for 2B3P_new_235 from FASTA, mean: 3.0325, std: 0.0000, sample size: 1,  global score, mean: 3.0325, std: 0.0000, sample size: 1
Score for 2B3P_new_236 from FASTA, mean: 3.0039, std: 0.0000, sample size: 1,  global score, mean: 3.0039, std: 0.0000, sample size: 1
Score for 2B3P_new_237 from FASTA, mean: 3.0852, std: 0.0000, sample size: 1,  global score, mean: 3.0852, std: 0.0000, sample size: 1
Score for 2B3P_new_238 from FASTA, mean: 3.1174, std: 0.0000, sample size: 1,  global score, mean: 3.1174, std: 0.0000, sample size: 1
Score for 2B3P_new_239 from FASTA, mean: 3.1432, std: 0.0000, sample size: 1,  global score, mean: 3.1432, std: 0.0000, sample size: 1
Score for 2B3P_new_240 from FASTA, mean: 2.9678, std: 0.0000, sample size: 1,  global score, mean: 2.9678, std: 0.0000, sample size: 1
Score for 2B3P_new_241 from FASTA, mean: 3.1051, std: 0.0000, sample size: 1,  global score, mean: 3.1051, std: 0.0000, sample size: 1
Score for 2B3P_new_242 from FASTA, mean: 3.0207, std: 0.0000, sample size: 1,  global score, mean: 3.0207, std: 0.0000, sample size: 1
Score for 2B3P_new_243 from FASTA, mean: 3.0846, std: 0.0000, sample size: 1,  global score, mean: 3.0846, std: 0.0000, sample size: 1
Score for 2B3P_new_244 from FASTA, mean: 3.1969, std: 0.0000, sample size: 1,  global score, mean: 3.1969, std: 0.0000, sample size: 1
Score for 2B3P_new_245 from FASTA, mean: 3.0201, std: 0.0000, sample size: 1,  global score, mean: 3.0201, std: 0.0000, sample size: 1
Score for 2B3P_new_246 from FASTA, mean: 3.0633, std: 0.0000, sample size: 1,  global score, mean: 3.0633, std: 0.0000, sample size: 1
Score for 2B3P_new_247 from FASTA, mean: 2.9756, std: 0.0000, sample size: 1,  global score, mean: 2.9756, std: 0.0000, sample size: 1
Score for 2B3P_new_248 from FASTA, mean: 3.0402, std: 0.0000, sample size: 1,  global score, mean: 3.0402, std: 0.0000, sample size: 1
Score for 2B3P_new_249 from FASTA, mean: 2.9575, std: 0.0000, sample size: 1,  global score, mean: 2.9575, std: 0.0000, sample size: 1
Score for 2B3P_new_250 from FASTA, mean: 3.0982, std: 0.0000, sample size: 1,  global score, mean: 3.0982, std: 0.0000, sample size: 1
Score for 2B3P_new_251 from FASTA, mean: 3.0761, std: 0.0000, sample size: 1,  global score, mean: 3.0761, std: 0.0000, sample size: 1
Score for 2B3P_new_252 from FASTA, mean: 3.0517, std: 0.0000, sample size: 1,  global score, mean: 3.0517, std: 0.0000, sample size: 1
Score for 2B3P_new_253 from FASTA, mean: 3.1179, std: 0.0000, sample size: 1,  global score, mean: 3.1179, std: 0.0000, sample size: 1
Score for 2B3P_new_254 from FASTA, mean: 3.1101, std: 0.0000, sample size: 1,  global score, mean: 3.1101, std: 0.0000, sample size: 1
Score for 2B3P_new_255 from FASTA, mean: 3.0337, std: 0.0000, sample size: 1,  global score, mean: 3.0337, std: 0.0000, sample size: 1
Score for 2B3P_new_256 from FASTA, mean: 3.0641, std: 0.0000, sample size: 1,  global score, mean: 3.0641, std: 0.0000, sample size: 1
Score for 2B3P_new_257 from FASTA, mean: 3.0547, std: 0.0000, sample size: 1,  global score, mean: 3.0547, std: 0.0000, sample size: 1
Score for 2B3P_new_258 from FASTA, mean: 3.1021, std: 0.0000, sample size: 1,  global score, mean: 3.1021, std: 0.0000, sample size: 1
Score for 2B3P_new_259 from FASTA, mean: 3.1479, std: 0.0000, sample size: 1,  global score, mean: 3.1479, std: 0.0000, sample size: 1
Score for 2B3P_new_260 from FASTA, mean: 2.9553, std: 0.0000, sample size: 1,  global score, mean: 2.9553, std: 0.0000, sample size: 1
Score for 2B3P_new_261 from FASTA, mean: 3.0174, std: 0.0000, sample size: 1,  global score, mean: 3.0174, std: 0.0000, sample size: 1
Score for 2B3P_new_262 from FASTA, mean: 3.0134, std: 0.0000, sample size: 1,  global score, mean: 3.0134, std: 0.0000, sample size: 1
Score for 2B3P_new_263 from FASTA, mean: 3.1148, std: 0.0000, sample size: 1,  global score, mean: 3.1148, std: 0.0000, sample size: 1
Score for 2B3P_new_264 from FASTA, mean: 3.1399, std: 0.0000, sample size: 1,  global score, mean: 3.1399, std: 0.0000, sample size: 1
Score for 2B3P_new_265 from FASTA, mean: 3.1446, std: 0.0000, sample size: 1,  global score, mean: 3.1446, std: 0.0000, sample size: 1
Score for 2B3P_new_266 from FASTA, mean: 3.1298, std: 0.0000, sample size: 1,  global score, mean: 3.1298, std: 0.0000, sample size: 1
Score for 2B3P_new_267 from FASTA, mean: 3.0743, std: 0.0000, sample size: 1,  global score, mean: 3.0743, std: 0.0000, sample size: 1
Score for 2B3P_new_268 from FASTA, mean: 3.0497, std: 0.0000, sample size: 1,  global score, mean: 3.0497, std: 0.0000, sample size: 1
Score for 2B3P_new_269 from FASTA, mean: 3.0838, std: 0.0000, sample size: 1,  global score, mean: 3.0838, std: 0.0000, sample size: 1
Score for 2B3P_new_270 from FASTA, mean: 3.1606, std: 0.0000, sample size: 1,  global score, mean: 3.1606, std: 0.0000, sample size: 1
Score for 2B3P_new_271 from FASTA, mean: 3.0640, std: 0.0000, sample size: 1,  global score, mean: 3.0640, std: 0.0000, sample size: 1
Score for 2B3P_new_272 from FASTA, mean: 2.9426, std: 0.0000, sample size: 1,  global score, mean: 2.9426, std: 0.0000, sample size: 1
Score for 2B3P_new_273 from FASTA, mean: 3.0445, std: 0.0000, sample size: 1,  global score, mean: 3.0445, std: 0.0000, sample size: 1
Score for 2B3P_new_274 from FASTA, mean: 3.1148, std: 0.0000, sample size: 1,  global score, mean: 3.1148, std: 0.0000, sample size: 1
Score for 2B3P_new_275 from FASTA, mean: 3.0259, std: 0.0000, sample size: 1,  global score, mean: 3.0259, std: 0.0000, sample size: 1
Score for 2B3P_new_276 from FASTA, mean: 3.1739, std: 0.0000, sample size: 1,  global score, mean: 3.1739, std: 0.0000, sample size: 1
Score for 2B3P_new_277 from FASTA, mean: 2.9420, std: 0.0000, sample size: 1,  global score, mean: 2.9420, std: 0.0000, sample size: 1
Score for 2B3P_new_278 from FASTA, mean: 3.0475, std: 0.0000, sample size: 1,  global score, mean: 3.0475, std: 0.0000, sample size: 1
Score for 2B3P_new_279 from FASTA, mean: 3.0090, std: 0.0000, sample size: 1,  global score, mean: 3.0090, std: 0.0000, sample size: 1
Score for 2B3P_new_280 from FASTA, mean: 3.0104, std: 0.0000, sample size: 1,  global score, mean: 3.0104, std: 0.0000, sample size: 1
Score for 2B3P_new_281 from FASTA, mean: 3.1379, std: 0.0000, sample size: 1,  global score, mean: 3.1379, std: 0.0000, sample size: 1
Score for 2B3P_new_282 from FASTA, mean: 3.0389, std: 0.0000, sample size: 1,  global score, mean: 3.0389, std: 0.0000, sample size: 1
Score for 2B3P_new_283 from FASTA, mean: 3.0341, std: 0.0000, sample size: 1,  global score, mean: 3.0341, std: 0.0000, sample size: 1
Score for 2B3P_new_284 from FASTA, mean: 3.0378, std: 0.0000, sample size: 1,  global score, mean: 3.0378, std: 0.0000, sample size: 1
Score for 2B3P_new_285 from FASTA, mean: 2.9659, std: 0.0000, sample size: 1,  global score, mean: 2.9659, std: 0.0000, sample size: 1
Score for 2B3P_new_286 from FASTA, mean: 2.9903, std: 0.0000, sample size: 1,  global score, mean: 2.9903, std: 0.0000, sample size: 1
Score for 2B3P_new_287 from FASTA, mean: 3.0538, std: 0.0000, sample size: 1,  global score, mean: 3.0538, std: 0.0000, sample size: 1
Score for 2B3P_new_288 from FASTA, mean: 2.9540, std: 0.0000, sample size: 1,  global score, mean: 2.9540, std: 0.0000, sample size: 1
Score for 2B3P_new_289 from FASTA, mean: 3.1132, std: 0.0000, sample size: 1,  global score, mean: 3.1132, std: 0.0000, sample size: 1
Score for 2B3P_new_290 from FASTA, mean: 3.0710, std: 0.0000, sample size: 1,  global score, mean: 3.0710, std: 0.0000, sample size: 1
Score for 2B3P_new_291 from FASTA, mean: 3.0346, std: 0.0000, sample size: 1,  global score, mean: 3.0346, std: 0.0000, sample size: 1
Score for 2B3P_new_292 from FASTA, mean: 3.0833, std: 0.0000, sample size: 1,  global score, mean: 3.0833, std: 0.0000, sample size: 1
Score for 2B3P_new_293 from FASTA, mean: 2.9909, std: 0.0000, sample size: 1,  global score, mean: 2.9909, std: 0.0000, sample size: 1
Score for 2B3P_new_294 from FASTA, mean: 2.9753, std: 0.0000, sample size: 1,  global score, mean: 2.9753, std: 0.0000, sample size: 1
Score for 2B3P_new_295 from FASTA, mean: 3.0631, std: 0.0000, sample size: 1,  global score, mean: 3.0631, std: 0.0000, sample size: 1
Score for 2B3P_new_296 from FASTA, mean: 3.0384, std: 0.0000, sample size: 1,  global score, mean: 3.0384, std: 0.0000, sample size: 1
Score for 2B3P_new_297 from FASTA, mean: 3.0873, std: 0.0000, sample size: 1,  global score, mean: 3.0873, std: 0.0000, sample size: 1
Score for 2B3P_new_298 from FASTA, mean: 3.0128, std: 0.0000, sample size: 1,  global score, mean: 3.0128, std: 0.0000, sample size: 1
Score for 2B3P_new_299 from FASTA, mean: 3.1145, std: 0.0000, sample size: 1,  global score, mean: 3.1145, std: 0.0000, sample size: 1
Score for 2B3P_new_300 from FASTA, mean: 3.0431, std: 0.0000, sample size: 1,  global score, mean: 3.0431, std: 0.0000, sample size: 1
Score for 2B3P_new_301 from FASTA, mean: 3.1730, std: 0.0000, sample size: 1,  global score, mean: 3.1730, std: 0.0000, sample size: 1
Score for 2B3P_new_302 from FASTA, mean: 3.0628, std: 0.0000, sample size: 1,  global score, mean: 3.0628, std: 0.0000, sample size: 1
Score for 2B3P_new_303 from FASTA, mean: 3.0952, std: 0.0000, sample size: 1,  global score, mean: 3.0952, std: 0.0000, sample size: 1
Score for 2B3P_new_304 from FASTA, mean: 3.0047, std: 0.0000, sample size: 1,  global score, mean: 3.0047, std: 0.0000, sample size: 1
Score for 2B3P_new_305 from FASTA, mean: 3.0986, std: 0.0000, sample size: 1,  global score, mean: 3.0986, std: 0.0000, sample size: 1
Score for 2B3P_new_306 from FASTA, mean: 3.0338, std: 0.0000, sample size: 1,  global score, mean: 3.0338, std: 0.0000, sample size: 1
Score for 2B3P_new_307 from FASTA, mean: 3.1760, std: 0.0000, sample size: 1,  global score, mean: 3.1760, std: 0.0000, sample size: 1
Score for 2B3P_new_308 from FASTA, mean: 2.9670, std: 0.0000, sample size: 1,  global score, mean: 2.9670, std: 0.0000, sample size: 1
Score for 2B3P_new_309 from FASTA, mean: 3.0098, std: 0.0000, sample size: 1,  global score, mean: 3.0098, std: 0.0000, sample size: 1
Score for 2B3P_new_310 from FASTA, mean: 3.1371, std: 0.0000, sample size: 1,  global score, mean: 3.1371, std: 0.0000, sample size: 1
Score for 2B3P_new_311 from FASTA, mean: 3.1077, std: 0.0000, sample size: 1,  global score, mean: 3.1077, std: 0.0000, sample size: 1
Score for 2B3P_new_312 from FASTA, mean: 3.0437, std: 0.0000, sample size: 1,  global score, mean: 3.0437, std: 0.0000, sample size: 1
Score for 2B3P_new_313 from FASTA, mean: 3.0725, std: 0.0000, sample size: 1,  global score, mean: 3.0725, std: 0.0000, sample size: 1
Score for 2B3P_new_314 from FASTA, mean: 3.1106, std: 0.0000, sample size: 1,  global score, mean: 3.1106, std: 0.0000, sample size: 1
Score for 2B3P_new_315 from FASTA, mean: 2.9695, std: 0.0000, sample size: 1,  global score, mean: 2.9695, std: 0.0000, sample size: 1
Score for 2B3P_new_316 from FASTA, mean: 3.0861, std: 0.0000, sample size: 1,  global score, mean: 3.0861, std: 0.0000, sample size: 1
Score for 2B3P_new_317 from FASTA, mean: 3.0428, std: 0.0000, sample size: 1,  global score, mean: 3.0428, std: 0.0000, sample size: 1
Score for 2B3P_new_318 from FASTA, mean: 3.1203, std: 0.0000, sample size: 1,  global score, mean: 3.1203, std: 0.0000, sample size: 1
Score for 2B3P_new_319 from FASTA, mean: 3.1415, std: 0.0000, sample size: 1,  global score, mean: 3.1415, std: 0.0000, sample size: 1
Score for 2B3P_new_320 from FASTA, mean: 3.0210, std: 0.0000, sample size: 1,  global score, mean: 3.0210, std: 0.0000, sample size: 1
Score for 2B3P_new_321 from FASTA, mean: 3.0944, std: 0.0000, sample size: 1,  global score, mean: 3.0944, std: 0.0000, sample size: 1
Score for 2B3P_new_322 from FASTA, mean: 3.1277, std: 0.0000, sample size: 1,  global score, mean: 3.1277, std: 0.0000, sample size: 1
Score for 2B3P_new_323 from FASTA, mean: 3.0443, std: 0.0000, sample size: 1,  global score, mean: 3.0443, std: 0.0000, sample size: 1
Score for 2B3P_new_324 from FASTA, mean: 3.1942, std: 0.0000, sample size: 1,  global score, mean: 3.1942, std: 0.0000, sample size: 1
Score for 2B3P_new_325 from FASTA, mean: 3.1024, std: 0.0000, sample size: 1,  global score, mean: 3.1024, std: 0.0000, sample size: 1
Score for 2B3P_new_326 from FASTA, mean: 2.9313, std: 0.0000, sample size: 1,  global score, mean: 2.9313, std: 0.0000, sample size: 1
Score for 2B3P_new_327 from FASTA, mean: 3.0273, std: 0.0000, sample size: 1,  global score, mean: 3.0273, std: 0.0000, sample size: 1
Score for 2B3P_new_328 from FASTA, mean: 3.1323, std: 0.0000, sample size: 1,  global score, mean: 3.1323, std: 0.0000, sample size: 1
Score for 2B3P_new_329 from FASTA, mean: 3.0574, std: 0.0000, sample size: 1,  global score, mean: 3.0574, std: 0.0000, sample size: 1
Score for 2B3P_new_330 from FASTA, mean: 3.1757, std: 0.0000, sample size: 1,  global score, mean: 3.1757, std: 0.0000, sample size: 1
Score for 2B3P_new_331 from FASTA, mean: 3.0194, std: 0.0000, sample size: 1,  global score, mean: 3.0194, std: 0.0000, sample size: 1
Score for 2B3P_new_332 from FASTA, mean: 3.2075, std: 0.0000, sample size: 1,  global score, mean: 3.2075, std: 0.0000, sample size: 1
Score for 2B3P_new_333 from FASTA, mean: 3.1599, std: 0.0000, sample size: 1,  global score, mean: 3.1599, std: 0.0000, sample size: 1
Score for 2B3P_new_334 from FASTA, mean: 3.1525, std: 0.0000, sample size: 1,  global score, mean: 3.1525, std: 0.0000, sample size: 1
Score for 2B3P_new_335 from FASTA, mean: 3.0369, std: 0.0000, sample size: 1,  global score, mean: 3.0369, std: 0.0000, sample size: 1
Score for 2B3P_new_336 from FASTA, mean: 3.0669, std: 0.0000, sample size: 1,  global score, mean: 3.0669, std: 0.0000, sample size: 1
Score for 2B3P_new_337 from FASTA, mean: 3.1754, std: 0.0000, sample size: 1,  global score, mean: 3.1754, std: 0.0000, sample size: 1
Score for 2B3P_new_338 from FASTA, mean: 3.0423, std: 0.0000, sample size: 1,  global score, mean: 3.0423, std: 0.0000, sample size: 1
Score for 2B3P_new_339 from FASTA, mean: 3.1252, std: 0.0000, sample size: 1,  global score, mean: 3.1252, std: 0.0000, sample size: 1
Score for 2B3P_new_340 from FASTA, mean: 3.0683, std: 0.0000, sample size: 1,  global score, mean: 3.0683, std: 0.0000, sample size: 1
Score for 2B3P_new_341 from FASTA, mean: 3.0935, std: 0.0000, sample size: 1,  global score, mean: 3.0935, std: 0.0000, sample size: 1
Score for 2B3P_new_342 from FASTA, mean: 3.1005, std: 0.0000, sample size: 1,  global score, mean: 3.1005, std: 0.0000, sample size: 1
Score for 2B3P_new_343 from FASTA, mean: 3.2395, std: 0.0000, sample size: 1,  global score, mean: 3.2395, std: 0.0000, sample size: 1
Score for 2B3P_new_344 from FASTA, mean: 3.1113, std: 0.0000, sample size: 1,  global score, mean: 3.1113, std: 0.0000, sample size: 1
Score for 2B3P_new_345 from FASTA, mean: 3.1329, std: 0.0000, sample size: 1,  global score, mean: 3.1329, std: 0.0000, sample size: 1
Score for 2B3P_new_346 from FASTA, mean: 3.0952, std: 0.0000, sample size: 1,  global score, mean: 3.0952, std: 0.0000, sample size: 1
Score for 2B3P_new_347 from FASTA, mean: 3.1040, std: 0.0000, sample size: 1,  global score, mean: 3.1040, std: 0.0000, sample size: 1
Score for 2B3P_new_348 from FASTA, mean: 3.1689, std: 0.0000, sample size: 1,  global score, mean: 3.1689, std: 0.0000, sample size: 1
Score for 2B3P_new_349 from FASTA, mean: 3.1463, std: 0.0000, sample size: 1,  global score, mean: 3.1463, std: 0.0000, sample size: 1
Score for 2B3P_new_350 from FASTA, mean: 3.0899, std: 0.0000, sample size: 1,  global score, mean: 3.0899, std: 0.0000, sample size: 1
Score for 2B3P_new_351 from FASTA, mean: 3.1474, std: 0.0000, sample size: 1,  global score, mean: 3.1474, std: 0.0000, sample size: 1
Score for 2B3P_new_352 from FASTA, mean: 3.0626, std: 0.0000, sample size: 1,  global score, mean: 3.0626, std: 0.0000, sample size: 1
Score for 2B3P_new_353 from FASTA, mean: 2.9920, std: 0.0000, sample size: 1,  global score, mean: 2.9920, std: 0.0000, sample size: 1
Score for 2B3P_new_354 from FASTA, mean: 3.1847, std: 0.0000, sample size: 1,  global score, mean: 3.1847, std: 0.0000, sample size: 1
Score for 2B3P_new_355 from FASTA, mean: 3.0715, std: 0.0000, sample size: 1,  global score, mean: 3.0715, std: 0.0000, sample size: 1
Score for 2B3P_new_356 from FASTA, mean: 3.2236, std: 0.0000, sample size: 1,  global score, mean: 3.2236, std: 0.0000, sample size: 1
Score for 2B3P_new_357 from FASTA, mean: 3.0231, std: 0.0000, sample size: 1,  global score, mean: 3.0231, std: 0.0000, sample size: 1
Score for 2B3P_new_358 from FASTA, mean: 3.0487, std: 0.0000, sample size: 1,  global score, mean: 3.0487, std: 0.0000, sample size: 1
Score for 2B3P_new_359 from FASTA, mean: 3.0897, std: 0.0000, sample size: 1,  global score, mean: 3.0897, std: 0.0000, sample size: 1
Score for 2B3P_new_360 from FASTA, mean: 3.0177, std: 0.0000, sample size: 1,  global score, mean: 3.0177, std: 0.0000, sample size: 1
Score for 2B3P_new_361 from FASTA, mean: 3.2425, std: 0.0000, sample size: 1,  global score, mean: 3.2425, std: 0.0000, sample size: 1
Score for 2B3P_new_362 from FASTA, mean: 3.0571, std: 0.0000, sample size: 1,  global score, mean: 3.0571, std: 0.0000, sample size: 1
Score for 2B3P_new_363 from FASTA, mean: 3.0828, std: 0.0000, sample size: 1,  global score, mean: 3.0828, std: 0.0000, sample size: 1
Score for 2B3P_new_364 from FASTA, mean: 3.2145, std: 0.0000, sample size: 1,  global score, mean: 3.2145, std: 0.0000, sample size: 1
Score for 2B3P_new_365 from FASTA, mean: 3.1504, std: 0.0000, sample size: 1,  global score, mean: 3.1504, std: 0.0000, sample size: 1
Score for 2B3P_new_366 from FASTA, mean: 3.1877, std: 0.0000, sample size: 1,  global score, mean: 3.1877, std: 0.0000, sample size: 1
Score for 2B3P_new_367 from FASTA, mean: 3.1946, std: 0.0000, sample size: 1,  global score, mean: 3.1946, std: 0.0000, sample size: 1
Score for 2B3P_new_368 from FASTA, mean: 3.0875, std: 0.0000, sample size: 1,  global score, mean: 3.0875, std: 0.0000, sample size: 1
Score for 2B3P_new_369 from FASTA, mean: 3.0247, std: 0.0000, sample size: 1,  global score, mean: 3.0247, std: 0.0000, sample size: 1
Score for 2B3P_new_370 from FASTA, mean: 3.1790, std: 0.0000, sample size: 1,  global score, mean: 3.1790, std: 0.0000, sample size: 1
Score for 2B3P_new_371 from FASTA, mean: 3.1439, std: 0.0000, sample size: 1,  global score, mean: 3.1439, std: 0.0000, sample size: 1
Score for 2B3P_new_372 from FASTA, mean: 3.0053, std: 0.0000, sample size: 1,  global score, mean: 3.0053, std: 0.0000, sample size: 1
Score for 2B3P_new_373 from FASTA, mean: 3.0412, std: 0.0000, sample size: 1,  global score, mean: 3.0412, std: 0.0000, sample size: 1
Score for 2B3P_new_374 from FASTA, mean: 3.0479, std: 0.0000, sample size: 1,  global score, mean: 3.0479, std: 0.0000, sample size: 1
Score for 2B3P_new_375 from FASTA, mean: 3.0295, std: 0.0000, sample size: 1,  global score, mean: 3.0295, std: 0.0000, sample size: 1
Score for 2B3P_new_376 from FASTA, mean: 3.0853, std: 0.0000, sample size: 1,  global score, mean: 3.0853, std: 0.0000, sample size: 1
Score for 2B3P_new_377 from FASTA, mean: 3.1036, std: 0.0000, sample size: 1,  global score, mean: 3.1036, std: 0.0000, sample size: 1
Score for 2B3P_new_378 from FASTA, mean: 3.1776, std: 0.0000, sample size: 1,  global score, mean: 3.1776, std: 0.0000, sample size: 1
Score for 2B3P_new_379 from FASTA, mean: 3.1773, std: 0.0000, sample size: 1,  global score, mean: 3.1773, std: 0.0000, sample size: 1
Score for 2B3P_new_380 from FASTA, mean: 3.0601, std: 0.0000, sample size: 1,  global score, mean: 3.0601, std: 0.0000, sample size: 1
Score for 2B3P_new_381 from FASTA, mean: 3.0836, std: 0.0000, sample size: 1,  global score, mean: 3.0836, std: 0.0000, sample size: 1
Score for 2B3P_new_382 from FASTA, mean: 3.1135, std: 0.0000, sample size: 1,  global score, mean: 3.1135, std: 0.0000, sample size: 1
Score for 2B3P_new_383 from FASTA, mean: 3.0322, std: 0.0000, sample size: 1,  global score, mean: 3.0322, std: 0.0000, sample size: 1
Score for 2B3P_new_384 from FASTA, mean: 3.1027, std: 0.0000, sample size: 1,  global score, mean: 3.1027, std: 0.0000, sample size: 1
Score for 2B3P_new_385 from FASTA, mean: 3.0755, std: 0.0000, sample size: 1,  global score, mean: 3.0755, std: 0.0000, sample size: 1
Score for 2B3P_new_386 from FASTA, mean: 3.0564, std: 0.0000, sample size: 1,  global score, mean: 3.0564, std: 0.0000, sample size: 1
Score for 2B3P_new_387 from FASTA, mean: 2.9631, std: 0.0000, sample size: 1,  global score, mean: 2.9631, std: 0.0000, sample size: 1
Score for 2B3P_new_388 from FASTA, mean: 3.1938, std: 0.0000, sample size: 1,  global score, mean: 3.1938, std: 0.0000, sample size: 1
Score for 2B3P_new_389 from FASTA, mean: 3.0713, std: 0.0000, sample size: 1,  global score, mean: 3.0713, std: 0.0000, sample size: 1
Score for 2B3P_new_390 from FASTA, mean: 3.0685, std: 0.0000, sample size: 1,  global score, mean: 3.0685, std: 0.0000, sample size: 1
Score for 2B3P_new_391 from FASTA, mean: 3.0509, std: 0.0000, sample size: 1,  global score, mean: 3.0509, std: 0.0000, sample size: 1
Score for 2B3P_new_392 from FASTA, mean: 3.0704, std: 0.0000, sample size: 1,  global score, mean: 3.0704, std: 0.0000, sample size: 1
Score for 2B3P_new_393 from FASTA, mean: 3.1418, std: 0.0000, sample size: 1,  global score, mean: 3.1418, std: 0.0000, sample size: 1
Score for 2B3P_new_394 from FASTA, mean: 3.1490, std: 0.0000, sample size: 1,  global score, mean: 3.1490, std: 0.0000, sample size: 1
Score for 2B3P_new_395 from FASTA, mean: 3.0564, std: 0.0000, sample size: 1,  global score, mean: 3.0564, std: 0.0000, sample size: 1
Score for 2B3P_new_396 from FASTA, mean: 3.1263, std: 0.0000, sample size: 1,  global score, mean: 3.1263, std: 0.0000, sample size: 1
Score for 2B3P_new_397 from FASTA, mean: 3.0404, std: 0.0000, sample size: 1,  global score, mean: 3.0404, std: 0.0000, sample size: 1
Score for 2B3P_new_398 from FASTA, mean: 3.1651, std: 0.0000, sample size: 1,  global score, mean: 3.1651, std: 0.0000, sample size: 1
Score for 2B3P_new_399 from FASTA, mean: 3.0592, std: 0.0000, sample size: 1,  global score, mean: 3.0592, std: 0.0000, sample size: 1
Score for 2B3P_new_400 from FASTA, mean: 3.1042, std: 0.0000, sample size: 1,  global score, mean: 3.1042, std: 0.0000, sample size: 1
Score for 2B3P_new_401 from FASTA, mean: 3.0523, std: 0.0000, sample size: 1,  global score, mean: 3.0523, std: 0.0000, sample size: 1
Score for 2B3P_new_402 from FASTA, mean: 3.1235, std: 0.0000, sample size: 1,  global score, mean: 3.1235, std: 0.0000, sample size: 1
Score for 2B3P_new_403 from FASTA, mean: 3.1252, std: 0.0000, sample size: 1,  global score, mean: 3.1252, std: 0.0000, sample size: 1
Score for 2B3P_new_404 from FASTA, mean: 3.1116, std: 0.0000, sample size: 1,  global score, mean: 3.1116, std: 0.0000, sample size: 1
Score for 2B3P_new_405 from FASTA, mean: 3.1781, std: 0.0000, sample size: 1,  global score, mean: 3.1781, std: 0.0000, sample size: 1
Score for 2B3P_new_406 from FASTA, mean: 3.1611, std: 0.0000, sample size: 1,  global score, mean: 3.1611, std: 0.0000, sample size: 1
Score for 2B3P_new_407 from FASTA, mean: 3.1319, std: 0.0000, sample size: 1,  global score, mean: 3.1319, std: 0.0000, sample size: 1
Score for 2B3P_new_408 from FASTA, mean: 3.0934, std: 0.0000, sample size: 1,  global score, mean: 3.0934, std: 0.0000, sample size: 1
Score for 2B3P_new_409 from FASTA, mean: 3.1740, std: 0.0000, sample size: 1,  global score, mean: 3.1740, std: 0.0000, sample size: 1
Score for 2B3P_new_410 from FASTA, mean: 3.0616, std: 0.0000, sample size: 1,  global score, mean: 3.0616, std: 0.0000, sample size: 1
Score for 2B3P_new_411 from FASTA, mean: 3.0724, std: 0.0000, sample size: 1,  global score, mean: 3.0724, std: 0.0000, sample size: 1
Score for 2B3P_new_412 from FASTA, mean: 3.1277, std: 0.0000, sample size: 1,  global score, mean: 3.1277, std: 0.0000, sample size: 1
Score for 2B3P_new_413 from FASTA, mean: 3.0402, std: 0.0000, sample size: 1,  global score, mean: 3.0402, std: 0.0000, sample size: 1
Score for 2B3P_new_414 from FASTA, mean: 3.0801, std: 0.0000, sample size: 1,  global score, mean: 3.0801, std: 0.0000, sample size: 1
Score for 2B3P_new_415 from FASTA, mean: 3.1861, std: 0.0000, sample size: 1,  global score, mean: 3.1861, std: 0.0000, sample size: 1
Score for 2B3P_new_416 from FASTA, mean: 3.0541, std: 0.0000, sample size: 1,  global score, mean: 3.0541, std: 0.0000, sample size: 1
Score for 2B3P_new_417 from FASTA, mean: 2.9885, std: 0.0000, sample size: 1,  global score, mean: 2.9885, std: 0.0000, sample size: 1
Score for 2B3P_new_418 from FASTA, mean: 3.3294, std: 0.0000, sample size: 1,  global score, mean: 3.3294, std: 0.0000, sample size: 1
Score for 2B3P_new_419 from FASTA, mean: 3.1452, std: 0.0000, sample size: 1,  global score, mean: 3.1452, std: 0.0000, sample size: 1
Score for 2B3P_new_420 from FASTA, mean: 3.2094, std: 0.0000, sample size: 1,  global score, mean: 3.2094, std: 0.0000, sample size: 1
Score for 2B3P_new_421 from FASTA, mean: 3.1316, std: 0.0000, sample size: 1,  global score, mean: 3.1316, std: 0.0000, sample size: 1
Score for 2B3P_new_422 from FASTA, mean: 3.1516, std: 0.0000, sample size: 1,  global score, mean: 3.1516, std: 0.0000, sample size: 1
Score for 2B3P_new_423 from FASTA, mean: 3.1502, std: 0.0000, sample size: 1,  global score, mean: 3.1502, std: 0.0000, sample size: 1
Score for 2B3P_new_424 from FASTA, mean: 3.1177, std: 0.0000, sample size: 1,  global score, mean: 3.1177, std: 0.0000, sample size: 1
Score for 2B3P_new_425 from FASTA, mean: 3.1885, std: 0.0000, sample size: 1,  global score, mean: 3.1885, std: 0.0000, sample size: 1
Score for 2B3P_new_426 from FASTA, mean: 3.1205, std: 0.0000, sample size: 1,  global score, mean: 3.1205, std: 0.0000, sample size: 1
Score for 2B3P_new_427 from FASTA, mean: 3.2932, std: 0.0000, sample size: 1,  global score, mean: 3.2932, std: 0.0000, sample size: 1
Score for 2B3P_new_428 from FASTA, mean: 3.2560, std: 0.0000, sample size: 1,  global score, mean: 3.2560, std: 0.0000, sample size: 1
Score for 2B3P_new_429 from FASTA, mean: 3.1315, std: 0.0000, sample size: 1,  global score, mean: 3.1315, std: 0.0000, sample size: 1
Score for 2B3P_new_430 from FASTA, mean: 3.0629, std: 0.0000, sample size: 1,  global score, mean: 3.0629, std: 0.0000, sample size: 1
Score for 2B3P_new_431 from FASTA, mean: 3.1230, std: 0.0000, sample size: 1,  global score, mean: 3.1230, std: 0.0000, sample size: 1
Score for 2B3P_new_432 from FASTA, mean: 3.0070, std: 0.0000, sample size: 1,  global score, mean: 3.0070, std: 0.0000, sample size: 1
Score for 2B3P_new_433 from FASTA, mean: 3.1050, std: 0.0000, sample size: 1,  global score, mean: 3.1050, std: 0.0000, sample size: 1
Score for 2B3P_new_434 from FASTA, mean: 3.0486, std: 0.0000, sample size: 1,  global score, mean: 3.0486, std: 0.0000, sample size: 1
Score for 2B3P_new_435 from FASTA, mean: 3.1707, std: 0.0000, sample size: 1,  global score, mean: 3.1707, std: 0.0000, sample size: 1
Score for 2B3P_new_436 from FASTA, mean: 3.1441, std: 0.0000, sample size: 1,  global score, mean: 3.1441, std: 0.0000, sample size: 1
Score for 2B3P_new_437 from FASTA, mean: 3.0915, std: 0.0000, sample size: 1,  global score, mean: 3.0915, std: 0.0000, sample size: 1
Score for 2B3P_new_438 from FASTA, mean: 3.0391, std: 0.0000, sample size: 1,  global score, mean: 3.0391, std: 0.0000, sample size: 1
Score for 2B3P_new_439 from FASTA, mean: 3.1390, std: 0.0000, sample size: 1,  global score, mean: 3.1390, std: 0.0000, sample size: 1
Score for 2B3P_new_440 from FASTA, mean: 3.1542, std: 0.0000, sample size: 1,  global score, mean: 3.1542, std: 0.0000, sample size: 1
Score for 2B3P_new_441 from FASTA, mean: 3.0882, std: 0.0000, sample size: 1,  global score, mean: 3.0882, std: 0.0000, sample size: 1
Score for 2B3P_new_442 from FASTA, mean: 3.0707, std: 0.0000, sample size: 1,  global score, mean: 3.0707, std: 0.0000, sample size: 1
Score for 2B3P_new_443 from FASTA, mean: 3.0981, std: 0.0000, sample size: 1,  global score, mean: 3.0981, std: 0.0000, sample size: 1
Score for 2B3P_new_444 from FASTA, mean: 3.0758, std: 0.0000, sample size: 1,  global score, mean: 3.0758, std: 0.0000, sample size: 1
Score for 2B3P_new_445 from FASTA, mean: 3.1437, std: 0.0000, sample size: 1,  global score, mean: 3.1437, std: 0.0000, sample size: 1
Score for 2B3P_new_446 from FASTA, mean: 2.9673, std: 0.0000, sample size: 1,  global score, mean: 2.9673, std: 0.0000, sample size: 1
Score for 2B3P_new_447 from FASTA, mean: 3.0956, std: 0.0000, sample size: 1,  global score, mean: 3.0956, std: 0.0000, sample size: 1
Score for 2B3P_new_448 from FASTA, mean: 3.2382, std: 0.0000, sample size: 1,  global score, mean: 3.2382, std: 0.0000, sample size: 1
Score for 2B3P_new_449 from FASTA, mean: 3.2087, std: 0.0000, sample size: 1,  global score, mean: 3.2087, std: 0.0000, sample size: 1
Score for 2B3P_new_450 from FASTA, mean: 3.0610, std: 0.0000, sample size: 1,  global score, mean: 3.0610, std: 0.0000, sample size: 1
Score for 2B3P_new_451 from FASTA, mean: 3.2011, std: 0.0000, sample size: 1,  global score, mean: 3.2011, std: 0.0000, sample size: 1
Score for 2B3P_new_452 from FASTA, mean: 3.2244, std: 0.0000, sample size: 1,  global score, mean: 3.2244, std: 0.0000, sample size: 1
Score for 2B3P_new_453 from FASTA, mean: 3.0895, std: 0.0000, sample size: 1,  global score, mean: 3.0895, std: 0.0000, sample size: 1
Score for 2B3P_new_454 from FASTA, mean: 3.2408, std: 0.0000, sample size: 1,  global score, mean: 3.2408, std: 0.0000, sample size: 1
Score for 2B3P_new_455 from FASTA, mean: 3.0536, std: 0.0000, sample size: 1,  global score, mean: 3.0536, std: 0.0000, sample size: 1
Score for 2B3P_new_456 from FASTA, mean: 3.1914, std: 0.0000, sample size: 1,  global score, mean: 3.1914, std: 0.0000, sample size: 1
Score for 2B3P_new_457 from FASTA, mean: 3.2517, std: 0.0000, sample size: 1,  global score, mean: 3.2517, std: 0.0000, sample size: 1
Score for 2B3P_new_458 from FASTA, mean: 3.0691, std: 0.0000, sample size: 1,  global score, mean: 3.0691, std: 0.0000, sample size: 1
Score for 2B3P_new_459 from FASTA, mean: 3.0739, std: 0.0000, sample size: 1,  global score, mean: 3.0739, std: 0.0000, sample size: 1
Score for 2B3P_new_460 from FASTA, mean: 3.2576, std: 0.0000, sample size: 1,  global score, mean: 3.2576, std: 0.0000, sample size: 1
Score for 2B3P_new_461 from FASTA, mean: 3.1159, std: 0.0000, sample size: 1,  global score, mean: 3.1159, std: 0.0000, sample size: 1
Score for 2B3P_new_462 from FASTA, mean: 3.0877, std: 0.0000, sample size: 1,  global score, mean: 3.0877, std: 0.0000, sample size: 1
Score for 2B3P_new_463 from FASTA, mean: 3.0735, std: 0.0000, sample size: 1,  global score, mean: 3.0735, std: 0.0000, sample size: 1
Score for 2B3P_new_464 from FASTA, mean: 3.1659, std: 0.0000, sample size: 1,  global score, mean: 3.1659, std: 0.0000, sample size: 1
Score for 2B3P_new_465 from FASTA, mean: 3.2370, std: 0.0000, sample size: 1,  global score, mean: 3.2370, std: 0.0000, sample size: 1
Score for 2B3P_new_466 from FASTA, mean: 3.1697, std: 0.0000, sample size: 1,  global score, mean: 3.1697, std: 0.0000, sample size: 1
Score for 2B3P_new_467 from FASTA, mean: 3.2892, std: 0.0000, sample size: 1,  global score, mean: 3.2892, std: 0.0000, sample size: 1
Score for 2B3P_new_468 from FASTA, mean: 3.0961, std: 0.0000, sample size: 1,  global score, mean: 3.0961, std: 0.0000, sample size: 1
Score for 2B3P_new_469 from FASTA, mean: 3.1148, std: 0.0000, sample size: 1,  global score, mean: 3.1148, std: 0.0000, sample size: 1
Score for 2B3P_new_470 from FASTA, mean: 3.0989, std: 0.0000, sample size: 1,  global score, mean: 3.0989, std: 0.0000, sample size: 1
Score for 2B3P_new_471 from FASTA, mean: 3.1015, std: 0.0000, sample size: 1,  global score, mean: 3.1015, std: 0.0000, sample size: 1
Score for 2B3P_new_472 from FASTA, mean: 3.2061, std: 0.0000, sample size: 1,  global score, mean: 3.2061, std: 0.0000, sample size: 1
Score for 2B3P_new_473 from FASTA, mean: 3.1262, std: 0.0000, sample size: 1,  global score, mean: 3.1262, std: 0.0000, sample size: 1
Score for 2B3P_new_474 from FASTA, mean: 3.1224, std: 0.0000, sample size: 1,  global score, mean: 3.1224, std: 0.0000, sample size: 1
Score for 2B3P_new_475 from FASTA, mean: 3.1713, std: 0.0000, sample size: 1,  global score, mean: 3.1713, std: 0.0000, sample size: 1
Score for 2B3P_new_476 from FASTA, mean: 2.9660, std: 0.0000, sample size: 1,  global score, mean: 2.9660, std: 0.0000, sample size: 1
Score for 2B3P_new_477 from FASTA, mean: 3.1662, std: 0.0000, sample size: 1,  global score, mean: 3.1662, std: 0.0000, sample size: 1
Score for 2B3P_new_478 from FASTA, mean: 2.9669, std: 0.0000, sample size: 1,  global score, mean: 2.9669, std: 0.0000, sample size: 1
Score for 2B3P_new_479 from FASTA, mean: 3.1395, std: 0.0000, sample size: 1,  global score, mean: 3.1395, std: 0.0000, sample size: 1
Score for 2B3P_new_480 from FASTA, mean: 3.1242, std: 0.0000, sample size: 1,  global score, mean: 3.1242, std: 0.0000, sample size: 1
Score for 2B3P_new_481 from FASTA, mean: 3.0973, std: 0.0000, sample size: 1,  global score, mean: 3.0973, std: 0.0000, sample size: 1
Score for 2B3P_new_482 from FASTA, mean: 3.1151, std: 0.0000, sample size: 1,  global score, mean: 3.1151, std: 0.0000, sample size: 1
Score for 2B3P_new_483 from FASTA, mean: 3.0201, std: 0.0000, sample size: 1,  global score, mean: 3.0201, std: 0.0000, sample size: 1
Score for 2B3P_new_484 from FASTA, mean: 3.0704, std: 0.0000, sample size: 1,  global score, mean: 3.0704, std: 0.0000, sample size: 1
Score for 2B3P_new_485 from FASTA, mean: 3.2488, std: 0.0000, sample size: 1,  global score, mean: 3.2488, std: 0.0000, sample size: 1
Score for 2B3P_new_486 from FASTA, mean: 3.1123, std: 0.0000, sample size: 1,  global score, mean: 3.1123, std: 0.0000, sample size: 1
Score for 2B3P_new_487 from FASTA, mean: 3.1316, std: 0.0000, sample size: 1,  global score, mean: 3.1316, std: 0.0000, sample size: 1
Score for 2B3P_new_488 from FASTA, mean: 3.2053, std: 0.0000, sample size: 1,  global score, mean: 3.2053, std: 0.0000, sample size: 1
Score for 2B3P_new_489 from FASTA, mean: 3.1507, std: 0.0000, sample size: 1,  global score, mean: 3.1507, std: 0.0000, sample size: 1
Score for 2B3P_new_490 from FASTA, mean: 3.1469, std: 0.0000, sample size: 1,  global score, mean: 3.1469, std: 0.0000, sample size: 1
Score for 2B3P_new_491 from FASTA, mean: 3.1136, std: 0.0000, sample size: 1,  global score, mean: 3.1136, std: 0.0000, sample size: 1
Score for 2B3P_new_492 from FASTA, mean: 2.9132, std: 0.0000, sample size: 1,  global score, mean: 2.9132, std: 0.0000, sample size: 1
Score for 2B3P_new_493 from FASTA, mean: 3.1506, std: 0.0000, sample size: 1,  global score, mean: 3.1506, std: 0.0000, sample size: 1
Score for 2B3P_new_494 from FASTA, mean: 3.0538, std: 0.0000, sample size: 1,  global score, mean: 3.0538, std: 0.0000, sample size: 1
Score for 2B3P_new_495 from FASTA, mean: 3.1923, std: 0.0000, sample size: 1,  global score, mean: 3.1923, std: 0.0000, sample size: 1
Score for 2B3P_new_496 from FASTA, mean: 3.1181, std: 0.0000, sample size: 1,  global score, mean: 3.1181, std: 0.0000, sample size: 1
Score for 2B3P_new_497 from FASTA, mean: 3.1620, std: 0.0000, sample size: 1,  global score, mean: 3.1620, std: 0.0000, sample size: 1
Score for 2B3P_new_498 from FASTA, mean: 3.0999, std: 0.0000, sample size: 1,  global score, mean: 3.0999, std: 0.0000, sample size: 1
Score for 2B3P_new_499 from FASTA, mean: 3.1506, std: 0.0000, sample size: 1,  global score, mean: 3.1506, std: 0.0000, sample size: 1
Score for 2B3P_new_500 from FASTA, mean: 3.0793, std: 0.0000, sample size: 1,  global score, mean: 3.0793, std: 0.0000, sample size: 1
