----------------------------------------
chain_id_jsonl is NOT loaded
----------------------------------------
fixed_positions_jsonl is NOT loaded
----------------------------------------
pssm_jsonl is NOT loaded
----------------------------------------
omit_AA_jsonl is NOT loaded
----------------------------------------
bias_AA_jsonl is NOT loaded
----------------------------------------
tied_positions_jsonl is NOT loaded
----------------------------------------
bias by residue dictionary is not loaded, or not provided
----------------------------------------
----------------------------------------
Number of edges: 48
Training noise level: 0.2A
Score for 2B3P_new from PDB, mean: 1.0909, std: 0.0000, sample size: 1,  global score, mean: 1.0909, std: 0.0000, sample size: 1
Score for 2B3P_new_1 from FASTA, mean: 2.9702, std: 0.0000, sample size: 1,  global score, mean: 2.9702, std: 0.0000, sample size: 1
Score for 2B3P_new_2 from FASTA, mean: 2.9985, std: 0.0000, sample size: 1,  global score, mean: 2.9985, std: 0.0000, sample size: 1
Score for 2B3P_new_3 from FASTA, mean: 2.9421, std: 0.0000, sample size: 1,  global score, mean: 2.9421, std: 0.0000, sample size: 1
Score for 2B3P_new_4 from FASTA, mean: 2.9347, std: 0.0000, sample size: 1,  global score, mean: 2.9347, std: 0.0000, sample size: 1
Score for 2B3P_new_5 from FASTA, mean: 2.9406, std: 0.0000, sample size: 1,  global score, mean: 2.9406, std: 0.0000, sample size: 1
Score for 2B3P_new_6 from FASTA, mean: 2.9787, std: 0.0000, sample size: 1,  global score, mean: 2.9787, std: 0.0000, sample size: 1
Score for 2B3P_new_7 from FASTA, mean: 3.0293, std: 0.0000, sample size: 1,  global score, mean: 3.0293, std: 0.0000, sample size: 1
Score for 2B3P_new_8 from FASTA, mean: 2.8925, std: 0.0000, sample size: 1,  global score, mean: 2.8925, std: 0.0000, sample size: 1
Score for 2B3P_new_9 from FASTA, mean: 2.9306, std: 0.0000, sample size: 1,  global score, mean: 2.9306, std: 0.0000, sample size: 1
Score for 2B3P_new_10 from FASTA, mean: 2.9194, std: 0.0000, sample size: 1,  global score, mean: 2.9194, std: 0.0000, sample size: 1
Score for 2B3P_new_11 from FASTA, mean: 2.9025, std: 0.0000, sample size: 1,  global score, mean: 2.9025, std: 0.0000, sample size: 1
Score for 2B3P_new_12 from FASTA, mean: 2.9181, std: 0.0000, sample size: 1,  global score, mean: 2.9181, std: 0.0000, sample size: 1
Score for 2B3P_new_13 from FASTA, mean: 2.9620, std: 0.0000, sample size: 1,  global score, mean: 2.9620, std: 0.0000, sample size: 1
Score for 2B3P_new_14 from FASTA, mean: 2.8925, std: 0.0000, sample size: 1,  global score, mean: 2.8925, std: 0.0000, sample size: 1
Score for 2B3P_new_15 from FASTA, mean: 2.9837, std: 0.0000, sample size: 1,  global score, mean: 2.9837, std: 0.0000, sample size: 1
Score for 2B3P_new_16 from FASTA, mean: 2.9870, std: 0.0000, sample size: 1,  global score, mean: 2.9870, std: 0.0000, sample size: 1
Score for 2B3P_new_17 from FASTA, mean: 2.9141, std: 0.0000, sample size: 1,  global score, mean: 2.9141, std: 0.0000, sample size: 1
Score for 2B3P_new_18 from FASTA, mean: 2.9020, std: 0.0000, sample size: 1,  global score, mean: 2.9020, std: 0.0000, sample size: 1
Score for 2B3P_new_19 from FASTA, mean: 3.0002, std: 0.0000, sample size: 1,  global score, mean: 3.0002, std: 0.0000, sample size: 1
Score for 2B3P_new_20 from FASTA, mean: 2.9862, std: 0.0000, sample size: 1,  global score, mean: 2.9862, std: 0.0000, sample size: 1
Score for 2B3P_new_21 from FASTA, mean: 2.9364, std: 0.0000, sample size: 1,  global score, mean: 2.9364, std: 0.0000, sample size: 1
Score for 2B3P_new_22 from FASTA, mean: 2.9166, std: 0.0000, sample size: 1,  global score, mean: 2.9166, std: 0.0000, sample size: 1
Score for 2B3P_new_23 from FASTA, mean: 2.8837, std: 0.0000, sample size: 1,  global score, mean: 2.8837, std: 0.0000, sample size: 1
Score for 2B3P_new_24 from FASTA, mean: 3.0461, std: 0.0000, sample size: 1,  global score, mean: 3.0461, std: 0.0000, sample size: 1
Score for 2B3P_new_25 from FASTA, mean: 2.9776, std: 0.0000, sample size: 1,  global score, mean: 2.9776, std: 0.0000, sample size: 1
Score for 2B3P_new_26 from FASTA, mean: 2.9471, std: 0.0000, sample size: 1,  global score, mean: 2.9471, std: 0.0000, sample size: 1
Score for 2B3P_new_27 from FASTA, mean: 2.9510, std: 0.0000, sample size: 1,  global score, mean: 2.9510, std: 0.0000, sample size: 1
Score for 2B3P_new_28 from FASTA, mean: 2.9729, std: 0.0000, sample size: 1,  global score, mean: 2.9729, std: 0.0000, sample size: 1
Score for 2B3P_new_29 from FASTA, mean: 2.8584, std: 0.0000, sample size: 1,  global score, mean: 2.8584, std: 0.0000, sample size: 1
Score for 2B3P_new_30 from FASTA, mean: 2.9857, std: 0.0000, sample size: 1,  global score, mean: 2.9857, std: 0.0000, sample size: 1
Score for 2B3P_new_31 from FASTA, mean: 2.9601, std: 0.0000, sample size: 1,  global score, mean: 2.9601, std: 0.0000, sample size: 1
Score for 2B3P_new_32 from FASTA, mean: 2.9865, std: 0.0000, sample size: 1,  global score, mean: 2.9865, std: 0.0000, sample size: 1
Score for 2B3P_new_33 from FASTA, mean: 2.8795, std: 0.0000, sample size: 1,  global score, mean: 2.8795, std: 0.0000, sample size: 1
Score for 2B3P_new_34 from FASTA, mean: 3.0364, std: 0.0000, sample size: 1,  global score, mean: 3.0364, std: 0.0000, sample size: 1
Score for 2B3P_new_35 from FASTA, mean: 2.9932, std: 0.0000, sample size: 1,  global score, mean: 2.9932, std: 0.0000, sample size: 1
Score for 2B3P_new_36 from FASTA, mean: 2.9542, std: 0.0000, sample size: 1,  global score, mean: 2.9542, std: 0.0000, sample size: 1
Score for 2B3P_new_37 from FASTA, mean: 2.9635, std: 0.0000, sample size: 1,  global score, mean: 2.9635, std: 0.0000, sample size: 1
Score for 2B3P_new_38 from FASTA, mean: 2.9971, std: 0.0000, sample size: 1,  global score, mean: 2.9971, std: 0.0000, sample size: 1
Score for 2B3P_new_39 from FASTA, mean: 2.9292, std: 0.0000, sample size: 1,  global score, mean: 2.9292, std: 0.0000, sample size: 1
Score for 2B3P_new_40 from FASTA, mean: 2.9476, std: 0.0000, sample size: 1,  global score, mean: 2.9476, std: 0.0000, sample size: 1
Score for 2B3P_new_41 from FASTA, mean: 2.9900, std: 0.0000, sample size: 1,  global score, mean: 2.9900, std: 0.0000, sample size: 1
Score for 2B3P_new_42 from FASTA, mean: 3.0151, std: 0.0000, sample size: 1,  global score, mean: 3.0151, std: 0.0000, sample size: 1
Score for 2B3P_new_43 from FASTA, mean: 2.9318, std: 0.0000, sample size: 1,  global score, mean: 2.9318, std: 0.0000, sample size: 1
Score for 2B3P_new_44 from FASTA, mean: 3.0058, std: 0.0000, sample size: 1,  global score, mean: 3.0058, std: 0.0000, sample size: 1
Score for 2B3P_new_45 from FASTA, mean: 2.8863, std: 0.0000, sample size: 1,  global score, mean: 2.8863, std: 0.0000, sample size: 1
Score for 2B3P_new_46 from FASTA, mean: 2.9176, std: 0.0000, sample size: 1,  global score, mean: 2.9176, std: 0.0000, sample size: 1
Score for 2B3P_new_47 from FASTA, mean: 3.0216, std: 0.0000, sample size: 1,  global score, mean: 3.0216, std: 0.0000, sample size: 1
Score for 2B3P_new_48 from FASTA, mean: 2.9828, std: 0.0000, sample size: 1,  global score, mean: 2.9828, std: 0.0000, sample size: 1
Score for 2B3P_new_49 from FASTA, mean: 2.9389, std: 0.0000, sample size: 1,  global score, mean: 2.9389, std: 0.0000, sample size: 1
Score for 2B3P_new_50 from FASTA, mean: 2.9152, std: 0.0000, sample size: 1,  global score, mean: 2.9152, std: 0.0000, sample size: 1
Score for 2B3P_new_51 from FASTA, mean: 2.9303, std: 0.0000, sample size: 1,  global score, mean: 2.9303, std: 0.0000, sample size: 1
Score for 2B3P_new_52 from FASTA, mean: 2.9695, std: 0.0000, sample size: 1,  global score, mean: 2.9695, std: 0.0000, sample size: 1
Score for 2B3P_new_53 from FASTA, mean: 3.0335, std: 0.0000, sample size: 1,  global score, mean: 3.0335, std: 0.0000, sample size: 1
Score for 2B3P_new_54 from FASTA, mean: 2.9957, std: 0.0000, sample size: 1,  global score, mean: 2.9957, std: 0.0000, sample size: 1
Score for 2B3P_new_55 from FASTA, mean: 2.9296, std: 0.0000, sample size: 1,  global score, mean: 2.9296, std: 0.0000, sample size: 1
Score for 2B3P_new_56 from FASTA, mean: 3.0044, std: 0.0000, sample size: 1,  global score, mean: 3.0044, std: 0.0000, sample size: 1
Score for 2B3P_new_57 from FASTA, mean: 2.9248, std: 0.0000, sample size: 1,  global score, mean: 2.9248, std: 0.0000, sample size: 1
Score for 2B3P_new_58 from FASTA, mean: 3.0097, std: 0.0000, sample size: 1,  global score, mean: 3.0097, std: 0.0000, sample size: 1
Score for 2B3P_new_59 from FASTA, mean: 2.8731, std: 0.0000, sample size: 1,  global score, mean: 2.8731, std: 0.0000, sample size: 1
Score for 2B3P_new_60 from FASTA, mean: 2.9595, std: 0.0000, sample size: 1,  global score, mean: 2.9595, std: 0.0000, sample size: 1
Score for 2B3P_new_61 from FASTA, mean: 2.9459, std: 0.0000, sample size: 1,  global score, mean: 2.9459, std: 0.0000, sample size: 1
Score for 2B3P_new_62 from FASTA, mean: 2.9367, std: 0.0000, sample size: 1,  global score, mean: 2.9367, std: 0.0000, sample size: 1
Score for 2B3P_new_63 from FASTA, mean: 3.0785, std: 0.0000, sample size: 1,  global score, mean: 3.0785, std: 0.0000, sample size: 1
Score for 2B3P_new_64 from FASTA, mean: 2.9108, std: 0.0000, sample size: 1,  global score, mean: 2.9108, std: 0.0000, sample size: 1
Score for 2B3P_new_65 from FASTA, mean: 3.0549, std: 0.0000, sample size: 1,  global score, mean: 3.0549, std: 0.0000, sample size: 1
Score for 2B3P_new_66 from FASTA, mean: 2.9355, std: 0.0000, sample size: 1,  global score, mean: 2.9355, std: 0.0000, sample size: 1
Score for 2B3P_new_67 from FASTA, mean: 2.9717, std: 0.0000, sample size: 1,  global score, mean: 2.9717, std: 0.0000, sample size: 1
Score for 2B3P_new_68 from FASTA, mean: 2.9743, std: 0.0000, sample size: 1,  global score, mean: 2.9743, std: 0.0000, sample size: 1
Score for 2B3P_new_69 from FASTA, mean: 3.0720, std: 0.0000, sample size: 1,  global score, mean: 3.0720, std: 0.0000, sample size: 1
Score for 2B3P_new_70 from FASTA, mean: 2.9869, std: 0.0000, sample size: 1,  global score, mean: 2.9869, std: 0.0000, sample size: 1
Score for 2B3P_new_71 from FASTA, mean: 2.9105, std: 0.0000, sample size: 1,  global score, mean: 2.9105, std: 0.0000, sample size: 1
Score for 2B3P_new_72 from FASTA, mean: 3.0026, std: 0.0000, sample size: 1,  global score, mean: 3.0026, std: 0.0000, sample size: 1
Score for 2B3P_new_73 from FASTA, mean: 2.9446, std: 0.0000, sample size: 1,  global score, mean: 2.9446, std: 0.0000, sample size: 1
Score for 2B3P_new_74 from FASTA, mean: 2.9174, std: 0.0000, sample size: 1,  global score, mean: 2.9174, std: 0.0000, sample size: 1
Score for 2B3P_new_75 from FASTA, mean: 2.9653, std: 0.0000, sample size: 1,  global score, mean: 2.9653, std: 0.0000, sample size: 1
Score for 2B3P_new_76 from FASTA, mean: 2.9994, std: 0.0000, sample size: 1,  global score, mean: 2.9994, std: 0.0000, sample size: 1
Score for 2B3P_new_77 from FASTA, mean: 2.9435, std: 0.0000, sample size: 1,  global score, mean: 2.9435, std: 0.0000, sample size: 1
Score for 2B3P_new_78 from FASTA, mean: 2.9443, std: 0.0000, sample size: 1,  global score, mean: 2.9443, std: 0.0000, sample size: 1
Score for 2B3P_new_79 from FASTA, mean: 2.9654, std: 0.0000, sample size: 1,  global score, mean: 2.9654, std: 0.0000, sample size: 1
Score for 2B3P_new_80 from FASTA, mean: 2.9620, std: 0.0000, sample size: 1,  global score, mean: 2.9620, std: 0.0000, sample size: 1
Score for 2B3P_new_81 from FASTA, mean: 3.0571, std: 0.0000, sample size: 1,  global score, mean: 3.0571, std: 0.0000, sample size: 1
Score for 2B3P_new_82 from FASTA, mean: 2.8796, std: 0.0000, sample size: 1,  global score, mean: 2.8796, std: 0.0000, sample size: 1
Score for 2B3P_new_83 from FASTA, mean: 2.9738, std: 0.0000, sample size: 1,  global score, mean: 2.9738, std: 0.0000, sample size: 1
Score for 2B3P_new_84 from FASTA, mean: 3.0563, std: 0.0000, sample size: 1,  global score, mean: 3.0563, std: 0.0000, sample size: 1
Score for 2B3P_new_85 from FASTA, mean: 3.0177, std: 0.0000, sample size: 1,  global score, mean: 3.0177, std: 0.0000, sample size: 1
Score for 2B3P_new_86 from FASTA, mean: 2.9326, std: 0.0000, sample size: 1,  global score, mean: 2.9326, std: 0.0000, sample size: 1
Score for 2B3P_new_87 from FASTA, mean: 2.8332, std: 0.0000, sample size: 1,  global score, mean: 2.8332, std: 0.0000, sample size: 1
Score for 2B3P_new_88 from FASTA, mean: 2.9715, std: 0.0000, sample size: 1,  global score, mean: 2.9715, std: 0.0000, sample size: 1
Score for 2B3P_new_89 from FASTA, mean: 3.0159, std: 0.0000, sample size: 1,  global score, mean: 3.0159, std: 0.0000, sample size: 1
Score for 2B3P_new_90 from FASTA, mean: 2.8673, std: 0.0000, sample size: 1,  global score, mean: 2.8673, std: 0.0000, sample size: 1
Score for 2B3P_new_91 from FASTA, mean: 2.9401, std: 0.0000, sample size: 1,  global score, mean: 2.9401, std: 0.0000, sample size: 1
Score for 2B3P_new_92 from FASTA, mean: 2.9814, std: 0.0000, sample size: 1,  global score, mean: 2.9814, std: 0.0000, sample size: 1
Score for 2B3P_new_93 from FASTA, mean: 2.9718, std: 0.0000, sample size: 1,  global score, mean: 2.9718, std: 0.0000, sample size: 1
Score for 2B3P_new_94 from FASTA, mean: 3.0040, std: 0.0000, sample size: 1,  global score, mean: 3.0040, std: 0.0000, sample size: 1
Score for 2B3P_new_95 from FASTA, mean: 3.0713, std: 0.0000, sample size: 1,  global score, mean: 3.0713, std: 0.0000, sample size: 1
Score for 2B3P_new_96 from FASTA, mean: 2.9737, std: 0.0000, sample size: 1,  global score, mean: 2.9737, std: 0.0000, sample size: 1
Score for 2B3P_new_97 from FASTA, mean: 2.9069, std: 0.0000, sample size: 1,  global score, mean: 2.9069, std: 0.0000, sample size: 1
Score for 2B3P_new_98 from FASTA, mean: 2.8742, std: 0.0000, sample size: 1,  global score, mean: 2.8742, std: 0.0000, sample size: 1
Score for 2B3P_new_99 from FASTA, mean: 2.9122, std: 0.0000, sample size: 1,  global score, mean: 2.9122, std: 0.0000, sample size: 1
Score for 2B3P_new_100 from FASTA, mean: 2.9784, std: 0.0000, sample size: 1,  global score, mean: 2.9784, std: 0.0000, sample size: 1
Score for 2B3P_new_101 from FASTA, mean: 3.0368, std: 0.0000, sample size: 1,  global score, mean: 3.0368, std: 0.0000, sample size: 1
Score for 2B3P_new_102 from FASTA, mean: 3.0687, std: 0.0000, sample size: 1,  global score, mean: 3.0687, std: 0.0000, sample size: 1
Score for 2B3P_new_103 from FASTA, mean: 3.0990, std: 0.0000, sample size: 1,  global score, mean: 3.0990, std: 0.0000, sample size: 1
Score for 2B3P_new_104 from FASTA, mean: 3.0104, std: 0.0000, sample size: 1,  global score, mean: 3.0104, std: 0.0000, sample size: 1
Score for 2B3P_new_105 from FASTA, mean: 2.9922, std: 0.0000, sample size: 1,  global score, mean: 2.9922, std: 0.0000, sample size: 1
Score for 2B3P_new_106 from FASTA, mean: 3.1513, std: 0.0000, sample size: 1,  global score, mean: 3.1513, std: 0.0000, sample size: 1
Score for 2B3P_new_107 from FASTA, mean: 3.0029, std: 0.0000, sample size: 1,  global score, mean: 3.0029, std: 0.0000, sample size: 1
Score for 2B3P_new_108 from FASTA, mean: 3.0643, std: 0.0000, sample size: 1,  global score, mean: 3.0643, std: 0.0000, sample size: 1
Score for 2B3P_new_109 from FASTA, mean: 3.0686, std: 0.0000, sample size: 1,  global score, mean: 3.0686, std: 0.0000, sample size: 1
Score for 2B3P_new_110 from FASTA, mean: 2.9477, std: 0.0000, sample size: 1,  global score, mean: 2.9477, std: 0.0000, sample size: 1
Score for 2B3P_new_111 from FASTA, mean: 3.0051, std: 0.0000, sample size: 1,  global score, mean: 3.0051, std: 0.0000, sample size: 1
Score for 2B3P_new_112 from FASTA, mean: 3.0852, std: 0.0000, sample size: 1,  global score, mean: 3.0852, std: 0.0000, sample size: 1
Score for 2B3P_new_113 from FASTA, mean: 3.1102, std: 0.0000, sample size: 1,  global score, mean: 3.1102, std: 0.0000, sample size: 1
Score for 2B3P_new_114 from FASTA, mean: 2.9755, std: 0.0000, sample size: 1,  global score, mean: 2.9755, std: 0.0000, sample size: 1
Score for 2B3P_new_115 from FASTA, mean: 2.9288, std: 0.0000, sample size: 1,  global score, mean: 2.9288, std: 0.0000, sample size: 1
Score for 2B3P_new_116 from FASTA, mean: 3.0573, std: 0.0000, sample size: 1,  global score, mean: 3.0573, std: 0.0000, sample size: 1
Score for 2B3P_new_117 from FASTA, mean: 3.0199, std: 0.0000, sample size: 1,  global score, mean: 3.0199, std: 0.0000, sample size: 1
Score for 2B3P_new_118 from FASTA, mean: 3.0859, std: 0.0000, sample size: 1,  global score, mean: 3.0859, std: 0.0000, sample size: 1
Score for 2B3P_new_119 from FASTA, mean: 3.0511, std: 0.0000, sample size: 1,  global score, mean: 3.0511, std: 0.0000, sample size: 1
Score for 2B3P_new_120 from FASTA, mean: 3.0269, std: 0.0000, sample size: 1,  global score, mean: 3.0269, std: 0.0000, sample size: 1
Score for 2B3P_new_121 from FASTA, mean: 2.9617, std: 0.0000, sample size: 1,  global score, mean: 2.9617, std: 0.0000, sample size: 1
Score for 2B3P_new_122 from FASTA, mean: 3.0195, std: 0.0000, sample size: 1,  global score, mean: 3.0195, std: 0.0000, sample size: 1
Score for 2B3P_new_123 from FASTA, mean: 2.9834, std: 0.0000, sample size: 1,  global score, mean: 2.9834, std: 0.0000, sample size: 1
Score for 2B3P_new_124 from FASTA, mean: 3.0425, std: 0.0000, sample size: 1,  global score, mean: 3.0425, std: 0.0000, sample size: 1
Score for 2B3P_new_125 from FASTA, mean: 2.9992, std: 0.0000, sample size: 1,  global score, mean: 2.9992, std: 0.0000, sample size: 1
Score for 2B3P_new_126 from FASTA, mean: 2.9434, std: 0.0000, sample size: 1,  global score, mean: 2.9434, std: 0.0000, sample size: 1
Score for 2B3P_new_127 from FASTA, mean: 2.9954, std: 0.0000, sample size: 1,  global score, mean: 2.9954, std: 0.0000, sample size: 1
Score for 2B3P_new_128 from FASTA, mean: 2.9282, std: 0.0000, sample size: 1,  global score, mean: 2.9282, std: 0.0000, sample size: 1
Score for 2B3P_new_129 from FASTA, mean: 3.0374, std: 0.0000, sample size: 1,  global score, mean: 3.0374, std: 0.0000, sample size: 1
Score for 2B3P_new_130 from FASTA, mean: 2.9958, std: 0.0000, sample size: 1,  global score, mean: 2.9958, std: 0.0000, sample size: 1
Score for 2B3P_new_131 from FASTA, mean: 3.0451, std: 0.0000, sample size: 1,  global score, mean: 3.0451, std: 0.0000, sample size: 1
Score for 2B3P_new_132 from FASTA, mean: 2.9834, std: 0.0000, sample size: 1,  global score, mean: 2.9834, std: 0.0000, sample size: 1
Score for 2B3P_new_133 from FASTA, mean: 3.0272, std: 0.0000, sample size: 1,  global score, mean: 3.0272, std: 0.0000, sample size: 1
Score for 2B3P_new_134 from FASTA, mean: 2.8807, std: 0.0000, sample size: 1,  global score, mean: 2.8807, std: 0.0000, sample size: 1
Score for 2B3P_new_135 from FASTA, mean: 3.0343, std: 0.0000, sample size: 1,  global score, mean: 3.0343, std: 0.0000, sample size: 1
Score for 2B3P_new_136 from FASTA, mean: 3.0454, std: 0.0000, sample size: 1,  global score, mean: 3.0454, std: 0.0000, sample size: 1
Score for 2B3P_new_137 from FASTA, mean: 3.0061, std: 0.0000, sample size: 1,  global score, mean: 3.0061, std: 0.0000, sample size: 1
Score for 2B3P_new_138 from FASTA, mean: 3.0883, std: 0.0000, sample size: 1,  global score, mean: 3.0883, std: 0.0000, sample size: 1
Score for 2B3P_new_139 from FASTA, mean: 2.9446, std: 0.0000, sample size: 1,  global score, mean: 2.9446, std: 0.0000, sample size: 1
Score for 2B3P_new_140 from FASTA, mean: 2.9628, std: 0.0000, sample size: 1,  global score, mean: 2.9628, std: 0.0000, sample size: 1
Score for 2B3P_new_141 from FASTA, mean: 2.8841, std: 0.0000, sample size: 1,  global score, mean: 2.8841, std: 0.0000, sample size: 1
Score for 2B3P_new_142 from FASTA, mean: 2.9722, std: 0.0000, sample size: 1,  global score, mean: 2.9722, std: 0.0000, sample size: 1
Score for 2B3P_new_143 from FASTA, mean: 2.9723, std: 0.0000, sample size: 1,  global score, mean: 2.9723, std: 0.0000, sample size: 1
Score for 2B3P_new_144 from FASTA, mean: 3.0319, std: 0.0000, sample size: 1,  global score, mean: 3.0319, std: 0.0000, sample size: 1
Score for 2B3P_new_145 from FASTA, mean: 2.9937, std: 0.0000, sample size: 1,  global score, mean: 2.9937, std: 0.0000, sample size: 1
Score for 2B3P_new_146 from FASTA, mean: 2.9804, std: 0.0000, sample size: 1,  global score, mean: 2.9804, std: 0.0000, sample size: 1
Score for 2B3P_new_147 from FASTA, mean: 2.9783, std: 0.0000, sample size: 1,  global score, mean: 2.9783, std: 0.0000, sample size: 1
Score for 2B3P_new_148 from FASTA, mean: 2.9945, std: 0.0000, sample size: 1,  global score, mean: 2.9945, std: 0.0000, sample size: 1
Score for 2B3P_new_149 from FASTA, mean: 3.0009, std: 0.0000, sample size: 1,  global score, mean: 3.0009, std: 0.0000, sample size: 1
Score for 2B3P_new_150 from FASTA, mean: 2.9836, std: 0.0000, sample size: 1,  global score, mean: 2.9836, std: 0.0000, sample size: 1
Score for 2B3P_new_151 from FASTA, mean: 3.0403, std: 0.0000, sample size: 1,  global score, mean: 3.0403, std: 0.0000, sample size: 1
Score for 2B3P_new_152 from FASTA, mean: 2.9263, std: 0.0000, sample size: 1,  global score, mean: 2.9263, std: 0.0000, sample size: 1
Score for 2B3P_new_153 from FASTA, mean: 3.0478, std: 0.0000, sample size: 1,  global score, mean: 3.0478, std: 0.0000, sample size: 1
Score for 2B3P_new_154 from FASTA, mean: 3.0049, std: 0.0000, sample size: 1,  global score, mean: 3.0049, std: 0.0000, sample size: 1
Score for 2B3P_new_155 from FASTA, mean: 2.8770, std: 0.0000, sample size: 1,  global score, mean: 2.8770, std: 0.0000, sample size: 1
Score for 2B3P_new_156 from FASTA, mean: 2.9953, std: 0.0000, sample size: 1,  global score, mean: 2.9953, std: 0.0000, sample size: 1
Score for 2B3P_new_157 from FASTA, mean: 2.9553, std: 0.0000, sample size: 1,  global score, mean: 2.9553, std: 0.0000, sample size: 1
Score for 2B3P_new_158 from FASTA, mean: 3.0951, std: 0.0000, sample size: 1,  global score, mean: 3.0951, std: 0.0000, sample size: 1
Score for 2B3P_new_159 from FASTA, mean: 2.9827, std: 0.0000, sample size: 1,  global score, mean: 2.9827, std: 0.0000, sample size: 1
Score for 2B3P_new_160 from FASTA, mean: 2.9574, std: 0.0000, sample size: 1,  global score, mean: 2.9574, std: 0.0000, sample size: 1
Score for 2B3P_new_161 from FASTA, mean: 2.9259, std: 0.0000, sample size: 1,  global score, mean: 2.9259, std: 0.0000, sample size: 1
Score for 2B3P_new_162 from FASTA, mean: 3.0236, std: 0.0000, sample size: 1,  global score, mean: 3.0236, std: 0.0000, sample size: 1
Score for 2B3P_new_163 from FASTA, mean: 3.0333, std: 0.0000, sample size: 1,  global score, mean: 3.0333, std: 0.0000, sample size: 1
Score for 2B3P_new_164 from FASTA, mean: 2.9657, std: 0.0000, sample size: 1,  global score, mean: 2.9657, std: 0.0000, sample size: 1
Score for 2B3P_new_165 from FASTA, mean: 3.0587, std: 0.0000, sample size: 1,  global score, mean: 3.0587, std: 0.0000, sample size: 1
Score for 2B3P_new_166 from FASTA, mean: 3.0350, std: 0.0000, sample size: 1,  global score, mean: 3.0350, std: 0.0000, sample size: 1
Score for 2B3P_new_167 from FASTA, mean: 2.9697, std: 0.0000, sample size: 1,  global score, mean: 2.9697, std: 0.0000, sample size: 1
Score for 2B3P_new_168 from FASTA, mean: 2.9526, std: 0.0000, sample size: 1,  global score, mean: 2.9526, std: 0.0000, sample size: 1
Score for 2B3P_new_169 from FASTA, mean: 2.9617, std: 0.0000, sample size: 1,  global score, mean: 2.9617, std: 0.0000, sample size: 1
Score for 2B3P_new_170 from FASTA, mean: 2.9578, std: 0.0000, sample size: 1,  global score, mean: 2.9578, std: 0.0000, sample size: 1
Score for 2B3P_new_171 from FASTA, mean: 3.0160, std: 0.0000, sample size: 1,  global score, mean: 3.0160, std: 0.0000, sample size: 1
Score for 2B3P_new_172 from FASTA, mean: 2.9948, std: 0.0000, sample size: 1,  global score, mean: 2.9948, std: 0.0000, sample size: 1
Score for 2B3P_new_173 from FASTA, mean: 2.9844, std: 0.0000, sample size: 1,  global score, mean: 2.9844, std: 0.0000, sample size: 1
Score for 2B3P_new_174 from FASTA, mean: 2.9795, std: 0.0000, sample size: 1,  global score, mean: 2.9795, std: 0.0000, sample size: 1
Score for 2B3P_new_175 from FASTA, mean: 3.0045, std: 0.0000, sample size: 1,  global score, mean: 3.0045, std: 0.0000, sample size: 1
Score for 2B3P_new_176 from FASTA, mean: 2.9335, std: 0.0000, sample size: 1,  global score, mean: 2.9335, std: 0.0000, sample size: 1
Score for 2B3P_new_177 from FASTA, mean: 3.0171, std: 0.0000, sample size: 1,  global score, mean: 3.0171, std: 0.0000, sample size: 1
Score for 2B3P_new_178 from FASTA, mean: 3.1431, std: 0.0000, sample size: 1,  global score, mean: 3.1431, std: 0.0000, sample size: 1
Score for 2B3P_new_179 from FASTA, mean: 3.0191, std: 0.0000, sample size: 1,  global score, mean: 3.0191, std: 0.0000, sample size: 1
Score for 2B3P_new_180 from FASTA, mean: 2.9700, std: 0.0000, sample size: 1,  global score, mean: 2.9700, std: 0.0000, sample size: 1
Score for 2B3P_new_181 from FASTA, mean: 3.0549, std: 0.0000, sample size: 1,  global score, mean: 3.0549, std: 0.0000, sample size: 1
Score for 2B3P_new_182 from FASTA, mean: 3.0043, std: 0.0000, sample size: 1,  global score, mean: 3.0043, std: 0.0000, sample size: 1
Score for 2B3P_new_183 from FASTA, mean: 2.9258, std: 0.0000, sample size: 1,  global score, mean: 2.9258, std: 0.0000, sample size: 1
Score for 2B3P_new_184 from FASTA, mean: 3.1123, std: 0.0000, sample size: 1,  global score, mean: 3.1123, std: 0.0000, sample size: 1
Score for 2B3P_new_185 from FASTA, mean: 2.9466, std: 0.0000, sample size: 1,  global score, mean: 2.9466, std: 0.0000, sample size: 1
Score for 2B3P_new_186 from FASTA, mean: 2.9292, std: 0.0000, sample size: 1,  global score, mean: 2.9292, std: 0.0000, sample size: 1
Score for 2B3P_new_187 from FASTA, mean: 3.0451, std: 0.0000, sample size: 1,  global score, mean: 3.0451, std: 0.0000, sample size: 1
Score for 2B3P_new_188 from FASTA, mean: 2.9740, std: 0.0000, sample size: 1,  global score, mean: 2.9740, std: 0.0000, sample size: 1
Score for 2B3P_new_189 from FASTA, mean: 2.8700, std: 0.0000, sample size: 1,  global score, mean: 2.8700, std: 0.0000, sample size: 1
Score for 2B3P_new_190 from FASTA, mean: 3.0524, std: 0.0000, sample size: 1,  global score, mean: 3.0524, std: 0.0000, sample size: 1
Score for 2B3P_new_191 from FASTA, mean: 3.1049, std: 0.0000, sample size: 1,  global score, mean: 3.1049, std: 0.0000, sample size: 1
Score for 2B3P_new_192 from FASTA, mean: 2.9742, std: 0.0000, sample size: 1,  global score, mean: 2.9742, std: 0.0000, sample size: 1
Score for 2B3P_new_193 from FASTA, mean: 2.9040, std: 0.0000, sample size: 1,  global score, mean: 2.9040, std: 0.0000, sample size: 1
Score for 2B3P_new_194 from FASTA, mean: 2.9678, std: 0.0000, sample size: 1,  global score, mean: 2.9678, std: 0.0000, sample size: 1
Score for 2B3P_new_195 from FASTA, mean: 2.9843, std: 0.0000, sample size: 1,  global score, mean: 2.9843, std: 0.0000, sample size: 1
Score for 2B3P_new_196 from FASTA, mean: 3.0524, std: 0.0000, sample size: 1,  global score, mean: 3.0524, std: 0.0000, sample size: 1
Score for 2B3P_new_197 from FASTA, mean: 3.0659, std: 0.0000, sample size: 1,  global score, mean: 3.0659, std: 0.0000, sample size: 1
Score for 2B3P_new_198 from FASTA, mean: 2.9118, std: 0.0000, sample size: 1,  global score, mean: 2.9118, std: 0.0000, sample size: 1
Score for 2B3P_new_199 from FASTA, mean: 3.0233, std: 0.0000, sample size: 1,  global score, mean: 3.0233, std: 0.0000, sample size: 1
Score for 2B3P_new_200 from FASTA, mean: 2.9831, std: 0.0000, sample size: 1,  global score, mean: 2.9831, std: 0.0000, sample size: 1
Score for 2B3P_new_201 from FASTA, mean: 3.1171, std: 0.0000, sample size: 1,  global score, mean: 3.1171, std: 0.0000, sample size: 1
Score for 2B3P_new_202 from FASTA, mean: 3.0851, std: 0.0000, sample size: 1,  global score, mean: 3.0851, std: 0.0000, sample size: 1
Score for 2B3P_new_203 from FASTA, mean: 3.0484, std: 0.0000, sample size: 1,  global score, mean: 3.0484, std: 0.0000, sample size: 1
Score for 2B3P_new_204 from FASTA, mean: 3.1079, std: 0.0000, sample size: 1,  global score, mean: 3.1079, std: 0.0000, sample size: 1
Score for 2B3P_new_205 from FASTA, mean: 2.9804, std: 0.0000, sample size: 1,  global score, mean: 2.9804, std: 0.0000, sample size: 1
Score for 2B3P_new_206 from FASTA, mean: 2.9697, std: 0.0000, sample size: 1,  global score, mean: 2.9697, std: 0.0000, sample size: 1
Score for 2B3P_new_207 from FASTA, mean: 3.1280, std: 0.0000, sample size: 1,  global score, mean: 3.1280, std: 0.0000, sample size: 1
Score for 2B3P_new_208 from FASTA, mean: 3.0078, std: 0.0000, sample size: 1,  global score, mean: 3.0078, std: 0.0000, sample size: 1
Score for 2B3P_new_209 from FASTA, mean: 3.1215, std: 0.0000, sample size: 1,  global score, mean: 3.1215, std: 0.0000, sample size: 1
Score for 2B3P_new_210 from FASTA, mean: 3.0513, std: 0.0000, sample size: 1,  global score, mean: 3.0513, std: 0.0000, sample size: 1
Score for 2B3P_new_211 from FASTA, mean: 3.0294, std: 0.0000, sample size: 1,  global score, mean: 3.0294, std: 0.0000, sample size: 1
Score for 2B3P_new_212 from FASTA, mean: 3.0616, std: 0.0000, sample size: 1,  global score, mean: 3.0616, std: 0.0000, sample size: 1
Score for 2B3P_new_213 from FASTA, mean: 3.0552, std: 0.0000, sample size: 1,  global score, mean: 3.0552, std: 0.0000, sample size: 1
Score for 2B3P_new_214 from FASTA, mean: 2.9732, std: 0.0000, sample size: 1,  global score, mean: 2.9732, std: 0.0000, sample size: 1
Score for 2B3P_new_215 from FASTA, mean: 3.1074, std: 0.0000, sample size: 1,  global score, mean: 3.1074, std: 0.0000, sample size: 1
Score for 2B3P_new_216 from FASTA, mean: 3.1261, std: 0.0000, sample size: 1,  global score, mean: 3.1261, std: 0.0000, sample size: 1
Score for 2B3P_new_217 from FASTA, mean: 3.0266, std: 0.0000, sample size: 1,  global score, mean: 3.0266, std: 0.0000, sample size: 1
Score for 2B3P_new_218 from FASTA, mean: 3.0978, std: 0.0000, sample size: 1,  global score, mean: 3.0978, std: 0.0000, sample size: 1
Score for 2B3P_new_219 from FASTA, mean: 3.1026, std: 0.0000, sample size: 1,  global score, mean: 3.1026, std: 0.0000, sample size: 1
Score for 2B3P_new_220 from FASTA, mean: 3.1416, std: 0.0000, sample size: 1,  global score, mean: 3.1416, std: 0.0000, sample size: 1
Score for 2B3P_new_221 from FASTA, mean: 3.0580, std: 0.0000, sample size: 1,  global score, mean: 3.0580, std: 0.0000, sample size: 1
Score for 2B3P_new_222 from FASTA, mean: 3.0768, std: 0.0000, sample size: 1,  global score, mean: 3.0768, std: 0.0000, sample size: 1
Score for 2B3P_new_223 from FASTA, mean: 3.0653, std: 0.0000, sample size: 1,  global score, mean: 3.0653, std: 0.0000, sample size: 1
Score for 2B3P_new_224 from FASTA, mean: 3.0558, std: 0.0000, sample size: 1,  global score, mean: 3.0558, std: 0.0000, sample size: 1
Score for 2B3P_new_225 from FASTA, mean: 3.0761, std: 0.0000, sample size: 1,  global score, mean: 3.0761, std: 0.0000, sample size: 1
Score for 2B3P_new_226 from FASTA, mean: 3.0590, std: 0.0000, sample size: 1,  global score, mean: 3.0590, std: 0.0000, sample size: 1
Score for 2B3P_new_227 from FASTA, mean: 2.9214, std: 0.0000, sample size: 1,  global score, mean: 2.9214, std: 0.0000, sample size: 1
Score for 2B3P_new_228 from FASTA, mean: 3.0584, std: 0.0000, sample size: 1,  global score, mean: 3.0584, std: 0.0000, sample size: 1
Score for 2B3P_new_229 from FASTA, mean: 3.0305, std: 0.0000, sample size: 1,  global score, mean: 3.0305, std: 0.0000, sample size: 1
Score for 2B3P_new_230 from FASTA, mean: 3.0642, std: 0.0000, sample size: 1,  global score, mean: 3.0642, std: 0.0000, sample size: 1
Score for 2B3P_new_231 from FASTA, mean: 3.0672, std: 0.0000, sample size: 1,  global score, mean: 3.0672, std: 0.0000, sample size: 1
Score for 2B3P_new_232 from FASTA, mean: 3.0850, std: 0.0000, sample size: 1,  global score, mean: 3.0850, std: 0.0000, sample size: 1
Score for 2B3P_new_233 from FASTA, mean: 2.9997, std: 0.0000, sample size: 1,  global score, mean: 2.9997, std: 0.0000, sample size: 1
Score for 2B3P_new_234 from FASTA, mean: 3.0204, std: 0.0000, sample size: 1,  global score, mean: 3.0204, std: 0.0000, sample size: 1
Score for 2B3P_new_235 from FASTA, mean: 3.0836, std: 0.0000, sample size: 1,  global score, mean: 3.0836, std: 0.0000, sample size: 1
Score for 2B3P_new_236 from FASTA, mean: 2.9737, std: 0.0000, sample size: 1,  global score, mean: 2.9737, std: 0.0000, sample size: 1
Score for 2B3P_new_237 from FASTA, mean: 3.1045, std: 0.0000, sample size: 1,  global score, mean: 3.1045, std: 0.0000, sample size: 1
Score for 2B3P_new_238 from FASTA, mean: 3.0278, std: 0.0000, sample size: 1,  global score, mean: 3.0278, std: 0.0000, sample size: 1
Score for 2B3P_new_239 from FASTA, mean: 2.9840, std: 0.0000, sample size: 1,  global score, mean: 2.9840, std: 0.0000, sample size: 1
Score for 2B3P_new_240 from FASTA, mean: 3.0288, std: 0.0000, sample size: 1,  global score, mean: 3.0288, std: 0.0000, sample size: 1
Score for 2B3P_new_241 from FASTA, mean: 3.0852, std: 0.0000, sample size: 1,  global score, mean: 3.0852, std: 0.0000, sample size: 1
Score for 2B3P_new_242 from FASTA, mean: 3.1039, std: 0.0000, sample size: 1,  global score, mean: 3.1039, std: 0.0000, sample size: 1
Score for 2B3P_new_243 from FASTA, mean: 3.0497, std: 0.0000, sample size: 1,  global score, mean: 3.0497, std: 0.0000, sample size: 1
Score for 2B3P_new_244 from FASTA, mean: 3.1537, std: 0.0000, sample size: 1,  global score, mean: 3.1537, std: 0.0000, sample size: 1
Score for 2B3P_new_245 from FASTA, mean: 3.0628, std: 0.0000, sample size: 1,  global score, mean: 3.0628, std: 0.0000, sample size: 1
Score for 2B3P_new_246 from FASTA, mean: 3.1354, std: 0.0000, sample size: 1,  global score, mean: 3.1354, std: 0.0000, sample size: 1
Score for 2B3P_new_247 from FASTA, mean: 2.9815, std: 0.0000, sample size: 1,  global score, mean: 2.9815, std: 0.0000, sample size: 1
Score for 2B3P_new_248 from FASTA, mean: 2.9905, std: 0.0000, sample size: 1,  global score, mean: 2.9905, std: 0.0000, sample size: 1
Score for 2B3P_new_249 from FASTA, mean: 3.0537, std: 0.0000, sample size: 1,  global score, mean: 3.0537, std: 0.0000, sample size: 1
Score for 2B3P_new_250 from FASTA, mean: 3.0999, std: 0.0000, sample size: 1,  global score, mean: 3.0999, std: 0.0000, sample size: 1
Score for 2B3P_new_251 from FASTA, mean: 2.9697, std: 0.0000, sample size: 1,  global score, mean: 2.9697, std: 0.0000, sample size: 1
Score for 2B3P_new_252 from FASTA, mean: 2.9306, std: 0.0000, sample size: 1,  global score, mean: 2.9306, std: 0.0000, sample size: 1
Score for 2B3P_new_253 from FASTA, mean: 3.0642, std: 0.0000, sample size: 1,  global score, mean: 3.0642, std: 0.0000, sample size: 1
Score for 2B3P_new_254 from FASTA, mean: 3.0010, std: 0.0000, sample size: 1,  global score, mean: 3.0010, std: 0.0000, sample size: 1
Score for 2B3P_new_255 from FASTA, mean: 3.1188, std: 0.0000, sample size: 1,  global score, mean: 3.1188, std: 0.0000, sample size: 1
Score for 2B3P_new_256 from FASTA, mean: 2.9960, std: 0.0000, sample size: 1,  global score, mean: 2.9960, std: 0.0000, sample size: 1
Score for 2B3P_new_257 from FASTA, mean: 3.1062, std: 0.0000, sample size: 1,  global score, mean: 3.1062, std: 0.0000, sample size: 1
Score for 2B3P_new_258 from FASTA, mean: 3.0736, std: 0.0000, sample size: 1,  global score, mean: 3.0736, std: 0.0000, sample size: 1
Score for 2B3P_new_259 from FASTA, mean: 3.0427, std: 0.0000, sample size: 1,  global score, mean: 3.0427, std: 0.0000, sample size: 1
Score for 2B3P_new_260 from FASTA, mean: 3.0713, std: 0.0000, sample size: 1,  global score, mean: 3.0713, std: 0.0000, sample size: 1
Score for 2B3P_new_261 from FASTA, mean: 3.0101, std: 0.0000, sample size: 1,  global score, mean: 3.0101, std: 0.0000, sample size: 1
Score for 2B3P_new_262 from FASTA, mean: 3.0364, std: 0.0000, sample size: 1,  global score, mean: 3.0364, std: 0.0000, sample size: 1
Score for 2B3P_new_263 from FASTA, mean: 3.0812, std: 0.0000, sample size: 1,  global score, mean: 3.0812, std: 0.0000, sample size: 1
Score for 2B3P_new_264 from FASTA, mean: 3.0599, std: 0.0000, sample size: 1,  global score, mean: 3.0599, std: 0.0000, sample size: 1
Score for 2B3P_new_265 from FASTA, mean: 3.1212, std: 0.0000, sample size: 1,  global score, mean: 3.1212, std: 0.0000, sample size: 1
Score for 2B3P_new_266 from FASTA, mean: 3.1034, std: 0.0000, sample size: 1,  global score, mean: 3.1034, std: 0.0000, sample size: 1
Score for 2B3P_new_267 from FASTA, mean: 3.0815, std: 0.0000, sample size: 1,  global score, mean: 3.0815, std: 0.0000, sample size: 1
Score for 2B3P_new_268 from FASTA, mean: 2.9465, std: 0.0000, sample size: 1,  global score, mean: 2.9465, std: 0.0000, sample size: 1
Score for 2B3P_new_269 from FASTA, mean: 3.1524, std: 0.0000, sample size: 1,  global score, mean: 3.1524, std: 0.0000, sample size: 1
Score for 2B3P_new_270 from FASTA, mean: 3.0077, std: 0.0000, sample size: 1,  global score, mean: 3.0077, std: 0.0000, sample size: 1
Score for 2B3P_new_271 from FASTA, mean: 3.0462, std: 0.0000, sample size: 1,  global score, mean: 3.0462, std: 0.0000, sample size: 1
Score for 2B3P_new_272 from FASTA, mean: 3.0101, std: 0.0000, sample size: 1,  global score, mean: 3.0101, std: 0.0000, sample size: 1
Score for 2B3P_new_273 from FASTA, mean: 3.0430, std: 0.0000, sample size: 1,  global score, mean: 3.0430, std: 0.0000, sample size: 1
Score for 2B3P_new_274 from FASTA, mean: 3.0402, std: 0.0000, sample size: 1,  global score, mean: 3.0402, std: 0.0000, sample size: 1
Score for 2B3P_new_275 from FASTA, mean: 2.9899, std: 0.0000, sample size: 1,  global score, mean: 2.9899, std: 0.0000, sample size: 1
Score for 2B3P_new_276 from FASTA, mean: 3.1476, std: 0.0000, sample size: 1,  global score, mean: 3.1476, std: 0.0000, sample size: 1
Score for 2B3P_new_277 from FASTA, mean: 3.0281, std: 0.0000, sample size: 1,  global score, mean: 3.0281, std: 0.0000, sample size: 1
Score for 2B3P_new_278 from FASTA, mean: 3.0824, std: 0.0000, sample size: 1,  global score, mean: 3.0824, std: 0.0000, sample size: 1
Score for 2B3P_new_279 from FASTA, mean: 3.0167, std: 0.0000, sample size: 1,  global score, mean: 3.0167, std: 0.0000, sample size: 1
Score for 2B3P_new_280 from FASTA, mean: 3.0950, std: 0.0000, sample size: 1,  global score, mean: 3.0950, std: 0.0000, sample size: 1
Score for 2B3P_new_281 from FASTA, mean: 3.0865, std: 0.0000, sample size: 1,  global score, mean: 3.0865, std: 0.0000, sample size: 1
Score for 2B3P_new_282 from FASTA, mean: 3.0898, std: 0.0000, sample size: 1,  global score, mean: 3.0898, std: 0.0000, sample size: 1
Score for 2B3P_new_283 from FASTA, mean: 3.0322, std: 0.0000, sample size: 1,  global score, mean: 3.0322, std: 0.0000, sample size: 1
Score for 2B3P_new_284 from FASTA, mean: 3.0337, std: 0.0000, sample size: 1,  global score, mean: 3.0337, std: 0.0000, sample size: 1
Score for 2B3P_new_285 from FASTA, mean: 2.9887, std: 0.0000, sample size: 1,  global score, mean: 2.9887, std: 0.0000, sample size: 1
Score for 2B3P_new_286 from FASTA, mean: 2.9876, std: 0.0000, sample size: 1,  global score, mean: 2.9876, std: 0.0000, sample size: 1
Score for 2B3P_new_287 from FASTA, mean: 3.0286, std: 0.0000, sample size: 1,  global score, mean: 3.0286, std: 0.0000, sample size: 1
Score for 2B3P_new_288 from FASTA, mean: 2.9841, std: 0.0000, sample size: 1,  global score, mean: 2.9841, std: 0.0000, sample size: 1
Score for 2B3P_new_289 from FASTA, mean: 3.0109, std: 0.0000, sample size: 1,  global score, mean: 3.0109, std: 0.0000, sample size: 1
Score for 2B3P_new_290 from FASTA, mean: 2.9792, std: 0.0000, sample size: 1,  global score, mean: 2.9792, std: 0.0000, sample size: 1
Score for 2B3P_new_291 from FASTA, mean: 3.0606, std: 0.0000, sample size: 1,  global score, mean: 3.0606, std: 0.0000, sample size: 1
Score for 2B3P_new_292 from FASTA, mean: 3.0881, std: 0.0000, sample size: 1,  global score, mean: 3.0881, std: 0.0000, sample size: 1
Score for 2B3P_new_293 from FASTA, mean: 3.0735, std: 0.0000, sample size: 1,  global score, mean: 3.0735, std: 0.0000, sample size: 1
Score for 2B3P_new_294 from FASTA, mean: 3.0000, std: 0.0000, sample size: 1,  global score, mean: 3.0000, std: 0.0000, sample size: 1
Score for 2B3P_new_295 from FASTA, mean: 3.0653, std: 0.0000, sample size: 1,  global score, mean: 3.0653, std: 0.0000, sample size: 1
Score for 2B3P_new_296 from FASTA, mean: 2.9623, std: 0.0000, sample size: 1,  global score, mean: 2.9623, std: 0.0000, sample size: 1
Score for 2B3P_new_297 from FASTA, mean: 3.0795, std: 0.0000, sample size: 1,  global score, mean: 3.0795, std: 0.0000, sample size: 1
Score for 2B3P_new_298 from FASTA, mean: 3.0228, std: 0.0000, sample size: 1,  global score, mean: 3.0228, std: 0.0000, sample size: 1
Score for 2B3P_new_299 from FASTA, mean: 3.0976, std: 0.0000, sample size: 1,  global score, mean: 3.0976, std: 0.0000, sample size: 1
Score for 2B3P_new_300 from FASTA, mean: 3.0414, std: 0.0000, sample size: 1,  global score, mean: 3.0414, std: 0.0000, sample size: 1
Score for 2B3P_new_301 from FASTA, mean: 3.2208, std: 0.0000, sample size: 1,  global score, mean: 3.2208, std: 0.0000, sample size: 1
Score for 2B3P_new_302 from FASTA, mean: 3.0025, std: 0.0000, sample size: 1,  global score, mean: 3.0025, std: 0.0000, sample size: 1
Score for 2B3P_new_303 from FASTA, mean: 3.2219, std: 0.0000, sample size: 1,  global score, mean: 3.2219, std: 0.0000, sample size: 1
Score for 2B3P_new_304 from FASTA, mean: 2.9491, std: 0.0000, sample size: 1,  global score, mean: 2.9491, std: 0.0000, sample size: 1
Score for 2B3P_new_305 from FASTA, mean: 3.1173, std: 0.0000, sample size: 1,  global score, mean: 3.1173, std: 0.0000, sample size: 1
Score for 2B3P_new_306 from FASTA, mean: 3.0321, std: 0.0000, sample size: 1,  global score, mean: 3.0321, std: 0.0000, sample size: 1
Score for 2B3P_new_307 from FASTA, mean: 3.0888, std: 0.0000, sample size: 1,  global score, mean: 3.0888, std: 0.0000, sample size: 1
Score for 2B3P_new_308 from FASTA, mean: 3.0721, std: 0.0000, sample size: 1,  global score, mean: 3.0721, std: 0.0000, sample size: 1
Score for 2B3P_new_309 from FASTA, mean: 3.0475, std: 0.0000, sample size: 1,  global score, mean: 3.0475, std: 0.0000, sample size: 1
Score for 2B3P_new_310 from FASTA, mean: 3.0583, std: 0.0000, sample size: 1,  global score, mean: 3.0583, std: 0.0000, sample size: 1
Score for 2B3P_new_311 from FASTA, mean: 3.1390, std: 0.0000, sample size: 1,  global score, mean: 3.1390, std: 0.0000, sample size: 1
Score for 2B3P_new_312 from FASTA, mean: 3.1071, std: 0.0000, sample size: 1,  global score, mean: 3.1071, std: 0.0000, sample size: 1
Score for 2B3P_new_313 from FASTA, mean: 2.9989, std: 0.0000, sample size: 1,  global score, mean: 2.9989, std: 0.0000, sample size: 1
Score for 2B3P_new_314 from FASTA, mean: 3.0258, std: 0.0000, sample size: 1,  global score, mean: 3.0258, std: 0.0000, sample size: 1
Score for 2B3P_new_315 from FASTA, mean: 3.1247, std: 0.0000, sample size: 1,  global score, mean: 3.1247, std: 0.0000, sample size: 1
Score for 2B3P_new_316 from FASTA, mean: 2.9107, std: 0.0000, sample size: 1,  global score, mean: 2.9107, std: 0.0000, sample size: 1
Score for 2B3P_new_317 from FASTA, mean: 3.0716, std: 0.0000, sample size: 1,  global score, mean: 3.0716, std: 0.0000, sample size: 1
Score for 2B3P_new_318 from FASTA, mean: 3.1081, std: 0.0000, sample size: 1,  global score, mean: 3.1081, std: 0.0000, sample size: 1
Score for 2B3P_new_319 from FASTA, mean: 3.1267, std: 0.0000, sample size: 1,  global score, mean: 3.1267, std: 0.0000, sample size: 1
Score for 2B3P_new_320 from FASTA, mean: 3.1110, std: 0.0000, sample size: 1,  global score, mean: 3.1110, std: 0.0000, sample size: 1
Score for 2B3P_new_321 from FASTA, mean: 3.0276, std: 0.0000, sample size: 1,  global score, mean: 3.0276, std: 0.0000, sample size: 1
Score for 2B3P_new_322 from FASTA, mean: 3.1354, std: 0.0000, sample size: 1,  global score, mean: 3.1354, std: 0.0000, sample size: 1
Score for 2B3P_new_323 from FASTA, mean: 3.0704, std: 0.0000, sample size: 1,  global score, mean: 3.0704, std: 0.0000, sample size: 1
Score for 2B3P_new_324 from FASTA, mean: 3.2168, std: 0.0000, sample size: 1,  global score, mean: 3.2168, std: 0.0000, sample size: 1
Score for 2B3P_new_325 from FASTA, mean: 3.1833, std: 0.0000, sample size: 1,  global score, mean: 3.1833, std: 0.0000, sample size: 1
Score for 2B3P_new_326 from FASTA, mean: 2.9259, std: 0.0000, sample size: 1,  global score, mean: 2.9259, std: 0.0000, sample size: 1
Score for 2B3P_new_327 from FASTA, mean: 3.0540, std: 0.0000, sample size: 1,  global score, mean: 3.0540, std: 0.0000, sample size: 1
Score for 2B3P_new_328 from FASTA, mean: 3.1326, std: 0.0000, sample size: 1,  global score, mean: 3.1326, std: 0.0000, sample size: 1
Score for 2B3P_new_329 from FASTA, mean: 3.0664, std: 0.0000, sample size: 1,  global score, mean: 3.0664, std: 0.0000, sample size: 1
Score for 2B3P_new_330 from FASTA, mean: 3.0480, std: 0.0000, sample size: 1,  global score, mean: 3.0480, std: 0.0000, sample size: 1
Score for 2B3P_new_331 from FASTA, mean: 3.0229, std: 0.0000, sample size: 1,  global score, mean: 3.0229, std: 0.0000, sample size: 1
Score for 2B3P_new_332 from FASTA, mean: 3.1923, std: 0.0000, sample size: 1,  global score, mean: 3.1923, std: 0.0000, sample size: 1
Score for 2B3P_new_333 from FASTA, mean: 3.0942, std: 0.0000, sample size: 1,  global score, mean: 3.0942, std: 0.0000, sample size: 1
Score for 2B3P_new_334 from FASTA, mean: 3.1539, std: 0.0000, sample size: 1,  global score, mean: 3.1539, std: 0.0000, sample size: 1
Score for 2B3P_new_335 from FASTA, mean: 3.0631, std: 0.0000, sample size: 1,  global score, mean: 3.0631, std: 0.0000, sample size: 1
Score for 2B3P_new_336 from FASTA, mean: 3.0771, std: 0.0000, sample size: 1,  global score, mean: 3.0771, std: 0.0000, sample size: 1
Score for 2B3P_new_337 from FASTA, mean: 3.1134, std: 0.0000, sample size: 1,  global score, mean: 3.1134, std: 0.0000, sample size: 1
Score for 2B3P_new_338 from FASTA, mean: 3.0409, std: 0.0000, sample size: 1,  global score, mean: 3.0409, std: 0.0000, sample size: 1
Score for 2B3P_new_339 from FASTA, mean: 3.1338, std: 0.0000, sample size: 1,  global score, mean: 3.1338, std: 0.0000, sample size: 1
Score for 2B3P_new_340 from FASTA, mean: 3.0509, std: 0.0000, sample size: 1,  global score, mean: 3.0509, std: 0.0000, sample size: 1
Score for 2B3P_new_341 from FASTA, mean: 3.0643, std: 0.0000, sample size: 1,  global score, mean: 3.0643, std: 0.0000, sample size: 1
Score for 2B3P_new_342 from FASTA, mean: 3.1322, std: 0.0000, sample size: 1,  global score, mean: 3.1322, std: 0.0000, sample size: 1
Score for 2B3P_new_343 from FASTA, mean: 3.1365, std: 0.0000, sample size: 1,  global score, mean: 3.1365, std: 0.0000, sample size: 1
Score for 2B3P_new_344 from FASTA, mean: 3.0573, std: 0.0000, sample size: 1,  global score, mean: 3.0573, std: 0.0000, sample size: 1
Score for 2B3P_new_345 from FASTA, mean: 3.0801, std: 0.0000, sample size: 1,  global score, mean: 3.0801, std: 0.0000, sample size: 1
Score for 2B3P_new_346 from FASTA, mean: 3.0367, std: 0.0000, sample size: 1,  global score, mean: 3.0367, std: 0.0000, sample size: 1
Score for 2B3P_new_347 from FASTA, mean: 3.0748, std: 0.0000, sample size: 1,  global score, mean: 3.0748, std: 0.0000, sample size: 1
Score for 2B3P_new_348 from FASTA, mean: 3.1729, std: 0.0000, sample size: 1,  global score, mean: 3.1729, std: 0.0000, sample size: 1
Score for 2B3P_new_349 from FASTA, mean: 3.0848, std: 0.0000, sample size: 1,  global score, mean: 3.0848, std: 0.0000, sample size: 1
Score for 2B3P_new_350 from FASTA, mean: 3.1397, std: 0.0000, sample size: 1,  global score, mean: 3.1397, std: 0.0000, sample size: 1
Score for 2B3P_new_351 from FASTA, mean: 3.0518, std: 0.0000, sample size: 1,  global score, mean: 3.0518, std: 0.0000, sample size: 1
Score for 2B3P_new_352 from FASTA, mean: 3.0039, std: 0.0000, sample size: 1,  global score, mean: 3.0039, std: 0.0000, sample size: 1
Score for 2B3P_new_353 from FASTA, mean: 3.0174, std: 0.0000, sample size: 1,  global score, mean: 3.0174, std: 0.0000, sample size: 1
Score for 2B3P_new_354 from FASTA, mean: 3.1154, std: 0.0000, sample size: 1,  global score, mean: 3.1154, std: 0.0000, sample size: 1
Score for 2B3P_new_355 from FASTA, mean: 3.1485, std: 0.0000, sample size: 1,  global score, mean: 3.1485, std: 0.0000, sample size: 1
Score for 2B3P_new_356 from FASTA, mean: 3.1078, std: 0.0000, sample size: 1,  global score, mean: 3.1078, std: 0.0000, sample size: 1
Score for 2B3P_new_357 from FASTA, mean: 3.0680, std: 0.0000, sample size: 1,  global score, mean: 3.0680, std: 0.0000, sample size: 1
Score for 2B3P_new_358 from FASTA, mean: 2.9967, std: 0.0000, sample size: 1,  global score, mean: 2.9967, std: 0.0000, sample size: 1
Score for 2B3P_new_359 from FASTA, mean: 3.1542, std: 0.0000, sample size: 1,  global score, mean: 3.1542, std: 0.0000, sample size: 1
Score for 2B3P_new_360 from FASTA, mean: 3.0406, std: 0.0000, sample size: 1,  global score, mean: 3.0406, std: 0.0000, sample size: 1
Score for 2B3P_new_361 from FASTA, mean: 3.1321, std: 0.0000, sample size: 1,  global score, mean: 3.1321, std: 0.0000, sample size: 1
Score for 2B3P_new_362 from FASTA, mean: 3.0124, std: 0.0000, sample size: 1,  global score, mean: 3.0124, std: 0.0000, sample size: 1
Score for 2B3P_new_363 from FASTA, mean: 3.0724, std: 0.0000, sample size: 1,  global score, mean: 3.0724, std: 0.0000, sample size: 1
Score for 2B3P_new_364 from FASTA, mean: 3.1372, std: 0.0000, sample size: 1,  global score, mean: 3.1372, std: 0.0000, sample size: 1
Score for 2B3P_new_365 from FASTA, mean: 3.0137, std: 0.0000, sample size: 1,  global score, mean: 3.0137, std: 0.0000, sample size: 1
Score for 2B3P_new_366 from FASTA, mean: 3.1227, std: 0.0000, sample size: 1,  global score, mean: 3.1227, std: 0.0000, sample size: 1
Score for 2B3P_new_367 from FASTA, mean: 3.0858, std: 0.0000, sample size: 1,  global score, mean: 3.0858, std: 0.0000, sample size: 1
Score for 2B3P_new_368 from FASTA, mean: 3.0756, std: 0.0000, sample size: 1,  global score, mean: 3.0756, std: 0.0000, sample size: 1
Score for 2B3P_new_369 from FASTA, mean: 3.0950, std: 0.0000, sample size: 1,  global score, mean: 3.0950, std: 0.0000, sample size: 1
Score for 2B3P_new_370 from FASTA, mean: 3.1470, std: 0.0000, sample size: 1,  global score, mean: 3.1470, std: 0.0000, sample size: 1
Score for 2B3P_new_371 from FASTA, mean: 3.0364, std: 0.0000, sample size: 1,  global score, mean: 3.0364, std: 0.0000, sample size: 1
Score for 2B3P_new_372 from FASTA, mean: 2.9166, std: 0.0000, sample size: 1,  global score, mean: 2.9166, std: 0.0000, sample size: 1
Score for 2B3P_new_373 from FASTA, mean: 3.0526, std: 0.0000, sample size: 1,  global score, mean: 3.0526, std: 0.0000, sample size: 1
Score for 2B3P_new_374 from FASTA, mean: 3.0085, std: 0.0000, sample size: 1,  global score, mean: 3.0085, std: 0.0000, sample size: 1
Score for 2B3P_new_375 from FASTA, mean: 3.0561, std: 0.0000, sample size: 1,  global score, mean: 3.0561, std: 0.0000, sample size: 1
Score for 2B3P_new_376 from FASTA, mean: 3.0782, std: 0.0000, sample size: 1,  global score, mean: 3.0782, std: 0.0000, sample size: 1
Score for 2B3P_new_377 from FASTA, mean: 3.1176, std: 0.0000, sample size: 1,  global score, mean: 3.1176, std: 0.0000, sample size: 1
Score for 2B3P_new_378 from FASTA, mean: 3.0574, std: 0.0000, sample size: 1,  global score, mean: 3.0574, std: 0.0000, sample size: 1
Score for 2B3P_new_379 from FASTA, mean: 3.1475, std: 0.0000, sample size: 1,  global score, mean: 3.1475, std: 0.0000, sample size: 1
Score for 2B3P_new_380 from FASTA, mean: 3.0600, std: 0.0000, sample size: 1,  global score, mean: 3.0600, std: 0.0000, sample size: 1
Score for 2B3P_new_381 from FASTA, mean: 3.0319, std: 0.0000, sample size: 1,  global score, mean: 3.0319, std: 0.0000, sample size: 1
Score for 2B3P_new_382 from FASTA, mean: 3.1359, std: 0.0000, sample size: 1,  global score, mean: 3.1359, std: 0.0000, sample size: 1
Score for 2B3P_new_383 from FASTA, mean: 3.0715, std: 0.0000, sample size: 1,  global score, mean: 3.0715, std: 0.0000, sample size: 1
Score for 2B3P_new_384 from FASTA, mean: 3.0056, std: 0.0000, sample size: 1,  global score, mean: 3.0056, std: 0.0000, sample size: 1
Score for 2B3P_new_385 from FASTA, mean: 3.0844, std: 0.0000, sample size: 1,  global score, mean: 3.0844, std: 0.0000, sample size: 1
Score for 2B3P_new_386 from FASTA, mean: 3.0107, std: 0.0000, sample size: 1,  global score, mean: 3.0107, std: 0.0000, sample size: 1
Score for 2B3P_new_387 from FASTA, mean: 3.0164, std: 0.0000, sample size: 1,  global score, mean: 3.0164, std: 0.0000, sample size: 1
Score for 2B3P_new_388 from FASTA, mean: 3.1765, std: 0.0000, sample size: 1,  global score, mean: 3.1765, std: 0.0000, sample size: 1
Score for 2B3P_new_389 from FASTA, mean: 3.1265, std: 0.0000, sample size: 1,  global score, mean: 3.1265, std: 0.0000, sample size: 1
Score for 2B3P_new_390 from FASTA, mean: 3.0186, std: 0.0000, sample size: 1,  global score, mean: 3.0186, std: 0.0000, sample size: 1
Score for 2B3P_new_391 from FASTA, mean: 3.0560, std: 0.0000, sample size: 1,  global score, mean: 3.0560, std: 0.0000, sample size: 1
Score for 2B3P_new_392 from FASTA, mean: 3.0432, std: 0.0000, sample size: 1,  global score, mean: 3.0432, std: 0.0000, sample size: 1
Score for 2B3P_new_393 from FASTA, mean: 3.2013, std: 0.0000, sample size: 1,  global score, mean: 3.2013, std: 0.0000, sample size: 1
Score for 2B3P_new_394 from FASTA, mean: 3.1623, std: 0.0000, sample size: 1,  global score, mean: 3.1623, std: 0.0000, sample size: 1
Score for 2B3P_new_395 from FASTA, mean: 3.0727, std: 0.0000, sample size: 1,  global score, mean: 3.0727, std: 0.0000, sample size: 1
Score for 2B3P_new_396 from FASTA, mean: 3.2387, std: 0.0000, sample size: 1,  global score, mean: 3.2387, std: 0.0000, sample size: 1
Score for 2B3P_new_397 from FASTA, mean: 3.0611, std: 0.0000, sample size: 1,  global score, mean: 3.0611, std: 0.0000, sample size: 1
Score for 2B3P_new_398 from FASTA, mean: 3.1089, std: 0.0000, sample size: 1,  global score, mean: 3.1089, std: 0.0000, sample size: 1
Score for 2B3P_new_399 from FASTA, mean: 3.1857, std: 0.0000, sample size: 1,  global score, mean: 3.1857, std: 0.0000, sample size: 1
Score for 2B3P_new_400 from FASTA, mean: 3.0460, std: 0.0000, sample size: 1,  global score, mean: 3.0460, std: 0.0000, sample size: 1
Score for 2B3P_new_401 from FASTA, mean: 3.0754, std: 0.0000, sample size: 1,  global score, mean: 3.0754, std: 0.0000, sample size: 1
Score for 2B3P_new_402 from FASTA, mean: 3.1242, std: 0.0000, sample size: 1,  global score, mean: 3.1242, std: 0.0000, sample size: 1
Score for 2B3P_new_403 from FASTA, mean: 3.0985, std: 0.0000, sample size: 1,  global score, mean: 3.0985, std: 0.0000, sample size: 1
Score for 2B3P_new_404 from FASTA, mean: 3.0555, std: 0.0000, sample size: 1,  global score, mean: 3.0555, std: 0.0000, sample size: 1
Score for 2B3P_new_405 from FASTA, mean: 3.1230, std: 0.0000, sample size: 1,  global score, mean: 3.1230, std: 0.0000, sample size: 1
Score for 2B3P_new_406 from FASTA, mean: 3.1297, std: 0.0000, sample size: 1,  global score, mean: 3.1297, std: 0.0000, sample size: 1
Score for 2B3P_new_407 from FASTA, mean: 3.1455, std: 0.0000, sample size: 1,  global score, mean: 3.1455, std: 0.0000, sample size: 1
Score for 2B3P_new_408 from FASTA, mean: 3.0944, std: 0.0000, sample size: 1,  global score, mean: 3.0944, std: 0.0000, sample size: 1
Score for 2B3P_new_409 from FASTA, mean: 3.1546, std: 0.0000, sample size: 1,  global score, mean: 3.1546, std: 0.0000, sample size: 1
Score for 2B3P_new_410 from FASTA, mean: 3.0478, std: 0.0000, sample size: 1,  global score, mean: 3.0478, std: 0.0000, sample size: 1
Score for 2B3P_new_411 from FASTA, mean: 3.1409, std: 0.0000, sample size: 1,  global score, mean: 3.1409, std: 0.0000, sample size: 1
Score for 2B3P_new_412 from FASTA, mean: 3.1195, std: 0.0000, sample size: 1,  global score, mean: 3.1195, std: 0.0000, sample size: 1
Score for 2B3P_new_413 from FASTA, mean: 3.1131, std: 0.0000, sample size: 1,  global score, mean: 3.1131, std: 0.0000, sample size: 1
Score for 2B3P_new_414 from FASTA, mean: 3.1416, std: 0.0000, sample size: 1,  global score, mean: 3.1416, std: 0.0000, sample size: 1
Score for 2B3P_new_415 from FASTA, mean: 3.1410, std: 0.0000, sample size: 1,  global score, mean: 3.1410, std: 0.0000, sample size: 1
Score for 2B3P_new_416 from FASTA, mean: 3.1162, std: 0.0000, sample size: 1,  global score, mean: 3.1162, std: 0.0000, sample size: 1
Score for 2B3P_new_417 from FASTA, mean: 3.1125, std: 0.0000, sample size: 1,  global score, mean: 3.1125, std: 0.0000, sample size: 1
Score for 2B3P_new_418 from FASTA, mean: 3.1809, std: 0.0000, sample size: 1,  global score, mean: 3.1809, std: 0.0000, sample size: 1
Score for 2B3P_new_419 from FASTA, mean: 3.0527, std: 0.0000, sample size: 1,  global score, mean: 3.0527, std: 0.0000, sample size: 1
Score for 2B3P_new_420 from FASTA, mean: 3.1897, std: 0.0000, sample size: 1,  global score, mean: 3.1897, std: 0.0000, sample size: 1
Score for 2B3P_new_421 from FASTA, mean: 3.1431, std: 0.0000, sample size: 1,  global score, mean: 3.1431, std: 0.0000, sample size: 1
Score for 2B3P_new_422 from FASTA, mean: 3.0966, std: 0.0000, sample size: 1,  global score, mean: 3.0966, std: 0.0000, sample size: 1
Score for 2B3P_new_423 from FASTA, mean: 2.9647, std: 0.0000, sample size: 1,  global score, mean: 2.9647, std: 0.0000, sample size: 1
Score for 2B3P_new_424 from FASTA, mean: 3.1236, std: 0.0000, sample size: 1,  global score, mean: 3.1236, std: 0.0000, sample size: 1
Score for 2B3P_new_425 from FASTA, mean: 3.1719, std: 0.0000, sample size: 1,  global score, mean: 3.1719, std: 0.0000, sample size: 1
Score for 2B3P_new_426 from FASTA, mean: 3.0880, std: 0.0000, sample size: 1,  global score, mean: 3.0880, std: 0.0000, sample size: 1
Score for 2B3P_new_427 from FASTA, mean: 3.1884, std: 0.0000, sample size: 1,  global score, mean: 3.1884, std: 0.0000, sample size: 1
Score for 2B3P_new_428 from FASTA, mean: 3.2023, std: 0.0000, sample size: 1,  global score, mean: 3.2023, std: 0.0000, sample size: 1
Score for 2B3P_new_429 from FASTA, mean: 3.1138, std: 0.0000, sample size: 1,  global score, mean: 3.1138, std: 0.0000, sample size: 1
Score for 2B3P_new_430 from FASTA, mean: 3.1371, std: 0.0000, sample size: 1,  global score, mean: 3.1371, std: 0.0000, sample size: 1
Score for 2B3P_new_431 from FASTA, mean: 3.1110, std: 0.0000, sample size: 1,  global score, mean: 3.1110, std: 0.0000, sample size: 1
Score for 2B3P_new_432 from FASTA, mean: 2.9494, std: 0.0000, sample size: 1,  global score, mean: 2.9494, std: 0.0000, sample size: 1
Score for 2B3P_new_433 from FASTA, mean: 3.1749, std: 0.0000, sample size: 1,  global score, mean: 3.1749, std: 0.0000, sample size: 1
Score for 2B3P_new_434 from FASTA, mean: 3.1133, std: 0.0000, sample size: 1,  global score, mean: 3.1133, std: 0.0000, sample size: 1
Score for 2B3P_new_435 from FASTA, mean: 3.0947, std: 0.0000, sample size: 1,  global score, mean: 3.0947, std: 0.0000, sample size: 1
Score for 2B3P_new_436 from FASTA, mean: 3.0519, std: 0.0000, sample size: 1,  global score, mean: 3.0519, std: 0.0000, sample size: 1
Score for 2B3P_new_437 from FASTA, mean: 3.0843, std: 0.0000, sample size: 1,  global score, mean: 3.0843, std: 0.0000, sample size: 1
Score for 2B3P_new_438 from FASTA, mean: 2.9903, std: 0.0000, sample size: 1,  global score, mean: 2.9903, std: 0.0000, sample size: 1
Score for 2B3P_new_439 from FASTA, mean: 3.0936, std: 0.0000, sample size: 1,  global score, mean: 3.0936, std: 0.0000, sample size: 1
Score for 2B3P_new_440 from FASTA, mean: 3.1409, std: 0.0000, sample size: 1,  global score, mean: 3.1409, std: 0.0000, sample size: 1
Score for 2B3P_new_441 from FASTA, mean: 3.1364, std: 0.0000, sample size: 1,  global score, mean: 3.1364, std: 0.0000, sample size: 1
Score for 2B3P_new_442 from FASTA, mean: 3.1201, std: 0.0000, sample size: 1,  global score, mean: 3.1201, std: 0.0000, sample size: 1
Score for 2B3P_new_443 from FASTA, mean: 3.0803, std: 0.0000, sample size: 1,  global score, mean: 3.0803, std: 0.0000, sample size: 1
Score for 2B3P_new_444 from FASTA, mean: 3.1141, std: 0.0000, sample size: 1,  global score, mean: 3.1141, std: 0.0000, sample size: 1
Score for 2B3P_new_445 from FASTA, mean: 3.0752, std: 0.0000, sample size: 1,  global score, mean: 3.0752, std: 0.0000, sample size: 1
Score for 2B3P_new_446 from FASTA, mean: 3.0630, std: 0.0000, sample size: 1,  global score, mean: 3.0630, std: 0.0000, sample size: 1
Score for 2B3P_new_447 from FASTA, mean: 3.1631, std: 0.0000, sample size: 1,  global score, mean: 3.1631, std: 0.0000, sample size: 1
Score for 2B3P_new_448 from FASTA, mean: 3.2250, std: 0.0000, sample size: 1,  global score, mean: 3.2250, std: 0.0000, sample size: 1
Score for 2B3P_new_449 from FASTA, mean: 3.1916, std: 0.0000, sample size: 1,  global score, mean: 3.1916, std: 0.0000, sample size: 1
Score for 2B3P_new_450 from FASTA, mean: 3.1350, std: 0.0000, sample size: 1,  global score, mean: 3.1350, std: 0.0000, sample size: 1
Score for 2B3P_new_451 from FASTA, mean: 3.1205, std: 0.0000, sample size: 1,  global score, mean: 3.1205, std: 0.0000, sample size: 1
Score for 2B3P_new_452 from FASTA, mean: 3.1900, std: 0.0000, sample size: 1,  global score, mean: 3.1900, std: 0.0000, sample size: 1
Score for 2B3P_new_453 from FASTA, mean: 3.1057, std: 0.0000, sample size: 1,  global score, mean: 3.1057, std: 0.0000, sample size: 1
Score for 2B3P_new_454 from FASTA, mean: 3.1713, std: 0.0000, sample size: 1,  global score, mean: 3.1713, std: 0.0000, sample size: 1
Score for 2B3P_new_455 from FASTA, mean: 3.1183, std: 0.0000, sample size: 1,  global score, mean: 3.1183, std: 0.0000, sample size: 1
Score for 2B3P_new_456 from FASTA, mean: 3.1995, std: 0.0000, sample size: 1,  global score, mean: 3.1995, std: 0.0000, sample size: 1
Score for 2B3P_new_457 from FASTA, mean: 3.1968, std: 0.0000, sample size: 1,  global score, mean: 3.1968, std: 0.0000, sample size: 1
Score for 2B3P_new_458 from FASTA, mean: 3.0928, std: 0.0000, sample size: 1,  global score, mean: 3.0928, std: 0.0000, sample size: 1
Score for 2B3P_new_459 from FASTA, mean: 3.1227, std: 0.0000, sample size: 1,  global score, mean: 3.1227, std: 0.0000, sample size: 1
Score for 2B3P_new_460 from FASTA, mean: 3.1612, std: 0.0000, sample size: 1,  global score, mean: 3.1612, std: 0.0000, sample size: 1
Score for 2B3P_new_461 from FASTA, mean: 3.0403, std: 0.0000, sample size: 1,  global score, mean: 3.0403, std: 0.0000, sample size: 1
Score for 2B3P_new_462 from FASTA, mean: 3.1699, std: 0.0000, sample size: 1,  global score, mean: 3.1699, std: 0.0000, sample size: 1
Score for 2B3P_new_463 from FASTA, mean: 3.0861, std: 0.0000, sample size: 1,  global score, mean: 3.0861, std: 0.0000, sample size: 1
Score for 2B3P_new_464 from FASTA, mean: 3.1022, std: 0.0000, sample size: 1,  global score, mean: 3.1022, std: 0.0000, sample size: 1
Score for 2B3P_new_465 from FASTA, mean: 3.2706, std: 0.0000, sample size: 1,  global score, mean: 3.2706, std: 0.0000, sample size: 1
Score for 2B3P_new_466 from FASTA, mean: 3.1271, std: 0.0000, sample size: 1,  global score, mean: 3.1271, std: 0.0000, sample size: 1
Score for 2B3P_new_467 from FASTA, mean: 3.2370, std: 0.0000, sample size: 1,  global score, mean: 3.2370, std: 0.0000, sample size: 1
Score for 2B3P_new_468 from FASTA, mean: 3.0905, std: 0.0000, sample size: 1,  global score, mean: 3.0905, std: 0.0000, sample size: 1
Score for 2B3P_new_469 from FASTA, mean: 3.0076, std: 0.0000, sample size: 1,  global score, mean: 3.0076, std: 0.0000, sample size: 1
Score for 2B3P_new_470 from FASTA, mean: 3.1531, std: 0.0000, sample size: 1,  global score, mean: 3.1531, std: 0.0000, sample size: 1
Score for 2B3P_new_471 from FASTA, mean: 3.0829, std: 0.0000, sample size: 1,  global score, mean: 3.0829, std: 0.0000, sample size: 1
Score for 2B3P_new_472 from FASTA, mean: 3.1235, std: 0.0000, sample size: 1,  global score, mean: 3.1235, std: 0.0000, sample size: 1
Score for 2B3P_new_473 from FASTA, mean: 3.0700, std: 0.0000, sample size: 1,  global score, mean: 3.0700, std: 0.0000, sample size: 1
Score for 2B3P_new_474 from FASTA, mean: 3.1997, std: 0.0000, sample size: 1,  global score, mean: 3.1997, std: 0.0000, sample size: 1
Score for 2B3P_new_475 from FASTA, mean: 3.1333, std: 0.0000, sample size: 1,  global score, mean: 3.1333, std: 0.0000, sample size: 1
Score for 2B3P_new_476 from FASTA, mean: 2.9832, std: 0.0000, sample size: 1,  global score, mean: 2.9832, std: 0.0000, sample size: 1
Score for 2B3P_new_477 from FASTA, mean: 3.1860, std: 0.0000, sample size: 1,  global score, mean: 3.1860, std: 0.0000, sample size: 1
Score for 2B3P_new_478 from FASTA, mean: 3.0278, std: 0.0000, sample size: 1,  global score, mean: 3.0278, std: 0.0000, sample size: 1
Score for 2B3P_new_479 from FASTA, mean: 3.1821, std: 0.0000, sample size: 1,  global score, mean: 3.1821, std: 0.0000, sample size: 1
Score for 2B3P_new_480 from FASTA, mean: 3.0598, std: 0.0000, sample size: 1,  global score, mean: 3.0598, std: 0.0000, sample size: 1
Score for 2B3P_new_481 from FASTA, mean: 3.1214, std: 0.0000, sample size: 1,  global score, mean: 3.1214, std: 0.0000, sample size: 1
Score for 2B3P_new_482 from FASTA, mean: 3.0825, std: 0.0000, sample size: 1,  global score, mean: 3.0825, std: 0.0000, sample size: 1
Score for 2B3P_new_483 from FASTA, mean: 2.9957, std: 0.0000, sample size: 1,  global score, mean: 2.9957, std: 0.0000, sample size: 1
Score for 2B3P_new_484 from FASTA, mean: 3.0412, std: 0.0000, sample size: 1,  global score, mean: 3.0412, std: 0.0000, sample size: 1
Score for 2B3P_new_485 from FASTA, mean: 3.1550, std: 0.0000, sample size: 1,  global score, mean: 3.1550, std: 0.0000, sample size: 1
Score for 2B3P_new_486 from FASTA, mean: 3.1200, std: 0.0000, sample size: 1,  global score, mean: 3.1200, std: 0.0000, sample size: 1
Score for 2B3P_new_487 from FASTA, mean: 3.0607, std: 0.0000, sample size: 1,  global score, mean: 3.0607, std: 0.0000, sample size: 1
Score for 2B3P_new_488 from FASTA, mean: 3.1123, std: 0.0000, sample size: 1,  global score, mean: 3.1123, std: 0.0000, sample size: 1
Score for 2B3P_new_489 from FASTA, mean: 3.2269, std: 0.0000, sample size: 1,  global score, mean: 3.2269, std: 0.0000, sample size: 1
Score for 2B3P_new_490 from FASTA, mean: 3.0505, std: 0.0000, sample size: 1,  global score, mean: 3.0505, std: 0.0000, sample size: 1
Score for 2B3P_new_491 from FASTA, mean: 3.1474, std: 0.0000, sample size: 1,  global score, mean: 3.1474, std: 0.0000, sample size: 1
Score for 2B3P_new_492 from FASTA, mean: 2.9537, std: 0.0000, sample size: 1,  global score, mean: 2.9537, std: 0.0000, sample size: 1
Score for 2B3P_new_493 from FASTA, mean: 3.2042, std: 0.0000, sample size: 1,  global score, mean: 3.2042, std: 0.0000, sample size: 1
Score for 2B3P_new_494 from FASTA, mean: 3.0943, std: 0.0000, sample size: 1,  global score, mean: 3.0943, std: 0.0000, sample size: 1
Score for 2B3P_new_495 from FASTA, mean: 3.1042, std: 0.0000, sample size: 1,  global score, mean: 3.1042, std: 0.0000, sample size: 1
Score for 2B3P_new_496 from FASTA, mean: 3.1391, std: 0.0000, sample size: 1,  global score, mean: 3.1391, std: 0.0000, sample size: 1
Score for 2B3P_new_497 from FASTA, mean: 3.1523, std: 0.0000, sample size: 1,  global score, mean: 3.1523, std: 0.0000, sample size: 1
Score for 2B3P_new_498 from FASTA, mean: 3.1012, std: 0.0000, sample size: 1,  global score, mean: 3.1012, std: 0.0000, sample size: 1
Score for 2B3P_new_499 from FASTA, mean: 3.1803, std: 0.0000, sample size: 1,  global score, mean: 3.1803, std: 0.0000, sample size: 1
Score for 2B3P_new_500 from FASTA, mean: 3.2048, std: 0.0000, sample size: 1,  global score, mean: 3.2048, std: 0.0000, sample size: 1
