----------------------------------------
chain_id_jsonl is NOT loaded
----------------------------------------
fixed_positions_jsonl is NOT loaded
----------------------------------------
pssm_jsonl is NOT loaded
----------------------------------------
omit_AA_jsonl is NOT loaded
----------------------------------------
bias_AA_jsonl is NOT loaded
----------------------------------------
tied_positions_jsonl is NOT loaded
----------------------------------------
bias by residue dictionary is not loaded, or not provided
----------------------------------------
----------------------------------------
Number of edges: 48
Training noise level: 0.2A
Score for 2B3P_new from PDB, mean: 0.9482, std: 0.0000, sample size: 1,  global score, mean: 0.9482, std: 0.0000, sample size: 1
Score for 2B3P_new_1 from FASTA, mean: 2.9713, std: 0.0000, sample size: 1,  global score, mean: 2.9713, std: 0.0000, sample size: 1
Score for 2B3P_new_2 from FASTA, mean: 2.9954, std: 0.0000, sample size: 1,  global score, mean: 2.9954, std: 0.0000, sample size: 1
Score for 2B3P_new_3 from FASTA, mean: 2.9692, std: 0.0000, sample size: 1,  global score, mean: 2.9692, std: 0.0000, sample size: 1
Score for 2B3P_new_4 from FASTA, mean: 2.9756, std: 0.0000, sample size: 1,  global score, mean: 2.9756, std: 0.0000, sample size: 1
Score for 2B3P_new_5 from FASTA, mean: 2.9562, std: 0.0000, sample size: 1,  global score, mean: 2.9562, std: 0.0000, sample size: 1
Score for 2B3P_new_6 from FASTA, mean: 2.9705, std: 0.0000, sample size: 1,  global score, mean: 2.9705, std: 0.0000, sample size: 1
Score for 2B3P_new_7 from FASTA, mean: 2.9607, std: 0.0000, sample size: 1,  global score, mean: 2.9607, std: 0.0000, sample size: 1
Score for 2B3P_new_8 from FASTA, mean: 2.9343, std: 0.0000, sample size: 1,  global score, mean: 2.9343, std: 0.0000, sample size: 1
Score for 2B3P_new_9 from FASTA, mean: 2.9333, std: 0.0000, sample size: 1,  global score, mean: 2.9333, std: 0.0000, sample size: 1
Score for 2B3P_new_10 from FASTA, mean: 2.8928, std: 0.0000, sample size: 1,  global score, mean: 2.8928, std: 0.0000, sample size: 1
Score for 2B3P_new_11 from FASTA, mean: 2.9641, std: 0.0000, sample size: 1,  global score, mean: 2.9641, std: 0.0000, sample size: 1
Score for 2B3P_new_12 from FASTA, mean: 3.0028, std: 0.0000, sample size: 1,  global score, mean: 3.0028, std: 0.0000, sample size: 1
Score for 2B3P_new_13 from FASTA, mean: 3.0004, std: 0.0000, sample size: 1,  global score, mean: 3.0004, std: 0.0000, sample size: 1
Score for 2B3P_new_14 from FASTA, mean: 2.9401, std: 0.0000, sample size: 1,  global score, mean: 2.9401, std: 0.0000, sample size: 1
Score for 2B3P_new_15 from FASTA, mean: 2.9527, std: 0.0000, sample size: 1,  global score, mean: 2.9527, std: 0.0000, sample size: 1
Score for 2B3P_new_16 from FASTA, mean: 2.9551, std: 0.0000, sample size: 1,  global score, mean: 2.9551, std: 0.0000, sample size: 1
Score for 2B3P_new_17 from FASTA, mean: 2.9758, std: 0.0000, sample size: 1,  global score, mean: 2.9758, std: 0.0000, sample size: 1
Score for 2B3P_new_18 from FASTA, mean: 2.9363, std: 0.0000, sample size: 1,  global score, mean: 2.9363, std: 0.0000, sample size: 1
Score for 2B3P_new_19 from FASTA, mean: 2.9767, std: 0.0000, sample size: 1,  global score, mean: 2.9767, std: 0.0000, sample size: 1
Score for 2B3P_new_20 from FASTA, mean: 2.9090, std: 0.0000, sample size: 1,  global score, mean: 2.9090, std: 0.0000, sample size: 1
Score for 2B3P_new_21 from FASTA, mean: 2.9418, std: 0.0000, sample size: 1,  global score, mean: 2.9418, std: 0.0000, sample size: 1
Score for 2B3P_new_22 from FASTA, mean: 2.9549, std: 0.0000, sample size: 1,  global score, mean: 2.9549, std: 0.0000, sample size: 1
Score for 2B3P_new_23 from FASTA, mean: 2.9419, std: 0.0000, sample size: 1,  global score, mean: 2.9419, std: 0.0000, sample size: 1
Score for 2B3P_new_24 from FASTA, mean: 3.1045, std: 0.0000, sample size: 1,  global score, mean: 3.1045, std: 0.0000, sample size: 1
Score for 2B3P_new_25 from FASTA, mean: 2.9422, std: 0.0000, sample size: 1,  global score, mean: 2.9422, std: 0.0000, sample size: 1
Score for 2B3P_new_26 from FASTA, mean: 2.9938, std: 0.0000, sample size: 1,  global score, mean: 2.9938, std: 0.0000, sample size: 1
Score for 2B3P_new_27 from FASTA, mean: 2.9623, std: 0.0000, sample size: 1,  global score, mean: 2.9623, std: 0.0000, sample size: 1
Score for 2B3P_new_28 from FASTA, mean: 2.8677, std: 0.0000, sample size: 1,  global score, mean: 2.8677, std: 0.0000, sample size: 1
Score for 2B3P_new_29 from FASTA, mean: 2.9324, std: 0.0000, sample size: 1,  global score, mean: 2.9324, std: 0.0000, sample size: 1
Score for 2B3P_new_30 from FASTA, mean: 2.9665, std: 0.0000, sample size: 1,  global score, mean: 2.9665, std: 0.0000, sample size: 1
Score for 2B3P_new_31 from FASTA, mean: 2.9468, std: 0.0000, sample size: 1,  global score, mean: 2.9468, std: 0.0000, sample size: 1
Score for 2B3P_new_32 from FASTA, mean: 2.9510, std: 0.0000, sample size: 1,  global score, mean: 2.9510, std: 0.0000, sample size: 1
Score for 2B3P_new_33 from FASTA, mean: 3.0389, std: 0.0000, sample size: 1,  global score, mean: 3.0389, std: 0.0000, sample size: 1
Score for 2B3P_new_34 from FASTA, mean: 3.0178, std: 0.0000, sample size: 1,  global score, mean: 3.0178, std: 0.0000, sample size: 1
Score for 2B3P_new_35 from FASTA, mean: 2.9791, std: 0.0000, sample size: 1,  global score, mean: 2.9791, std: 0.0000, sample size: 1
Score for 2B3P_new_36 from FASTA, mean: 2.9789, std: 0.0000, sample size: 1,  global score, mean: 2.9789, std: 0.0000, sample size: 1
Score for 2B3P_new_37 from FASTA, mean: 2.9499, std: 0.0000, sample size: 1,  global score, mean: 2.9499, std: 0.0000, sample size: 1
Score for 2B3P_new_38 from FASTA, mean: 2.9190, std: 0.0000, sample size: 1,  global score, mean: 2.9190, std: 0.0000, sample size: 1
Score for 2B3P_new_39 from FASTA, mean: 2.9369, std: 0.0000, sample size: 1,  global score, mean: 2.9369, std: 0.0000, sample size: 1
Score for 2B3P_new_40 from FASTA, mean: 2.9350, std: 0.0000, sample size: 1,  global score, mean: 2.9350, std: 0.0000, sample size: 1
Score for 2B3P_new_41 from FASTA, mean: 2.9384, std: 0.0000, sample size: 1,  global score, mean: 2.9384, std: 0.0000, sample size: 1
Score for 2B3P_new_42 from FASTA, mean: 2.9151, std: 0.0000, sample size: 1,  global score, mean: 2.9151, std: 0.0000, sample size: 1
Score for 2B3P_new_43 from FASTA, mean: 2.9309, std: 0.0000, sample size: 1,  global score, mean: 2.9309, std: 0.0000, sample size: 1
Score for 2B3P_new_44 from FASTA, mean: 2.8983, std: 0.0000, sample size: 1,  global score, mean: 2.8983, std: 0.0000, sample size: 1
Score for 2B3P_new_45 from FASTA, mean: 3.0100, std: 0.0000, sample size: 1,  global score, mean: 3.0100, std: 0.0000, sample size: 1
Score for 2B3P_new_46 from FASTA, mean: 3.0135, std: 0.0000, sample size: 1,  global score, mean: 3.0135, std: 0.0000, sample size: 1
Score for 2B3P_new_47 from FASTA, mean: 3.0627, std: 0.0000, sample size: 1,  global score, mean: 3.0627, std: 0.0000, sample size: 1
Score for 2B3P_new_48 from FASTA, mean: 2.9661, std: 0.0000, sample size: 1,  global score, mean: 2.9661, std: 0.0000, sample size: 1
Score for 2B3P_new_49 from FASTA, mean: 2.9399, std: 0.0000, sample size: 1,  global score, mean: 2.9399, std: 0.0000, sample size: 1
Score for 2B3P_new_50 from FASTA, mean: 2.9941, std: 0.0000, sample size: 1,  global score, mean: 2.9941, std: 0.0000, sample size: 1
Score for 2B3P_new_51 from FASTA, mean: 2.9359, std: 0.0000, sample size: 1,  global score, mean: 2.9359, std: 0.0000, sample size: 1
Score for 2B3P_new_52 from FASTA, mean: 2.9906, std: 0.0000, sample size: 1,  global score, mean: 2.9906, std: 0.0000, sample size: 1
Score for 2B3P_new_53 from FASTA, mean: 3.0838, std: 0.0000, sample size: 1,  global score, mean: 3.0838, std: 0.0000, sample size: 1
Score for 2B3P_new_54 from FASTA, mean: 3.0463, std: 0.0000, sample size: 1,  global score, mean: 3.0463, std: 0.0000, sample size: 1
Score for 2B3P_new_55 from FASTA, mean: 2.9123, std: 0.0000, sample size: 1,  global score, mean: 2.9123, std: 0.0000, sample size: 1
Score for 2B3P_new_56 from FASTA, mean: 3.0053, std: 0.0000, sample size: 1,  global score, mean: 3.0053, std: 0.0000, sample size: 1
Score for 2B3P_new_57 from FASTA, mean: 2.9595, std: 0.0000, sample size: 1,  global score, mean: 2.9595, std: 0.0000, sample size: 1
Score for 2B3P_new_58 from FASTA, mean: 2.9940, std: 0.0000, sample size: 1,  global score, mean: 2.9940, std: 0.0000, sample size: 1
Score for 2B3P_new_59 from FASTA, mean: 2.9108, std: 0.0000, sample size: 1,  global score, mean: 2.9108, std: 0.0000, sample size: 1
Score for 2B3P_new_60 from FASTA, mean: 3.0255, std: 0.0000, sample size: 1,  global score, mean: 3.0255, std: 0.0000, sample size: 1
Score for 2B3P_new_61 from FASTA, mean: 2.9432, std: 0.0000, sample size: 1,  global score, mean: 2.9432, std: 0.0000, sample size: 1
Score for 2B3P_new_62 from FASTA, mean: 2.9552, std: 0.0000, sample size: 1,  global score, mean: 2.9552, std: 0.0000, sample size: 1
Score for 2B3P_new_63 from FASTA, mean: 2.9854, std: 0.0000, sample size: 1,  global score, mean: 2.9854, std: 0.0000, sample size: 1
Score for 2B3P_new_64 from FASTA, mean: 2.9224, std: 0.0000, sample size: 1,  global score, mean: 2.9224, std: 0.0000, sample size: 1
Score for 2B3P_new_65 from FASTA, mean: 3.0962, std: 0.0000, sample size: 1,  global score, mean: 3.0962, std: 0.0000, sample size: 1
Score for 2B3P_new_66 from FASTA, mean: 2.9633, std: 0.0000, sample size: 1,  global score, mean: 2.9633, std: 0.0000, sample size: 1
Score for 2B3P_new_67 from FASTA, mean: 2.9279, std: 0.0000, sample size: 1,  global score, mean: 2.9279, std: 0.0000, sample size: 1
Score for 2B3P_new_68 from FASTA, mean: 2.9413, std: 0.0000, sample size: 1,  global score, mean: 2.9413, std: 0.0000, sample size: 1
Score for 2B3P_new_69 from FASTA, mean: 3.0813, std: 0.0000, sample size: 1,  global score, mean: 3.0813, std: 0.0000, sample size: 1
Score for 2B3P_new_70 from FASTA, mean: 2.8868, std: 0.0000, sample size: 1,  global score, mean: 2.8868, std: 0.0000, sample size: 1
Score for 2B3P_new_71 from FASTA, mean: 2.9111, std: 0.0000, sample size: 1,  global score, mean: 2.9111, std: 0.0000, sample size: 1
Score for 2B3P_new_72 from FASTA, mean: 2.9625, std: 0.0000, sample size: 1,  global score, mean: 2.9625, std: 0.0000, sample size: 1
Score for 2B3P_new_73 from FASTA, mean: 2.9262, std: 0.0000, sample size: 1,  global score, mean: 2.9262, std: 0.0000, sample size: 1
Score for 2B3P_new_74 from FASTA, mean: 2.9593, std: 0.0000, sample size: 1,  global score, mean: 2.9593, std: 0.0000, sample size: 1
Score for 2B3P_new_75 from FASTA, mean: 3.0008, std: 0.0000, sample size: 1,  global score, mean: 3.0008, std: 0.0000, sample size: 1
Score for 2B3P_new_76 from FASTA, mean: 3.0217, std: 0.0000, sample size: 1,  global score, mean: 3.0217, std: 0.0000, sample size: 1
Score for 2B3P_new_77 from FASTA, mean: 2.9031, std: 0.0000, sample size: 1,  global score, mean: 2.9031, std: 0.0000, sample size: 1
Score for 2B3P_new_78 from FASTA, mean: 2.9301, std: 0.0000, sample size: 1,  global score, mean: 2.9301, std: 0.0000, sample size: 1
Score for 2B3P_new_79 from FASTA, mean: 2.9460, std: 0.0000, sample size: 1,  global score, mean: 2.9460, std: 0.0000, sample size: 1
Score for 2B3P_new_80 from FASTA, mean: 2.9950, std: 0.0000, sample size: 1,  global score, mean: 2.9950, std: 0.0000, sample size: 1
Score for 2B3P_new_81 from FASTA, mean: 3.0545, std: 0.0000, sample size: 1,  global score, mean: 3.0545, std: 0.0000, sample size: 1
Score for 2B3P_new_82 from FASTA, mean: 2.9799, std: 0.0000, sample size: 1,  global score, mean: 2.9799, std: 0.0000, sample size: 1
Score for 2B3P_new_83 from FASTA, mean: 2.9563, std: 0.0000, sample size: 1,  global score, mean: 2.9563, std: 0.0000, sample size: 1
Score for 2B3P_new_84 from FASTA, mean: 3.0753, std: 0.0000, sample size: 1,  global score, mean: 3.0753, std: 0.0000, sample size: 1
Score for 2B3P_new_85 from FASTA, mean: 2.9693, std: 0.0000, sample size: 1,  global score, mean: 2.9693, std: 0.0000, sample size: 1
Score for 2B3P_new_86 from FASTA, mean: 2.9160, std: 0.0000, sample size: 1,  global score, mean: 2.9160, std: 0.0000, sample size: 1
Score for 2B3P_new_87 from FASTA, mean: 2.9213, std: 0.0000, sample size: 1,  global score, mean: 2.9213, std: 0.0000, sample size: 1
Score for 2B3P_new_88 from FASTA, mean: 2.9161, std: 0.0000, sample size: 1,  global score, mean: 2.9161, std: 0.0000, sample size: 1
Score for 2B3P_new_89 from FASTA, mean: 2.9296, std: 0.0000, sample size: 1,  global score, mean: 2.9296, std: 0.0000, sample size: 1
Score for 2B3P_new_90 from FASTA, mean: 3.0168, std: 0.0000, sample size: 1,  global score, mean: 3.0168, std: 0.0000, sample size: 1
Score for 2B3P_new_91 from FASTA, mean: 3.0049, std: 0.0000, sample size: 1,  global score, mean: 3.0049, std: 0.0000, sample size: 1
Score for 2B3P_new_92 from FASTA, mean: 2.8868, std: 0.0000, sample size: 1,  global score, mean: 2.8868, std: 0.0000, sample size: 1
Score for 2B3P_new_93 from FASTA, mean: 3.0059, std: 0.0000, sample size: 1,  global score, mean: 3.0059, std: 0.0000, sample size: 1
Score for 2B3P_new_94 from FASTA, mean: 3.0456, std: 0.0000, sample size: 1,  global score, mean: 3.0456, std: 0.0000, sample size: 1
Score for 2B3P_new_95 from FASTA, mean: 2.9503, std: 0.0000, sample size: 1,  global score, mean: 2.9503, std: 0.0000, sample size: 1
Score for 2B3P_new_96 from FASTA, mean: 3.0259, std: 0.0000, sample size: 1,  global score, mean: 3.0259, std: 0.0000, sample size: 1
Score for 2B3P_new_97 from FASTA, mean: 2.9301, std: 0.0000, sample size: 1,  global score, mean: 2.9301, std: 0.0000, sample size: 1
Score for 2B3P_new_98 from FASTA, mean: 2.9730, std: 0.0000, sample size: 1,  global score, mean: 2.9730, std: 0.0000, sample size: 1
Score for 2B3P_new_99 from FASTA, mean: 2.9193, std: 0.0000, sample size: 1,  global score, mean: 2.9193, std: 0.0000, sample size: 1
Score for 2B3P_new_100 from FASTA, mean: 2.8930, std: 0.0000, sample size: 1,  global score, mean: 2.8930, std: 0.0000, sample size: 1
Score for 2B3P_new_101 from FASTA, mean: 2.9946, std: 0.0000, sample size: 1,  global score, mean: 2.9946, std: 0.0000, sample size: 1
Score for 2B3P_new_102 from FASTA, mean: 2.9991, std: 0.0000, sample size: 1,  global score, mean: 2.9991, std: 0.0000, sample size: 1
Score for 2B3P_new_103 from FASTA, mean: 2.9762, std: 0.0000, sample size: 1,  global score, mean: 2.9762, std: 0.0000, sample size: 1
Score for 2B3P_new_104 from FASTA, mean: 2.9957, std: 0.0000, sample size: 1,  global score, mean: 2.9957, std: 0.0000, sample size: 1
Score for 2B3P_new_105 from FASTA, mean: 3.0210, std: 0.0000, sample size: 1,  global score, mean: 3.0210, std: 0.0000, sample size: 1
Score for 2B3P_new_106 from FASTA, mean: 2.9817, std: 0.0000, sample size: 1,  global score, mean: 2.9817, std: 0.0000, sample size: 1
Score for 2B3P_new_107 from FASTA, mean: 2.9639, std: 0.0000, sample size: 1,  global score, mean: 2.9639, std: 0.0000, sample size: 1
Score for 2B3P_new_108 from FASTA, mean: 3.0764, std: 0.0000, sample size: 1,  global score, mean: 3.0764, std: 0.0000, sample size: 1
Score for 2B3P_new_109 from FASTA, mean: 3.0065, std: 0.0000, sample size: 1,  global score, mean: 3.0065, std: 0.0000, sample size: 1
Score for 2B3P_new_110 from FASTA, mean: 2.9774, std: 0.0000, sample size: 1,  global score, mean: 2.9774, std: 0.0000, sample size: 1
Score for 2B3P_new_111 from FASTA, mean: 2.9576, std: 0.0000, sample size: 1,  global score, mean: 2.9576, std: 0.0000, sample size: 1
Score for 2B3P_new_112 from FASTA, mean: 3.0149, std: 0.0000, sample size: 1,  global score, mean: 3.0149, std: 0.0000, sample size: 1
Score for 2B3P_new_113 from FASTA, mean: 3.0761, std: 0.0000, sample size: 1,  global score, mean: 3.0761, std: 0.0000, sample size: 1
Score for 2B3P_new_114 from FASTA, mean: 3.0329, std: 0.0000, sample size: 1,  global score, mean: 3.0329, std: 0.0000, sample size: 1
Score for 2B3P_new_115 from FASTA, mean: 2.9676, std: 0.0000, sample size: 1,  global score, mean: 2.9676, std: 0.0000, sample size: 1
Score for 2B3P_new_116 from FASTA, mean: 3.1123, std: 0.0000, sample size: 1,  global score, mean: 3.1123, std: 0.0000, sample size: 1
Score for 2B3P_new_117 from FASTA, mean: 3.0869, std: 0.0000, sample size: 1,  global score, mean: 3.0869, std: 0.0000, sample size: 1
Score for 2B3P_new_118 from FASTA, mean: 2.9456, std: 0.0000, sample size: 1,  global score, mean: 2.9456, std: 0.0000, sample size: 1
Score for 2B3P_new_119 from FASTA, mean: 2.9223, std: 0.0000, sample size: 1,  global score, mean: 2.9223, std: 0.0000, sample size: 1
Score for 2B3P_new_120 from FASTA, mean: 2.9780, std: 0.0000, sample size: 1,  global score, mean: 2.9780, std: 0.0000, sample size: 1
Score for 2B3P_new_121 from FASTA, mean: 2.9903, std: 0.0000, sample size: 1,  global score, mean: 2.9903, std: 0.0000, sample size: 1
Score for 2B3P_new_122 from FASTA, mean: 2.9824, std: 0.0000, sample size: 1,  global score, mean: 2.9824, std: 0.0000, sample size: 1
Score for 2B3P_new_123 from FASTA, mean: 3.1016, std: 0.0000, sample size: 1,  global score, mean: 3.1016, std: 0.0000, sample size: 1
Score for 2B3P_new_124 from FASTA, mean: 3.0099, std: 0.0000, sample size: 1,  global score, mean: 3.0099, std: 0.0000, sample size: 1
Score for 2B3P_new_125 from FASTA, mean: 3.0070, std: 0.0000, sample size: 1,  global score, mean: 3.0070, std: 0.0000, sample size: 1
Score for 2B3P_new_126 from FASTA, mean: 2.9583, std: 0.0000, sample size: 1,  global score, mean: 2.9583, std: 0.0000, sample size: 1
Score for 2B3P_new_127 from FASTA, mean: 3.0072, std: 0.0000, sample size: 1,  global score, mean: 3.0072, std: 0.0000, sample size: 1
Score for 2B3P_new_128 from FASTA, mean: 2.8537, std: 0.0000, sample size: 1,  global score, mean: 2.8537, std: 0.0000, sample size: 1
Score for 2B3P_new_129 from FASTA, mean: 2.9583, std: 0.0000, sample size: 1,  global score, mean: 2.9583, std: 0.0000, sample size: 1
Score for 2B3P_new_130 from FASTA, mean: 2.9409, std: 0.0000, sample size: 1,  global score, mean: 2.9409, std: 0.0000, sample size: 1
Score for 2B3P_new_131 from FASTA, mean: 3.0678, std: 0.0000, sample size: 1,  global score, mean: 3.0678, std: 0.0000, sample size: 1
Score for 2B3P_new_132 from FASTA, mean: 3.0087, std: 0.0000, sample size: 1,  global score, mean: 3.0087, std: 0.0000, sample size: 1
Score for 2B3P_new_133 from FASTA, mean: 3.0085, std: 0.0000, sample size: 1,  global score, mean: 3.0085, std: 0.0000, sample size: 1
Score for 2B3P_new_134 from FASTA, mean: 2.8970, std: 0.0000, sample size: 1,  global score, mean: 2.8970, std: 0.0000, sample size: 1
Score for 2B3P_new_135 from FASTA, mean: 2.9073, std: 0.0000, sample size: 1,  global score, mean: 2.9073, std: 0.0000, sample size: 1
Score for 2B3P_new_136 from FASTA, mean: 3.0191, std: 0.0000, sample size: 1,  global score, mean: 3.0191, std: 0.0000, sample size: 1
Score for 2B3P_new_137 from FASTA, mean: 3.0821, std: 0.0000, sample size: 1,  global score, mean: 3.0821, std: 0.0000, sample size: 1
Score for 2B3P_new_138 from FASTA, mean: 2.9952, std: 0.0000, sample size: 1,  global score, mean: 2.9952, std: 0.0000, sample size: 1
Score for 2B3P_new_139 from FASTA, mean: 3.0195, std: 0.0000, sample size: 1,  global score, mean: 3.0195, std: 0.0000, sample size: 1
Score for 2B3P_new_140 from FASTA, mean: 2.9362, std: 0.0000, sample size: 1,  global score, mean: 2.9362, std: 0.0000, sample size: 1
Score for 2B3P_new_141 from FASTA, mean: 3.0094, std: 0.0000, sample size: 1,  global score, mean: 3.0094, std: 0.0000, sample size: 1
Score for 2B3P_new_142 from FASTA, mean: 2.9995, std: 0.0000, sample size: 1,  global score, mean: 2.9995, std: 0.0000, sample size: 1
Score for 2B3P_new_143 from FASTA, mean: 2.9393, std: 0.0000, sample size: 1,  global score, mean: 2.9393, std: 0.0000, sample size: 1
Score for 2B3P_new_144 from FASTA, mean: 3.0643, std: 0.0000, sample size: 1,  global score, mean: 3.0643, std: 0.0000, sample size: 1
Score for 2B3P_new_145 from FASTA, mean: 3.0721, std: 0.0000, sample size: 1,  global score, mean: 3.0721, std: 0.0000, sample size: 1
Score for 2B3P_new_146 from FASTA, mean: 2.9629, std: 0.0000, sample size: 1,  global score, mean: 2.9629, std: 0.0000, sample size: 1
Score for 2B3P_new_147 from FASTA, mean: 2.9351, std: 0.0000, sample size: 1,  global score, mean: 2.9351, std: 0.0000, sample size: 1
Score for 2B3P_new_148 from FASTA, mean: 2.9933, std: 0.0000, sample size: 1,  global score, mean: 2.9933, std: 0.0000, sample size: 1
Score for 2B3P_new_149 from FASTA, mean: 3.0395, std: 0.0000, sample size: 1,  global score, mean: 3.0395, std: 0.0000, sample size: 1
Score for 2B3P_new_150 from FASTA, mean: 3.0118, std: 0.0000, sample size: 1,  global score, mean: 3.0118, std: 0.0000, sample size: 1
Score for 2B3P_new_151 from FASTA, mean: 3.0582, std: 0.0000, sample size: 1,  global score, mean: 3.0582, std: 0.0000, sample size: 1
Score for 2B3P_new_152 from FASTA, mean: 2.9809, std: 0.0000, sample size: 1,  global score, mean: 2.9809, std: 0.0000, sample size: 1
Score for 2B3P_new_153 from FASTA, mean: 3.0212, std: 0.0000, sample size: 1,  global score, mean: 3.0212, std: 0.0000, sample size: 1
Score for 2B3P_new_154 from FASTA, mean: 3.0021, std: 0.0000, sample size: 1,  global score, mean: 3.0021, std: 0.0000, sample size: 1
Score for 2B3P_new_155 from FASTA, mean: 2.9241, std: 0.0000, sample size: 1,  global score, mean: 2.9241, std: 0.0000, sample size: 1
Score for 2B3P_new_156 from FASTA, mean: 3.1138, std: 0.0000, sample size: 1,  global score, mean: 3.1138, std: 0.0000, sample size: 1
Score for 2B3P_new_157 from FASTA, mean: 3.0372, std: 0.0000, sample size: 1,  global score, mean: 3.0372, std: 0.0000, sample size: 1
Score for 2B3P_new_158 from FASTA, mean: 3.0400, std: 0.0000, sample size: 1,  global score, mean: 3.0400, std: 0.0000, sample size: 1
Score for 2B3P_new_159 from FASTA, mean: 2.9585, std: 0.0000, sample size: 1,  global score, mean: 2.9585, std: 0.0000, sample size: 1
Score for 2B3P_new_160 from FASTA, mean: 2.9323, std: 0.0000, sample size: 1,  global score, mean: 2.9323, std: 0.0000, sample size: 1
Score for 2B3P_new_161 from FASTA, mean: 2.9352, std: 0.0000, sample size: 1,  global score, mean: 2.9352, std: 0.0000, sample size: 1
Score for 2B3P_new_162 from FASTA, mean: 3.0036, std: 0.0000, sample size: 1,  global score, mean: 3.0036, std: 0.0000, sample size: 1
Score for 2B3P_new_163 from FASTA, mean: 2.9890, std: 0.0000, sample size: 1,  global score, mean: 2.9890, std: 0.0000, sample size: 1
Score for 2B3P_new_164 from FASTA, mean: 3.0250, std: 0.0000, sample size: 1,  global score, mean: 3.0250, std: 0.0000, sample size: 1
Score for 2B3P_new_165 from FASTA, mean: 3.0962, std: 0.0000, sample size: 1,  global score, mean: 3.0962, std: 0.0000, sample size: 1
Score for 2B3P_new_166 from FASTA, mean: 3.0338, std: 0.0000, sample size: 1,  global score, mean: 3.0338, std: 0.0000, sample size: 1
Score for 2B3P_new_167 from FASTA, mean: 3.0592, std: 0.0000, sample size: 1,  global score, mean: 3.0592, std: 0.0000, sample size: 1
Score for 2B3P_new_168 from FASTA, mean: 3.0225, std: 0.0000, sample size: 1,  global score, mean: 3.0225, std: 0.0000, sample size: 1
Score for 2B3P_new_169 from FASTA, mean: 3.0664, std: 0.0000, sample size: 1,  global score, mean: 3.0664, std: 0.0000, sample size: 1
Score for 2B3P_new_170 from FASTA, mean: 3.0243, std: 0.0000, sample size: 1,  global score, mean: 3.0243, std: 0.0000, sample size: 1
Score for 2B3P_new_171 from FASTA, mean: 2.9920, std: 0.0000, sample size: 1,  global score, mean: 2.9920, std: 0.0000, sample size: 1
Score for 2B3P_new_172 from FASTA, mean: 3.1109, std: 0.0000, sample size: 1,  global score, mean: 3.1109, std: 0.0000, sample size: 1
Score for 2B3P_new_173 from FASTA, mean: 2.8819, std: 0.0000, sample size: 1,  global score, mean: 2.8819, std: 0.0000, sample size: 1
Score for 2B3P_new_174 from FASTA, mean: 3.0325, std: 0.0000, sample size: 1,  global score, mean: 3.0325, std: 0.0000, sample size: 1
Score for 2B3P_new_175 from FASTA, mean: 2.9287, std: 0.0000, sample size: 1,  global score, mean: 2.9287, std: 0.0000, sample size: 1
Score for 2B3P_new_176 from FASTA, mean: 3.0220, std: 0.0000, sample size: 1,  global score, mean: 3.0220, std: 0.0000, sample size: 1
Score for 2B3P_new_177 from FASTA, mean: 2.9386, std: 0.0000, sample size: 1,  global score, mean: 2.9386, std: 0.0000, sample size: 1
Score for 2B3P_new_178 from FASTA, mean: 3.0677, std: 0.0000, sample size: 1,  global score, mean: 3.0677, std: 0.0000, sample size: 1
Score for 2B3P_new_179 from FASTA, mean: 3.0087, std: 0.0000, sample size: 1,  global score, mean: 3.0087, std: 0.0000, sample size: 1
Score for 2B3P_new_180 from FASTA, mean: 3.0714, std: 0.0000, sample size: 1,  global score, mean: 3.0714, std: 0.0000, sample size: 1
Score for 2B3P_new_181 from FASTA, mean: 3.0555, std: 0.0000, sample size: 1,  global score, mean: 3.0555, std: 0.0000, sample size: 1
Score for 2B3P_new_182 from FASTA, mean: 2.9861, std: 0.0000, sample size: 1,  global score, mean: 2.9861, std: 0.0000, sample size: 1
Score for 2B3P_new_183 from FASTA, mean: 2.9508, std: 0.0000, sample size: 1,  global score, mean: 2.9508, std: 0.0000, sample size: 1
Score for 2B3P_new_184 from FASTA, mean: 3.0040, std: 0.0000, sample size: 1,  global score, mean: 3.0040, std: 0.0000, sample size: 1
Score for 2B3P_new_185 from FASTA, mean: 2.9601, std: 0.0000, sample size: 1,  global score, mean: 2.9601, std: 0.0000, sample size: 1
Score for 2B3P_new_186 from FASTA, mean: 3.0029, std: 0.0000, sample size: 1,  global score, mean: 3.0029, std: 0.0000, sample size: 1
Score for 2B3P_new_187 from FASTA, mean: 3.0267, std: 0.0000, sample size: 1,  global score, mean: 3.0267, std: 0.0000, sample size: 1
Score for 2B3P_new_188 from FASTA, mean: 2.9215, std: 0.0000, sample size: 1,  global score, mean: 2.9215, std: 0.0000, sample size: 1
Score for 2B3P_new_189 from FASTA, mean: 2.8795, std: 0.0000, sample size: 1,  global score, mean: 2.8795, std: 0.0000, sample size: 1
Score for 2B3P_new_190 from FASTA, mean: 2.9857, std: 0.0000, sample size: 1,  global score, mean: 2.9857, std: 0.0000, sample size: 1
Score for 2B3P_new_191 from FASTA, mean: 2.9512, std: 0.0000, sample size: 1,  global score, mean: 2.9512, std: 0.0000, sample size: 1
Score for 2B3P_new_192 from FASTA, mean: 2.9626, std: 0.0000, sample size: 1,  global score, mean: 2.9626, std: 0.0000, sample size: 1
Score for 2B3P_new_193 from FASTA, mean: 3.0483, std: 0.0000, sample size: 1,  global score, mean: 3.0483, std: 0.0000, sample size: 1
Score for 2B3P_new_194 from FASTA, mean: 2.9779, std: 0.0000, sample size: 1,  global score, mean: 2.9779, std: 0.0000, sample size: 1
Score for 2B3P_new_195 from FASTA, mean: 3.0170, std: 0.0000, sample size: 1,  global score, mean: 3.0170, std: 0.0000, sample size: 1
Score for 2B3P_new_196 from FASTA, mean: 3.0924, std: 0.0000, sample size: 1,  global score, mean: 3.0924, std: 0.0000, sample size: 1
Score for 2B3P_new_197 from FASTA, mean: 3.0061, std: 0.0000, sample size: 1,  global score, mean: 3.0061, std: 0.0000, sample size: 1
Score for 2B3P_new_198 from FASTA, mean: 2.9026, std: 0.0000, sample size: 1,  global score, mean: 2.9026, std: 0.0000, sample size: 1
Score for 2B3P_new_199 from FASTA, mean: 3.0483, std: 0.0000, sample size: 1,  global score, mean: 3.0483, std: 0.0000, sample size: 1
Score for 2B3P_new_200 from FASTA, mean: 3.0236, std: 0.0000, sample size: 1,  global score, mean: 3.0236, std: 0.0000, sample size: 1
Score for 2B3P_new_201 from FASTA, mean: 3.0025, std: 0.0000, sample size: 1,  global score, mean: 3.0025, std: 0.0000, sample size: 1
Score for 2B3P_new_202 from FASTA, mean: 3.0764, std: 0.0000, sample size: 1,  global score, mean: 3.0764, std: 0.0000, sample size: 1
Score for 2B3P_new_203 from FASTA, mean: 2.9485, std: 0.0000, sample size: 1,  global score, mean: 2.9485, std: 0.0000, sample size: 1
Score for 2B3P_new_204 from FASTA, mean: 3.1336, std: 0.0000, sample size: 1,  global score, mean: 3.1336, std: 0.0000, sample size: 1
Score for 2B3P_new_205 from FASTA, mean: 3.1341, std: 0.0000, sample size: 1,  global score, mean: 3.1341, std: 0.0000, sample size: 1
Score for 2B3P_new_206 from FASTA, mean: 2.9625, std: 0.0000, sample size: 1,  global score, mean: 2.9625, std: 0.0000, sample size: 1
Score for 2B3P_new_207 from FASTA, mean: 3.0848, std: 0.0000, sample size: 1,  global score, mean: 3.0848, std: 0.0000, sample size: 1
Score for 2B3P_new_208 from FASTA, mean: 3.1073, std: 0.0000, sample size: 1,  global score, mean: 3.1073, std: 0.0000, sample size: 1
Score for 2B3P_new_209 from FASTA, mean: 3.0839, std: 0.0000, sample size: 1,  global score, mean: 3.0839, std: 0.0000, sample size: 1
Score for 2B3P_new_210 from FASTA, mean: 2.9710, std: 0.0000, sample size: 1,  global score, mean: 2.9710, std: 0.0000, sample size: 1
Score for 2B3P_new_211 from FASTA, mean: 2.9812, std: 0.0000, sample size: 1,  global score, mean: 2.9812, std: 0.0000, sample size: 1
Score for 2B3P_new_212 from FASTA, mean: 3.0171, std: 0.0000, sample size: 1,  global score, mean: 3.0171, std: 0.0000, sample size: 1
Score for 2B3P_new_213 from FASTA, mean: 3.0070, std: 0.0000, sample size: 1,  global score, mean: 3.0070, std: 0.0000, sample size: 1
Score for 2B3P_new_214 from FASTA, mean: 3.1157, std: 0.0000, sample size: 1,  global score, mean: 3.1157, std: 0.0000, sample size: 1
Score for 2B3P_new_215 from FASTA, mean: 3.0939, std: 0.0000, sample size: 1,  global score, mean: 3.0939, std: 0.0000, sample size: 1
Score for 2B3P_new_216 from FASTA, mean: 3.1091, std: 0.0000, sample size: 1,  global score, mean: 3.1091, std: 0.0000, sample size: 1
Score for 2B3P_new_217 from FASTA, mean: 2.9729, std: 0.0000, sample size: 1,  global score, mean: 2.9729, std: 0.0000, sample size: 1
Score for 2B3P_new_218 from FASTA, mean: 3.0570, std: 0.0000, sample size: 1,  global score, mean: 3.0570, std: 0.0000, sample size: 1
Score for 2B3P_new_219 from FASTA, mean: 2.9773, std: 0.0000, sample size: 1,  global score, mean: 2.9773, std: 0.0000, sample size: 1
Score for 2B3P_new_220 from FASTA, mean: 3.0733, std: 0.0000, sample size: 1,  global score, mean: 3.0733, std: 0.0000, sample size: 1
Score for 2B3P_new_221 from FASTA, mean: 3.0184, std: 0.0000, sample size: 1,  global score, mean: 3.0184, std: 0.0000, sample size: 1
Score for 2B3P_new_222 from FASTA, mean: 3.1125, std: 0.0000, sample size: 1,  global score, mean: 3.1125, std: 0.0000, sample size: 1
Score for 2B3P_new_223 from FASTA, mean: 3.1215, std: 0.0000, sample size: 1,  global score, mean: 3.1215, std: 0.0000, sample size: 1
Score for 2B3P_new_224 from FASTA, mean: 3.0626, std: 0.0000, sample size: 1,  global score, mean: 3.0626, std: 0.0000, sample size: 1
Score for 2B3P_new_225 from FASTA, mean: 3.0158, std: 0.0000, sample size: 1,  global score, mean: 3.0158, std: 0.0000, sample size: 1
Score for 2B3P_new_226 from FASTA, mean: 2.9566, std: 0.0000, sample size: 1,  global score, mean: 2.9566, std: 0.0000, sample size: 1
Score for 2B3P_new_227 from FASTA, mean: 2.9539, std: 0.0000, sample size: 1,  global score, mean: 2.9539, std: 0.0000, sample size: 1
Score for 2B3P_new_228 from FASTA, mean: 3.0941, std: 0.0000, sample size: 1,  global score, mean: 3.0941, std: 0.0000, sample size: 1
Score for 2B3P_new_229 from FASTA, mean: 3.0134, std: 0.0000, sample size: 1,  global score, mean: 3.0134, std: 0.0000, sample size: 1
Score for 2B3P_new_230 from FASTA, mean: 2.9792, std: 0.0000, sample size: 1,  global score, mean: 2.9792, std: 0.0000, sample size: 1
Score for 2B3P_new_231 from FASTA, mean: 2.9937, std: 0.0000, sample size: 1,  global score, mean: 2.9937, std: 0.0000, sample size: 1
Score for 2B3P_new_232 from FASTA, mean: 3.1495, std: 0.0000, sample size: 1,  global score, mean: 3.1495, std: 0.0000, sample size: 1
Score for 2B3P_new_233 from FASTA, mean: 3.0555, std: 0.0000, sample size: 1,  global score, mean: 3.0555, std: 0.0000, sample size: 1
Score for 2B3P_new_234 from FASTA, mean: 3.0626, std: 0.0000, sample size: 1,  global score, mean: 3.0626, std: 0.0000, sample size: 1
Score for 2B3P_new_235 from FASTA, mean: 3.0774, std: 0.0000, sample size: 1,  global score, mean: 3.0774, std: 0.0000, sample size: 1
Score for 2B3P_new_236 from FASTA, mean: 3.0591, std: 0.0000, sample size: 1,  global score, mean: 3.0591, std: 0.0000, sample size: 1
Score for 2B3P_new_237 from FASTA, mean: 3.0550, std: 0.0000, sample size: 1,  global score, mean: 3.0550, std: 0.0000, sample size: 1
Score for 2B3P_new_238 from FASTA, mean: 3.1456, std: 0.0000, sample size: 1,  global score, mean: 3.1456, std: 0.0000, sample size: 1
Score for 2B3P_new_239 from FASTA, mean: 3.0185, std: 0.0000, sample size: 1,  global score, mean: 3.0185, std: 0.0000, sample size: 1
Score for 2B3P_new_240 from FASTA, mean: 3.0339, std: 0.0000, sample size: 1,  global score, mean: 3.0339, std: 0.0000, sample size: 1
Score for 2B3P_new_241 from FASTA, mean: 3.1142, std: 0.0000, sample size: 1,  global score, mean: 3.1142, std: 0.0000, sample size: 1
Score for 2B3P_new_242 from FASTA, mean: 3.0348, std: 0.0000, sample size: 1,  global score, mean: 3.0348, std: 0.0000, sample size: 1
Score for 2B3P_new_243 from FASTA, mean: 2.9576, std: 0.0000, sample size: 1,  global score, mean: 2.9576, std: 0.0000, sample size: 1
Score for 2B3P_new_244 from FASTA, mean: 3.0577, std: 0.0000, sample size: 1,  global score, mean: 3.0577, std: 0.0000, sample size: 1
Score for 2B3P_new_245 from FASTA, mean: 3.0385, std: 0.0000, sample size: 1,  global score, mean: 3.0385, std: 0.0000, sample size: 1
Score for 2B3P_new_246 from FASTA, mean: 3.1097, std: 0.0000, sample size: 1,  global score, mean: 3.1097, std: 0.0000, sample size: 1
Score for 2B3P_new_247 from FASTA, mean: 2.9507, std: 0.0000, sample size: 1,  global score, mean: 2.9507, std: 0.0000, sample size: 1
Score for 2B3P_new_248 from FASTA, mean: 3.0186, std: 0.0000, sample size: 1,  global score, mean: 3.0186, std: 0.0000, sample size: 1
Score for 2B3P_new_249 from FASTA, mean: 3.0114, std: 0.0000, sample size: 1,  global score, mean: 3.0114, std: 0.0000, sample size: 1
Score for 2B3P_new_250 from FASTA, mean: 3.0963, std: 0.0000, sample size: 1,  global score, mean: 3.0963, std: 0.0000, sample size: 1
Score for 2B3P_new_251 from FASTA, mean: 3.0031, std: 0.0000, sample size: 1,  global score, mean: 3.0031, std: 0.0000, sample size: 1
Score for 2B3P_new_252 from FASTA, mean: 3.0101, std: 0.0000, sample size: 1,  global score, mean: 3.0101, std: 0.0000, sample size: 1
Score for 2B3P_new_253 from FASTA, mean: 3.0566, std: 0.0000, sample size: 1,  global score, mean: 3.0566, std: 0.0000, sample size: 1
Score for 2B3P_new_254 from FASTA, mean: 3.0423, std: 0.0000, sample size: 1,  global score, mean: 3.0423, std: 0.0000, sample size: 1
Score for 2B3P_new_255 from FASTA, mean: 3.1166, std: 0.0000, sample size: 1,  global score, mean: 3.1166, std: 0.0000, sample size: 1
Score for 2B3P_new_256 from FASTA, mean: 3.0664, std: 0.0000, sample size: 1,  global score, mean: 3.0664, std: 0.0000, sample size: 1
Score for 2B3P_new_257 from FASTA, mean: 3.1037, std: 0.0000, sample size: 1,  global score, mean: 3.1037, std: 0.0000, sample size: 1
Score for 2B3P_new_258 from FASTA, mean: 3.0661, std: 0.0000, sample size: 1,  global score, mean: 3.0661, std: 0.0000, sample size: 1
Score for 2B3P_new_259 from FASTA, mean: 3.0144, std: 0.0000, sample size: 1,  global score, mean: 3.0144, std: 0.0000, sample size: 1
Score for 2B3P_new_260 from FASTA, mean: 3.0315, std: 0.0000, sample size: 1,  global score, mean: 3.0315, std: 0.0000, sample size: 1
Score for 2B3P_new_261 from FASTA, mean: 2.9758, std: 0.0000, sample size: 1,  global score, mean: 2.9758, std: 0.0000, sample size: 1
Score for 2B3P_new_262 from FASTA, mean: 3.1202, std: 0.0000, sample size: 1,  global score, mean: 3.1202, std: 0.0000, sample size: 1
Score for 2B3P_new_263 from FASTA, mean: 3.0754, std: 0.0000, sample size: 1,  global score, mean: 3.0754, std: 0.0000, sample size: 1
Score for 2B3P_new_264 from FASTA, mean: 3.0672, std: 0.0000, sample size: 1,  global score, mean: 3.0672, std: 0.0000, sample size: 1
Score for 2B3P_new_265 from FASTA, mean: 3.1347, std: 0.0000, sample size: 1,  global score, mean: 3.1347, std: 0.0000, sample size: 1
Score for 2B3P_new_266 from FASTA, mean: 3.1101, std: 0.0000, sample size: 1,  global score, mean: 3.1101, std: 0.0000, sample size: 1
Score for 2B3P_new_267 from FASTA, mean: 3.0890, std: 0.0000, sample size: 1,  global score, mean: 3.0890, std: 0.0000, sample size: 1
Score for 2B3P_new_268 from FASTA, mean: 3.0441, std: 0.0000, sample size: 1,  global score, mean: 3.0441, std: 0.0000, sample size: 1
Score for 2B3P_new_269 from FASTA, mean: 3.0459, std: 0.0000, sample size: 1,  global score, mean: 3.0459, std: 0.0000, sample size: 1
Score for 2B3P_new_270 from FASTA, mean: 3.0947, std: 0.0000, sample size: 1,  global score, mean: 3.0947, std: 0.0000, sample size: 1
Score for 2B3P_new_271 from FASTA, mean: 3.0262, std: 0.0000, sample size: 1,  global score, mean: 3.0262, std: 0.0000, sample size: 1
Score for 2B3P_new_272 from FASTA, mean: 2.9885, std: 0.0000, sample size: 1,  global score, mean: 2.9885, std: 0.0000, sample size: 1
Score for 2B3P_new_273 from FASTA, mean: 2.9996, std: 0.0000, sample size: 1,  global score, mean: 2.9996, std: 0.0000, sample size: 1
Score for 2B3P_new_274 from FASTA, mean: 3.0853, std: 0.0000, sample size: 1,  global score, mean: 3.0853, std: 0.0000, sample size: 1
Score for 2B3P_new_275 from FASTA, mean: 3.0662, std: 0.0000, sample size: 1,  global score, mean: 3.0662, std: 0.0000, sample size: 1
Score for 2B3P_new_276 from FASTA, mean: 3.2128, std: 0.0000, sample size: 1,  global score, mean: 3.2128, std: 0.0000, sample size: 1
Score for 2B3P_new_277 from FASTA, mean: 2.9897, std: 0.0000, sample size: 1,  global score, mean: 2.9897, std: 0.0000, sample size: 1
Score for 2B3P_new_278 from FASTA, mean: 3.0714, std: 0.0000, sample size: 1,  global score, mean: 3.0714, std: 0.0000, sample size: 1
Score for 2B3P_new_279 from FASTA, mean: 2.9380, std: 0.0000, sample size: 1,  global score, mean: 2.9380, std: 0.0000, sample size: 1
Score for 2B3P_new_280 from FASTA, mean: 3.1670, std: 0.0000, sample size: 1,  global score, mean: 3.1670, std: 0.0000, sample size: 1
Score for 2B3P_new_281 from FASTA, mean: 3.1034, std: 0.0000, sample size: 1,  global score, mean: 3.1034, std: 0.0000, sample size: 1
Score for 2B3P_new_282 from FASTA, mean: 3.1796, std: 0.0000, sample size: 1,  global score, mean: 3.1796, std: 0.0000, sample size: 1
Score for 2B3P_new_283 from FASTA, mean: 2.9995, std: 0.0000, sample size: 1,  global score, mean: 2.9995, std: 0.0000, sample size: 1
Score for 2B3P_new_284 from FASTA, mean: 3.0343, std: 0.0000, sample size: 1,  global score, mean: 3.0343, std: 0.0000, sample size: 1
Score for 2B3P_new_285 from FASTA, mean: 2.9367, std: 0.0000, sample size: 1,  global score, mean: 2.9367, std: 0.0000, sample size: 1
Score for 2B3P_new_286 from FASTA, mean: 2.9960, std: 0.0000, sample size: 1,  global score, mean: 2.9960, std: 0.0000, sample size: 1
Score for 2B3P_new_287 from FASTA, mean: 3.0606, std: 0.0000, sample size: 1,  global score, mean: 3.0606, std: 0.0000, sample size: 1
Score for 2B3P_new_288 from FASTA, mean: 2.9217, std: 0.0000, sample size: 1,  global score, mean: 2.9217, std: 0.0000, sample size: 1
Score for 2B3P_new_289 from FASTA, mean: 3.0933, std: 0.0000, sample size: 1,  global score, mean: 3.0933, std: 0.0000, sample size: 1
Score for 2B3P_new_290 from FASTA, mean: 3.0322, std: 0.0000, sample size: 1,  global score, mean: 3.0322, std: 0.0000, sample size: 1
Score for 2B3P_new_291 from FASTA, mean: 3.0260, std: 0.0000, sample size: 1,  global score, mean: 3.0260, std: 0.0000, sample size: 1
Score for 2B3P_new_292 from FASTA, mean: 3.1479, std: 0.0000, sample size: 1,  global score, mean: 3.1479, std: 0.0000, sample size: 1
Score for 2B3P_new_293 from FASTA, mean: 3.0762, std: 0.0000, sample size: 1,  global score, mean: 3.0762, std: 0.0000, sample size: 1
Score for 2B3P_new_294 from FASTA, mean: 2.9841, std: 0.0000, sample size: 1,  global score, mean: 2.9841, std: 0.0000, sample size: 1
Score for 2B3P_new_295 from FASTA, mean: 3.0261, std: 0.0000, sample size: 1,  global score, mean: 3.0261, std: 0.0000, sample size: 1
Score for 2B3P_new_296 from FASTA, mean: 3.0113, std: 0.0000, sample size: 1,  global score, mean: 3.0113, std: 0.0000, sample size: 1
Score for 2B3P_new_297 from FASTA, mean: 3.0650, std: 0.0000, sample size: 1,  global score, mean: 3.0650, std: 0.0000, sample size: 1
Score for 2B3P_new_298 from FASTA, mean: 3.0097, std: 0.0000, sample size: 1,  global score, mean: 3.0097, std: 0.0000, sample size: 1
Score for 2B3P_new_299 from FASTA, mean: 3.1381, std: 0.0000, sample size: 1,  global score, mean: 3.1381, std: 0.0000, sample size: 1
Score for 2B3P_new_300 from FASTA, mean: 3.0198, std: 0.0000, sample size: 1,  global score, mean: 3.0198, std: 0.0000, sample size: 1
Score for 2B3P_new_301 from FASTA, mean: 3.2106, std: 0.0000, sample size: 1,  global score, mean: 3.2106, std: 0.0000, sample size: 1
Score for 2B3P_new_302 from FASTA, mean: 3.0307, std: 0.0000, sample size: 1,  global score, mean: 3.0307, std: 0.0000, sample size: 1
Score for 2B3P_new_303 from FASTA, mean: 3.1736, std: 0.0000, sample size: 1,  global score, mean: 3.1736, std: 0.0000, sample size: 1
Score for 2B3P_new_304 from FASTA, mean: 2.9781, std: 0.0000, sample size: 1,  global score, mean: 2.9781, std: 0.0000, sample size: 1
Score for 2B3P_new_305 from FASTA, mean: 3.0022, std: 0.0000, sample size: 1,  global score, mean: 3.0022, std: 0.0000, sample size: 1
Score for 2B3P_new_306 from FASTA, mean: 3.0935, std: 0.0000, sample size: 1,  global score, mean: 3.0935, std: 0.0000, sample size: 1
Score for 2B3P_new_307 from FASTA, mean: 3.0984, std: 0.0000, sample size: 1,  global score, mean: 3.0984, std: 0.0000, sample size: 1
Score for 2B3P_new_308 from FASTA, mean: 3.0203, std: 0.0000, sample size: 1,  global score, mean: 3.0203, std: 0.0000, sample size: 1
Score for 2B3P_new_309 from FASTA, mean: 3.0710, std: 0.0000, sample size: 1,  global score, mean: 3.0710, std: 0.0000, sample size: 1
Score for 2B3P_new_310 from FASTA, mean: 3.1248, std: 0.0000, sample size: 1,  global score, mean: 3.1248, std: 0.0000, sample size: 1
Score for 2B3P_new_311 from FASTA, mean: 3.1378, std: 0.0000, sample size: 1,  global score, mean: 3.1378, std: 0.0000, sample size: 1
Score for 2B3P_new_312 from FASTA, mean: 3.0419, std: 0.0000, sample size: 1,  global score, mean: 3.0419, std: 0.0000, sample size: 1
Score for 2B3P_new_313 from FASTA, mean: 3.0157, std: 0.0000, sample size: 1,  global score, mean: 3.0157, std: 0.0000, sample size: 1
Score for 2B3P_new_314 from FASTA, mean: 3.0340, std: 0.0000, sample size: 1,  global score, mean: 3.0340, std: 0.0000, sample size: 1
Score for 2B3P_new_315 from FASTA, mean: 2.9927, std: 0.0000, sample size: 1,  global score, mean: 2.9927, std: 0.0000, sample size: 1
Score for 2B3P_new_316 from FASTA, mean: 2.9372, std: 0.0000, sample size: 1,  global score, mean: 2.9372, std: 0.0000, sample size: 1
Score for 2B3P_new_317 from FASTA, mean: 3.1465, std: 0.0000, sample size: 1,  global score, mean: 3.1465, std: 0.0000, sample size: 1
Score for 2B3P_new_318 from FASTA, mean: 3.0413, std: 0.0000, sample size: 1,  global score, mean: 3.0413, std: 0.0000, sample size: 1
Score for 2B3P_new_319 from FASTA, mean: 3.1755, std: 0.0000, sample size: 1,  global score, mean: 3.1755, std: 0.0000, sample size: 1
Score for 2B3P_new_320 from FASTA, mean: 3.0881, std: 0.0000, sample size: 1,  global score, mean: 3.0881, std: 0.0000, sample size: 1
Score for 2B3P_new_321 from FASTA, mean: 3.0724, std: 0.0000, sample size: 1,  global score, mean: 3.0724, std: 0.0000, sample size: 1
Score for 2B3P_new_322 from FASTA, mean: 3.1068, std: 0.0000, sample size: 1,  global score, mean: 3.1068, std: 0.0000, sample size: 1
Score for 2B3P_new_323 from FASTA, mean: 2.9843, std: 0.0000, sample size: 1,  global score, mean: 2.9843, std: 0.0000, sample size: 1
Score for 2B3P_new_324 from FASTA, mean: 3.1261, std: 0.0000, sample size: 1,  global score, mean: 3.1261, std: 0.0000, sample size: 1
Score for 2B3P_new_325 from FASTA, mean: 3.1175, std: 0.0000, sample size: 1,  global score, mean: 3.1175, std: 0.0000, sample size: 1
Score for 2B3P_new_326 from FASTA, mean: 2.9654, std: 0.0000, sample size: 1,  global score, mean: 2.9654, std: 0.0000, sample size: 1
Score for 2B3P_new_327 from FASTA, mean: 3.0568, std: 0.0000, sample size: 1,  global score, mean: 3.0568, std: 0.0000, sample size: 1
Score for 2B3P_new_328 from FASTA, mean: 3.0930, std: 0.0000, sample size: 1,  global score, mean: 3.0930, std: 0.0000, sample size: 1
Score for 2B3P_new_329 from FASTA, mean: 3.0434, std: 0.0000, sample size: 1,  global score, mean: 3.0434, std: 0.0000, sample size: 1
Score for 2B3P_new_330 from FASTA, mean: 3.1217, std: 0.0000, sample size: 1,  global score, mean: 3.1217, std: 0.0000, sample size: 1
Score for 2B3P_new_331 from FASTA, mean: 3.0411, std: 0.0000, sample size: 1,  global score, mean: 3.0411, std: 0.0000, sample size: 1
Score for 2B3P_new_332 from FASTA, mean: 3.1771, std: 0.0000, sample size: 1,  global score, mean: 3.1771, std: 0.0000, sample size: 1
Score for 2B3P_new_333 from FASTA, mean: 3.1018, std: 0.0000, sample size: 1,  global score, mean: 3.1018, std: 0.0000, sample size: 1
Score for 2B3P_new_334 from FASTA, mean: 3.1805, std: 0.0000, sample size: 1,  global score, mean: 3.1805, std: 0.0000, sample size: 1
Score for 2B3P_new_335 from FASTA, mean: 2.9914, std: 0.0000, sample size: 1,  global score, mean: 2.9914, std: 0.0000, sample size: 1
Score for 2B3P_new_336 from FASTA, mean: 3.1763, std: 0.0000, sample size: 1,  global score, mean: 3.1763, std: 0.0000, sample size: 1
Score for 2B3P_new_337 from FASTA, mean: 3.1006, std: 0.0000, sample size: 1,  global score, mean: 3.1006, std: 0.0000, sample size: 1
Score for 2B3P_new_338 from FASTA, mean: 3.0990, std: 0.0000, sample size: 1,  global score, mean: 3.0990, std: 0.0000, sample size: 1
Score for 2B3P_new_339 from FASTA, mean: 3.1089, std: 0.0000, sample size: 1,  global score, mean: 3.1089, std: 0.0000, sample size: 1
Score for 2B3P_new_340 from FASTA, mean: 3.1030, std: 0.0000, sample size: 1,  global score, mean: 3.1030, std: 0.0000, sample size: 1
Score for 2B3P_new_341 from FASTA, mean: 3.0540, std: 0.0000, sample size: 1,  global score, mean: 3.0540, std: 0.0000, sample size: 1
Score for 2B3P_new_342 from FASTA, mean: 3.1647, std: 0.0000, sample size: 1,  global score, mean: 3.1647, std: 0.0000, sample size: 1
Score for 2B3P_new_343 from FASTA, mean: 3.1030, std: 0.0000, sample size: 1,  global score, mean: 3.1030, std: 0.0000, sample size: 1
Score for 2B3P_new_344 from FASTA, mean: 3.1144, std: 0.0000, sample size: 1,  global score, mean: 3.1144, std: 0.0000, sample size: 1
Score for 2B3P_new_345 from FASTA, mean: 3.1035, std: 0.0000, sample size: 1,  global score, mean: 3.1035, std: 0.0000, sample size: 1
Score for 2B3P_new_346 from FASTA, mean: 3.0436, std: 0.0000, sample size: 1,  global score, mean: 3.0436, std: 0.0000, sample size: 1
Score for 2B3P_new_347 from FASTA, mean: 3.1408, std: 0.0000, sample size: 1,  global score, mean: 3.1408, std: 0.0000, sample size: 1
Score for 2B3P_new_348 from FASTA, mean: 3.0937, std: 0.0000, sample size: 1,  global score, mean: 3.0937, std: 0.0000, sample size: 1
Score for 2B3P_new_349 from FASTA, mean: 3.0305, std: 0.0000, sample size: 1,  global score, mean: 3.0305, std: 0.0000, sample size: 1
Score for 2B3P_new_350 from FASTA, mean: 3.1447, std: 0.0000, sample size: 1,  global score, mean: 3.1447, std: 0.0000, sample size: 1
Score for 2B3P_new_351 from FASTA, mean: 3.0616, std: 0.0000, sample size: 1,  global score, mean: 3.0616, std: 0.0000, sample size: 1
Score for 2B3P_new_352 from FASTA, mean: 3.0932, std: 0.0000, sample size: 1,  global score, mean: 3.0932, std: 0.0000, sample size: 1
Score for 2B3P_new_353 from FASTA, mean: 3.0088, std: 0.0000, sample size: 1,  global score, mean: 3.0088, std: 0.0000, sample size: 1
Score for 2B3P_new_354 from FASTA, mean: 3.1934, std: 0.0000, sample size: 1,  global score, mean: 3.1934, std: 0.0000, sample size: 1
Score for 2B3P_new_355 from FASTA, mean: 3.0924, std: 0.0000, sample size: 1,  global score, mean: 3.0924, std: 0.0000, sample size: 1
Score for 2B3P_new_356 from FASTA, mean: 3.1704, std: 0.0000, sample size: 1,  global score, mean: 3.1704, std: 0.0000, sample size: 1
Score for 2B3P_new_357 from FASTA, mean: 3.1356, std: 0.0000, sample size: 1,  global score, mean: 3.1356, std: 0.0000, sample size: 1
Score for 2B3P_new_358 from FASTA, mean: 3.0530, std: 0.0000, sample size: 1,  global score, mean: 3.0530, std: 0.0000, sample size: 1
Score for 2B3P_new_359 from FASTA, mean: 3.1113, std: 0.0000, sample size: 1,  global score, mean: 3.1113, std: 0.0000, sample size: 1
Score for 2B3P_new_360 from FASTA, mean: 2.9724, std: 0.0000, sample size: 1,  global score, mean: 2.9724, std: 0.0000, sample size: 1
Score for 2B3P_new_361 from FASTA, mean: 3.2021, std: 0.0000, sample size: 1,  global score, mean: 3.2021, std: 0.0000, sample size: 1
Score for 2B3P_new_362 from FASTA, mean: 3.0173, std: 0.0000, sample size: 1,  global score, mean: 3.0173, std: 0.0000, sample size: 1
Score for 2B3P_new_363 from FASTA, mean: 3.1361, std: 0.0000, sample size: 1,  global score, mean: 3.1361, std: 0.0000, sample size: 1
Score for 2B3P_new_364 from FASTA, mean: 3.1510, std: 0.0000, sample size: 1,  global score, mean: 3.1510, std: 0.0000, sample size: 1
Score for 2B3P_new_365 from FASTA, mean: 3.0892, std: 0.0000, sample size: 1,  global score, mean: 3.0892, std: 0.0000, sample size: 1
Score for 2B3P_new_366 from FASTA, mean: 3.0992, std: 0.0000, sample size: 1,  global score, mean: 3.0992, std: 0.0000, sample size: 1
Score for 2B3P_new_367 from FASTA, mean: 3.1435, std: 0.0000, sample size: 1,  global score, mean: 3.1435, std: 0.0000, sample size: 1
Score for 2B3P_new_368 from FASTA, mean: 3.1070, std: 0.0000, sample size: 1,  global score, mean: 3.1070, std: 0.0000, sample size: 1
Score for 2B3P_new_369 from FASTA, mean: 3.0814, std: 0.0000, sample size: 1,  global score, mean: 3.0814, std: 0.0000, sample size: 1
Score for 2B3P_new_370 from FASTA, mean: 3.1200, std: 0.0000, sample size: 1,  global score, mean: 3.1200, std: 0.0000, sample size: 1
Score for 2B3P_new_371 from FASTA, mean: 3.0712, std: 0.0000, sample size: 1,  global score, mean: 3.0712, std: 0.0000, sample size: 1
Score for 2B3P_new_372 from FASTA, mean: 2.9577, std: 0.0000, sample size: 1,  global score, mean: 2.9577, std: 0.0000, sample size: 1
Score for 2B3P_new_373 from FASTA, mean: 3.0382, std: 0.0000, sample size: 1,  global score, mean: 3.0382, std: 0.0000, sample size: 1
Score for 2B3P_new_374 from FASTA, mean: 3.0911, std: 0.0000, sample size: 1,  global score, mean: 3.0911, std: 0.0000, sample size: 1
Score for 2B3P_new_375 from FASTA, mean: 3.0823, std: 0.0000, sample size: 1,  global score, mean: 3.0823, std: 0.0000, sample size: 1
Score for 2B3P_new_376 from FASTA, mean: 3.1177, std: 0.0000, sample size: 1,  global score, mean: 3.1177, std: 0.0000, sample size: 1
Score for 2B3P_new_377 from FASTA, mean: 3.1241, std: 0.0000, sample size: 1,  global score, mean: 3.1241, std: 0.0000, sample size: 1
Score for 2B3P_new_378 from FASTA, mean: 3.0570, std: 0.0000, sample size: 1,  global score, mean: 3.0570, std: 0.0000, sample size: 1
Score for 2B3P_new_379 from FASTA, mean: 3.1840, std: 0.0000, sample size: 1,  global score, mean: 3.1840, std: 0.0000, sample size: 1
Score for 2B3P_new_380 from FASTA, mean: 3.0493, std: 0.0000, sample size: 1,  global score, mean: 3.0493, std: 0.0000, sample size: 1
Score for 2B3P_new_381 from FASTA, mean: 3.0525, std: 0.0000, sample size: 1,  global score, mean: 3.0525, std: 0.0000, sample size: 1
Score for 2B3P_new_382 from FASTA, mean: 3.1218, std: 0.0000, sample size: 1,  global score, mean: 3.1218, std: 0.0000, sample size: 1
Score for 2B3P_new_383 from FASTA, mean: 3.0497, std: 0.0000, sample size: 1,  global score, mean: 3.0497, std: 0.0000, sample size: 1
Score for 2B3P_new_384 from FASTA, mean: 3.1155, std: 0.0000, sample size: 1,  global score, mean: 3.1155, std: 0.0000, sample size: 1
Score for 2B3P_new_385 from FASTA, mean: 3.0689, std: 0.0000, sample size: 1,  global score, mean: 3.0689, std: 0.0000, sample size: 1
Score for 2B3P_new_386 from FASTA, mean: 3.0731, std: 0.0000, sample size: 1,  global score, mean: 3.0731, std: 0.0000, sample size: 1
Score for 2B3P_new_387 from FASTA, mean: 3.0591, std: 0.0000, sample size: 1,  global score, mean: 3.0591, std: 0.0000, sample size: 1
Score for 2B3P_new_388 from FASTA, mean: 3.1651, std: 0.0000, sample size: 1,  global score, mean: 3.1651, std: 0.0000, sample size: 1
Score for 2B3P_new_389 from FASTA, mean: 3.1370, std: 0.0000, sample size: 1,  global score, mean: 3.1370, std: 0.0000, sample size: 1
Score for 2B3P_new_390 from FASTA, mean: 3.0418, std: 0.0000, sample size: 1,  global score, mean: 3.0418, std: 0.0000, sample size: 1
Score for 2B3P_new_391 from FASTA, mean: 2.9855, std: 0.0000, sample size: 1,  global score, mean: 2.9855, std: 0.0000, sample size: 1
Score for 2B3P_new_392 from FASTA, mean: 3.1511, std: 0.0000, sample size: 1,  global score, mean: 3.1511, std: 0.0000, sample size: 1
Score for 2B3P_new_393 from FASTA, mean: 3.1856, std: 0.0000, sample size: 1,  global score, mean: 3.1856, std: 0.0000, sample size: 1
Score for 2B3P_new_394 from FASTA, mean: 3.0489, std: 0.0000, sample size: 1,  global score, mean: 3.0489, std: 0.0000, sample size: 1
Score for 2B3P_new_395 from FASTA, mean: 3.0805, std: 0.0000, sample size: 1,  global score, mean: 3.0805, std: 0.0000, sample size: 1
Score for 2B3P_new_396 from FASTA, mean: 3.2155, std: 0.0000, sample size: 1,  global score, mean: 3.2155, std: 0.0000, sample size: 1
Score for 2B3P_new_397 from FASTA, mean: 3.1392, std: 0.0000, sample size: 1,  global score, mean: 3.1392, std: 0.0000, sample size: 1
Score for 2B3P_new_398 from FASTA, mean: 3.1300, std: 0.0000, sample size: 1,  global score, mean: 3.1300, std: 0.0000, sample size: 1
Score for 2B3P_new_399 from FASTA, mean: 3.1332, std: 0.0000, sample size: 1,  global score, mean: 3.1332, std: 0.0000, sample size: 1
Score for 2B3P_new_400 from FASTA, mean: 3.0856, std: 0.0000, sample size: 1,  global score, mean: 3.0856, std: 0.0000, sample size: 1
Score for 2B3P_new_401 from FASTA, mean: 3.0822, std: 0.0000, sample size: 1,  global score, mean: 3.0822, std: 0.0000, sample size: 1
Score for 2B3P_new_402 from FASTA, mean: 3.1288, std: 0.0000, sample size: 1,  global score, mean: 3.1288, std: 0.0000, sample size: 1
Score for 2B3P_new_403 from FASTA, mean: 3.1643, std: 0.0000, sample size: 1,  global score, mean: 3.1643, std: 0.0000, sample size: 1
Score for 2B3P_new_404 from FASTA, mean: 3.1291, std: 0.0000, sample size: 1,  global score, mean: 3.1291, std: 0.0000, sample size: 1
Score for 2B3P_new_405 from FASTA, mean: 3.0741, std: 0.0000, sample size: 1,  global score, mean: 3.0741, std: 0.0000, sample size: 1
Score for 2B3P_new_406 from FASTA, mean: 3.1237, std: 0.0000, sample size: 1,  global score, mean: 3.1237, std: 0.0000, sample size: 1
Score for 2B3P_new_407 from FASTA, mean: 3.2032, std: 0.0000, sample size: 1,  global score, mean: 3.2032, std: 0.0000, sample size: 1
Score for 2B3P_new_408 from FASTA, mean: 3.0359, std: 0.0000, sample size: 1,  global score, mean: 3.0359, std: 0.0000, sample size: 1
Score for 2B3P_new_409 from FASTA, mean: 3.2563, std: 0.0000, sample size: 1,  global score, mean: 3.2563, std: 0.0000, sample size: 1
Score for 2B3P_new_410 from FASTA, mean: 3.0858, std: 0.0000, sample size: 1,  global score, mean: 3.0858, std: 0.0000, sample size: 1
Score for 2B3P_new_411 from FASTA, mean: 3.0942, std: 0.0000, sample size: 1,  global score, mean: 3.0942, std: 0.0000, sample size: 1
Score for 2B3P_new_412 from FASTA, mean: 3.1494, std: 0.0000, sample size: 1,  global score, mean: 3.1494, std: 0.0000, sample size: 1
Score for 2B3P_new_413 from FASTA, mean: 3.0788, std: 0.0000, sample size: 1,  global score, mean: 3.0788, std: 0.0000, sample size: 1
Score for 2B3P_new_414 from FASTA, mean: 3.0825, std: 0.0000, sample size: 1,  global score, mean: 3.0825, std: 0.0000, sample size: 1
Score for 2B3P_new_415 from FASTA, mean: 3.0502, std: 0.0000, sample size: 1,  global score, mean: 3.0502, std: 0.0000, sample size: 1
Score for 2B3P_new_416 from FASTA, mean: 3.0476, std: 0.0000, sample size: 1,  global score, mean: 3.0476, std: 0.0000, sample size: 1
Score for 2B3P_new_417 from FASTA, mean: 3.0359, std: 0.0000, sample size: 1,  global score, mean: 3.0359, std: 0.0000, sample size: 1
Score for 2B3P_new_418 from FASTA, mean: 3.2553, std: 0.0000, sample size: 1,  global score, mean: 3.2553, std: 0.0000, sample size: 1
Score for 2B3P_new_419 from FASTA, mean: 3.1406, std: 0.0000, sample size: 1,  global score, mean: 3.1406, std: 0.0000, sample size: 1
Score for 2B3P_new_420 from FASTA, mean: 3.2724, std: 0.0000, sample size: 1,  global score, mean: 3.2724, std: 0.0000, sample size: 1
Score for 2B3P_new_421 from FASTA, mean: 3.0899, std: 0.0000, sample size: 1,  global score, mean: 3.0899, std: 0.0000, sample size: 1
Score for 2B3P_new_422 from FASTA, mean: 3.1368, std: 0.0000, sample size: 1,  global score, mean: 3.1368, std: 0.0000, sample size: 1
Score for 2B3P_new_423 from FASTA, mean: 2.9533, std: 0.0000, sample size: 1,  global score, mean: 2.9533, std: 0.0000, sample size: 1
Score for 2B3P_new_424 from FASTA, mean: 3.1028, std: 0.0000, sample size: 1,  global score, mean: 3.1028, std: 0.0000, sample size: 1
Score for 2B3P_new_425 from FASTA, mean: 3.3111, std: 0.0000, sample size: 1,  global score, mean: 3.3111, std: 0.0000, sample size: 1
Score for 2B3P_new_426 from FASTA, mean: 3.1312, std: 0.0000, sample size: 1,  global score, mean: 3.1312, std: 0.0000, sample size: 1
Score for 2B3P_new_427 from FASTA, mean: 3.2828, std: 0.0000, sample size: 1,  global score, mean: 3.2828, std: 0.0000, sample size: 1
Score for 2B3P_new_428 from FASTA, mean: 3.2574, std: 0.0000, sample size: 1,  global score, mean: 3.2574, std: 0.0000, sample size: 1
Score for 2B3P_new_429 from FASTA, mean: 3.1822, std: 0.0000, sample size: 1,  global score, mean: 3.1822, std: 0.0000, sample size: 1
Score for 2B3P_new_430 from FASTA, mean: 3.0943, std: 0.0000, sample size: 1,  global score, mean: 3.0943, std: 0.0000, sample size: 1
Score for 2B3P_new_431 from FASTA, mean: 3.1358, std: 0.0000, sample size: 1,  global score, mean: 3.1358, std: 0.0000, sample size: 1
Score for 2B3P_new_432 from FASTA, mean: 3.0111, std: 0.0000, sample size: 1,  global score, mean: 3.0111, std: 0.0000, sample size: 1
Score for 2B3P_new_433 from FASTA, mean: 3.2075, std: 0.0000, sample size: 1,  global score, mean: 3.2075, std: 0.0000, sample size: 1
Score for 2B3P_new_434 from FASTA, mean: 3.0599, std: 0.0000, sample size: 1,  global score, mean: 3.0599, std: 0.0000, sample size: 1
Score for 2B3P_new_435 from FASTA, mean: 3.1685, std: 0.0000, sample size: 1,  global score, mean: 3.1685, std: 0.0000, sample size: 1
Score for 2B3P_new_436 from FASTA, mean: 3.1625, std: 0.0000, sample size: 1,  global score, mean: 3.1625, std: 0.0000, sample size: 1
Score for 2B3P_new_437 from FASTA, mean: 3.1162, std: 0.0000, sample size: 1,  global score, mean: 3.1162, std: 0.0000, sample size: 1
Score for 2B3P_new_438 from FASTA, mean: 3.0568, std: 0.0000, sample size: 1,  global score, mean: 3.0568, std: 0.0000, sample size: 1
Score for 2B3P_new_439 from FASTA, mean: 3.0763, std: 0.0000, sample size: 1,  global score, mean: 3.0763, std: 0.0000, sample size: 1
Score for 2B3P_new_440 from FASTA, mean: 3.2311, std: 0.0000, sample size: 1,  global score, mean: 3.2311, std: 0.0000, sample size: 1
Score for 2B3P_new_441 from FASTA, mean: 3.1166, std: 0.0000, sample size: 1,  global score, mean: 3.1166, std: 0.0000, sample size: 1
Score for 2B3P_new_442 from FASTA, mean: 3.1184, std: 0.0000, sample size: 1,  global score, mean: 3.1184, std: 0.0000, sample size: 1
Score for 2B3P_new_443 from FASTA, mean: 3.0973, std: 0.0000, sample size: 1,  global score, mean: 3.0973, std: 0.0000, sample size: 1
Score for 2B3P_new_444 from FASTA, mean: 3.1300, std: 0.0000, sample size: 1,  global score, mean: 3.1300, std: 0.0000, sample size: 1
Score for 2B3P_new_445 from FASTA, mean: 3.0563, std: 0.0000, sample size: 1,  global score, mean: 3.0563, std: 0.0000, sample size: 1
Score for 2B3P_new_446 from FASTA, mean: 3.0073, std: 0.0000, sample size: 1,  global score, mean: 3.0073, std: 0.0000, sample size: 1
Score for 2B3P_new_447 from FASTA, mean: 3.1643, std: 0.0000, sample size: 1,  global score, mean: 3.1643, std: 0.0000, sample size: 1
Score for 2B3P_new_448 from FASTA, mean: 3.2408, std: 0.0000, sample size: 1,  global score, mean: 3.2408, std: 0.0000, sample size: 1
Score for 2B3P_new_449 from FASTA, mean: 3.2109, std: 0.0000, sample size: 1,  global score, mean: 3.2109, std: 0.0000, sample size: 1
Score for 2B3P_new_450 from FASTA, mean: 3.0909, std: 0.0000, sample size: 1,  global score, mean: 3.0909, std: 0.0000, sample size: 1
Score for 2B3P_new_451 from FASTA, mean: 3.1525, std: 0.0000, sample size: 1,  global score, mean: 3.1525, std: 0.0000, sample size: 1
Score for 2B3P_new_452 from FASTA, mean: 3.1862, std: 0.0000, sample size: 1,  global score, mean: 3.1862, std: 0.0000, sample size: 1
Score for 2B3P_new_453 from FASTA, mean: 3.2416, std: 0.0000, sample size: 1,  global score, mean: 3.2416, std: 0.0000, sample size: 1
Score for 2B3P_new_454 from FASTA, mean: 3.2517, std: 0.0000, sample size: 1,  global score, mean: 3.2517, std: 0.0000, sample size: 1
Score for 2B3P_new_455 from FASTA, mean: 3.1336, std: 0.0000, sample size: 1,  global score, mean: 3.1336, std: 0.0000, sample size: 1
Score for 2B3P_new_456 from FASTA, mean: 3.2192, std: 0.0000, sample size: 1,  global score, mean: 3.2192, std: 0.0000, sample size: 1
Score for 2B3P_new_457 from FASTA, mean: 3.1337, std: 0.0000, sample size: 1,  global score, mean: 3.1337, std: 0.0000, sample size: 1
Score for 2B3P_new_458 from FASTA, mean: 3.0928, std: 0.0000, sample size: 1,  global score, mean: 3.0928, std: 0.0000, sample size: 1
Score for 2B3P_new_459 from FASTA, mean: 3.1218, std: 0.0000, sample size: 1,  global score, mean: 3.1218, std: 0.0000, sample size: 1
Score for 2B3P_new_460 from FASTA, mean: 3.2165, std: 0.0000, sample size: 1,  global score, mean: 3.2165, std: 0.0000, sample size: 1
Score for 2B3P_new_461 from FASTA, mean: 3.0827, std: 0.0000, sample size: 1,  global score, mean: 3.0827, std: 0.0000, sample size: 1
Score for 2B3P_new_462 from FASTA, mean: 3.2088, std: 0.0000, sample size: 1,  global score, mean: 3.2088, std: 0.0000, sample size: 1
Score for 2B3P_new_463 from FASTA, mean: 3.1715, std: 0.0000, sample size: 1,  global score, mean: 3.1715, std: 0.0000, sample size: 1
Score for 2B3P_new_464 from FASTA, mean: 3.1775, std: 0.0000, sample size: 1,  global score, mean: 3.1775, std: 0.0000, sample size: 1
Score for 2B3P_new_465 from FASTA, mean: 3.1827, std: 0.0000, sample size: 1,  global score, mean: 3.1827, std: 0.0000, sample size: 1
Score for 2B3P_new_466 from FASTA, mean: 3.1940, std: 0.0000, sample size: 1,  global score, mean: 3.1940, std: 0.0000, sample size: 1
Score for 2B3P_new_467 from FASTA, mean: 3.2400, std: 0.0000, sample size: 1,  global score, mean: 3.2400, std: 0.0000, sample size: 1
Score for 2B3P_new_468 from FASTA, mean: 3.0642, std: 0.0000, sample size: 1,  global score, mean: 3.0642, std: 0.0000, sample size: 1
Score for 2B3P_new_469 from FASTA, mean: 3.0703, std: 0.0000, sample size: 1,  global score, mean: 3.0703, std: 0.0000, sample size: 1
Score for 2B3P_new_470 from FASTA, mean: 3.1716, std: 0.0000, sample size: 1,  global score, mean: 3.1716, std: 0.0000, sample size: 1
Score for 2B3P_new_471 from FASTA, mean: 3.0536, std: 0.0000, sample size: 1,  global score, mean: 3.0536, std: 0.0000, sample size: 1
Score for 2B3P_new_472 from FASTA, mean: 3.2126, std: 0.0000, sample size: 1,  global score, mean: 3.2126, std: 0.0000, sample size: 1
Score for 2B3P_new_473 from FASTA, mean: 3.1737, std: 0.0000, sample size: 1,  global score, mean: 3.1737, std: 0.0000, sample size: 1
Score for 2B3P_new_474 from FASTA, mean: 3.1603, std: 0.0000, sample size: 1,  global score, mean: 3.1603, std: 0.0000, sample size: 1
Score for 2B3P_new_475 from FASTA, mean: 3.1372, std: 0.0000, sample size: 1,  global score, mean: 3.1372, std: 0.0000, sample size: 1
Score for 2B3P_new_476 from FASTA, mean: 3.0774, std: 0.0000, sample size: 1,  global score, mean: 3.0774, std: 0.0000, sample size: 1
Score for 2B3P_new_477 from FASTA, mean: 3.1652, std: 0.0000, sample size: 1,  global score, mean: 3.1652, std: 0.0000, sample size: 1
Score for 2B3P_new_478 from FASTA, mean: 3.1158, std: 0.0000, sample size: 1,  global score, mean: 3.1158, std: 0.0000, sample size: 1
Score for 2B3P_new_479 from FASTA, mean: 3.0754, std: 0.0000, sample size: 1,  global score, mean: 3.0754, std: 0.0000, sample size: 1
Score for 2B3P_new_480 from FASTA, mean: 3.0587, std: 0.0000, sample size: 1,  global score, mean: 3.0587, std: 0.0000, sample size: 1
Score for 2B3P_new_481 from FASTA, mean: 3.1302, std: 0.0000, sample size: 1,  global score, mean: 3.1302, std: 0.0000, sample size: 1
Score for 2B3P_new_482 from FASTA, mean: 2.9819, std: 0.0000, sample size: 1,  global score, mean: 2.9819, std: 0.0000, sample size: 1
Score for 2B3P_new_483 from FASTA, mean: 2.8999, std: 0.0000, sample size: 1,  global score, mean: 2.8999, std: 0.0000, sample size: 1
Score for 2B3P_new_484 from FASTA, mean: 3.0890, std: 0.0000, sample size: 1,  global score, mean: 3.0890, std: 0.0000, sample size: 1
Score for 2B3P_new_485 from FASTA, mean: 3.1724, std: 0.0000, sample size: 1,  global score, mean: 3.1724, std: 0.0000, sample size: 1
Score for 2B3P_new_486 from FASTA, mean: 3.1371, std: 0.0000, sample size: 1,  global score, mean: 3.1371, std: 0.0000, sample size: 1
Score for 2B3P_new_487 from FASTA, mean: 3.0935, std: 0.0000, sample size: 1,  global score, mean: 3.0935, std: 0.0000, sample size: 1
Score for 2B3P_new_488 from FASTA, mean: 3.1447, std: 0.0000, sample size: 1,  global score, mean: 3.1447, std: 0.0000, sample size: 1
Score for 2B3P_new_489 from FASTA, mean: 3.1529, std: 0.0000, sample size: 1,  global score, mean: 3.1529, std: 0.0000, sample size: 1
Score for 2B3P_new_490 from FASTA, mean: 3.0938, std: 0.0000, sample size: 1,  global score, mean: 3.0938, std: 0.0000, sample size: 1
Score for 2B3P_new_491 from FASTA, mean: 3.1235, std: 0.0000, sample size: 1,  global score, mean: 3.1235, std: 0.0000, sample size: 1
Score for 2B3P_new_492 from FASTA, mean: 2.9646, std: 0.0000, sample size: 1,  global score, mean: 2.9646, std: 0.0000, sample size: 1
Score for 2B3P_new_493 from FASTA, mean: 3.2031, std: 0.0000, sample size: 1,  global score, mean: 3.2031, std: 0.0000, sample size: 1
Score for 2B3P_new_494 from FASTA, mean: 3.1099, std: 0.0000, sample size: 1,  global score, mean: 3.1099, std: 0.0000, sample size: 1
Score for 2B3P_new_495 from FASTA, mean: 3.1684, std: 0.0000, sample size: 1,  global score, mean: 3.1684, std: 0.0000, sample size: 1
Score for 2B3P_new_496 from FASTA, mean: 3.0626, std: 0.0000, sample size: 1,  global score, mean: 3.0626, std: 0.0000, sample size: 1
Score for 2B3P_new_497 from FASTA, mean: 3.1885, std: 0.0000, sample size: 1,  global score, mean: 3.1885, std: 0.0000, sample size: 1
Score for 2B3P_new_498 from FASTA, mean: 3.0517, std: 0.0000, sample size: 1,  global score, mean: 3.0517, std: 0.0000, sample size: 1
Score for 2B3P_new_499 from FASTA, mean: 3.1573, std: 0.0000, sample size: 1,  global score, mean: 3.1573, std: 0.0000, sample size: 1
Score for 2B3P_new_500 from FASTA, mean: 3.0802, std: 0.0000, sample size: 1,  global score, mean: 3.0802, std: 0.0000, sample size: 1
